[0.101s] DEBUG:colcon:Command line arguments: ['/usr/bin/colcon', 'list', '-p', '--base-paths', '/home/student20/assessments/week4']
[0.101s] DEBUG:colcon:Parsed command line arguments: Namespace(log_base=None, log_level=None, verb_name='list', build_base='build', ignore_user_meta=False, metas=['./colcon.meta'], base_paths=['/home/student20/assessments/week4'], packages_ignore=None, packages_ignore_regex=None, paths=None, packages_up_to=None, packages_up_to_regex=None, packages_above=None, packages_above_and_dependencies=None, packages_above_depth=None, packages_select_by_dep=None, packages_skip_by_dep=None, packages_skip_up_to=None, packages_select_build_failed=False, packages_skip_build_finished=False, packages_select_test_failures=False, packages_skip_test_passed=False, packages_select=None, packages_skip=None, packages_select_regex=None, packages_skip_regex=None, packages_start=None, packages_end=None, topological_order=False, names_only=False, paths_only=True, topological_graph=False, topological_graph_dot=False, topological_graph_density=False, topological_graph_legend=False, topological_graph_dot_cluster=False, topological_graph_dot_include_skipped=False, verb_parser=<colcon_defaults.argument_parser.defaults.DefaultArgumentsDecorator object at 0x74f235bdd8e0>, verb_extension=<colcon_package_information.verb.list.ListVerb object at 0x74f235df74d0>, main=<bound method ListVerb.main of <colcon_package_information.verb.list.ListVerb object at 0x74f235df74d0>>)
[0.135s] Level 1:colcon.colcon_core.package_discovery:discover_packages(colcon_meta) check parameters
[0.135s] Level 1:colcon.colcon_core.package_discovery:discover_packages(recursive) check parameters
[0.135s] Level 1:colcon.colcon_core.package_discovery:discover_packages(ignore) check parameters
[0.135s] Level 1:colcon.colcon_core.package_discovery:discover_packages(path) check parameters
[0.135s] Level 1:colcon.colcon_core.package_discovery:discover_packages(recursive) discover
[0.135s] INFO:colcon.colcon_core.package_discovery:Crawling recursively for packages in '/home/student20/assessments/week4'
[0.135s] Level 1:colcon.colcon_core.package_identification:_identify(/home/student20/assessments/week4) by extensions ['ignore', 'ignore_ament_install']
[0.135s] Level 1:colcon.colcon_core.package_identification:_identify(/home/student20/assessments/week4) by extension 'ignore'
[0.135s] Level 1:colcon.colcon_core.package_identification:_identify(/home/student20/assessments/week4) by extension 'ignore_ament_install'
[0.135s] Level 1:colcon.colcon_core.package_identification:_identify(/home/student20/assessments/week4) by extensions ['colcon_pkg']
[0.135s] Level 1:colcon.colcon_core.package_identification:_identify(/home/student20/assessments/week4) by extension 'colcon_pkg'
[0.135s] Level 1:colcon.colcon_core.package_identification:_identify(/home/student20/assessments/week4) by extensions ['colcon_meta']
[0.135s] Level 1:colcon.colcon_core.package_identification:_identify(/home/student20/assessments/week4) by extension 'colcon_meta'
[0.135s] Level 1:colcon.colcon_core.package_identification:_identify(/home/student20/assessments/week4) by extensions ['ros']
[0.135s] Level 1:colcon.colcon_core.package_identification:_identify(/home/student20/assessments/week4) by extension 'ros'
[0.155s] Level 1:colcon.colcon_core.package_identification:_identify(/home/student20/assessments/week4) by extensions ['cmake', 'python']
[0.155s] Level 1:colcon.colcon_core.package_identification:_identify(/home/student20/assessments/week4) by extension 'cmake'
[0.155s] Level 1:colcon.colcon_core.package_identification:_identify(/home/student20/assessments/week4) by extension 'python'
[0.155s] Level 1:colcon.colcon_core.package_identification:_identify(/home/student20/assessments/week4) by extensions ['python_setup_py']
[0.155s] Level 1:colcon.colcon_core.package_identification:_identify(/home/student20/assessments/week4) by extension 'python_setup_py'
[0.155s] Level 1:colcon.colcon_core.package_identification:_identify(/home/student20/assessments/week4/log) by extensions ['ignore', 'ignore_ament_install']
[0.155s] Level 1:colcon.colcon_core.package_identification:_identify(/home/student20/assessments/week4/log) by extension 'ignore'
[0.155s] Level 1:colcon.colcon_core.package_identification:_identify(/home/student20/assessments/week4/log) ignored
[0.155s] Level 1:colcon.colcon_core.package_identification:_identify(/home/student20/assessments/week4/src) by extensions ['ignore', 'ignore_ament_install']
[0.155s] Level 1:colcon.colcon_core.package_identification:_identify(/home/student20/assessments/week4/src) by extension 'ignore'
[0.155s] Level 1:colcon.colcon_core.package_identification:_identify(/home/student20/assessments/week4/src) by extension 'ignore_ament_install'
[0.155s] Level 1:colcon.colcon_core.package_identification:_identify(/home/student20/assessments/week4/src) by extensions ['colcon_pkg']
[0.155s] Level 1:colcon.colcon_core.package_identification:_identify(/home/student20/assessments/week4/src) by extension 'colcon_pkg'
[0.155s] Level 1:colcon.colcon_core.package_identification:_identify(/home/student20/assessments/week4/src) by extensions ['colcon_meta']
[0.155s] Level 1:colcon.colcon_core.package_identification:_identify(/home/student20/assessments/week4/src) by extension 'colcon_meta'
[0.155s] Level 1:colcon.colcon_core.package_identification:_identify(/home/student20/assessments/week4/src) by extensions ['ros']
[0.155s] Level 1:colcon.colcon_core.package_identification:_identify(/home/student20/assessments/week4/src) by extension 'ros'
[0.155s] Level 1:colcon.colcon_core.package_identification:_identify(/home/student20/assessments/week4/src) by extensions ['cmake', 'python']
[0.155s] Level 1:colcon.colcon_core.package_identification:_identify(/home/student20/assessments/week4/src) by extension 'cmake'
[0.155s] Level 1:colcon.colcon_core.package_identification:_identify(/home/student20/assessments/week4/src) by extension 'python'
[0.156s] Level 1:colcon.colcon_core.package_identification:_identify(/home/student20/assessments/week4/src) by extensions ['python_setup_py']
[0.156s] Level 1:colcon.colcon_core.package_identification:_identify(/home/student20/assessments/week4/src) by extension 'python_setup_py'
[0.156s] Level 1:colcon.colcon_core.package_identification:_identify(/home/student20/assessments/week4/src/package_a) by extensions ['ignore', 'ignore_ament_install']
[0.156s] Level 1:colcon.colcon_core.package_identification:_identify(/home/student20/assessments/week4/src/package_a) by extension 'ignore'
[0.156s] Level 1:colcon.colcon_core.package_identification:_identify(/home/student20/assessments/week4/src/package_a) by extension 'ignore_ament_install'
[0.156s] Level 1:colcon.colcon_core.package_identification:_identify(/home/student20/assessments/week4/src/package_a) by extensions ['colcon_pkg']
[0.156s] Level 1:colcon.colcon_core.package_identification:_identify(/home/student20/assessments/week4/src/package_a) by extension 'colcon_pkg'
[0.156s] Level 1:colcon.colcon_core.package_identification:_identify(/home/student20/assessments/week4/src/package_a) by extensions ['colcon_meta']
[0.156s] Level 1:colcon.colcon_core.package_identification:_identify(/home/student20/assessments/week4/src/package_a) by extension 'colcon_meta'
[0.156s] Level 1:colcon.colcon_core.package_identification:_identify(/home/student20/assessments/week4/src/package_a) by extensions ['ros']
[0.156s] Level 1:colcon.colcon_core.package_identification:_identify(/home/student20/assessments/week4/src/package_a) by extension 'ros'
[0.157s] DEBUG:colcon.colcon_core.package_identification:Found ROS schema reference in package manifest in '/home/student20/assessments/week4/src/package_a'
[0.157s] WARNING:colcon.colcon_core.package_identification:Failed to parse ROS package manifest in '/home/student20/assessments/week4/src/package_a': Error(s) in package '/home/student20/assessments/week4/src/package_a/package.xml':
Error(s):
- The generic dependency on 'rclpy' is redundant with: exec_depend
- The generic dependency on 'example_interfaces' is redundant with: exec_depend
[0.158s] Level 1:colcon.colcon_core.package_identification:_identify(/home/student20/assessments/week4/src/package_a) by extensions ['cmake', 'python']
[0.158s] Level 1:colcon.colcon_core.package_identification:_identify(/home/student20/assessments/week4/src/package_a) by extension 'cmake'
[0.158s] Level 1:colcon.colcon_core.package_identification:_identify(/home/student20/assessments/week4/src/package_a) by extension 'python'
[0.158s] DEBUG:colcon.colcon_core.package_identification:Python package in '/home/student20/assessments/week4/src/package_a' passes arguments to the setup() function which requires a different identification extension than 'python'
[0.158s] Level 1:colcon.colcon_core.package_identification:_identify(/home/student20/assessments/week4/src/package_a) by extensions ['python_setup_py']
[0.158s] Level 1:colcon.colcon_core.package_identification:_identify(/home/student20/assessments/week4/src/package_a) by extension 'python_setup_py'
[0.381s] DEBUG:colcon.colcon_core.package_identification:Package '/home/student20/assessments/week4/src/package_a' with type 'python' and name 'package_a'
[0.381s] Level 1:colcon.colcon_core.package_discovery:discover_packages(recursive) using defaults
