running egg_info
creating ../../build/bmw/bmw.egg-info
writing ../../build/bmw/bmw.egg-info/PKG-INFO
writing dependency_links to ../../build/bmw/bmw.egg-info/dependency_links.txt
writing entry points to ../../build/bmw/bmw.egg-info/entry_points.txt
writing requirements to ../../build/bmw/bmw.egg-info/requires.txt
writing top-level names to ../../build/bmw/bmw.egg-info/top_level.txt
writing manifest file '../../build/bmw/bmw.egg-info/SOURCES.txt'
reading manifest file '../../build/bmw/bmw.egg-info/SOURCES.txt'
writing manifest file '../../build/bmw/bmw.egg-info/SOURCES.txt'
running build
running build_py
creating /home/student20/assessments/week7/build/bmw/build
creating /home/student20/assessments/week7/build/bmw/build/lib
creating /home/student20/assessments/week7/build/bmw/build/lib/bmw
copying bmw/chair.py -> /home/student20/assessments/week7/build/bmw/build/lib/bmw
copying bmw/__init__.py -> /home/student20/assessments/week7/build/bmw/build/lib/bmw
running install
running install_lib
creating /home/student20/assessments/week7/install/bmw/lib/bmw
creating /home/student20/assessments/week7/install/bmw/lib/bmw/bmw
copying /home/student20/assessments/week7/build/bmw/build/lib/bmw/chair.py -> /home/student20/assessments/week7/install/bmw/lib/bmw/bmw
copying /home/student20/assessments/week7/build/bmw/build/lib/bmw/__init__.py -> /home/student20/assessments/week7/install/bmw/lib/bmw/bmw
byte-compiling /home/student20/assessments/week7/install/bmw/lib/bmw/bmw/chair.py to chair.cpython-312.pyc
byte-compiling /home/student20/assessments/week7/install/bmw/lib/bmw/bmw/__init__.py to __init__.cpython-312.pyc
running install_data
creating /home/student20/assessments/week7/install/bmw/share
creating /home/student20/assessments/week7/install/bmw/share/ament_index
creating /home/student20/assessments/week7/install/bmw/share/ament_index/resource_index
creating /home/student20/assessments/week7/install/bmw/share/ament_index/resource_index/packages
copying resource/bmw -> /home/student20/assessments/week7/install/bmw/share/ament_index/resource_index/packages
creating /home/student20/assessments/week7/install/bmw/share/bmw
copying package.xml -> /home/student20/assessments/week7/install/bmw/share/bmw
running install_egg_info
Copying ../../build/bmw/bmw.egg-info to /home/student20/assessments/week7/install/bmw/lib/bmw/bmw-0.0.0-py3.12.egg-info
running install_scripts
Installing chair script to /home/student20/assessments/week7/install/bmw/bin
writing list of installed files to '/home/student20/assessments/week7/build/bmw/install.log'
