[3.131s] Invoking command in '/home/student20/assessments/week10/src/jurassic_park': DEBUGINFOD_URLS=https://debuginfod.ubuntu.com PYTHONPATH=/home/student20/assessments/week10/build/jurassic_park/prefix_override:/usr/lib/python3/dist-packages/colcon_core/task/python/colcon_distutils_commands:/home/student20/assessments/week10/install/jurassic_park/lib/python3.12/site-packages:${PYTHONPATH} /usr/bin/python3 -W ignore:setup.py install is deprecated -W ignore:easy_install command is deprecated setup.py egg_info --egg-base ../../build/jurassic_park build --build-base /home/student20/assessments/week10/build/jurassic_park/build install --record /home/student20/assessments/week10/build/jurassic_park/install.log --single-version-externally-managed install_data
[4.113s] running egg_info
[4.183s] writing ../../build/jurassic_park/jurassic_park.egg-info/PKG-INFO
[4.185s] writing dependency_links to ../../build/jurassic_park/jurassic_park.egg-info/dependency_links.txt
[4.185s] writing entry points to ../../build/jurassic_park/jurassic_park.egg-info/entry_points.txt
[4.186s] writing requirements to ../../build/jurassic_park/jurassic_park.egg-info/requires.txt
[4.188s] writing top-level names to ../../build/jurassic_park/jurassic_park.egg-info/top_level.txt
[4.336s] reading manifest file '../../build/jurassic_park/jurassic_park.egg-info/SOURCES.txt'
[4.338s] writing manifest file '../../build/jurassic_park/jurassic_park.egg-info/SOURCES.txt'
[4.339s] running build
[4.339s] running build_py
[4.340s] running install
[4.358s] running install_lib
[4.435s] running install_data
[4.435s] running install_egg_info
[4.510s] removing '/home/student20/assessments/week10/install/jurassic_park/lib/python3.12/site-packages/jurassic_park-0.0.0-py3.12.egg-info' (and everything under it)
[4.511s] Copying ../../build/jurassic_park/jurassic_park.egg-info to /home/student20/assessments/week10/install/jurassic_park/lib/python3.12/site-packages/jurassic_park-0.0.0-py3.12.egg-info
[4.514s] running install_scripts
[5.004s] Installing wake script to /home/student20/assessments/week10/install/jurassic_park/lib/jurassic_park
[5.005s] writing list of installed files to '/home/student20/assessments/week10/build/jurassic_park/install.log'
[5.170s] Invoked command in '/home/student20/assessments/week10/src/jurassic_park' returned '0': DEBUGINFOD_URLS=https://debuginfod.ubuntu.com PYTHONPATH=/home/student20/assessments/week10/build/jurassic_park/prefix_override:/usr/lib/python3/dist-packages/colcon_core/task/python/colcon_distutils_commands:/home/student20/assessments/week10/install/jurassic_park/lib/python3.12/site-packages:${PYTHONPATH} /usr/bin/python3 -W ignore:setup.py install is deprecated -W ignore:easy_install command is deprecated setup.py egg_info --egg-base ../../build/jurassic_park build --build-base /home/student20/assessments/week10/build/jurassic_park/build install --record /home/student20/assessments/week10/build/jurassic_park/install.log --single-version-externally-managed install_data
