[0.022s] Invoking command in '/home/student20/assessments/week3/build/custom_publisher_package': CMAKE_PREFIX_PATH=${CMAKE_PREFIX_PATH}:/opt/ros/jazzy DEBUGINFOD_URLS=https://debuginfod.ubuntu.com /usr/bin/cmake /home/student20/assessments/week3/src/custom_publisher_package -DCMAKE_INSTALL_PREFIX=/home/student20/assessments/week3/install/custom_publisher_package
[0.171s] -- The C compiler identification is GNU 13.3.0
[0.320s] -- The CXX compiler identification is GNU 13.3.0
[0.369s] -- Detecting C compiler ABI info
[0.604s] -- Detecting C compiler ABI info - done
[0.623s] -- Check for working C compiler: /usr/bin/cc - skipped
[0.623s] -- Detecting C compile features
[0.623s] -- Detecting C compile features - done
[0.654s] -- Detecting CXX compiler ABI info
[0.934s] -- Detecting CXX compiler ABI info - done
[0.960s] -- Check for working CXX compiler: /usr/bin/c++ - skipped
[0.961s] -- Detecting CXX compile features
[0.961s] -- Detecting CXX compile features - done
[0.969s] -- Found ament_cmake: 2.5.4 (/opt/ros/jazzy/share/ament_cmake/cmake)
[1.319s] -- Found Python3: /usr/local/bin/python3.10 (found version "3.10.11") found components: Interpreter 
[1.536s] -- Found rclpy: 7.1.5 (/opt/ros/jazzy/share/rclpy/cmake)
[1.537s] -- Found example_interfaces: 0.12.0 (/opt/ros/jazzy/share/example_interfaces/cmake)
[1.634s] -- Found rosidl_generator_c: 4.6.6 (/opt/ros/jazzy/share/rosidl_generator_c/cmake)
[1.664s] -- Found rosidl_generator_cpp: 4.6.6 (/opt/ros/jazzy/share/rosidl_generator_cpp/cmake)
[1.700s] -- Using all available rosidl_typesupport_c: rosidl_typesupport_fastrtps_c;rosidl_typesupport_introspection_c
[1.738s] -- Using all available rosidl_typesupport_cpp: rosidl_typesupport_fastrtps_cpp;rosidl_typesupport_introspection_cpp
[1.980s] Traceback (most recent call last):
[1.980s]   File "/opt/ros/jazzy/share/ament_cmake_core/cmake/core/package_xml_2_cmake.py", line 22, in <module>
[1.981s]     from catkin_pkg.package import parse_package_string
[1.981s] ModuleNotFoundError: No module named 'catkin_pkg'
[1.994s] CMake Error at /opt/ros/jazzy/share/ament_cmake_core/cmake/core/ament_package_xml.cmake:95 (message):
[1.994s]   execute_process(/usr/local/bin/python3.10
[1.995s]   /opt/ros/jazzy/share/ament_cmake_core/cmake/core/package_xml_2_cmake.py
[1.995s]   /home/student20/assessments/week3/src/custom_publisher_package/package.xml
[1.996s]   /home/student20/assessments/week3/build/custom_publisher_package/ament_cmake_core/package.cmake)
[1.996s]   returned error code 1
[1.996s] Call Stack (most recent call first):
[1.997s]   /opt/ros/jazzy/share/ament_cmake_core/cmake/core/ament_package_xml.cmake:49 (_ament_package_xml)
[1.997s]   /opt/ros/jazzy/share/ament_cmake_core/cmake/core/ament_package.cmake:63 (ament_package_xml)
[1.997s]   CMakeLists.txt:24 (ament_package)
[1.997s] 
[1.998s] 
[1.998s] -- Configuring incomplete, errors occurred!
