[0.065s] Invoking command in '/home/student20/Downloads/coursework2/build/sfr_coursework2_interface_package': CMAKE_PREFIX_PATH=${CMAKE_PREFIX_PATH}:/home/student20/Downloads/coursework2/install/vortex_droid_navigation_pkg:/home/student20/Downloads/coursework2/install/vortex_droid_controller_pkg:/home/student20/Downloads/coursework2/install/vortex_droid_bridge_pkg:/opt/ros/jazzy DEBUGINFOD_URLS=https://debuginfod.ubuntu.com /usr/bin/cmake --build /home/student20/Downloads/coursework2/build/sfr_coursework2_interface_package -- -j12 -l12
[1.021s] [  2%] Built target sfr_coursework2_interface_package__rosidl_generator_type_description
[1.022s] [  2%] Built target ament_cmake_python_copy_sfr_coursework2_interface_package
[1.023s] [  5%] Built target sfr_coursework2_interface_package__cpp
[1.023s] [ 20%] Built target sfr_coursework2_interface_package__rosidl_generator_c
[1.025s] [ 29%] Built target sfr_coursework2_interface_package__rosidl_typesupport_cpp
[1.025s] [ 38%] Built target sfr_coursework2_interface_package__rosidl_typesupport_introspection_cpp
[1.025s] [ 47%] Built target sfr_coursework2_interface_package__rosidl_typesupport_c
[1.025s] [ 55%] Built target sfr_coursework2_interface_package__rosidl_typesupport_introspection_c
[1.026s] [ 64%] Built target sfr_coursework2_interface_package__rosidl_typesupport_fastrtps_cpp
[1.039s] [ 73%] Built target sfr_coursework2_interface_package__rosidl_typesupport_fastrtps_c
[1.118s] [ 73%] Built target sfr_coursework2_interface_package
[1.201s] [ 76%] Built target sfr_coursework2_interface_package__py
[1.282s] running egg_info
[1.289s] [ 82%] Built target sfr_coursework2_interface_package__rosidl_generator_py
[1.359s] writing sfr_coursework2_interface_package.egg-info/PKG-INFO
[1.360s] writing dependency_links to sfr_coursework2_interface_package.egg-info/dependency_links.txt
[1.360s] writing top-level names to sfr_coursework2_interface_package.egg-info/top_level.txt
[1.370s] [ 88%] Built target sfr_coursework2_interface_package_s__rosidl_typesupport_fastrtps_c
[1.458s] [ 94%] Built target sfr_coursework2_interface_package_s__rosidl_typesupport_c
[1.546s] [100%] Built target sfr_coursework2_interface_package_s__rosidl_typesupport_introspection_c
[1.596s] reading manifest file 'sfr_coursework2_interface_package.egg-info/SOURCES.txt'
[1.596s] writing manifest file 'sfr_coursework2_interface_package.egg-info/SOURCES.txt'
[1.698s] [100%] Built target ament_cmake_python_build_sfr_coursework2_interface_package_egg
[1.910s] Invoked command in '/home/student20/Downloads/coursework2/build/sfr_coursework2_interface_package' returned '0': CMAKE_PREFIX_PATH=${CMAKE_PREFIX_PATH}:/home/student20/Downloads/coursework2/install/vortex_droid_navigation_pkg:/home/student20/Downloads/coursework2/install/vortex_droid_controller_pkg:/home/student20/Downloads/coursework2/install/vortex_droid_bridge_pkg:/opt/ros/jazzy DEBUGINFOD_URLS=https://debuginfod.ubuntu.com /usr/bin/cmake --build /home/student20/Downloads/coursework2/build/sfr_coursework2_interface_package -- -j12 -l12
[1.949s] Invoking command in '/home/student20/Downloads/coursework2/build/sfr_coursework2_interface_package': CMAKE_PREFIX_PATH=${CMAKE_PREFIX_PATH}:/home/student20/Downloads/coursework2/install/vortex_droid_navigation_pkg:/home/student20/Downloads/coursework2/install/vortex_droid_controller_pkg:/home/student20/Downloads/coursework2/install/vortex_droid_bridge_pkg:/opt/ros/jazzy DEBUGINFOD_URLS=https://debuginfod.ubuntu.com /usr/bin/cmake --install /home/student20/Downloads/coursework2/build/sfr_coursework2_interface_package
[1.974s] -- Install configuration: ""
[1.975s] -- Up-to-date: /home/student20/Downloads/coursework2/install/sfr_coursework2_interface_package/share/ament_index/resource_index/rosidl_interfaces/sfr_coursework2_interface_package
[1.975s] -- Up-to-date: /home/student20/Downloads/coursework2/install/sfr_coursework2_interface_package/share/sfr_coursework2_interface_package/action/DroneControl.json
[1.975s] -- Up-to-date: /home/student20/Downloads/coursework2/install/sfr_coursework2_interface_package/include/sfr_coursework2_interface_package/sfr_coursework2_interface_package
[1.976s] -- Up-to-date: /home/student20/Downloads/coursework2/install/sfr_coursework2_interface_package/include/sfr_coursework2_interface_package/sfr_coursework2_interface_package/action
[1.977s] -- Up-to-date: /home/student20/Downloads/coursework2/install/sfr_coursework2_interface_package/include/sfr_coursework2_interface_package/sfr_coursework2_interface_package/action/drone_control.h
[1.977s] -- Up-to-date: /home/student20/Downloads/coursework2/install/sfr_coursework2_interface_package/include/sfr_coursework2_interface_package/sfr_coursework2_interface_package/action/detail
[1.977s] -- Up-to-date: /home/student20/Downloads/coursework2/install/sfr_coursework2_interface_package/include/sfr_coursework2_interface_package/sfr_coursework2_interface_package/action/detail/drone_control__functions.c
[1.980s] -- Up-to-date: /home/student20/Downloads/coursework2/install/sfr_coursework2_interface_package/include/sfr_coursework2_interface_package/sfr_coursework2_interface_package/action/detail/drone_control__functions.h
[1.981s] -- Installing: /home/student20/Downloads/coursework2/install/sfr_coursework2_interface_package/include/sfr_coursework2_interface_package/sfr_coursework2_interface_package/action/detail/drone_control__type_support.c
[1.981s] -- Up-to-date: /home/student20/Downloads/coursework2/install/sfr_coursework2_interface_package/include/sfr_coursework2_interface_package/sfr_coursework2_interface_package/action/detail/drone_control__description.c
[1.982s] -- Up-to-date: /home/student20/Downloads/coursework2/install/sfr_coursework2_interface_package/include/sfr_coursework2_interface_package/sfr_coursework2_interface_package/action/detail/drone_control__struct.h
[1.983s] -- Up-to-date: /home/student20/Downloads/coursework2/install/sfr_coursework2_interface_package/include/sfr_coursework2_interface_package/sfr_coursework2_interface_package/action/detail/drone_control__type_support.h
[1.983s] -- Up-to-date: /home/student20/Downloads/coursework2/install/sfr_coursework2_interface_package/include/sfr_coursework2_interface_package/sfr_coursework2_interface_package/msg
[1.983s] -- Up-to-date: /home/student20/Downloads/coursework2/install/sfr_coursework2_interface_package/include/sfr_coursework2_interface_package/sfr_coursework2_interface_package/msg/rosidl_generator_c__visibility_control.h
[1.983s] -- Up-to-date: /home/student20/Downloads/coursework2/install/sfr_coursework2_interface_package/share/sfr_coursework2_interface_package/environment/library_path.sh
[1.984s] -- Up-to-date: /home/student20/Downloads/coursework2/install/sfr_coursework2_interface_package/share/sfr_coursework2_interface_package/environment/library_path.dsv
[1.984s] -- Up-to-date: /home/student20/Downloads/coursework2/install/sfr_coursework2_interface_package/lib/libsfr_coursework2_interface_package__rosidl_generator_c.so
[1.984s] -- Up-to-date: /home/student20/Downloads/coursework2/install/sfr_coursework2_interface_package/include/sfr_coursework2_interface_package/sfr_coursework2_interface_package
[1.985s] -- Up-to-date: /home/student20/Downloads/coursework2/install/sfr_coursework2_interface_package/include/sfr_coursework2_interface_package/sfr_coursework2_interface_package/action
[1.986s] -- Up-to-date: /home/student20/Downloads/coursework2/install/sfr_coursework2_interface_package/include/sfr_coursework2_interface_package/sfr_coursework2_interface_package/action/detail
[1.987s] -- Up-to-date: /home/student20/Downloads/coursework2/install/sfr_coursework2_interface_package/include/sfr_coursework2_interface_package/sfr_coursework2_interface_package/action/detail/drone_control__rosidl_typesupport_fastrtps_c.h
[1.987s] -- Up-to-date: /home/student20/Downloads/coursework2/install/sfr_coursework2_interface_package/include/sfr_coursework2_interface_package/sfr_coursework2_interface_package/msg
[1.987s] -- Up-to-date: /home/student20/Downloads/coursework2/install/sfr_coursework2_interface_package/include/sfr_coursework2_interface_package/sfr_coursework2_interface_package/msg/rosidl_typesupport_fastrtps_c__visibility_control.h
[1.988s] -- Up-to-date: /home/student20/Downloads/coursework2/install/sfr_coursework2_interface_package/lib/libsfr_coursework2_interface_package__rosidl_typesupport_fastrtps_c.so
[1.988s] -- Up-to-date: /home/student20/Downloads/coursework2/install/sfr_coursework2_interface_package/include/sfr_coursework2_interface_package/sfr_coursework2_interface_package
[1.989s] -- Up-to-date: /home/student20/Downloads/coursework2/install/sfr_coursework2_interface_package/include/sfr_coursework2_interface_package/sfr_coursework2_interface_package/action
[1.989s] -- Up-to-date: /home/student20/Downloads/coursework2/install/sfr_coursework2_interface_package/include/sfr_coursework2_interface_package/sfr_coursework2_interface_package/action/drone_control.hpp
[1.989s] -- Up-to-date: /home/student20/Downloads/coursework2/install/sfr_coursework2_interface_package/include/sfr_coursework2_interface_package/sfr_coursework2_interface_package/action/detail
[1.989s] -- Up-to-date: /home/student20/Downloads/coursework2/install/sfr_coursework2_interface_package/include/sfr_coursework2_interface_package/sfr_coursework2_interface_package/action/detail/drone_control__builder.hpp
[1.990s] -- Up-to-date: /home/student20/Downloads/coursework2/install/sfr_coursework2_interface_package/include/sfr_coursework2_interface_package/sfr_coursework2_interface_package/action/detail/drone_control__traits.hpp
[1.990s] -- Up-to-date: /home/student20/Downloads/coursework2/install/sfr_coursework2_interface_package/include/sfr_coursework2_interface_package/sfr_coursework2_interface_package/action/detail/drone_control__type_support.hpp
[1.990s] -- Up-to-date: /home/student20/Downloads/coursework2/install/sfr_coursework2_interface_package/include/sfr_coursework2_interface_package/sfr_coursework2_interface_package/action/detail/drone_control__struct.hpp
[1.990s] -- Up-to-date: /home/student20/Downloads/coursework2/install/sfr_coursework2_interface_package/include/sfr_coursework2_interface_package/sfr_coursework2_interface_package/msg
[1.991s] -- Up-to-date: /home/student20/Downloads/coursework2/install/sfr_coursework2_interface_package/include/sfr_coursework2_interface_package/sfr_coursework2_interface_package/msg/rosidl_generator_cpp__visibility_control.hpp
[1.991s] -- Up-to-date: /home/student20/Downloads/coursework2/install/sfr_coursework2_interface_package/include/sfr_coursework2_interface_package/sfr_coursework2_interface_package
[1.993s] -- Up-to-date: /home/student20/Downloads/coursework2/install/sfr_coursework2_interface_package/include/sfr_coursework2_interface_package/sfr_coursework2_interface_package/action
[1.993s] -- Up-to-date: /home/student20/Downloads/coursework2/install/sfr_coursework2_interface_package/include/sfr_coursework2_interface_package/sfr_coursework2_interface_package/action/detail
[1.994s] -- Up-to-date: /home/student20/Downloads/coursework2/install/sfr_coursework2_interface_package/include/sfr_coursework2_interface_package/sfr_coursework2_interface_package/action/detail/drone_control__rosidl_typesupport_fastrtps_cpp.hpp
[1.994s] -- Up-to-date: /home/student20/Downloads/coursework2/install/sfr_coursework2_interface_package/include/sfr_coursework2_interface_package/sfr_coursework2_interface_package/action/detail/dds_fastrtps
[1.994s] -- Up-to-date: /home/student20/Downloads/coursework2/install/sfr_coursework2_interface_package/include/sfr_coursework2_interface_package/sfr_coursework2_interface_package/msg
[1.994s] -- Up-to-date: /home/student20/Downloads/coursework2/install/sfr_coursework2_interface_package/include/sfr_coursework2_interface_package/sfr_coursework2_interface_package/msg/rosidl_typesupport_fastrtps_cpp__visibility_control.h
[1.995s] -- Up-to-date: /home/student20/Downloads/coursework2/install/sfr_coursework2_interface_package/lib/libsfr_coursework2_interface_package__rosidl_typesupport_fastrtps_cpp.so
[1.996s] -- Up-to-date: /home/student20/Downloads/coursework2/install/sfr_coursework2_interface_package/include/sfr_coursework2_interface_package/sfr_coursework2_interface_package
[1.996s] -- Up-to-date: /home/student20/Downloads/coursework2/install/sfr_coursework2_interface_package/include/sfr_coursework2_interface_package/sfr_coursework2_interface_package/action
[1.997s] -- Up-to-date: /home/student20/Downloads/coursework2/install/sfr_coursework2_interface_package/include/sfr_coursework2_interface_package/sfr_coursework2_interface_package/action/detail
[1.997s] -- Up-to-date: /home/student20/Downloads/coursework2/install/sfr_coursework2_interface_package/include/sfr_coursework2_interface_package/sfr_coursework2_interface_package/action/detail/drone_control__rosidl_typesupport_introspection_c.h
[1.997s] -- Installing: /home/student20/Downloads/coursework2/install/sfr_coursework2_interface_package/include/sfr_coursework2_interface_package/sfr_coursework2_interface_package/action/detail/drone_control__type_support.c
[2.000s] -- Up-to-date: /home/student20/Downloads/coursework2/install/sfr_coursework2_interface_package/include/sfr_coursework2_interface_package/sfr_coursework2_interface_package/msg
[2.000s] -- Up-to-date: /home/student20/Downloads/coursework2/install/sfr_coursework2_interface_package/include/sfr_coursework2_interface_package/sfr_coursework2_interface_package/msg/rosidl_typesupport_introspection_c__visibility_control.h
[2.000s] -- Up-to-date: /home/student20/Downloads/coursework2/install/sfr_coursework2_interface_package/lib/libsfr_coursework2_interface_package__rosidl_typesupport_introspection_c.so
[2.001s] -- Up-to-date: /home/student20/Downloads/coursework2/install/sfr_coursework2_interface_package/lib/libsfr_coursework2_interface_package__rosidl_typesupport_c.so
[2.001s] -- Up-to-date: /home/student20/Downloads/coursework2/install/sfr_coursework2_interface_package/include/sfr_coursework2_interface_package/sfr_coursework2_interface_package
[2.002s] -- Up-to-date: /home/student20/Downloads/coursework2/install/sfr_coursework2_interface_package/include/sfr_coursework2_interface_package/sfr_coursework2_interface_package/action
[2.003s] -- Up-to-date: /home/student20/Downloads/coursework2/install/sfr_coursework2_interface_package/include/sfr_coursework2_interface_package/sfr_coursework2_interface_package/action/detail
[2.003s] -- Up-to-date: /home/student20/Downloads/coursework2/install/sfr_coursework2_interface_package/include/sfr_coursework2_interface_package/sfr_coursework2_interface_package/action/detail/drone_control__type_support.cpp
[2.004s] -- Up-to-date: /home/student20/Downloads/coursework2/install/sfr_coursework2_interface_package/include/sfr_coursework2_interface_package/sfr_coursework2_interface_package/action/detail/drone_control__rosidl_typesupport_introspection_cpp.hpp
[2.004s] -- Up-to-date: /home/student20/Downloads/coursework2/install/sfr_coursework2_interface_package/lib/libsfr_coursework2_interface_package__rosidl_typesupport_introspection_cpp.so
[2.005s] -- Up-to-date: /home/student20/Downloads/coursework2/install/sfr_coursework2_interface_package/lib/libsfr_coursework2_interface_package__rosidl_typesupport_cpp.so
[2.005s] -- Up-to-date: /home/student20/Downloads/coursework2/install/sfr_coursework2_interface_package/share/sfr_coursework2_interface_package/environment/pythonpath.sh
[2.005s] -- Up-to-date: /home/student20/Downloads/coursework2/install/sfr_coursework2_interface_package/share/sfr_coursework2_interface_package/environment/pythonpath.dsv
[2.006s] -- Up-to-date: /home/student20/Downloads/coursework2/install/sfr_coursework2_interface_package/lib/python3.12/site-packages/sfr_coursework2_interface_package-0.0.0-py3.12.egg-info
[2.006s] -- Installing: /home/student20/Downloads/coursework2/install/sfr_coursework2_interface_package/lib/python3.12/site-packages/sfr_coursework2_interface_package-0.0.0-py3.12.egg-info/top_level.txt
[2.006s] -- Installing: /home/student20/Downloads/coursework2/install/sfr_coursework2_interface_package/lib/python3.12/site-packages/sfr_coursework2_interface_package-0.0.0-py3.12.egg-info/dependency_links.txt
[2.083s] -- Installing: /home/student20/Downloads/coursework2/install/sfr_coursework2_interface_package/lib/python3.12/site-packages/sfr_coursework2_interface_package-0.0.0-py3.12.egg-info/SOURCES.txt
[2.084s] -- Installing: /home/student20/Downloads/coursework2/install/sfr_coursework2_interface_package/lib/python3.12/site-packages/sfr_coursework2_interface_package-0.0.0-py3.12.egg-info/PKG-INFO
[2.085s] -- Up-to-date: /home/student20/Downloads/coursework2/install/sfr_coursework2_interface_package/lib/python3.12/site-packages/sfr_coursework2_interface_package
[2.085s] -- Up-to-date: /home/student20/Downloads/coursework2/install/sfr_coursework2_interface_package/lib/python3.12/site-packages/sfr_coursework2_interface_package/_sfr_coursework2_interface_package_s.ep.rosidl_typesupport_c.c
[2.085s] -- Up-to-date: /home/student20/Downloads/coursework2/install/sfr_coursework2_interface_package/lib/python3.12/site-packages/sfr_coursework2_interface_package/action
[2.092s] -- Up-to-date: /home/student20/Downloads/coursework2/install/sfr_coursework2_interface_package/lib/python3.12/site-packages/sfr_coursework2_interface_package/action/_drone_control_s.c
[2.093s] -- Up-to-date: /home/student20/Downloads/coursework2/install/sfr_coursework2_interface_package/lib/python3.12/site-packages/sfr_coursework2_interface_package/action/__init__.py
[2.093s] -- Up-to-date: /home/student20/Downloads/coursework2/install/sfr_coursework2_interface_package/lib/python3.12/site-packages/sfr_coursework2_interface_package/action/_drone_control.py
[2.094s] -- Up-to-date: /home/student20/Downloads/coursework2/install/sfr_coursework2_interface_package/lib/python3.12/site-packages/sfr_coursework2_interface_package/sfr_coursework2_interface_package_s__rosidl_typesupport_c.so
[2.094s] -- Up-to-date: /home/student20/Downloads/coursework2/install/sfr_coursework2_interface_package/lib/python3.12/site-packages/sfr_coursework2_interface_package/_sfr_coursework2_interface_package_s.ep.rosidl_typesupport_fastrtps_c.c
[2.094s] -- Up-to-date: /home/student20/Downloads/coursework2/install/sfr_coursework2_interface_package/lib/python3.12/site-packages/sfr_coursework2_interface_package/__init__.py
[2.095s] -- Up-to-date: /home/student20/Downloads/coursework2/install/sfr_coursework2_interface_package/lib/python3.12/site-packages/sfr_coursework2_interface_package/sfr_coursework2_interface_package_s__rosidl_typesupport_fastrtps_c.so
[2.095s] -- Up-to-date: /home/student20/Downloads/coursework2/install/sfr_coursework2_interface_package/lib/python3.12/site-packages/sfr_coursework2_interface_package/sfr_coursework2_interface_package_s__rosidl_typesupport_introspection_c.so
[2.095s] -- Up-to-date: /home/student20/Downloads/coursework2/install/sfr_coursework2_interface_package/lib/python3.12/site-packages/sfr_coursework2_interface_package/_sfr_coursework2_interface_package_s.ep.rosidl_typesupport_introspection_c.c
[2.236s] Listing '/home/student20/Downloads/coursework2/install/sfr_coursework2_interface_package/lib/python3.12/site-packages/sfr_coursework2_interface_package'...
[2.236s] Listing '/home/student20/Downloads/coursework2/install/sfr_coursework2_interface_package/lib/python3.12/site-packages/sfr_coursework2_interface_package/action'...
[2.268s] -- Up-to-date: /home/student20/Downloads/coursework2/install/sfr_coursework2_interface_package/lib/python3.12/site-packages/sfr_coursework2_interface_package/sfr_coursework2_interface_package_s__rosidl_typesupport_fastrtps_c.so
[2.270s] -- Up-to-date: /home/student20/Downloads/coursework2/install/sfr_coursework2_interface_package/lib/python3.12/site-packages/sfr_coursework2_interface_package/sfr_coursework2_interface_package_s__rosidl_typesupport_introspection_c.so
[2.272s] -- Up-to-date: /home/student20/Downloads/coursework2/install/sfr_coursework2_interface_package/lib/python3.12/site-packages/sfr_coursework2_interface_package/sfr_coursework2_interface_package_s__rosidl_typesupport_c.so
[2.273s] -- Up-to-date: /home/student20/Downloads/coursework2/install/sfr_coursework2_interface_package/lib/libsfr_coursework2_interface_package__rosidl_generator_py.so
[2.274s] -- Up-to-date: /home/student20/Downloads/coursework2/install/sfr_coursework2_interface_package/share/sfr_coursework2_interface_package/action/DroneControl.idl
[2.275s] -- Up-to-date: /home/student20/Downloads/coursework2/install/sfr_coursework2_interface_package/share/sfr_coursework2_interface_package/action/DroneControl.action
[2.276s] -- Up-to-date: /home/student20/Downloads/coursework2/install/sfr_coursework2_interface_package/share/ament_index/resource_index/package_run_dependencies/sfr_coursework2_interface_package
[2.277s] -- Up-to-date: /home/student20/Downloads/coursework2/install/sfr_coursework2_interface_package/share/ament_index/resource_index/parent_prefix_path/sfr_coursework2_interface_package
[2.278s] -- Up-to-date: /home/student20/Downloads/coursework2/install/sfr_coursework2_interface_package/share/sfr_coursework2_interface_package/environment/ament_prefix_path.sh
[2.278s] -- Up-to-date: /home/student20/Downloads/coursework2/install/sfr_coursework2_interface_package/share/sfr_coursework2_interface_package/environment/ament_prefix_path.dsv
[2.279s] -- Up-to-date: /home/student20/Downloads/coursework2/install/sfr_coursework2_interface_package/share/sfr_coursework2_interface_package/environment/path.sh
[2.279s] -- Up-to-date: /home/student20/Downloads/coursework2/install/sfr_coursework2_interface_package/share/sfr_coursework2_interface_package/environment/path.dsv
[2.279s] -- Up-to-date: /home/student20/Downloads/coursework2/install/sfr_coursework2_interface_package/share/sfr_coursework2_interface_package/local_setup.bash
[2.280s] -- Up-to-date: /home/student20/Downloads/coursework2/install/sfr_coursework2_interface_package/share/sfr_coursework2_interface_package/local_setup.sh
[2.280s] -- Up-to-date: /home/student20/Downloads/coursework2/install/sfr_coursework2_interface_package/share/sfr_coursework2_interface_package/local_setup.zsh
[2.280s] -- Up-to-date: /home/student20/Downloads/coursework2/install/sfr_coursework2_interface_package/share/sfr_coursework2_interface_package/local_setup.dsv
[2.280s] -- Installing: /home/student20/Downloads/coursework2/install/sfr_coursework2_interface_package/share/sfr_coursework2_interface_package/package.dsv
[2.280s] -- Up-to-date: /home/student20/Downloads/coursework2/install/sfr_coursework2_interface_package/share/ament_index/resource_index/packages/sfr_coursework2_interface_package
[2.281s] -- Up-to-date: /home/student20/Downloads/coursework2/install/sfr_coursework2_interface_package/share/sfr_coursework2_interface_package/cmake/export_sfr_coursework2_interface_package__rosidl_generator_cExport.cmake
[2.281s] -- Up-to-date: /home/student20/Downloads/coursework2/install/sfr_coursework2_interface_package/share/sfr_coursework2_interface_package/cmake/export_sfr_coursework2_interface_package__rosidl_generator_cExport-noconfig.cmake
[2.281s] -- Up-to-date: /home/student20/Downloads/coursework2/install/sfr_coursework2_interface_package/share/sfr_coursework2_interface_package/cmake/export_sfr_coursework2_interface_package__rosidl_typesupport_fastrtps_cExport.cmake
[2.281s] -- Up-to-date: /home/student20/Downloads/coursework2/install/sfr_coursework2_interface_package/share/sfr_coursework2_interface_package/cmake/export_sfr_coursework2_interface_package__rosidl_typesupport_fastrtps_cExport-noconfig.cmake
[2.296s] -- Up-to-date: /home/student20/Downloads/coursework2/install/sfr_coursework2_interface_package/share/sfr_coursework2_interface_package/cmake/export_sfr_coursework2_interface_package__rosidl_generator_cppExport.cmake
[2.296s] -- Up-to-date: /home/student20/Downloads/coursework2/install/sfr_coursework2_interface_package/share/sfr_coursework2_interface_package/cmake/export_sfr_coursework2_interface_package__rosidl_typesupport_fastrtps_cppExport.cmake
[2.297s] -- Up-to-date: /home/student20/Downloads/coursework2/install/sfr_coursework2_interface_package/share/sfr_coursework2_interface_package/cmake/export_sfr_coursework2_interface_package__rosidl_typesupport_fastrtps_cppExport-noconfig.cmake
[2.297s] -- Up-to-date: /home/student20/Downloads/coursework2/install/sfr_coursework2_interface_package/share/sfr_coursework2_interface_package/cmake/sfr_coursework2_interface_package__rosidl_typesupport_introspection_cExport.cmake
[2.297s] -- Up-to-date: /home/student20/Downloads/coursework2/install/sfr_coursework2_interface_package/share/sfr_coursework2_interface_package/cmake/sfr_coursework2_interface_package__rosidl_typesupport_introspection_cExport-noconfig.cmake
[2.297s] -- Up-to-date: /home/student20/Downloads/coursework2/install/sfr_coursework2_interface_package/share/sfr_coursework2_interface_package/cmake/sfr_coursework2_interface_package__rosidl_typesupport_cExport.cmake
[2.297s] -- Up-to-date: /home/student20/Downloads/coursework2/install/sfr_coursework2_interface_package/share/sfr_coursework2_interface_package/cmake/sfr_coursework2_interface_package__rosidl_typesupport_cExport-noconfig.cmake
[2.298s] -- Up-to-date: /home/student20/Downloads/coursework2/install/sfr_coursework2_interface_package/share/sfr_coursework2_interface_package/cmake/sfr_coursework2_interface_package__rosidl_typesupport_introspection_cppExport.cmake
[2.298s] -- Up-to-date: /home/student20/Downloads/coursework2/install/sfr_coursework2_interface_package/share/sfr_coursework2_interface_package/cmake/sfr_coursework2_interface_package__rosidl_typesupport_introspection_cppExport-noconfig.cmake
[2.298s] -- Up-to-date: /home/student20/Downloads/coursework2/install/sfr_coursework2_interface_package/share/sfr_coursework2_interface_package/cmake/sfr_coursework2_interface_package__rosidl_typesupport_cppExport.cmake
[2.298s] -- Up-to-date: /home/student20/Downloads/coursework2/install/sfr_coursework2_interface_package/share/sfr_coursework2_interface_package/cmake/sfr_coursework2_interface_package__rosidl_typesupport_cppExport-noconfig.cmake
[2.299s] -- Up-to-date: /home/student20/Downloads/coursework2/install/sfr_coursework2_interface_package/share/sfr_coursework2_interface_package/cmake/export_sfr_coursework2_interface_package__rosidl_generator_pyExport.cmake
[2.299s] -- Up-to-date: /home/student20/Downloads/coursework2/install/sfr_coursework2_interface_package/share/sfr_coursework2_interface_package/cmake/export_sfr_coursework2_interface_package__rosidl_generator_pyExport-noconfig.cmake
[2.300s] -- Up-to-date: /home/student20/Downloads/coursework2/install/sfr_coursework2_interface_package/share/sfr_coursework2_interface_package/cmake/rosidl_cmake-extras.cmake
[2.300s] -- Up-to-date: /home/student20/Downloads/coursework2/install/sfr_coursework2_interface_package/share/sfr_coursework2_interface_package/cmake/ament_cmake_export_dependencies-extras.cmake
[2.300s] -- Up-to-date: /home/student20/Downloads/coursework2/install/sfr_coursework2_interface_package/share/sfr_coursework2_interface_package/cmake/ament_cmake_export_include_directories-extras.cmake
[2.301s] -- Up-to-date: /home/student20/Downloads/coursework2/install/sfr_coursework2_interface_package/share/sfr_coursework2_interface_package/cmake/ament_cmake_export_libraries-extras.cmake
[2.301s] -- Up-to-date: /home/student20/Downloads/coursework2/install/sfr_coursework2_interface_package/share/sfr_coursework2_interface_package/cmake/ament_cmake_export_targets-extras.cmake
[2.301s] -- Up-to-date: /home/student20/Downloads/coursework2/install/sfr_coursework2_interface_package/share/sfr_coursework2_interface_package/cmake/rosidl_cmake_export_typesupport_targets-extras.cmake
[2.302s] -- Up-to-date: /home/student20/Downloads/coursework2/install/sfr_coursework2_interface_package/share/sfr_coursework2_interface_package/cmake/rosidl_cmake_export_typesupport_libraries-extras.cmake
[2.302s] -- Up-to-date: /home/student20/Downloads/coursework2/install/sfr_coursework2_interface_package/share/sfr_coursework2_interface_package/cmake/sfr_coursework2_interface_packageConfig.cmake
[2.303s] -- Up-to-date: /home/student20/Downloads/coursework2/install/sfr_coursework2_interface_package/share/sfr_coursework2_interface_package/cmake/sfr_coursework2_interface_packageConfig-version.cmake
[2.303s] -- Up-to-date: /home/student20/Downloads/coursework2/install/sfr_coursework2_interface_package/share/sfr_coursework2_interface_package/package.xml
[2.305s] Invoked command in '/home/student20/Downloads/coursework2/build/sfr_coursework2_interface_package' returned '0': CMAKE_PREFIX_PATH=${CMAKE_PREFIX_PATH}:/home/student20/Downloads/coursework2/install/vortex_droid_navigation_pkg:/home/student20/Downloads/coursework2/install/vortex_droid_controller_pkg:/home/student20/Downloads/coursework2/install/vortex_droid_bridge_pkg:/opt/ros/jazzy DEBUGINFOD_URLS=https://debuginfod.ubuntu.com /usr/bin/cmake --install /home/student20/Downloads/coursework2/build/sfr_coursework2_interface_package
