[1.022s] Invoking command in '/home/student20/assessments/week8/src/kia': DEBUGINFOD_URLS=https://debuginfod.ubuntu.com PYTHONPATH=/home/student20/assessments/week8/build/kia/prefix_override:/usr/lib/python3/dist-packages/colcon_core/task/python/colcon_distutils_commands:/home/student20/assessments/week8/install/kia/lib/python3.12/site-packages:${PYTHONPATH} /usr/bin/python3 -W ignore:setup.py install is deprecated -W ignore:easy_install command is deprecated setup.py egg_info --egg-base ../../build/kia build --build-base /home/student20/assessments/week8/build/kia/build install --record /home/student20/assessments/week8/build/kia/install.log --single-version-externally-managed install_data
[1.407s] running egg_info
[1.431s] writing ../../build/kia/kia.egg-info/PKG-INFO
[1.432s] writing dependency_links to ../../build/kia/kia.egg-info/dependency_links.txt
[1.432s] writing entry points to ../../build/kia/kia.egg-info/entry_points.txt
[1.433s] writing requirements to ../../build/kia/kia.egg-info/requires.txt
[1.433s] writing top-level names to ../../build/kia/kia.egg-info/top_level.txt
[1.493s] reading manifest file '../../build/kia/kia.egg-info/SOURCES.txt'
[1.493s] writing manifest file '../../build/kia/kia.egg-info/SOURCES.txt'
[1.494s] running build
[1.494s] running build_py
[1.495s] running install
[1.501s] running install_lib
[1.525s] running install_data
[1.525s] running install_egg_info
[1.565s] removing '/home/student20/assessments/week8/install/kia/lib/python3.12/site-packages/kia-0.0.0-py3.12.egg-info' (and everything under it)
[1.567s] Copying ../../build/kia/kia.egg-info to /home/student20/assessments/week8/install/kia/lib/python3.12/site-packages/kia-0.0.0-py3.12.egg-info
[1.570s] running install_scripts
[1.703s] Installing syllabus script to /home/student20/assessments/week8/install/kia/lib/kia
[1.703s] writing list of installed files to '/home/student20/assessments/week8/build/kia/install.log'
[1.750s] Invoked command in '/home/student20/assessments/week8/src/kia' returned '0': DEBUGINFOD_URLS=https://debuginfod.ubuntu.com PYTHONPATH=/home/student20/assessments/week8/build/kia/prefix_override:/usr/lib/python3/dist-packages/colcon_core/task/python/colcon_distutils_commands:/home/student20/assessments/week8/install/kia/lib/python3.12/site-packages:${PYTHONPATH} /usr/bin/python3 -W ignore:setup.py install is deprecated -W ignore:easy_install command is deprecated setup.py egg_info --egg-base ../../build/kia build --build-base /home/student20/assessments/week8/build/kia/build install --record /home/student20/assessments/week8/build/kia/install.log --single-version-externally-managed install_data
