[0.042s] Invoking command in '/home/student20/assessments/week3/build/custom_publisher_package': CMAKE_PREFIX_PATH=${CMAKE_PREFIX_PATH}:/opt/ros/jazzy DEBUGINFOD_URLS=https://debuginfod.ubuntu.com /usr/bin/cmake /home/student20/assessments/week3/src/custom_publisher_package -DCMAKE_INSTALL_PREFIX=/home/student20/assessments/week3/install/custom_publisher_package
[0.311s] -- The C compiler identification is GNU 13.3.0
[0.532s] -- The CXX compiler identification is GNU 13.3.0
[0.579s] -- Detecting C compiler ABI info
[0.799s] -- Detecting C compiler ABI info - done
[0.827s] -- Check for working C compiler: /usr/bin/cc - skipped
[0.827s] -- Detecting C compile features
[0.828s] -- Detecting C compile features - done
[0.847s] -- Detecting CXX compiler ABI info
[1.095s] -- Detecting CXX compiler ABI info - done
[1.122s] -- Check for working CXX compiler: /usr/bin/c++ - skipped
[1.123s] -- Detecting CXX compile features
[1.124s] -- Detecting CXX compile features - done
[1.129s] -- Found ament_cmake: 2.5.4 (/opt/ros/jazzy/share/ament_cmake/cmake)
[1.389s] -- Found Python3: /usr/local/bin/python3.10 (found version "3.10.11") found components: Interpreter 
[1.678s] -- Found rclpy: 7.1.5 (/opt/ros/jazzy/share/rclpy/cmake)
[1.682s] -- Found example_interfaces: 0.12.0 (/opt/ros/jazzy/share/example_interfaces/cmake)
[1.794s] -- Found rosidl_generator_c: 4.6.6 (/opt/ros/jazzy/share/rosidl_generator_c/cmake)
[1.817s] -- Found rosidl_generator_cpp: 4.6.6 (/opt/ros/jazzy/share/rosidl_generator_cpp/cmake)
[1.855s] -- Using all available rosidl_typesupport_c: rosidl_typesupport_fastrtps_c;rosidl_typesupport_introspection_c
[1.910s] -- Using all available rosidl_typesupport_cpp: rosidl_typesupport_fastrtps_cpp;rosidl_typesupport_introspection_cpp
[2.194s] Traceback (most recent call last):
[2.195s]   File "/opt/ros/jazzy/share/ament_cmake_core/cmake/core/package_xml_2_cmake.py", line 22, in <module>
[2.195s]     from catkin_pkg.package import parse_package_string
[2.195s] ModuleNotFoundError: No module named 'catkin_pkg'
[2.199s] [31mCMake Error at /opt/ros/jazzy/share/ament_cmake_core/cmake/core/ament_package_xml.cmake:95 (message):
[2.199s]   execute_process(/usr/local/bin/python3.10
[2.199s]   /opt/ros/jazzy/share/ament_cmake_core/cmake/core/package_xml_2_cmake.py
[2.199s]   /home/student20/assessments/week3/src/custom_publisher_package/package.xml
[2.200s]   /home/student20/assessments/week3/build/custom_publisher_package/ament_cmake_core/package.cmake)
[2.200s]   returned error code 1
[2.200s] Call Stack (most recent call first):
[2.200s]   /opt/ros/jazzy/share/ament_cmake_core/cmake/core/ament_package_xml.cmake:49 (_ament_package_xml)
[2.201s]   /opt/ros/jazzy/share/ament_cmake_core/cmake/core/ament_package.cmake:63 (ament_package_xml)
[2.201s]   CMakeLists.txt:24 (ament_package)
[2.201s] 
[2.201s] [0m
[2.201s] -- Configuring incomplete, errors occurred!
