[0.796s] Invoking command in '/home/student20/assessments/week7/build/sfr_coursework1_interface_package': CMAKE_PREFIX_PATH=${CMAKE_PREFIX_PATH}:/opt/ros/jazzy DEBUGINFOD_URLS=https://debuginfod.ubuntu.com /usr/bin/cmake /home/student20/assessments/week7/src/sfr_coursework1_interface_package -DAMENT_CMAKE_SYMLINK_INSTALL=1 -DCMAKE_INSTALL_PREFIX=/home/student20/assessments/week7/install/sfr_coursework1_interface_package
[0.823s] -- Found ament_cmake: 2.5.4 (/opt/ros/jazzy/share/ament_cmake/cmake)
[1.250s] -- Override CMake install command with custom implementation using symlinks instead of copying resources
[1.275s] -- Found rosidl_default_generators: 1.6.0 (/opt/ros/jazzy/share/rosidl_default_generators/cmake)
[1.282s] -- Using all available rosidl_typesupport_c: rosidl_typesupport_fastrtps_c;rosidl_typesupport_introspection_c
[1.383s] -- Using all available rosidl_typesupport_cpp: rosidl_typesupport_fastrtps_cpp;rosidl_typesupport_introspection_cpp
[1.470s] -- Found rosidl_adapter: 4.6.6 (/opt/ros/jazzy/share/rosidl_adapter/cmake)
[1.832s] [31mCMake Error at /opt/ros/jazzy/share/rosidl_adapter/cmake/rosidl_adapt_interfaces.cmake:57 (message):
[1.833s]   execute_process(/usr/local/bin/python3.10 -m rosidl_adapter --package-name
[1.833s]   sfr_coursework1_interface_package --arguments-file
[1.833s]   /home/student20/assessments/week7/build/sfr_coursework1_interface_package/rosidl_adapter__arguments__sfr_coursework1_interface_package.json
[1.834s]   --output-dir
[1.834s]   /home/student20/assessments/week7/build/sfr_coursework1_interface_package/rosidl_adapter/sfr_coursework1_interface_package
[1.834s]   --output-file
[1.834s]   /home/student20/assessments/week7/build/sfr_coursework1_interface_package/rosidl_adapter/sfr_coursework1_interface_package.idls)
[1.835s]   returned error code 1:
[1.835s] 
[1.835s]   Traceback (most recent call last):
[1.835s] 
[1.835s]     File "/usr/local/lib/python3.10/runpy.py", line 196, in _run_module_as_main
[1.836s]       return _run_code(code, main_globals, None,
[1.836s]     File "/usr/local/lib/python3.10/runpy.py", line 86, in _run_code
[1.836s]       exec(code, run_globals)
[1.836s]     File "/opt/ros/jazzy/lib/python3.12/site-packages/rosidl_adapter/__main__.py", line 19, in <module>
[1.837s]       sys.exit(main())
[1.837s]     File "/opt/ros/jazzy/lib/python3.12/site-packages/rosidl_adapter/main.py", line 53, in main
[1.837s]       abs_idl_file = convert_to_idl(
[1.837s]     File "/opt/ros/jazzy/lib/python3.12/site-packages/rosidl_adapter/__init__.py", line 18, in convert_to_idl
[1.837s]       from rosidl_adapter.msg import convert_msg_to_idl
[1.837s]     File "/opt/ros/jazzy/lib/python3.12/site-packages/rosidl_adapter/msg/__init__.py", line 16, in <module>
[1.837s]       from rosidl_adapter.resource import expand_template
[1.837s]     File "/opt/ros/jazzy/lib/python3.12/site-packages/rosidl_adapter/resource/__init__.py", line 19, in <module>
[1.837s]       import em
[1.838s] 
[1.838s]   ModuleNotFoundError: No module named 'em'
[1.838s] 
[1.838s] Call Stack (most recent call first):
[1.838s]   /opt/ros/jazzy/share/rosidl_cmake/cmake/rosidl_generate_interfaces.cmake:132 (rosidl_adapt_interfaces)
[1.838s]   CMakeLists.txt:28 (rosidl_generate_interfaces)
[1.838s] 
[1.838s] [0m
[1.839s] -- Configuring incomplete, errors occurred!
[1.854s] Invoked command in '/home/student20/assessments/week7/build/sfr_coursework1_interface_package' returned '1': CMAKE_PREFIX_PATH=${CMAKE_PREFIX_PATH}:/opt/ros/jazzy DEBUGINFOD_URLS=https://debuginfod.ubuntu.com /usr/bin/cmake /home/student20/assessments/week7/src/sfr_coursework1_interface_package -DAMENT_CMAKE_SYMLINK_INSTALL=1 -DCMAKE_INSTALL_PREFIX=/home/student20/assessments/week7/install/sfr_coursework1_interface_package
