running egg_info
creating ../../build/vortex_droid_navigation_pkg/vortex_droid_navigation_pkg.egg-info
writing ../../build/vortex_droid_navigation_pkg/vortex_droid_navigation_pkg.egg-info/PKG-INFO
writing dependency_links to ../../build/vortex_droid_navigation_pkg/vortex_droid_navigation_pkg.egg-info/dependency_links.txt
writing entry points to ../../build/vortex_droid_navigation_pkg/vortex_droid_navigation_pkg.egg-info/entry_points.txt
writing requirements to ../../build/vortex_droid_navigation_pkg/vortex_droid_navigation_pkg.egg-info/requires.txt
writing top-level names to ../../build/vortex_droid_navigation_pkg/vortex_droid_navigation_pkg.egg-info/top_level.txt
writing manifest file '../../build/vortex_droid_navigation_pkg/vortex_droid_navigation_pkg.egg-info/SOURCES.txt'
reading manifest file '../../build/vortex_droid_navigation_pkg/vortex_droid_navigation_pkg.egg-info/SOURCES.txt'
writing manifest file '../../build/vortex_droid_navigation_pkg/vortex_droid_navigation_pkg.egg-info/SOURCES.txt'
running build
running build_py
creating /home/student20/Downloads/coursework2/build/vortex_droid_navigation_pkg/build
creating /home/student20/Downloads/coursework2/build/vortex_droid_navigation_pkg/build/lib
creating /home/student20/Downloads/coursework2/build/vortex_droid_navigation_pkg/build/lib/vortex_droid_navigation_pkg
copying vortex_droid_navigation_pkg/vortex_droid_navigation_node.py -> /home/student20/Downloads/coursework2/build/vortex_droid_navigation_pkg/build/lib/vortex_droid_navigation_pkg
copying vortex_droid_navigation_pkg/__init__.py -> /home/student20/Downloads/coursework2/build/vortex_droid_navigation_pkg/build/lib/vortex_droid_navigation_pkg
running install
running install_lib
creating /home/student20/Downloads/coursework2/install/vortex_droid_navigation_pkg/lib/python3.12/site-packages/vortex_droid_navigation_pkg
copying /home/student20/Downloads/coursework2/build/vortex_droid_navigation_pkg/build/lib/vortex_droid_navigation_pkg/vortex_droid_navigation_node.py -> /home/student20/Downloads/coursework2/install/vortex_droid_navigation_pkg/lib/python3.12/site-packages/vortex_droid_navigation_pkg
copying /home/student20/Downloads/coursework2/build/vortex_droid_navigation_pkg/build/lib/vortex_droid_navigation_pkg/__init__.py -> /home/student20/Downloads/coursework2/install/vortex_droid_navigation_pkg/lib/python3.12/site-packages/vortex_droid_navigation_pkg
byte-compiling /home/student20/Downloads/coursework2/install/vortex_droid_navigation_pkg/lib/python3.12/site-packages/vortex_droid_navigation_pkg/vortex_droid_navigation_node.py to vortex_droid_navigation_node.cpython-312.pyc
byte-compiling /home/student20/Downloads/coursework2/install/vortex_droid_navigation_pkg/lib/python3.12/site-packages/vortex_droid_navigation_pkg/__init__.py to __init__.cpython-312.pyc
running install_data
creating /home/student20/Downloads/coursework2/install/vortex_droid_navigation_pkg/share/ament_index
creating /home/student20/Downloads/coursework2/install/vortex_droid_navigation_pkg/share/ament_index/resource_index
creating /home/student20/Downloads/coursework2/install/vortex_droid_navigation_pkg/share/ament_index/resource_index/packages
copying resource/vortex_droid_navigation_pkg -> /home/student20/Downloads/coursework2/install/vortex_droid_navigation_pkg/share/ament_index/resource_index/packages
copying package.xml -> /home/student20/Downloads/coursework2/install/vortex_droid_navigation_pkg/share/vortex_droid_navigation_pkg
running install_egg_info
Copying ../../build/vortex_droid_navigation_pkg/vortex_droid_navigation_pkg.egg-info to /home/student20/Downloads/coursework2/install/vortex_droid_navigation_pkg/lib/python3.12/site-packages/vortex_droid_navigation_pkg-0.0.0-py3.12.egg-info
running install_scripts
Installing vortex_droid_navigation_node script to /home/student20/Downloads/coursework2/install/vortex_droid_navigation_pkg/lib/vortex_droid_navigation_pkg
writing list of installed files to '/home/student20/Downloads/coursework2/build/vortex_droid_navigation_pkg/install.log'
