[4.246s] Invoking command in '/home/student20/Downloads/coursework2/src/vortex_droid_navigation_pkg': DEBUGINFOD_URLS=https://debuginfod.ubuntu.com PYTHONPATH=/home/student20/Downloads/coursework2/build/vortex_droid_navigation_pkg/prefix_override:/usr/lib/python3/dist-packages/colcon_core/task/python/colcon_distutils_commands:/home/student20/Downloads/coursework2/install/vortex_droid_navigation_pkg/lib/python3.12/site-packages:${PYTHONPATH} /usr/bin/python3 -W ignore:setup.py install is deprecated -W ignore:easy_install command is deprecated setup.py egg_info --egg-base ../../build/vortex_droid_navigation_pkg build --build-base /home/student20/Downloads/coursework2/build/vortex_droid_navigation_pkg/build install --record /home/student20/Downloads/coursework2/build/vortex_droid_navigation_pkg/install.log --single-version-externally-managed install_data
[5.301s] running egg_info
[5.303s] creating ../../build/vortex_droid_navigation_pkg/vortex_droid_navigation_pkg.egg-info
[5.381s] writing ../../build/vortex_droid_navigation_pkg/vortex_droid_navigation_pkg.egg-info/PKG-INFO
[5.383s] writing dependency_links to ../../build/vortex_droid_navigation_pkg/vortex_droid_navigation_pkg.egg-info/dependency_links.txt
[5.384s] writing entry points to ../../build/vortex_droid_navigation_pkg/vortex_droid_navigation_pkg.egg-info/entry_points.txt
[5.385s] writing requirements to ../../build/vortex_droid_navigation_pkg/vortex_droid_navigation_pkg.egg-info/requires.txt
[5.387s] writing top-level names to ../../build/vortex_droid_navigation_pkg/vortex_droid_navigation_pkg.egg-info/top_level.txt
[5.387s] writing manifest file '../../build/vortex_droid_navigation_pkg/vortex_droid_navigation_pkg.egg-info/SOURCES.txt'
[5.532s] reading manifest file '../../build/vortex_droid_navigation_pkg/vortex_droid_navigation_pkg.egg-info/SOURCES.txt'
[5.534s] writing manifest file '../../build/vortex_droid_navigation_pkg/vortex_droid_navigation_pkg.egg-info/SOURCES.txt'
[5.534s] running build
[5.535s] running build_py
[5.535s] creating /home/student20/Downloads/coursework2/build/vortex_droid_navigation_pkg/build
[5.535s] creating /home/student20/Downloads/coursework2/build/vortex_droid_navigation_pkg/build/lib
[5.536s] creating /home/student20/Downloads/coursework2/build/vortex_droid_navigation_pkg/build/lib/vortex_droid_navigation_pkg
[5.536s] copying vortex_droid_navigation_pkg/vortex_droid_navigation_node.py -> /home/student20/Downloads/coursework2/build/vortex_droid_navigation_pkg/build/lib/vortex_droid_navigation_pkg
[5.536s] copying vortex_droid_navigation_pkg/__init__.py -> /home/student20/Downloads/coursework2/build/vortex_droid_navigation_pkg/build/lib/vortex_droid_navigation_pkg
[5.537s] running install
[5.560s] running install_lib
[5.630s] creating /home/student20/Downloads/coursework2/install/vortex_droid_navigation_pkg/lib/python3.12/site-packages/vortex_droid_navigation_pkg
[5.630s] copying /home/student20/Downloads/coursework2/build/vortex_droid_navigation_pkg/build/lib/vortex_droid_navigation_pkg/vortex_droid_navigation_node.py -> /home/student20/Downloads/coursework2/install/vortex_droid_navigation_pkg/lib/python3.12/site-packages/vortex_droid_navigation_pkg
[5.630s] copying /home/student20/Downloads/coursework2/build/vortex_droid_navigation_pkg/build/lib/vortex_droid_navigation_pkg/__init__.py -> /home/student20/Downloads/coursework2/install/vortex_droid_navigation_pkg/lib/python3.12/site-packages/vortex_droid_navigation_pkg
[5.632s] byte-compiling /home/student20/Downloads/coursework2/install/vortex_droid_navigation_pkg/lib/python3.12/site-packages/vortex_droid_navigation_pkg/vortex_droid_navigation_node.py to vortex_droid_navigation_node.cpython-312.pyc
[5.636s] byte-compiling /home/student20/Downloads/coursework2/install/vortex_droid_navigation_pkg/lib/python3.12/site-packages/vortex_droid_navigation_pkg/__init__.py to __init__.cpython-312.pyc
[5.636s] running install_data
[5.637s] creating /home/student20/Downloads/coursework2/install/vortex_droid_navigation_pkg/share/ament_index
[5.637s] creating /home/student20/Downloads/coursework2/install/vortex_droid_navigation_pkg/share/ament_index/resource_index
[5.638s] creating /home/student20/Downloads/coursework2/install/vortex_droid_navigation_pkg/share/ament_index/resource_index/packages
[5.638s] copying resource/vortex_droid_navigation_pkg -> /home/student20/Downloads/coursework2/install/vortex_droid_navigation_pkg/share/ament_index/resource_index/packages
[5.638s] copying package.xml -> /home/student20/Downloads/coursework2/install/vortex_droid_navigation_pkg/share/vortex_droid_navigation_pkg
[5.639s] running install_egg_info
[5.717s] Copying ../../build/vortex_droid_navigation_pkg/vortex_droid_navigation_pkg.egg-info to /home/student20/Downloads/coursework2/install/vortex_droid_navigation_pkg/lib/python3.12/site-packages/vortex_droid_navigation_pkg-0.0.0-py3.12.egg-info
[5.722s] running install_scripts
[6.224s] Installing vortex_droid_navigation_node script to /home/student20/Downloads/coursework2/install/vortex_droid_navigation_pkg/lib/vortex_droid_navigation_pkg
[6.225s] writing list of installed files to '/home/student20/Downloads/coursework2/build/vortex_droid_navigation_pkg/install.log'
[6.382s] Invoked command in '/home/student20/Downloads/coursework2/src/vortex_droid_navigation_pkg' returned '0': DEBUGINFOD_URLS=https://debuginfod.ubuntu.com PYTHONPATH=/home/student20/Downloads/coursework2/build/vortex_droid_navigation_pkg/prefix_override:/usr/lib/python3/dist-packages/colcon_core/task/python/colcon_distutils_commands:/home/student20/Downloads/coursework2/install/vortex_droid_navigation_pkg/lib/python3.12/site-packages:${PYTHONPATH} /usr/bin/python3 -W ignore:setup.py install is deprecated -W ignore:easy_install command is deprecated setup.py egg_info --egg-base ../../build/vortex_droid_navigation_pkg build --build-base /home/student20/Downloads/coursework2/build/vortex_droid_navigation_pkg/build install --record /home/student20/Downloads/coursework2/build/vortex_droid_navigation_pkg/install.log --single-version-externally-managed install_data
