[1.191s] Invoking command in '/home/student20/assessments/week9/src/kia': DEBUGINFOD_URLS=https://debuginfod.ubuntu.com PYTHONPATH=/home/student20/assessments/week9/build/kia/prefix_override:/usr/lib/python3/dist-packages/colcon_core/task/python/colcon_distutils_commands:/home/student20/assessments/week9/install/kia/lib/python3.12/site-packages:${PYTHONPATH} /usr/bin/python3 -W ignore:setup.py install is deprecated -W ignore:easy_install command is deprecated setup.py egg_info --egg-base ../../build/kia build --build-base /home/student20/assessments/week9/build/kia/build install --record /home/student20/assessments/week9/build/kia/install.log --single-version-externally-managed install_data
[1.551s] running egg_info
[1.551s] creating ../../build/kia/kia.egg-info
[1.574s] writing ../../build/kia/kia.egg-info/PKG-INFO
[1.575s] writing dependency_links to ../../build/kia/kia.egg-info/dependency_links.txt
[1.576s] writing entry points to ../../build/kia/kia.egg-info/entry_points.txt
[1.576s] writing requirements to ../../build/kia/kia.egg-info/requires.txt
[1.576s] writing top-level names to ../../build/kia/kia.egg-info/top_level.txt
[1.576s] writing manifest file '../../build/kia/kia.egg-info/SOURCES.txt'
[1.670s] reading manifest file '../../build/kia/kia.egg-info/SOURCES.txt'
[1.672s] writing manifest file '../../build/kia/kia.egg-info/SOURCES.txt'
[1.672s] running build
[1.672s] running build_py
[1.673s] creating /home/student20/assessments/week9/build/kia/build
[1.673s] creating /home/student20/assessments/week9/build/kia/build/lib
[1.673s] creating /home/student20/assessments/week9/build/kia/build/lib/kia
[1.674s] copying kia/spark_plug.py -> /home/student20/assessments/week9/build/kia/build/lib/kia
[1.674s] copying kia/__init__.py -> /home/student20/assessments/week9/build/kia/build/lib/kia
[1.674s] running install
[1.686s] running install_lib
[1.719s] creating /home/student20/assessments/week9/install/kia/lib/python3.12/site-packages/kia
[1.719s] copying /home/student20/assessments/week9/build/kia/build/lib/kia/spark_plug.py -> /home/student20/assessments/week9/install/kia/lib/python3.12/site-packages/kia
[1.719s] copying /home/student20/assessments/week9/build/kia/build/lib/kia/__init__.py -> /home/student20/assessments/week9/install/kia/lib/python3.12/site-packages/kia
[1.720s] byte-compiling /home/student20/assessments/week9/install/kia/lib/python3.12/site-packages/kia/spark_plug.py to spark_plug.cpython-312.pyc
[1.723s] byte-compiling /home/student20/assessments/week9/install/kia/lib/python3.12/site-packages/kia/__init__.py to __init__.cpython-312.pyc
[1.723s] running install_data
[1.724s] creating /home/student20/assessments/week9/install/kia/share/ament_index
[1.724s] creating /home/student20/assessments/week9/install/kia/share/ament_index/resource_index
[1.724s] creating /home/student20/assessments/week9/install/kia/share/ament_index/resource_index/packages
[1.724s] copying resource/kia -> /home/student20/assessments/week9/install/kia/share/ament_index/resource_index/packages
[1.725s] copying package.xml -> /home/student20/assessments/week9/install/kia/share/kia
[1.725s] creating /home/student20/assessments/week9/install/kia/share/kia/launch
[1.725s] copying launch/greet_launch.py -> /home/student20/assessments/week9/install/kia/share/kia/launch
[1.725s] running install_egg_info
[1.756s] Copying ../../build/kia/kia.egg-info to /home/student20/assessments/week9/install/kia/lib/python3.12/site-packages/kia-0.0.0-py3.12.egg-info
[1.757s] running install_scripts
[1.986s] Installing spark_plug script to /home/student20/assessments/week9/install/kia/lib/kia
[1.987s] writing list of installed files to '/home/student20/assessments/week9/build/kia/install.log'
[2.054s] Invoked command in '/home/student20/assessments/week9/src/kia' returned '0': DEBUGINFOD_URLS=https://debuginfod.ubuntu.com PYTHONPATH=/home/student20/assessments/week9/build/kia/prefix_override:/usr/lib/python3/dist-packages/colcon_core/task/python/colcon_distutils_commands:/home/student20/assessments/week9/install/kia/lib/python3.12/site-packages:${PYTHONPATH} /usr/bin/python3 -W ignore:setup.py install is deprecated -W ignore:easy_install command is deprecated setup.py egg_info --egg-base ../../build/kia build --build-base /home/student20/assessments/week9/build/kia/build install --record /home/student20/assessments/week9/build/kia/install.log --single-version-externally-managed install_data
