[0.181s] DEBUG:colcon:Command line arguments: ['/usr/bin/colcon', 'build']
[0.181s] DEBUG:colcon:Parsed command line arguments: Namespace(log_base=None, log_level=None, verb_name='build', build_base='build', install_base='install', merge_install=False, symlink_install=False, test_result_base=None, continue_on_error=False, executor='parallel', parallel_workers=12, event_handlers=None, ignore_user_meta=False, metas=['./colcon.meta'], base_paths=['.'], packages_ignore=None, packages_ignore_regex=None, paths=None, packages_up_to=None, packages_up_to_regex=None, packages_above=None, packages_above_and_dependencies=None, packages_above_depth=None, packages_select_by_dep=None, packages_skip_by_dep=None, packages_skip_up_to=None, packages_select_build_failed=False, packages_skip_build_finished=False, packages_select_test_failures=False, packages_skip_test_passed=False, packages_select=None, packages_skip=None, packages_select_regex=None, packages_skip_regex=None, packages_start=None, packages_end=None, cmake_args=None, cmake_target=None, cmake_target_skip_unavailable=False, cmake_clean_cache=False, cmake_clean_first=False, cmake_force_configure=False, ament_cmake_args=None, catkin_cmake_args=None, catkin_skip_building_tests=False, verb_parser=<colcon_defaults.argument_parser.defaults.DefaultArgumentsDecorator object at 0x78820eec4dd0>, verb_extension=<colcon_core.verb.build.BuildVerb object at 0x78820eec4aa0>, main=<bound method BuildVerb.main of <colcon_core.verb.build.BuildVerb object at 0x78820eec4aa0>>)
[0.235s] Level 1:colcon.colcon_core.package_discovery:discover_packages(colcon_meta) check parameters
[0.235s] Level 1:colcon.colcon_core.package_discovery:discover_packages(recursive) check parameters
[0.235s] Level 1:colcon.colcon_core.package_discovery:discover_packages(ignore) check parameters
[0.235s] Level 1:colcon.colcon_core.package_discovery:discover_packages(path) check parameters
[0.235s] Level 1:colcon.colcon_core.package_discovery:discover_packages(colcon_meta) discover
[0.236s] Level 1:colcon.colcon_core.package_discovery:discover_packages(recursive) discover
[0.236s] INFO:colcon.colcon_core.package_discovery:Crawling recursively for packages in '/home/student20/assessments/week8'
[0.236s] Level 1:colcon.colcon_core.package_identification:_identify(.) by extensions ['ignore', 'ignore_ament_install']
[0.236s] Level 1:colcon.colcon_core.package_identification:_identify(.) by extension 'ignore'
[0.236s] Level 1:colcon.colcon_core.package_identification:_identify(.) by extension 'ignore_ament_install'
[0.236s] Level 1:colcon.colcon_core.package_identification:_identify(.) by extensions ['colcon_pkg']
[0.236s] Level 1:colcon.colcon_core.package_identification:_identify(.) by extension 'colcon_pkg'
[0.236s] Level 1:colcon.colcon_core.package_identification:_identify(.) by extensions ['colcon_meta']
[0.236s] Level 1:colcon.colcon_core.package_identification:_identify(.) by extension 'colcon_meta'
[0.236s] Level 1:colcon.colcon_core.package_identification:_identify(.) by extensions ['ros']
[0.236s] Level 1:colcon.colcon_core.package_identification:_identify(.) by extension 'ros'
[0.285s] Level 1:colcon.colcon_core.package_identification:_identify(.) by extensions ['cmake', 'python']
[0.286s] Level 1:colcon.colcon_core.package_identification:_identify(.) by extension 'cmake'
[0.286s] Level 1:colcon.colcon_core.package_identification:_identify(.) by extension 'python'
[0.286s] Level 1:colcon.colcon_core.package_identification:_identify(.) by extensions ['python_setup_py']
[0.286s] Level 1:colcon.colcon_core.package_identification:_identify(.) by extension 'python_setup_py'
[0.286s] Level 1:colcon.colcon_core.package_identification:_identify(build) by extensions ['ignore', 'ignore_ament_install']
[0.286s] Level 1:colcon.colcon_core.package_identification:_identify(build) by extension 'ignore'
[0.286s] Level 1:colcon.colcon_core.package_identification:_identify(build) ignored
[0.287s] Level 1:colcon.colcon_core.package_identification:_identify(install) by extensions ['ignore', 'ignore_ament_install']
[0.287s] Level 1:colcon.colcon_core.package_identification:_identify(install) by extension 'ignore'
[0.287s] Level 1:colcon.colcon_core.package_identification:_identify(install) ignored
[0.287s] Level 1:colcon.colcon_core.package_identification:_identify(log) by extensions ['ignore', 'ignore_ament_install']
[0.287s] Level 1:colcon.colcon_core.package_identification:_identify(log) by extension 'ignore'
[0.287s] Level 1:colcon.colcon_core.package_identification:_identify(log) ignored
[0.287s] Level 1:colcon.colcon_core.package_identification:_identify(src) by extensions ['ignore', 'ignore_ament_install']
[0.288s] Level 1:colcon.colcon_core.package_identification:_identify(src) by extension 'ignore'
[0.288s] Level 1:colcon.colcon_core.package_identification:_identify(src) by extension 'ignore_ament_install'
[0.288s] Level 1:colcon.colcon_core.package_identification:_identify(src) by extensions ['colcon_pkg']
[0.288s] Level 1:colcon.colcon_core.package_identification:_identify(src) by extension 'colcon_pkg'
[0.288s] Level 1:colcon.colcon_core.package_identification:_identify(src) by extensions ['colcon_meta']
[0.288s] Level 1:colcon.colcon_core.package_identification:_identify(src) by extension 'colcon_meta'
[0.288s] Level 1:colcon.colcon_core.package_identification:_identify(src) by extensions ['ros']
[0.288s] Level 1:colcon.colcon_core.package_identification:_identify(src) by extension 'ros'
[0.288s] Level 1:colcon.colcon_core.package_identification:_identify(src) by extensions ['cmake', 'python']
[0.288s] Level 1:colcon.colcon_core.package_identification:_identify(src) by extension 'cmake'
[0.288s] Level 1:colcon.colcon_core.package_identification:_identify(src) by extension 'python'
[0.288s] Level 1:colcon.colcon_core.package_identification:_identify(src) by extensions ['python_setup_py']
[0.288s] Level 1:colcon.colcon_core.package_identification:_identify(src) by extension 'python_setup_py'
[0.289s] Level 1:colcon.colcon_core.package_identification:_identify(src/kia) by extensions ['ignore', 'ignore_ament_install']
[0.289s] Level 1:colcon.colcon_core.package_identification:_identify(src/kia) by extension 'ignore'
[0.289s] Level 1:colcon.colcon_core.package_identification:_identify(src/kia) by extension 'ignore_ament_install'
[0.289s] Level 1:colcon.colcon_core.package_identification:_identify(src/kia) by extensions ['colcon_pkg']
[0.289s] Level 1:colcon.colcon_core.package_identification:_identify(src/kia) by extension 'colcon_pkg'
[0.289s] Level 1:colcon.colcon_core.package_identification:_identify(src/kia) by extensions ['colcon_meta']
[0.289s] Level 1:colcon.colcon_core.package_identification:_identify(src/kia) by extension 'colcon_meta'
[0.289s] Level 1:colcon.colcon_core.package_identification:_identify(src/kia) by extensions ['ros']
[0.289s] Level 1:colcon.colcon_core.package_identification:_identify(src/kia) by extension 'ros'
[0.296s] DEBUG:colcon.colcon_core.package_identification:Package 'src/kia' with type 'ros.ament_python' and name 'kia'
[0.296s] Level 1:colcon.colcon_core.package_identification:_identify(src/liverpool) by extensions ['ignore', 'ignore_ament_install']
[0.296s] Level 1:colcon.colcon_core.package_identification:_identify(src/liverpool) by extension 'ignore'
[0.296s] Level 1:colcon.colcon_core.package_identification:_identify(src/liverpool) by extension 'ignore_ament_install'
[0.297s] Level 1:colcon.colcon_core.package_identification:_identify(src/liverpool) by extensions ['colcon_pkg']
[0.297s] Level 1:colcon.colcon_core.package_identification:_identify(src/liverpool) by extension 'colcon_pkg'
[0.297s] Level 1:colcon.colcon_core.package_identification:_identify(src/liverpool) by extensions ['colcon_meta']
[0.297s] Level 1:colcon.colcon_core.package_identification:_identify(src/liverpool) by extension 'colcon_meta'
[0.297s] Level 1:colcon.colcon_core.package_identification:_identify(src/liverpool) by extensions ['ros']
[0.297s] Level 1:colcon.colcon_core.package_identification:_identify(src/liverpool) by extension 'ros'
[0.298s] DEBUG:colcon.colcon_core.package_identification:Package 'src/liverpool' with type 'ros.ament_python' and name 'liverpool'
[0.298s] Level 1:colcon.colcon_core.package_discovery:discover_packages(recursive) using defaults
[0.298s] Level 1:colcon.colcon_core.package_discovery:discover_packages(ignore) discover
[0.298s] Level 1:colcon.colcon_core.package_discovery:discover_packages(ignore) using defaults
[0.298s] Level 1:colcon.colcon_core.package_discovery:discover_packages(path) discover
[0.298s] Level 1:colcon.colcon_core.package_discovery:discover_packages(path) using defaults
[0.330s] Level 5:colcon.colcon_core.verb:set package 'kia' build argument 'cmake_args' from command line to 'None'
[0.330s] Level 5:colcon.colcon_core.verb:set package 'kia' build argument 'cmake_target' from command line to 'None'
[0.331s] Level 5:colcon.colcon_core.verb:set package 'kia' build argument 'cmake_target_skip_unavailable' from command line to 'False'
[0.331s] Level 5:colcon.colcon_core.verb:set package 'kia' build argument 'cmake_clean_cache' from command line to 'False'
[0.331s] Level 5:colcon.colcon_core.verb:set package 'kia' build argument 'cmake_clean_first' from command line to 'False'
[0.331s] Level 5:colcon.colcon_core.verb:set package 'kia' build argument 'cmake_force_configure' from command line to 'False'
[0.331s] Level 5:colcon.colcon_core.verb:set package 'kia' build argument 'ament_cmake_args' from command line to 'None'
[0.331s] Level 5:colcon.colcon_core.verb:set package 'kia' build argument 'catkin_cmake_args' from command line to 'None'
[0.331s] Level 5:colcon.colcon_core.verb:set package 'kia' build argument 'catkin_skip_building_tests' from command line to 'False'
[0.331s] DEBUG:colcon.colcon_core.verb:Building package 'kia' with the following arguments: {'ament_cmake_args': None, 'build_base': '/home/student20/assessments/week8/build/kia', 'catkin_cmake_args': None, 'catkin_skip_building_tests': False, 'cmake_args': None, 'cmake_clean_cache': False, 'cmake_clean_first': False, 'cmake_force_configure': False, 'cmake_target': None, 'cmake_target_skip_unavailable': False, 'install_base': '/home/student20/assessments/week8/install/kia', 'merge_install': False, 'path': '/home/student20/assessments/week8/src/kia', 'symlink_install': False, 'test_result_base': None}
[0.331s] Level 5:colcon.colcon_core.verb:set package 'liverpool' build argument 'cmake_args' from command line to 'None'
[0.331s] Level 5:colcon.colcon_core.verb:set package 'liverpool' build argument 'cmake_target' from command line to 'None'
[0.331s] Level 5:colcon.colcon_core.verb:set package 'liverpool' build argument 'cmake_target_skip_unavailable' from command line to 'False'
[0.331s] Level 5:colcon.colcon_core.verb:set package 'liverpool' build argument 'cmake_clean_cache' from command line to 'False'
[0.331s] Level 5:colcon.colcon_core.verb:set package 'liverpool' build argument 'cmake_clean_first' from command line to 'False'
[0.331s] Level 5:colcon.colcon_core.verb:set package 'liverpool' build argument 'cmake_force_configure' from command line to 'False'
[0.331s] Level 5:colcon.colcon_core.verb:set package 'liverpool' build argument 'ament_cmake_args' from command line to 'None'
[0.331s] Level 5:colcon.colcon_core.verb:set package 'liverpool' build argument 'catkin_cmake_args' from command line to 'None'
[0.331s] Level 5:colcon.colcon_core.verb:set package 'liverpool' build argument 'catkin_skip_building_tests' from command line to 'False'
[0.331s] DEBUG:colcon.colcon_core.verb:Building package 'liverpool' with the following arguments: {'ament_cmake_args': None, 'build_base': '/home/student20/assessments/week8/build/liverpool', 'catkin_cmake_args': None, 'catkin_skip_building_tests': False, 'cmake_args': None, 'cmake_clean_cache': False, 'cmake_clean_first': False, 'cmake_force_configure': False, 'cmake_target': None, 'cmake_target_skip_unavailable': False, 'install_base': '/home/student20/assessments/week8/install/liverpool', 'merge_install': False, 'path': '/home/student20/assessments/week8/src/liverpool', 'symlink_install': False, 'test_result_base': None}
[0.331s] INFO:colcon.colcon_core.executor:Executing jobs using 'parallel' executor
[0.333s] DEBUG:colcon.colcon_parallel_executor.executor.parallel:run_until_complete
[0.333s] INFO:colcon.colcon_ros.task.ament_python.build:Building ROS package in '/home/student20/assessments/week8/src/kia' with build type 'ament_python'
[0.333s] Level 1:colcon.colcon_core.shell:create_environment_hook('kia', 'ament_prefix_path')
[0.337s] INFO:colcon.colcon_core.plugin_system:Skipping extension 'colcon_core.shell.bat': Not used on non-Windows systems
[0.337s] INFO:colcon.colcon_core.shell:Creating environment descriptor '/home/student20/assessments/week8/install/kia/share/kia/hook/ament_prefix_path.dsv'
[0.338s] INFO:colcon.colcon_core.shell:Creating environment hook '/home/student20/assessments/week8/install/kia/share/kia/hook/ament_prefix_path.sh'
[0.339s] DEBUG:colcon.colcon_core.shell:Skip shell extension 'dsv' for command environment
[0.349s] INFO:colcon.colcon_ros.task.ament_python.build:Building ROS package in '/home/student20/assessments/week8/src/liverpool' with build type 'ament_python'
[0.351s] Level 1:colcon.colcon_core.shell:create_environment_hook('liverpool', 'ament_prefix_path')
[0.351s] INFO:colcon.colcon_core.shell:Creating environment descriptor '/home/student20/assessments/week8/install/liverpool/share/liverpool/hook/ament_prefix_path.dsv'
[0.353s] INFO:colcon.colcon_core.shell:Creating environment hook '/home/student20/assessments/week8/install/liverpool/share/liverpool/hook/ament_prefix_path.sh'
[0.355s] DEBUG:colcon.colcon_core.shell:Skip shell extension 'dsv' for command environment
[0.735s] INFO:colcon.colcon_core.task.python.build:Building Python package in '/home/student20/assessments/week8/src/kia'
[0.735s] DEBUG:colcon.colcon_core.shell:Skip shell extension 'dsv' for command environment
[1.213s] INFO:colcon.colcon_core.task.python.build:Building Python package in '/home/student20/assessments/week8/src/liverpool'
[1.213s] DEBUG:colcon.colcon_core.shell:Skip shell extension 'dsv' for command environment
[2.083s] DEBUG:colcon.colcon_core.event_handler.log_command:Invoking command in '/home/student20/assessments/week8/src/liverpool': DEBUGINFOD_URLS=https://debuginfod.ubuntu.com PYTHONPATH=/home/student20/assessments/week8/build/liverpool/prefix_override:/usr/lib/python3/dist-packages/colcon_core/task/python/colcon_distutils_commands:/home/student20/assessments/week8/install/liverpool/lib/python3.12/site-packages:${PYTHONPATH} /usr/bin/python3 -W ignore:setup.py install is deprecated -W ignore:easy_install command is deprecated setup.py egg_info --egg-base ../../build/liverpool build --build-base /home/student20/assessments/week8/build/liverpool/build install --record /home/student20/assessments/week8/build/liverpool/install.log --single-version-externally-managed install_data
[2.337s] DEBUG:colcon.colcon_core.event_handler.log_command:Invoking command in '/home/student20/assessments/week8/src/kia': DEBUGINFOD_URLS=https://debuginfod.ubuntu.com PYTHONPATH=/home/student20/assessments/week8/build/kia/prefix_override:/usr/lib/python3/dist-packages/colcon_core/task/python/colcon_distutils_commands:/home/student20/assessments/week8/install/kia/lib/python3.12/site-packages:${PYTHONPATH} /usr/bin/python3 -W ignore:setup.py install is deprecated -W ignore:easy_install command is deprecated setup.py egg_info --egg-base ../../build/kia build --build-base /home/student20/assessments/week8/build/kia/build install --record /home/student20/assessments/week8/build/kia/install.log --single-version-externally-managed install_data
[2.811s] DEBUG:colcon.colcon_core.event_handler.log_command:Invoked command in '/home/student20/assessments/week8/src/liverpool' returned '0': DEBUGINFOD_URLS=https://debuginfod.ubuntu.com PYTHONPATH=/home/student20/assessments/week8/build/liverpool/prefix_override:/usr/lib/python3/dist-packages/colcon_core/task/python/colcon_distutils_commands:/home/student20/assessments/week8/install/liverpool/lib/python3.12/site-packages:${PYTHONPATH} /usr/bin/python3 -W ignore:setup.py install is deprecated -W ignore:easy_install command is deprecated setup.py egg_info --egg-base ../../build/liverpool build --build-base /home/student20/assessments/week8/build/liverpool/build install --record /home/student20/assessments/week8/build/liverpool/install.log --single-version-externally-managed install_data
[2.814s] Level 1:colcon.colcon_core.environment:checking '/home/student20/assessments/week8/install/liverpool' for CMake module files
[2.815s] Level 1:colcon.colcon_core.environment:checking '/home/student20/assessments/week8/install/liverpool' for CMake config files
[2.817s] Level 1:colcon.colcon_core.environment:checking '/home/student20/assessments/week8/install/liverpool/lib'
[2.817s] Level 1:colcon.colcon_core.environment:checking '/home/student20/assessments/week8/install/liverpool/bin'
[2.817s] Level 1:colcon.colcon_core.environment:checking '/home/student20/assessments/week8/install/liverpool/lib/pkgconfig/liverpool.pc'
[2.818s] Level 1:colcon.colcon_core.environment:checking '/home/student20/assessments/week8/install/liverpool/lib/python3.12/site-packages'
[2.818s] Level 1:colcon.colcon_core.shell:create_environment_hook('liverpool', 'pythonpath')
[2.818s] INFO:colcon.colcon_core.shell:Creating environment descriptor '/home/student20/assessments/week8/install/liverpool/share/liverpool/hook/pythonpath.dsv'
[2.819s] INFO:colcon.colcon_core.shell:Creating environment hook '/home/student20/assessments/week8/install/liverpool/share/liverpool/hook/pythonpath.sh'
[2.822s] Level 1:colcon.colcon_core.environment:checking '/home/student20/assessments/week8/install/liverpool/bin'
[2.823s] Level 1:colcon.colcon_core.environment:create_environment_scripts_only(liverpool)
[2.824s] INFO:colcon.colcon_core.shell:Creating package descriptor '/home/student20/assessments/week8/install/liverpool/share/liverpool/package.dsv'
[2.828s] INFO:colcon.colcon_core.shell:Creating package script '/home/student20/assessments/week8/install/liverpool/share/liverpool/package.sh'
[2.832s] INFO:colcon.colcon_core.shell:Creating package script '/home/student20/assessments/week8/install/liverpool/share/liverpool/package.bash'
[2.834s] INFO:colcon.colcon_core.shell:Creating package script '/home/student20/assessments/week8/install/liverpool/share/liverpool/package.zsh'
[2.837s] Level 1:colcon.colcon_core.environment:create_file_with_runtime_dependencies(/home/student20/assessments/week8/install/liverpool/share/colcon-core/packages/liverpool)
[3.215s] Level 1:colcon.colcon_core.environment:checking '/home/student20/assessments/week8/install/kia' for CMake module files
[3.216s] DEBUG:colcon.colcon_core.event_handler.log_command:Invoked command in '/home/student20/assessments/week8/src/kia' returned '0': DEBUGINFOD_URLS=https://debuginfod.ubuntu.com PYTHONPATH=/home/student20/assessments/week8/build/kia/prefix_override:/usr/lib/python3/dist-packages/colcon_core/task/python/colcon_distutils_commands:/home/student20/assessments/week8/install/kia/lib/python3.12/site-packages:${PYTHONPATH} /usr/bin/python3 -W ignore:setup.py install is deprecated -W ignore:easy_install command is deprecated setup.py egg_info --egg-base ../../build/kia build --build-base /home/student20/assessments/week8/build/kia/build install --record /home/student20/assessments/week8/build/kia/install.log --single-version-externally-managed install_data
[3.217s] Level 1:colcon.colcon_core.environment:checking '/home/student20/assessments/week8/install/kia' for CMake config files
[3.219s] Level 1:colcon.colcon_core.environment:checking '/home/student20/assessments/week8/install/kia/lib'
[3.219s] Level 1:colcon.colcon_core.environment:checking '/home/student20/assessments/week8/install/kia/bin'
[3.219s] Level 1:colcon.colcon_core.environment:checking '/home/student20/assessments/week8/install/kia/lib/pkgconfig/kia.pc'
[3.220s] Level 1:colcon.colcon_core.environment:checking '/home/student20/assessments/week8/install/kia/lib/python3.12/site-packages'
[3.220s] Level 1:colcon.colcon_core.shell:create_environment_hook('kia', 'pythonpath')
[3.221s] INFO:colcon.colcon_core.shell:Creating environment descriptor '/home/student20/assessments/week8/install/kia/share/kia/hook/pythonpath.dsv'
[3.222s] INFO:colcon.colcon_core.shell:Creating environment hook '/home/student20/assessments/week8/install/kia/share/kia/hook/pythonpath.sh'
[3.224s] Level 1:colcon.colcon_core.environment:checking '/home/student20/assessments/week8/install/kia/bin'
[3.224s] Level 1:colcon.colcon_core.environment:create_environment_scripts_only(kia)
[3.225s] INFO:colcon.colcon_core.shell:Creating package descriptor '/home/student20/assessments/week8/install/kia/share/kia/package.dsv'
[3.226s] INFO:colcon.colcon_core.shell:Creating package script '/home/student20/assessments/week8/install/kia/share/kia/package.sh'
[3.227s] INFO:colcon.colcon_core.shell:Creating package script '/home/student20/assessments/week8/install/kia/share/kia/package.bash'
[3.229s] INFO:colcon.colcon_core.shell:Creating package script '/home/student20/assessments/week8/install/kia/share/kia/package.zsh'
[3.230s] Level 1:colcon.colcon_core.environment:create_file_with_runtime_dependencies(/home/student20/assessments/week8/install/kia/share/colcon-core/packages/kia)
[3.230s] DEBUG:colcon.colcon_parallel_executor.executor.parallel:closing loop
[3.231s] DEBUG:colcon.colcon_parallel_executor.executor.parallel:loop closed
[3.232s] DEBUG:colcon.colcon_parallel_executor.executor.parallel:run_until_complete finished with '0'
[3.232s] DEBUG:colcon.colcon_core.event_reactor:joining thread
[3.252s] INFO:colcon.colcon_core.plugin_system:Skipping extension 'colcon_notification.desktop_notification.terminal_notifier': Not used on non-Darwin systems
[3.253s] INFO:colcon.colcon_core.plugin_system:Skipping extension 'colcon_notification.desktop_notification.win32': Not used on non-Windows systems
[3.253s] INFO:colcon.colcon_notification.desktop_notification:Sending desktop notification using 'notify2'
[3.279s] DEBUG:colcon.colcon_core.event_reactor:joined thread
[3.280s] INFO:colcon.colcon_core.shell:Creating prefix script '/home/student20/assessments/week8/install/local_setup.sh'
[3.281s] INFO:colcon.colcon_core.shell:Creating prefix util module '/home/student20/assessments/week8/install/_local_setup_util_sh.py'
[3.284s] INFO:colcon.colcon_core.shell:Creating prefix chain script '/home/student20/assessments/week8/install/setup.sh'
[3.287s] INFO:colcon.colcon_core.shell:Creating prefix script '/home/student20/assessments/week8/install/local_setup.bash'
[3.288s] INFO:colcon.colcon_core.shell:Creating prefix chain script '/home/student20/assessments/week8/install/setup.bash'
[3.290s] INFO:colcon.colcon_core.shell:Creating prefix script '/home/student20/assessments/week8/install/local_setup.zsh'
[3.291s] INFO:colcon.colcon_core.shell:Creating prefix chain script '/home/student20/assessments/week8/install/setup.zsh'
