[0.945s] Invoking command in '/home/student20/assessments/week7/build/sfr_coursework1_interface_package': CMAKE_PREFIX_PATH=${CMAKE_PREFIX_PATH}:/opt/ros/jazzy DEBUGINFOD_URLS=https://debuginfod.ubuntu.com /usr/bin/cmake /home/student20/assessments/week7/src/sfr_coursework1_interface_package -DCMAKE_INSTALL_PREFIX=/home/student20/assessments/week7/install/sfr_coursework1_interface_package
[1.072s] -- The C compiler identification is GNU 13.3.0
[1.242s] -- The CXX compiler identification is GNU 13.3.0
[1.288s] -- Detecting C compiler ABI info
[1.521s] -- Detecting C compiler ABI info - done
[1.551s] -- Check for working C compiler: /usr/bin/cc - skipped
[1.552s] -- Detecting C compile features
[1.553s] -- Detecting C compile features - done
[1.576s] -- Detecting CXX compiler ABI info
[1.862s] -- Detecting CXX compiler ABI info - done
[1.893s] -- Check for working CXX compiler: /usr/bin/c++ - skipped
[1.893s] -- Detecting CXX compile features
[1.894s] -- Detecting CXX compile features - done
[1.900s] -- Found ament_cmake: 2.5.4 (/opt/ros/jazzy/share/ament_cmake/cmake)
[2.251s] -- Found Python3: /usr/local/bin/python3.10 (found version "3.10.11") found components: Interpreter 
[2.519s] -- Found rosidl_default_generators: 1.6.0 (/opt/ros/jazzy/share/rosidl_default_generators/cmake)
[2.530s] -- Using all available rosidl_typesupport_c: rosidl_typesupport_fastrtps_c;rosidl_typesupport_introspection_c
[2.638s] -- Using all available rosidl_typesupport_cpp: rosidl_typesupport_fastrtps_cpp;rosidl_typesupport_introspection_cpp
[2.729s] -- Found rosidl_adapter: 4.6.6 (/opt/ros/jazzy/share/rosidl_adapter/cmake)
[3.163s] [31mCMake Error at /opt/ros/jazzy/share/rosidl_adapter/cmake/rosidl_adapt_interfaces.cmake:57 (message):
[3.164s]   execute_process(/usr/local/bin/python3.10 -m rosidl_adapter --package-name
[3.164s]   sfr_coursework1_interface_package --arguments-file
[3.164s]   /home/student20/assessments/week7/build/sfr_coursework1_interface_package/rosidl_adapter__arguments__sfr_coursework1_interface_package.json
[3.164s]   --output-dir
[3.165s]   /home/student20/assessments/week7/build/sfr_coursework1_interface_package/rosidl_adapter/sfr_coursework1_interface_package
[3.165s]   --output-file
[3.165s]   /home/student20/assessments/week7/build/sfr_coursework1_interface_package/rosidl_adapter/sfr_coursework1_interface_package.idls)
[3.165s]   returned error code 1:
[3.166s] 
[3.166s]   Traceback (most recent call last):
[3.166s] 
[3.166s]     File "/usr/local/lib/python3.10/runpy.py", line 196, in _run_module_as_main
[3.167s]       return _run_code(code, main_globals, None,
[3.167s]     File "/usr/local/lib/python3.10/runpy.py", line 86, in _run_code
[3.167s]       exec(code, run_globals)
[3.167s]     File "/opt/ros/jazzy/lib/python3.12/site-packages/rosidl_adapter/__main__.py", line 19, in <module>
[3.167s]       sys.exit(main())
[3.168s]     File "/opt/ros/jazzy/lib/python3.12/site-packages/rosidl_adapter/main.py", line 53, in main
[3.168s]       abs_idl_file = convert_to_idl(
[3.168s]     File "/opt/ros/jazzy/lib/python3.12/site-packages/rosidl_adapter/__init__.py", line 18, in convert_to_idl
[3.168s]       from rosidl_adapter.msg import convert_msg_to_idl
[3.169s]     File "/opt/ros/jazzy/lib/python3.12/site-packages/rosidl_adapter/msg/__init__.py", line 16, in <module>
[3.169s]       from rosidl_adapter.resource import expand_template
[3.169s]     File "/opt/ros/jazzy/lib/python3.12/site-packages/rosidl_adapter/resource/__init__.py", line 19, in <module>
[3.169s]       import em
[3.169s] 
[3.170s]   ModuleNotFoundError: No module named 'em'
[3.170s] 
[3.170s] Call Stack (most recent call first):
[3.170s]   /opt/ros/jazzy/share/rosidl_cmake/cmake/rosidl_generate_interfaces.cmake:132 (rosidl_adapt_interfaces)
[3.170s]   CMakeLists.txt:28 (rosidl_generate_interfaces)
[3.171s] 
[3.171s] [0m
[3.171s] -- Configuring incomplete, errors occurred!
[3.198s] Invoked command in '/home/student20/assessments/week7/build/sfr_coursework1_interface_package' returned '1': CMAKE_PREFIX_PATH=${CMAKE_PREFIX_PATH}:/opt/ros/jazzy DEBUGINFOD_URLS=https://debuginfod.ubuntu.com /usr/bin/cmake /home/student20/assessments/week7/src/sfr_coursework1_interface_package -DCMAKE_INSTALL_PREFIX=/home/student20/assessments/week7/install/sfr_coursework1_interface_package
