[0.978s] Invoking command in '/home/student20/assessments/week8/src/kia': DEBUGINFOD_URLS=https://debuginfod.ubuntu.com PYTHONPATH=/home/student20/assessments/week8/build/kia/prefix_override:/usr/lib/python3/dist-packages/colcon_core/task/python/colcon_distutils_commands:/home/student20/assessments/week8/install/kia/lib/python3.12/site-packages:${PYTHONPATH} /usr/bin/python3 -W ignore:setup.py install is deprecated -W ignore:easy_install command is deprecated setup.py egg_info --egg-base ../../build/kia build --build-base /home/student20/assessments/week8/build/kia/build install --record /home/student20/assessments/week8/build/kia/install.log --single-version-externally-managed install_data
[1.278s] running egg_info
[1.278s] creating ../../build/kia/kia.egg-info
[1.303s] writing ../../build/kia/kia.egg-info/PKG-INFO
[1.305s] writing dependency_links to ../../build/kia/kia.egg-info/dependency_links.txt
[1.305s] writing entry points to ../../build/kia/kia.egg-info/entry_points.txt
[1.306s] writing requirements to ../../build/kia/kia.egg-info/requires.txt
[1.306s] writing top-level names to ../../build/kia/kia.egg-info/top_level.txt
[1.306s] writing manifest file '../../build/kia/kia.egg-info/SOURCES.txt'
[1.351s] reading manifest file '../../build/kia/kia.egg-info/SOURCES.txt'
[1.352s] writing manifest file '../../build/kia/kia.egg-info/SOURCES.txt'
[1.352s] running build
[1.352s] running build_py
[1.352s] creating /home/student20/assessments/week8/build/kia/build
[1.353s] creating /home/student20/assessments/week8/build/kia/build/lib
[1.353s] creating /home/student20/assessments/week8/build/kia/build/lib/kia
[1.353s] copying kia/__init__.py -> /home/student20/assessments/week8/build/kia/build/lib/kia
[1.353s] copying kia/syllabus.py -> /home/student20/assessments/week8/build/kia/build/lib/kia
[1.353s] running install
[1.359s] running install_lib
[1.374s] creating /home/student20/assessments/week8/install/kia/lib/python3.12/site-packages/kia
[1.374s] copying /home/student20/assessments/week8/build/kia/build/lib/kia/__init__.py -> /home/student20/assessments/week8/install/kia/lib/python3.12/site-packages/kia
[1.374s] copying /home/student20/assessments/week8/build/kia/build/lib/kia/syllabus.py -> /home/student20/assessments/week8/install/kia/lib/python3.12/site-packages/kia
[1.375s] byte-compiling /home/student20/assessments/week8/install/kia/lib/python3.12/site-packages/kia/__init__.py to __init__.cpython-312.pyc
[1.377s] byte-compiling /home/student20/assessments/week8/install/kia/lib/python3.12/site-packages/kia/syllabus.py to syllabus.cpython-312.pyc
[1.379s] running install_data
[1.382s] creating /home/student20/assessments/week8/install/kia/share/ament_index
[1.382s] creating /home/student20/assessments/week8/install/kia/share/ament_index/resource_index
[1.382s] creating /home/student20/assessments/week8/install/kia/share/ament_index/resource_index/packages
[1.383s] copying resource/kia -> /home/student20/assessments/week8/install/kia/share/ament_index/resource_index/packages
[1.383s] copying package.xml -> /home/student20/assessments/week8/install/kia/share/kia
[1.385s] running install_egg_info
[1.407s] Copying ../../build/kia/kia.egg-info to /home/student20/assessments/week8/install/kia/lib/python3.12/site-packages/kia-0.0.0-py3.12.egg-info
[1.408s] running install_scripts
[1.552s] Installing syllabus script to /home/student20/assessments/week8/install/kia/lib/kia
[1.553s] writing list of installed files to '/home/student20/assessments/week8/build/kia/install.log'
[1.579s] Invoked command in '/home/student20/assessments/week8/src/kia' returned '0': DEBUGINFOD_URLS=https://debuginfod.ubuntu.com PYTHONPATH=/home/student20/assessments/week8/build/kia/prefix_override:/usr/lib/python3/dist-packages/colcon_core/task/python/colcon_distutils_commands:/home/student20/assessments/week8/install/kia/lib/python3.12/site-packages:${PYTHONPATH} /usr/bin/python3 -W ignore:setup.py install is deprecated -W ignore:easy_install command is deprecated setup.py egg_info --egg-base ../../build/kia build --build-base /home/student20/assessments/week8/build/kia/build install --record /home/student20/assessments/week8/build/kia/install.log --single-version-externally-managed install_data
