[4.500s] Invoking command in '/home/student20/Downloads/coursework2/src/vortex_droid_bridge_pkg': DEBUGINFOD_URLS=https://debuginfod.ubuntu.com PYTHONPATH=/home/student20/Downloads/coursework2/build/vortex_droid_bridge_pkg/prefix_override:/usr/lib/python3/dist-packages/colcon_core/task/python/colcon_distutils_commands:/home/student20/Downloads/coursework2/install/vortex_droid_bridge_pkg/lib/python3.12/site-packages:${PYTHONPATH} /usr/bin/python3 -W ignore:setup.py install is deprecated -W ignore:easy_install command is deprecated setup.py egg_info --egg-base ../../build/vortex_droid_bridge_pkg build --build-base /home/student20/Downloads/coursework2/build/vortex_droid_bridge_pkg/build install --record /home/student20/Downloads/coursework2/build/vortex_droid_bridge_pkg/install.log --single-version-externally-managed install_data
[5.596s] running egg_info
[5.598s] creating ../../build/vortex_droid_bridge_pkg/vortex_droid_bridge_pkg.egg-info
[5.665s] writing ../../build/vortex_droid_bridge_pkg/vortex_droid_bridge_pkg.egg-info/PKG-INFO
[5.665s] writing dependency_links to ../../build/vortex_droid_bridge_pkg/vortex_droid_bridge_pkg.egg-info/dependency_links.txt
[5.666s] writing requirements to ../../build/vortex_droid_bridge_pkg/vortex_droid_bridge_pkg.egg-info/requires.txt
[5.667s] writing top-level names to ../../build/vortex_droid_bridge_pkg/vortex_droid_bridge_pkg.egg-info/top_level.txt
[5.668s] writing manifest file '../../build/vortex_droid_bridge_pkg/vortex_droid_bridge_pkg.egg-info/SOURCES.txt'
[5.817s] reading manifest file '../../build/vortex_droid_bridge_pkg/vortex_droid_bridge_pkg.egg-info/SOURCES.txt'
[5.821s] writing manifest file '../../build/vortex_droid_bridge_pkg/vortex_droid_bridge_pkg.egg-info/SOURCES.txt'
[5.821s] running build
[5.822s] running build_py
[5.823s] creating /home/student20/Downloads/coursework2/build/vortex_droid_bridge_pkg/build
[5.823s] creating /home/student20/Downloads/coursework2/build/vortex_droid_bridge_pkg/build/lib
[5.824s] creating /home/student20/Downloads/coursework2/build/vortex_droid_bridge_pkg/build/lib/vortex_droid_bridge_pkg
[5.824s] copying vortex_droid_bridge_pkg/__init__.py -> /home/student20/Downloads/coursework2/build/vortex_droid_bridge_pkg/build/lib/vortex_droid_bridge_pkg
[5.825s] running install
[5.849s] running install_lib
[5.927s] creating /home/student20/Downloads/coursework2/install/vortex_droid_bridge_pkg/lib/python3.12/site-packages/vortex_droid_bridge_pkg
[5.928s] copying /home/student20/Downloads/coursework2/build/vortex_droid_bridge_pkg/build/lib/vortex_droid_bridge_pkg/__init__.py -> /home/student20/Downloads/coursework2/install/vortex_droid_bridge_pkg/lib/python3.12/site-packages/vortex_droid_bridge_pkg
[5.930s] byte-compiling /home/student20/Downloads/coursework2/install/vortex_droid_bridge_pkg/lib/python3.12/site-packages/vortex_droid_bridge_pkg/__init__.py to __init__.cpython-312.pyc
[5.931s] running install_data
[5.932s] creating /home/student20/Downloads/coursework2/install/vortex_droid_bridge_pkg/share/ament_index
[5.932s] creating /home/student20/Downloads/coursework2/install/vortex_droid_bridge_pkg/share/ament_index/resource_index
[5.932s] creating /home/student20/Downloads/coursework2/install/vortex_droid_bridge_pkg/share/ament_index/resource_index/packages
[5.933s] copying resource/vortex_droid_bridge_pkg -> /home/student20/Downloads/coursework2/install/vortex_droid_bridge_pkg/share/ament_index/resource_index/packages
[5.933s] copying package.xml -> /home/student20/Downloads/coursework2/install/vortex_droid_bridge_pkg/share/vortex_droid_bridge_pkg
[5.934s] creating /home/student20/Downloads/coursework2/install/vortex_droid_bridge_pkg/share/vortex_droid_bridge_pkg/launch
[5.934s] copying launch/vortex_droid_bridge_launch.py -> /home/student20/Downloads/coursework2/install/vortex_droid_bridge_pkg/share/vortex_droid_bridge_pkg/launch
[5.935s] running install_egg_info
[6.019s] Copying ../../build/vortex_droid_bridge_pkg/vortex_droid_bridge_pkg.egg-info to /home/student20/Downloads/coursework2/install/vortex_droid_bridge_pkg/lib/python3.12/site-packages/vortex_droid_bridge_pkg-0.0.0-py3.12.egg-info
[6.023s] running install_scripts
[6.549s] writing list of installed files to '/home/student20/Downloads/coursework2/build/vortex_droid_bridge_pkg/install.log'
[6.698s] Invoked command in '/home/student20/Downloads/coursework2/src/vortex_droid_bridge_pkg' returned '0': DEBUGINFOD_URLS=https://debuginfod.ubuntu.com PYTHONPATH=/home/student20/Downloads/coursework2/build/vortex_droid_bridge_pkg/prefix_override:/usr/lib/python3/dist-packages/colcon_core/task/python/colcon_distutils_commands:/home/student20/Downloads/coursework2/install/vortex_droid_bridge_pkg/lib/python3.12/site-packages:${PYTHONPATH} /usr/bin/python3 -W ignore:setup.py install is deprecated -W ignore:easy_install command is deprecated setup.py egg_info --egg-base ../../build/vortex_droid_bridge_pkg build --build-base /home/student20/Downloads/coursework2/build/vortex_droid_bridge_pkg/build install --record /home/student20/Downloads/coursework2/build/vortex_droid_bridge_pkg/install.log --single-version-externally-managed install_data
