running egg_info
writing ../../build/jurassic_park/jurassic_park.egg-info/PKG-INFO
writing dependency_links to ../../build/jurassic_park/jurassic_park.egg-info/dependency_links.txt
writing entry points to ../../build/jurassic_park/jurassic_park.egg-info/entry_points.txt
writing requirements to ../../build/jurassic_park/jurassic_park.egg-info/requires.txt
writing top-level names to ../../build/jurassic_park/jurassic_park.egg-info/top_level.txt
reading manifest file '../../build/jurassic_park/jurassic_park.egg-info/SOURCES.txt'
writing manifest file '../../build/jurassic_park/jurassic_park.egg-info/SOURCES.txt'
running build
running build_py
copying jurassic_park/wake.py -> /home/student20/assessments/week10/build/jurassic_park/build/lib/jurassic_park
running install
running install_lib
copying /home/student20/assessments/week10/build/jurassic_park/build/lib/jurassic_park/wake.py -> /home/student20/assessments/week10/install/jurassic_park/lib/python3.12/site-packages/jurassic_park
byte-compiling /home/student20/assessments/week10/install/jurassic_park/lib/python3.12/site-packages/jurassic_park/wake.py to wake.cpython-312.pyc
running install_data
running install_egg_info
removing '/home/student20/assessments/week10/install/jurassic_park/lib/python3.12/site-packages/jurassic_park-0.0.0-py3.12.egg-info' (and everything under it)
Copying ../../build/jurassic_park/jurassic_park.egg-info to /home/student20/assessments/week10/install/jurassic_park/lib/python3.12/site-packages/jurassic_park-0.0.0-py3.12.egg-info
running install_scripts
Installing wake script to /home/student20/assessments/week10/install/jurassic_park/lib/jurassic_park
writing list of installed files to '/home/student20/assessments/week10/build/jurassic_park/install.log'
