running egg_info
creating ../../build/package_b/package_b.egg-info
writing ../../build/package_b/package_b.egg-info/PKG-INFO
writing dependency_links to ../../build/package_b/package_b.egg-info/dependency_links.txt
writing entry points to ../../build/package_b/package_b.egg-info/entry_points.txt
writing requirements to ../../build/package_b/package_b.egg-info/requires.txt
writing top-level names to ../../build/package_b/package_b.egg-info/top_level.txt
writing manifest file '../../build/package_b/package_b.egg-info/SOURCES.txt'
reading manifest file '../../build/package_b/package_b.egg-info/SOURCES.txt'
writing manifest file '../../build/package_b/package_b.egg-info/SOURCES.txt'
running build
running build_py
creating /home/student20/assessments/week4/build/package_b/build
creating /home/student20/assessments/week4/build/package_b/build/lib
creating /home/student20/assessments/week4/build/package_b/build/lib/package_b
copying package_b/node_b.py -> /home/student20/assessments/week4/build/package_b/build/lib/package_b
copying package_b/__init__.py -> /home/student20/assessments/week4/build/package_b/build/lib/package_b
running install
running install_lib
creating /home/student20/assessments/week4/install/package_b/lib/python3.12/site-packages/package_b
copying /home/student20/assessments/week4/build/package_b/build/lib/package_b/node_b.py -> /home/student20/assessments/week4/install/package_b/lib/python3.12/site-packages/package_b
copying /home/student20/assessments/week4/build/package_b/build/lib/package_b/__init__.py -> /home/student20/assessments/week4/install/package_b/lib/python3.12/site-packages/package_b
byte-compiling /home/student20/assessments/week4/install/package_b/lib/python3.12/site-packages/package_b/node_b.py to node_b.cpython-312.pyc
byte-compiling /home/student20/assessments/week4/install/package_b/lib/python3.12/site-packages/package_b/__init__.py to __init__.cpython-312.pyc
running install_data
creating /home/student20/assessments/week4/install/package_b/share
creating /home/student20/assessments/week4/install/package_b/share/ament_index
creating /home/student20/assessments/week4/install/package_b/share/ament_index/resource_index
creating /home/student20/assessments/week4/install/package_b/share/ament_index/resource_index/packages
copying resource/package_b -> /home/student20/assessments/week4/install/package_b/share/ament_index/resource_index/packages
creating /home/student20/assessments/week4/install/package_b/share/package_b
copying package.xml -> /home/student20/assessments/week4/install/package_b/share/package_b
running install_egg_info
Copying ../../build/package_b/package_b.egg-info to /home/student20/assessments/week4/install/package_b/lib/python3.12/site-packages/package_b-0.0.0-py3.12.egg-info
running install_scripts
Installing node_b script to /home/student20/assessments/week4/install/package_b/lib/package_b
writing list of installed files to '/home/student20/assessments/week4/build/package_b/install.log'
