[0.137s] DEBUG:colcon:Command line arguments: ['/usr/bin/colcon', 'build', '--packages-select', 'package_b']
[0.137s] DEBUG:colcon:Parsed command line arguments: Namespace(log_base=None, log_level=None, verb_name='build', build_base='build', install_base='install', merge_install=False, symlink_install=False, test_result_base=None, continue_on_error=False, executor='parallel', parallel_workers=12, event_handlers=None, ignore_user_meta=False, metas=['./colcon.meta'], base_paths=['.'], packages_ignore=None, packages_ignore_regex=None, paths=None, packages_up_to=None, packages_up_to_regex=None, packages_above=None, packages_above_and_dependencies=None, packages_above_depth=None, packages_select_by_dep=None, packages_skip_by_dep=None, packages_skip_up_to=None, packages_select_build_failed=False, packages_skip_build_finished=False, packages_select_test_failures=False, packages_skip_test_passed=False, packages_select=['package_b'], packages_skip=None, packages_select_regex=None, packages_skip_regex=None, packages_start=None, packages_end=None, cmake_args=None, cmake_target=None, cmake_target_skip_unavailable=False, cmake_clean_cache=False, cmake_clean_first=False, cmake_force_configure=False, ament_cmake_args=None, catkin_cmake_args=None, catkin_skip_building_tests=False, verb_parser=<colcon_defaults.argument_parser.defaults.DefaultArgumentsDecorator object at 0x7c225aa29010>, verb_extension=<colcon_core.verb.build.BuildVerb object at 0x7c225aa28ef0>, main=<bound method BuildVerb.main of <colcon_core.verb.build.BuildVerb object at 0x7c225aa28ef0>>)
[0.170s] Level 1:colcon.colcon_core.package_discovery:discover_packages(colcon_meta) check parameters
[0.171s] Level 1:colcon.colcon_core.package_discovery:discover_packages(recursive) check parameters
[0.171s] Level 1:colcon.colcon_core.package_discovery:discover_packages(ignore) check parameters
[0.171s] Level 1:colcon.colcon_core.package_discovery:discover_packages(path) check parameters
[0.171s] Level 1:colcon.colcon_core.package_discovery:discover_packages(colcon_meta) discover
[0.171s] Level 1:colcon.colcon_core.package_discovery:discover_packages(recursive) discover
[0.171s] INFO:colcon.colcon_core.package_discovery:Crawling recursively for packages in '/home/student20/assessments/week4'
[0.171s] Level 1:colcon.colcon_core.package_identification:_identify(.) by extensions ['ignore', 'ignore_ament_install']
[0.171s] Level 1:colcon.colcon_core.package_identification:_identify(.) by extension 'ignore'
[0.171s] Level 1:colcon.colcon_core.package_identification:_identify(.) by extension 'ignore_ament_install'
[0.171s] Level 1:colcon.colcon_core.package_identification:_identify(.) by extensions ['colcon_pkg']
[0.171s] Level 1:colcon.colcon_core.package_identification:_identify(.) by extension 'colcon_pkg'
[0.171s] Level 1:colcon.colcon_core.package_identification:_identify(.) by extensions ['colcon_meta']
[0.171s] Level 1:colcon.colcon_core.package_identification:_identify(.) by extension 'colcon_meta'
[0.171s] Level 1:colcon.colcon_core.package_identification:_identify(.) by extensions ['ros']
[0.171s] Level 1:colcon.colcon_core.package_identification:_identify(.) by extension 'ros'
[0.191s] Level 1:colcon.colcon_core.package_identification:_identify(.) by extensions ['cmake', 'python']
[0.191s] Level 1:colcon.colcon_core.package_identification:_identify(.) by extension 'cmake'
[0.191s] Level 1:colcon.colcon_core.package_identification:_identify(.) by extension 'python'
[0.191s] Level 1:colcon.colcon_core.package_identification:_identify(.) by extensions ['python_setup_py']
[0.191s] Level 1:colcon.colcon_core.package_identification:_identify(.) by extension 'python_setup_py'
[0.191s] Level 1:colcon.colcon_core.package_identification:_identify(build) by extensions ['ignore', 'ignore_ament_install']
[0.191s] Level 1:colcon.colcon_core.package_identification:_identify(build) by extension 'ignore'
[0.191s] Level 1:colcon.colcon_core.package_identification:_identify(build) ignored
[0.191s] Level 1:colcon.colcon_core.package_identification:_identify(install) by extensions ['ignore', 'ignore_ament_install']
[0.192s] Level 1:colcon.colcon_core.package_identification:_identify(install) by extension 'ignore'
[0.192s] Level 1:colcon.colcon_core.package_identification:_identify(install) ignored
[0.192s] Level 1:colcon.colcon_core.package_identification:_identify(log) by extensions ['ignore', 'ignore_ament_install']
[0.192s] Level 1:colcon.colcon_core.package_identification:_identify(log) by extension 'ignore'
[0.192s] Level 1:colcon.colcon_core.package_identification:_identify(log) ignored
[0.192s] Level 1:colcon.colcon_core.package_identification:_identify(src) by extensions ['ignore', 'ignore_ament_install']
[0.192s] Level 1:colcon.colcon_core.package_identification:_identify(src) by extension 'ignore'
[0.192s] Level 1:colcon.colcon_core.package_identification:_identify(src) by extension 'ignore_ament_install'
[0.192s] Level 1:colcon.colcon_core.package_identification:_identify(src) by extensions ['colcon_pkg']
[0.192s] Level 1:colcon.colcon_core.package_identification:_identify(src) by extension 'colcon_pkg'
[0.192s] Level 1:colcon.colcon_core.package_identification:_identify(src) by extensions ['colcon_meta']
[0.192s] Level 1:colcon.colcon_core.package_identification:_identify(src) by extension 'colcon_meta'
[0.192s] Level 1:colcon.colcon_core.package_identification:_identify(src) by extensions ['ros']
[0.192s] Level 1:colcon.colcon_core.package_identification:_identify(src) by extension 'ros'
[0.192s] Level 1:colcon.colcon_core.package_identification:_identify(src) by extensions ['cmake', 'python']
[0.192s] Level 1:colcon.colcon_core.package_identification:_identify(src) by extension 'cmake'
[0.192s] Level 1:colcon.colcon_core.package_identification:_identify(src) by extension 'python'
[0.192s] Level 1:colcon.colcon_core.package_identification:_identify(src) by extensions ['python_setup_py']
[0.192s] Level 1:colcon.colcon_core.package_identification:_identify(src) by extension 'python_setup_py'
[0.192s] Level 1:colcon.colcon_core.package_identification:_identify(src/package_a) by extensions ['ignore', 'ignore_ament_install']
[0.192s] Level 1:colcon.colcon_core.package_identification:_identify(src/package_a) by extension 'ignore'
[0.192s] Level 1:colcon.colcon_core.package_identification:_identify(src/package_a) by extension 'ignore_ament_install'
[0.192s] Level 1:colcon.colcon_core.package_identification:_identify(src/package_a) by extensions ['colcon_pkg']
[0.192s] Level 1:colcon.colcon_core.package_identification:_identify(src/package_a) by extension 'colcon_pkg'
[0.192s] Level 1:colcon.colcon_core.package_identification:_identify(src/package_a) by extensions ['colcon_meta']
[0.192s] Level 1:colcon.colcon_core.package_identification:_identify(src/package_a) by extension 'colcon_meta'
[0.192s] Level 1:colcon.colcon_core.package_identification:_identify(src/package_a) by extensions ['ros']
[0.192s] Level 1:colcon.colcon_core.package_identification:_identify(src/package_a) by extension 'ros'
[0.195s] DEBUG:colcon.colcon_core.package_identification:Found ROS schema reference in package manifest in 'src/package_a'
[0.195s] WARNING:colcon.colcon_core.package_identification:Failed to parse ROS package manifest in 'src/package_a': Error(s) in package 'src/package_a/package.xml':
Error(s):
- The generic dependency on 'rclpy' is redundant with: exec_depend
- The generic dependency on 'example_interfaces' is redundant with: exec_depend
[0.195s] Level 1:colcon.colcon_core.package_identification:_identify(src/package_a) by extensions ['cmake', 'python']
[0.195s] Level 1:colcon.colcon_core.package_identification:_identify(src/package_a) by extension 'cmake'
[0.195s] Level 1:colcon.colcon_core.package_identification:_identify(src/package_a) by extension 'python'
[0.195s] DEBUG:colcon.colcon_core.package_identification:Python package in 'src/package_a' passes arguments to the setup() function which requires a different identification extension than 'python'
[0.195s] Level 1:colcon.colcon_core.package_identification:_identify(src/package_a) by extensions ['python_setup_py']
[0.195s] Level 1:colcon.colcon_core.package_identification:_identify(src/package_a) by extension 'python_setup_py'
[0.389s] DEBUG:colcon.colcon_core.package_identification:Package 'src/package_a' with type 'python' and name 'package_a'
[0.389s] Level 1:colcon.colcon_core.package_identification:_identify(src/package_b) by extensions ['ignore', 'ignore_ament_install']
[0.389s] Level 1:colcon.colcon_core.package_identification:_identify(src/package_b) by extension 'ignore'
[0.390s] Level 1:colcon.colcon_core.package_identification:_identify(src/package_b) by extension 'ignore_ament_install'
[0.390s] Level 1:colcon.colcon_core.package_identification:_identify(src/package_b) by extensions ['colcon_pkg']
[0.390s] Level 1:colcon.colcon_core.package_identification:_identify(src/package_b) by extension 'colcon_pkg'
[0.390s] Level 1:colcon.colcon_core.package_identification:_identify(src/package_b) by extensions ['colcon_meta']
[0.390s] Level 1:colcon.colcon_core.package_identification:_identify(src/package_b) by extension 'colcon_meta'
[0.390s] Level 1:colcon.colcon_core.package_identification:_identify(src/package_b) by extensions ['ros']
[0.390s] Level 1:colcon.colcon_core.package_identification:_identify(src/package_b) by extension 'ros'
[0.390s] DEBUG:colcon.colcon_core.package_identification:Found ROS schema reference in package manifest in 'src/package_b'
[0.390s] WARNING:colcon.colcon_core.package_identification:Failed to parse ROS package manifest in 'src/package_b': Error(s) in package 'src/package_b/package.xml':
Error(s):
- The generic dependency on 'rclpy' is redundant with: exec_depend
- The generic dependency on 'example_interfaces' is redundant with: exec_depend
[0.390s] Level 1:colcon.colcon_core.package_identification:_identify(src/package_b) by extensions ['cmake', 'python']
[0.390s] Level 1:colcon.colcon_core.package_identification:_identify(src/package_b) by extension 'cmake'
[0.390s] Level 1:colcon.colcon_core.package_identification:_identify(src/package_b) by extension 'python'
[0.391s] DEBUG:colcon.colcon_core.package_identification:Python package in 'src/package_b' passes arguments to the setup() function which requires a different identification extension than 'python'
[0.391s] Level 1:colcon.colcon_core.package_identification:_identify(src/package_b) by extensions ['python_setup_py']
[0.391s] Level 1:colcon.colcon_core.package_identification:_identify(src/package_b) by extension 'python_setup_py'
[0.547s] DEBUG:colcon.colcon_core.package_identification:Package 'src/package_b' with type 'python' and name 'package_b'
[0.548s] Level 1:colcon.colcon_core.package_discovery:discover_packages(recursive) using defaults
[0.548s] Level 1:colcon.colcon_core.package_discovery:discover_packages(ignore) discover
[0.548s] Level 1:colcon.colcon_core.package_discovery:discover_packages(ignore) using defaults
[0.548s] Level 1:colcon.colcon_core.package_discovery:discover_packages(path) discover
[0.548s] Level 1:colcon.colcon_core.package_discovery:discover_packages(path) using defaults
[0.562s] INFO:colcon.colcon_core.package_selection:Skipping not selected package 'package_a' in 'src/package_a'
[0.562s] Level 5:colcon.colcon_core.verb:set package 'package_b' build argument 'cmake_args' from command line to 'None'
[0.562s] Level 5:colcon.colcon_core.verb:set package 'package_b' build argument 'cmake_target' from command line to 'None'
[0.562s] Level 5:colcon.colcon_core.verb:set package 'package_b' build argument 'cmake_target_skip_unavailable' from command line to 'False'
[0.562s] Level 5:colcon.colcon_core.verb:set package 'package_b' build argument 'cmake_clean_cache' from command line to 'False'
[0.562s] Level 5:colcon.colcon_core.verb:set package 'package_b' build argument 'cmake_clean_first' from command line to 'False'
[0.562s] Level 5:colcon.colcon_core.verb:set package 'package_b' build argument 'cmake_force_configure' from command line to 'False'
[0.562s] Level 5:colcon.colcon_core.verb:set package 'package_b' build argument 'ament_cmake_args' from command line to 'None'
[0.562s] Level 5:colcon.colcon_core.verb:set package 'package_b' build argument 'catkin_cmake_args' from command line to 'None'
[0.562s] Level 5:colcon.colcon_core.verb:set package 'package_b' build argument 'catkin_skip_building_tests' from command line to 'False'
[0.562s] DEBUG:colcon.colcon_core.verb:Building package 'package_b' with the following arguments: {'ament_cmake_args': None, 'build_base': '/home/student20/assessments/week4/build/package_b', 'catkin_cmake_args': None, 'catkin_skip_building_tests': False, 'cmake_args': None, 'cmake_clean_cache': False, 'cmake_clean_first': False, 'cmake_force_configure': False, 'cmake_target': None, 'cmake_target_skip_unavailable': False, 'install_base': '/home/student20/assessments/week4/install/package_b', 'merge_install': False, 'path': '/home/student20/assessments/week4/src/package_b', 'symlink_install': False, 'test_result_base': None}
[0.562s] INFO:colcon.colcon_core.executor:Executing jobs using 'parallel' executor
[0.563s] DEBUG:colcon.colcon_parallel_executor.executor.parallel:run_until_complete
[0.563s] INFO:colcon.colcon_core.task.python.build:Building Python package in '/home/student20/assessments/week4/src/package_b'
[0.565s] INFO:colcon.colcon_core.plugin_system:Skipping extension 'colcon_core.shell.bat': Not used on non-Windows systems
[0.565s] DEBUG:colcon.colcon_core.shell:Skip shell extension 'dsv' for command environment
[1.140s] DEBUG:colcon.colcon_core.event_handler.log_command:Invoking command in '/home/student20/assessments/week4/src/package_b': DEBUGINFOD_URLS=https://debuginfod.ubuntu.com PYTHONPATH=/home/student20/assessments/week4/build/package_b/prefix_override:/usr/lib/python3/dist-packages/colcon_core/task/python/colcon_distutils_commands:/home/student20/assessments/week4/install/package_b/lib/python3.12/site-packages:${PYTHONPATH} /usr/bin/python3 -W ignore:setup.py install is deprecated -W ignore:easy_install command is deprecated setup.py egg_info --egg-base ../../build/package_b build --build-base /home/student20/assessments/week4/build/package_b/build install --record /home/student20/assessments/week4/build/package_b/install.log --single-version-externally-managed install_data
[1.561s] DEBUG:colcon.colcon_core.event_handler.log_command:Invoked command in '/home/student20/assessments/week4/src/package_b' returned '0': DEBUGINFOD_URLS=https://debuginfod.ubuntu.com PYTHONPATH=/home/student20/assessments/week4/build/package_b/prefix_override:/usr/lib/python3/dist-packages/colcon_core/task/python/colcon_distutils_commands:/home/student20/assessments/week4/install/package_b/lib/python3.12/site-packages:${PYTHONPATH} /usr/bin/python3 -W ignore:setup.py install is deprecated -W ignore:easy_install command is deprecated setup.py egg_info --egg-base ../../build/package_b build --build-base /home/student20/assessments/week4/build/package_b/build install --record /home/student20/assessments/week4/build/package_b/install.log --single-version-externally-managed install_data
[1.563s] Level 1:colcon.colcon_core.environment:checking '/home/student20/assessments/week4/install/package_b' for CMake module files
[1.564s] Level 1:colcon.colcon_core.environment:checking '/home/student20/assessments/week4/install/package_b' for CMake config files
[1.564s] Level 1:colcon.colcon_core.environment:checking '/home/student20/assessments/week4/install/package_b/lib'
[1.564s] Level 1:colcon.colcon_core.environment:checking '/home/student20/assessments/week4/install/package_b/bin'
[1.564s] Level 1:colcon.colcon_core.environment:checking '/home/student20/assessments/week4/install/package_b/lib/pkgconfig/package_b.pc'
[1.565s] Level 1:colcon.colcon_core.environment:checking '/home/student20/assessments/week4/install/package_b/lib/python3.12/site-packages'
[1.565s] Level 1:colcon.colcon_core.shell:create_environment_hook('package_b', 'pythonpath')
[1.565s] INFO:colcon.colcon_core.shell:Creating environment descriptor '/home/student20/assessments/week4/install/package_b/share/package_b/hook/pythonpath.dsv'
[1.566s] INFO:colcon.colcon_core.shell:Creating environment hook '/home/student20/assessments/week4/install/package_b/share/package_b/hook/pythonpath.sh'
[1.567s] Level 1:colcon.colcon_core.environment:checking '/home/student20/assessments/week4/install/package_b/bin'
[1.567s] Level 1:colcon.colcon_core.environment:create_environment_scripts_only(package_b)
[1.568s] INFO:colcon.colcon_core.shell:Creating package descriptor '/home/student20/assessments/week4/install/package_b/share/package_b/package.dsv'
[1.569s] INFO:colcon.colcon_core.shell:Creating package script '/home/student20/assessments/week4/install/package_b/share/package_b/package.sh'
[1.570s] INFO:colcon.colcon_core.shell:Creating package script '/home/student20/assessments/week4/install/package_b/share/package_b/package.bash'
[1.572s] INFO:colcon.colcon_core.shell:Creating package script '/home/student20/assessments/week4/install/package_b/share/package_b/package.zsh'
[1.573s] Level 1:colcon.colcon_core.environment:create_file_with_runtime_dependencies(/home/student20/assessments/week4/install/package_b/share/colcon-core/packages/package_b)
[1.573s] DEBUG:colcon.colcon_parallel_executor.executor.parallel:closing loop
[1.574s] DEBUG:colcon.colcon_parallel_executor.executor.parallel:loop closed
[1.574s] DEBUG:colcon.colcon_parallel_executor.executor.parallel:run_until_complete finished with '0'
[1.574s] DEBUG:colcon.colcon_core.event_reactor:joining thread
[1.585s] INFO:colcon.colcon_core.plugin_system:Skipping extension 'colcon_notification.desktop_notification.terminal_notifier': Not used on non-Darwin systems
[1.585s] INFO:colcon.colcon_core.plugin_system:Skipping extension 'colcon_notification.desktop_notification.win32': Not used on non-Windows systems
[1.586s] INFO:colcon.colcon_notification.desktop_notification:Sending desktop notification using 'notify2'
[1.611s] DEBUG:colcon.colcon_core.event_reactor:joined thread
[1.611s] INFO:colcon.colcon_core.shell:Creating prefix script '/home/student20/assessments/week4/install/local_setup.sh'
[1.613s] INFO:colcon.colcon_core.shell:Creating prefix util module '/home/student20/assessments/week4/install/_local_setup_util_sh.py'
[1.615s] INFO:colcon.colcon_core.shell:Creating prefix chain script '/home/student20/assessments/week4/install/setup.sh'
[1.617s] INFO:colcon.colcon_core.shell:Creating prefix script '/home/student20/assessments/week4/install/local_setup.bash'
[1.619s] INFO:colcon.colcon_core.shell:Creating prefix chain script '/home/student20/assessments/week4/install/setup.bash'
[1.625s] INFO:colcon.colcon_core.shell:Creating prefix script '/home/student20/assessments/week4/install/local_setup.zsh'
[1.626s] INFO:colcon.colcon_core.shell:Creating prefix chain script '/home/student20/assessments/week4/install/setup.zsh'
