[0.026s] Invoking command in '/home/student20/assessments/week3/build/custom_message_package': CMAKE_PREFIX_PATH=${CMAKE_PREFIX_PATH}:/opt/ros/jazzy DEBUGINFOD_URLS=https://debuginfod.ubuntu.com /usr/bin/cmake /home/student20/assessments/week3/src/custom_message_package -DCMAKE_INSTALL_PREFIX=/home/student20/assessments/week3/install/custom_message_package
[0.056s] -- Found ament_cmake: 2.5.4 (/opt/ros/jazzy/share/ament_cmake/cmake)
[0.580s] -- Found rosidl_cmake: 4.6.6 (/opt/ros/jazzy/share/rosidl_cmake/cmake)
[0.580s] -- Found rosidl_adapter: 4.6.6 (/opt/ros/jazzy/share/rosidl_adapter/cmake)
[0.799s] CMake Error at /opt/ros/jazzy/share/rosidl_adapter/cmake/rosidl_adapt_interfaces.cmake:57 (message):
[0.799s]   execute_process(/usr/local/bin/python3.10 -m rosidl_adapter --package-name
[0.799s]   custom_message_package --arguments-file
[0.800s]   /home/student20/assessments/week3/build/custom_message_package/rosidl_adapter__arguments__custom_message_package.json
[0.800s]   --output-dir
[0.800s]   /home/student20/assessments/week3/build/custom_message_package/rosidl_adapter/custom_message_package
[0.800s]   --output-file
[0.800s]   /home/student20/assessments/week3/build/custom_message_package/rosidl_adapter/custom_message_package.idls)
[0.800s]   returned error code 1:
[0.801s] 
[0.801s]   Traceback (most recent call last):
[0.801s] 
[0.801s]     File "/usr/local/lib/python3.10/runpy.py", line 196, in _run_module_as_main
[0.801s]       return _run_code(code, main_globals, None,
[0.801s]     File "/usr/local/lib/python3.10/runpy.py", line 86, in _run_code
[0.802s]       exec(code, run_globals)
[0.802s]     File "/opt/ros/jazzy/lib/python3.12/site-packages/rosidl_adapter/__main__.py", line 19, in <module>
[0.802s]       sys.exit(main())
[0.802s]     File "/opt/ros/jazzy/lib/python3.12/site-packages/rosidl_adapter/main.py", line 53, in main
[0.802s]       abs_idl_file = convert_to_idl(
[0.802s]     File "/opt/ros/jazzy/lib/python3.12/site-packages/rosidl_adapter/__init__.py", line 18, in convert_to_idl
[0.803s]       from rosidl_adapter.msg import convert_msg_to_idl
[0.803s]     File "/opt/ros/jazzy/lib/python3.12/site-packages/rosidl_adapter/msg/__init__.py", line 16, in <module>
[0.803s]       from rosidl_adapter.resource import expand_template
[0.803s]     File "/opt/ros/jazzy/lib/python3.12/site-packages/rosidl_adapter/resource/__init__.py", line 19, in <module>
[0.803s]       import em
[0.804s] 
[0.804s]   ModuleNotFoundError: No module named 'em'
[0.804s] 
[0.804s] Call Stack (most recent call first):
[0.804s]   /opt/ros/jazzy/share/rosidl_cmake/cmake/rosidl_generate_interfaces.cmake:132 (rosidl_adapt_interfaces)
[0.804s]   CMakeLists.txt:11 (rosidl_generate_interfaces)
[0.805s] 
[0.805s] 
[0.805s] -- Configuring incomplete, errors occurred!
[0.808s] Invoked command in '/home/student20/assessments/week3/build/custom_message_package' returned '1': CMAKE_PREFIX_PATH=${CMAKE_PREFIX_PATH}:/opt/ros/jazzy DEBUGINFOD_URLS=https://debuginfod.ubuntu.com /usr/bin/cmake /home/student20/assessments/week3/src/custom_message_package -DCMAKE_INSTALL_PREFIX=/home/student20/assessments/week3/install/custom_message_package
