[0.388s] DEBUG:colcon:Command line arguments: ['/usr/bin/colcon', 'build']
[0.388s] DEBUG:colcon:Parsed command line arguments: Namespace(log_base=None, log_level=None, verb_name='build', build_base='build', install_base='install', merge_install=False, symlink_install=False, test_result_base=None, continue_on_error=False, executor='parallel', parallel_workers=12, event_handlers=None, ignore_user_meta=False, metas=['./colcon.meta'], base_paths=['.'], packages_ignore=None, packages_ignore_regex=None, paths=None, packages_up_to=None, packages_up_to_regex=None, packages_above=None, packages_above_and_dependencies=None, packages_above_depth=None, packages_select_by_dep=None, packages_skip_by_dep=None, packages_skip_up_to=None, packages_select_build_failed=False, packages_skip_build_finished=False, packages_select_test_failures=False, packages_skip_test_passed=False, packages_select=None, packages_skip=None, packages_select_regex=None, packages_skip_regex=None, packages_start=None, packages_end=None, cmake_args=None, cmake_target=None, cmake_target_skip_unavailable=False, cmake_clean_cache=False, cmake_clean_first=False, cmake_force_configure=False, ament_cmake_args=None, catkin_cmake_args=None, catkin_skip_building_tests=False, verb_parser=<colcon_defaults.argument_parser.defaults.DefaultArgumentsDecorator object at 0x7cc8f7a2a360>, verb_extension=<colcon_core.verb.build.BuildVerb object at 0x7cc8f7a29eb0>, main=<bound method BuildVerb.main of <colcon_core.verb.build.BuildVerb object at 0x7cc8f7a29eb0>>)
[0.538s] Level 1:colcon.colcon_core.package_discovery:discover_packages(colcon_meta) check parameters
[0.538s] Level 1:colcon.colcon_core.package_discovery:discover_packages(recursive) check parameters
[0.538s] Level 1:colcon.colcon_core.package_discovery:discover_packages(ignore) check parameters
[0.538s] Level 1:colcon.colcon_core.package_discovery:discover_packages(path) check parameters
[0.538s] Level 1:colcon.colcon_core.package_discovery:discover_packages(colcon_meta) discover
[0.539s] Level 1:colcon.colcon_core.package_discovery:discover_packages(recursive) discover
[0.539s] INFO:colcon.colcon_core.package_discovery:Crawling recursively for packages in '/home/student20/assessments/week10'
[0.539s] Level 1:colcon.colcon_core.package_identification:_identify(.) by extensions ['ignore', 'ignore_ament_install']
[0.539s] Level 1:colcon.colcon_core.package_identification:_identify(.) by extension 'ignore'
[0.539s] Level 1:colcon.colcon_core.package_identification:_identify(.) by extension 'ignore_ament_install'
[0.540s] Level 1:colcon.colcon_core.package_identification:_identify(.) by extensions ['colcon_pkg']
[0.540s] Level 1:colcon.colcon_core.package_identification:_identify(.) by extension 'colcon_pkg'
[0.540s] Level 1:colcon.colcon_core.package_identification:_identify(.) by extensions ['colcon_meta']
[0.540s] Level 1:colcon.colcon_core.package_identification:_identify(.) by extension 'colcon_meta'
[0.540s] Level 1:colcon.colcon_core.package_identification:_identify(.) by extensions ['ros']
[0.540s] Level 1:colcon.colcon_core.package_identification:_identify(.) by extension 'ros'
[0.639s] Level 1:colcon.colcon_core.package_identification:_identify(.) by extensions ['cmake', 'python']
[0.639s] Level 1:colcon.colcon_core.package_identification:_identify(.) by extension 'cmake'
[0.640s] Level 1:colcon.colcon_core.package_identification:_identify(.) by extension 'python'
[0.640s] Level 1:colcon.colcon_core.package_identification:_identify(.) by extensions ['python_setup_py']
[0.640s] Level 1:colcon.colcon_core.package_identification:_identify(.) by extension 'python_setup_py'
[0.640s] Level 1:colcon.colcon_core.package_identification:_identify(build) by extensions ['ignore', 'ignore_ament_install']
[0.641s] Level 1:colcon.colcon_core.package_identification:_identify(build) by extension 'ignore'
[0.641s] Level 1:colcon.colcon_core.package_identification:_identify(build) ignored
[0.642s] Level 1:colcon.colcon_core.package_identification:_identify(install) by extensions ['ignore', 'ignore_ament_install']
[0.642s] Level 1:colcon.colcon_core.package_identification:_identify(install) by extension 'ignore'
[0.642s] Level 1:colcon.colcon_core.package_identification:_identify(install) ignored
[0.642s] Level 1:colcon.colcon_core.package_identification:_identify(log) by extensions ['ignore', 'ignore_ament_install']
[0.643s] Level 1:colcon.colcon_core.package_identification:_identify(log) by extension 'ignore'
[0.643s] Level 1:colcon.colcon_core.package_identification:_identify(log) ignored
[0.643s] Level 1:colcon.colcon_core.package_identification:_identify(src) by extensions ['ignore', 'ignore_ament_install']
[0.644s] Level 1:colcon.colcon_core.package_identification:_identify(src) by extension 'ignore'
[0.644s] Level 1:colcon.colcon_core.package_identification:_identify(src) by extension 'ignore_ament_install'
[0.644s] Level 1:colcon.colcon_core.package_identification:_identify(src) by extensions ['colcon_pkg']
[0.644s] Level 1:colcon.colcon_core.package_identification:_identify(src) by extension 'colcon_pkg'
[0.644s] Level 1:colcon.colcon_core.package_identification:_identify(src) by extensions ['colcon_meta']
[0.644s] Level 1:colcon.colcon_core.package_identification:_identify(src) by extension 'colcon_meta'
[0.645s] Level 1:colcon.colcon_core.package_identification:_identify(src) by extensions ['ros']
[0.645s] Level 1:colcon.colcon_core.package_identification:_identify(src) by extension 'ros'
[0.645s] Level 1:colcon.colcon_core.package_identification:_identify(src) by extensions ['cmake', 'python']
[0.645s] Level 1:colcon.colcon_core.package_identification:_identify(src) by extension 'cmake'
[0.645s] Level 1:colcon.colcon_core.package_identification:_identify(src) by extension 'python'
[0.646s] Level 1:colcon.colcon_core.package_identification:_identify(src) by extensions ['python_setup_py']
[0.646s] Level 1:colcon.colcon_core.package_identification:_identify(src) by extension 'python_setup_py'
[0.646s] Level 1:colcon.colcon_core.package_identification:_identify(src/jurassic_park) by extensions ['ignore', 'ignore_ament_install']
[0.646s] Level 1:colcon.colcon_core.package_identification:_identify(src/jurassic_park) by extension 'ignore'
[0.647s] Level 1:colcon.colcon_core.package_identification:_identify(src/jurassic_park) by extension 'ignore_ament_install'
[0.647s] Level 1:colcon.colcon_core.package_identification:_identify(src/jurassic_park) by extensions ['colcon_pkg']
[0.647s] Level 1:colcon.colcon_core.package_identification:_identify(src/jurassic_park) by extension 'colcon_pkg'
[0.647s] Level 1:colcon.colcon_core.package_identification:_identify(src/jurassic_park) by extensions ['colcon_meta']
[0.647s] Level 1:colcon.colcon_core.package_identification:_identify(src/jurassic_park) by extension 'colcon_meta'
[0.647s] Level 1:colcon.colcon_core.package_identification:_identify(src/jurassic_park) by extensions ['ros']
[0.647s] Level 1:colcon.colcon_core.package_identification:_identify(src/jurassic_park) by extension 'ros'
[0.662s] DEBUG:colcon.colcon_core.package_identification:Package 'src/jurassic_park' with type 'ros.ament_python' and name 'jurassic_park'
[0.662s] Level 1:colcon.colcon_core.package_discovery:discover_packages(recursive) using defaults
[0.662s] Level 1:colcon.colcon_core.package_discovery:discover_packages(ignore) discover
[0.662s] Level 1:colcon.colcon_core.package_discovery:discover_packages(ignore) using defaults
[0.662s] Level 1:colcon.colcon_core.package_discovery:discover_packages(path) discover
[0.663s] Level 1:colcon.colcon_core.package_discovery:discover_packages(path) using defaults
[0.734s] Level 5:colcon.colcon_core.verb:set package 'jurassic_park' build argument 'cmake_args' from command line to 'None'
[0.734s] Level 5:colcon.colcon_core.verb:set package 'jurassic_park' build argument 'cmake_target' from command line to 'None'
[0.735s] Level 5:colcon.colcon_core.verb:set package 'jurassic_park' build argument 'cmake_target_skip_unavailable' from command line to 'False'
[0.735s] Level 5:colcon.colcon_core.verb:set package 'jurassic_park' build argument 'cmake_clean_cache' from command line to 'False'
[0.735s] Level 5:colcon.colcon_core.verb:set package 'jurassic_park' build argument 'cmake_clean_first' from command line to 'False'
[0.735s] Level 5:colcon.colcon_core.verb:set package 'jurassic_park' build argument 'cmake_force_configure' from command line to 'False'
[0.735s] Level 5:colcon.colcon_core.verb:set package 'jurassic_park' build argument 'ament_cmake_args' from command line to 'None'
[0.735s] Level 5:colcon.colcon_core.verb:set package 'jurassic_park' build argument 'catkin_cmake_args' from command line to 'None'
[0.735s] Level 5:colcon.colcon_core.verb:set package 'jurassic_park' build argument 'catkin_skip_building_tests' from command line to 'False'
[0.735s] DEBUG:colcon.colcon_core.verb:Building package 'jurassic_park' with the following arguments: {'ament_cmake_args': None, 'build_base': '/home/student20/assessments/week10/build/jurassic_park', 'catkin_cmake_args': None, 'catkin_skip_building_tests': False, 'cmake_args': None, 'cmake_clean_cache': False, 'cmake_clean_first': False, 'cmake_force_configure': False, 'cmake_target': None, 'cmake_target_skip_unavailable': False, 'install_base': '/home/student20/assessments/week10/install/jurassic_park', 'merge_install': False, 'path': '/home/student20/assessments/week10/src/jurassic_park', 'symlink_install': False, 'test_result_base': None}
[0.736s] INFO:colcon.colcon_core.executor:Executing jobs using 'parallel' executor
[0.739s] DEBUG:colcon.colcon_parallel_executor.executor.parallel:run_until_complete
[0.740s] INFO:colcon.colcon_ros.task.ament_python.build:Building ROS package in '/home/student20/assessments/week10/src/jurassic_park' with build type 'ament_python'
[0.741s] Level 1:colcon.colcon_core.shell:create_environment_hook('jurassic_park', 'ament_prefix_path')
[0.749s] INFO:colcon.colcon_core.plugin_system:Skipping extension 'colcon_core.shell.bat': Not used on non-Windows systems
[0.750s] INFO:colcon.colcon_core.shell:Creating environment descriptor '/home/student20/assessments/week10/install/jurassic_park/share/jurassic_park/hook/ament_prefix_path.dsv'
[0.752s] INFO:colcon.colcon_core.shell:Creating environment hook '/home/student20/assessments/week10/install/jurassic_park/share/jurassic_park/hook/ament_prefix_path.sh'
[0.755s] DEBUG:colcon.colcon_core.shell:Skip shell extension 'dsv' for command environment
[1.677s] INFO:colcon.colcon_core.task.python.build:Building Python package in '/home/student20/assessments/week10/src/jurassic_park'
[1.678s] DEBUG:colcon.colcon_core.shell:Skip shell extension 'dsv' for command environment
[4.098s] DEBUG:colcon.colcon_core.event_handler.log_command:Invoking command in '/home/student20/assessments/week10/src/jurassic_park': DEBUGINFOD_URLS=https://debuginfod.ubuntu.com PYTHONPATH=/home/student20/assessments/week10/build/jurassic_park/prefix_override:/usr/lib/python3/dist-packages/colcon_core/task/python/colcon_distutils_commands:/home/student20/assessments/week10/install/jurassic_park/lib/python3.12/site-packages:${PYTHONPATH} /usr/bin/python3 -W ignore:setup.py install is deprecated -W ignore:easy_install command is deprecated setup.py egg_info --egg-base ../../build/jurassic_park build --build-base /home/student20/assessments/week10/build/jurassic_park/build install --record /home/student20/assessments/week10/build/jurassic_park/install.log --single-version-externally-managed install_data
[6.413s] DEBUG:colcon.colcon_core.event_handler.log_command:Invoked command in '/home/student20/assessments/week10/src/jurassic_park' returned '0': DEBUGINFOD_URLS=https://debuginfod.ubuntu.com PYTHONPATH=/home/student20/assessments/week10/build/jurassic_park/prefix_override:/usr/lib/python3/dist-packages/colcon_core/task/python/colcon_distutils_commands:/home/student20/assessments/week10/install/jurassic_park/lib/python3.12/site-packages:${PYTHONPATH} /usr/bin/python3 -W ignore:setup.py install is deprecated -W ignore:easy_install command is deprecated setup.py egg_info --egg-base ../../build/jurassic_park build --build-base /home/student20/assessments/week10/build/jurassic_park/build install --record /home/student20/assessments/week10/build/jurassic_park/install.log --single-version-externally-managed install_data
[6.424s] Level 1:colcon.colcon_core.environment:checking '/home/student20/assessments/week10/install/jurassic_park' for CMake module files
[6.426s] Level 1:colcon.colcon_core.environment:checking '/home/student20/assessments/week10/install/jurassic_park' for CMake config files
[6.429s] Level 1:colcon.colcon_core.environment:checking '/home/student20/assessments/week10/install/jurassic_park/lib'
[6.430s] Level 1:colcon.colcon_core.environment:checking '/home/student20/assessments/week10/install/jurassic_park/bin'
[6.430s] Level 1:colcon.colcon_core.environment:checking '/home/student20/assessments/week10/install/jurassic_park/lib/pkgconfig/jurassic_park.pc'
[6.431s] Level 1:colcon.colcon_core.environment:checking '/home/student20/assessments/week10/install/jurassic_park/lib/python3.12/site-packages'
[6.432s] Level 1:colcon.colcon_core.shell:create_environment_hook('jurassic_park', 'pythonpath')
[6.432s] INFO:colcon.colcon_core.shell:Creating environment descriptor '/home/student20/assessments/week10/install/jurassic_park/share/jurassic_park/hook/pythonpath.dsv'
[6.434s] INFO:colcon.colcon_core.shell:Creating environment hook '/home/student20/assessments/week10/install/jurassic_park/share/jurassic_park/hook/pythonpath.sh'
[6.437s] Level 1:colcon.colcon_core.environment:checking '/home/student20/assessments/week10/install/jurassic_park/bin'
[6.438s] Level 1:colcon.colcon_core.environment:create_environment_scripts_only(jurassic_park)
[6.438s] INFO:colcon.colcon_core.shell:Creating package descriptor '/home/student20/assessments/week10/install/jurassic_park/share/jurassic_park/package.dsv'
[6.441s] INFO:colcon.colcon_core.shell:Creating package script '/home/student20/assessments/week10/install/jurassic_park/share/jurassic_park/package.sh'
[6.443s] INFO:colcon.colcon_core.shell:Creating package script '/home/student20/assessments/week10/install/jurassic_park/share/jurassic_park/package.bash'
[6.446s] INFO:colcon.colcon_core.shell:Creating package script '/home/student20/assessments/week10/install/jurassic_park/share/jurassic_park/package.zsh'
[6.448s] Level 1:colcon.colcon_core.environment:create_file_with_runtime_dependencies(/home/student20/assessments/week10/install/jurassic_park/share/colcon-core/packages/jurassic_park)
[6.449s] DEBUG:colcon.colcon_parallel_executor.executor.parallel:closing loop
[6.451s] DEBUG:colcon.colcon_parallel_executor.executor.parallel:loop closed
[6.452s] DEBUG:colcon.colcon_parallel_executor.executor.parallel:run_until_complete finished with '0'
[6.453s] DEBUG:colcon.colcon_core.event_reactor:joining thread
[6.475s] INFO:colcon.colcon_core.plugin_system:Skipping extension 'colcon_notification.desktop_notification.terminal_notifier': Not used on non-Darwin systems
[6.475s] INFO:colcon.colcon_core.plugin_system:Skipping extension 'colcon_notification.desktop_notification.win32': Not used on non-Windows systems
[6.476s] INFO:colcon.colcon_notification.desktop_notification:Sending desktop notification using 'notify2'
[6.536s] DEBUG:colcon.colcon_core.event_reactor:joined thread
[6.537s] INFO:colcon.colcon_core.shell:Creating prefix script '/home/student20/assessments/week10/install/local_setup.sh'
[6.539s] INFO:colcon.colcon_core.shell:Creating prefix util module '/home/student20/assessments/week10/install/_local_setup_util_sh.py'
[6.543s] INFO:colcon.colcon_core.shell:Creating prefix chain script '/home/student20/assessments/week10/install/setup.sh'
[6.548s] INFO:colcon.colcon_core.shell:Creating prefix script '/home/student20/assessments/week10/install/local_setup.bash'
[6.551s] INFO:colcon.colcon_core.shell:Creating prefix chain script '/home/student20/assessments/week10/install/setup.bash'
[6.554s] INFO:colcon.colcon_core.shell:Creating prefix script '/home/student20/assessments/week10/install/local_setup.zsh'
[6.556s] INFO:colcon.colcon_core.shell:Creating prefix chain script '/home/student20/assessments/week10/install/setup.zsh'
