running egg_info
writing ../../build/package_a/package_a.egg-info/PKG-INFO
writing dependency_links to ../../build/package_a/package_a.egg-info/dependency_links.txt
writing requirements to ../../build/package_a/package_a.egg-info/requires.txt
writing top-level names to ../../build/package_a/package_a.egg-info/top_level.txt
reading manifest file '../../build/package_a/package_a.egg-info/SOURCES.txt'
writing manifest file '../../build/package_a/package_a.egg-info/SOURCES.txt'
running build
running build_py
copying package_a/node_a.py -> /home/student20/assessments/week5/build/package_a/build/lib/package_a
running install
running install_lib
copying /home/student20/assessments/week5/build/package_a/build/lib/package_a/node_a.py -> /home/student20/assessments/week5/install/package_a/lib/python3.12/site-packages/package_a
byte-compiling /home/student20/assessments/week5/install/package_a/lib/python3.12/site-packages/package_a/node_a.py to node_a.cpython-312.pyc
running install_data
running install_egg_info
removing '/home/student20/assessments/week5/install/package_a/lib/python3.12/site-packages/package_a-0.0.0-py3.12.egg-info' (and everything under it)
Copying ../../build/package_a/package_a.egg-info to /home/student20/assessments/week5/install/package_a/lib/python3.12/site-packages/package_a-0.0.0-py3.12.egg-info
running install_scripts
writing list of installed files to '/home/student20/assessments/week5/build/package_a/install.log'
