[0.044s] Invoking command in '/home/student20/assessments/week3/build/custom_message_package': CMAKE_PREFIX_PATH=${CMAKE_PREFIX_PATH}:/opt/ros/jazzy DEBUGINFOD_URLS=https://debuginfod.ubuntu.com /usr/bin/cmake /home/student20/assessments/week3/src/custom_message_package -DCMAKE_INSTALL_PREFIX=/home/student20/assessments/week3/install/custom_message_package
[0.332s] -- The C compiler identification is GNU 13.3.0
[0.551s] -- The CXX compiler identification is GNU 13.3.0
[0.597s] -- Detecting C compiler ABI info
[0.810s] -- Detecting C compiler ABI info - done
[0.840s] -- Check for working C compiler: /usr/bin/cc - skipped
[0.840s] -- Detecting C compile features
[0.841s] -- Detecting C compile features - done
[0.861s] -- Detecting CXX compiler ABI info
[1.101s] -- Detecting CXX compiler ABI info - done
[1.122s] -- Check for working CXX compiler: /usr/bin/c++ - skipped
[1.122s] -- Detecting CXX compile features
[1.123s] -- Detecting CXX compile features - done
[1.127s] -- Found ament_cmake: 2.5.4 (/opt/ros/jazzy/share/ament_cmake/cmake)
[1.396s] -- Found Python3: /usr/local/bin/python3.10 (found version "3.10.11") found components: Interpreter 
[1.696s] -- Found rosidl_cmake: 4.6.6 (/opt/ros/jazzy/share/rosidl_cmake/cmake)
[1.701s] -- Found rosidl_adapter: 4.6.6 (/opt/ros/jazzy/share/rosidl_adapter/cmake)
[2.008s] [31mCMake Error at /opt/ros/jazzy/share/rosidl_adapter/cmake/rosidl_adapt_interfaces.cmake:57 (message):
[2.008s]   execute_process(/usr/local/bin/python3.10 -m rosidl_adapter --package-name
[2.008s]   custom_message_package --arguments-file
[2.008s]   /home/student20/assessments/week3/build/custom_message_package/rosidl_adapter__arguments__custom_message_package.json
[2.008s]   --output-dir
[2.008s]   /home/student20/assessments/week3/build/custom_message_package/rosidl_adapter/custom_message_package
[2.009s]   --output-file
[2.009s]   /home/student20/assessments/week3/build/custom_message_package/rosidl_adapter/custom_message_package.idls)
[2.009s]   returned error code 1:
[2.009s] 
[2.009s]   Traceback (most recent call last):
[2.009s] 
[2.009s]     File "/usr/local/lib/python3.10/runpy.py", line 196, in _run_module_as_main
[2.009s]       return _run_code(code, main_globals, None,
[2.009s]     File "/usr/local/lib/python3.10/runpy.py", line 86, in _run_code
[2.009s]       exec(code, run_globals)
[2.009s]     File "/opt/ros/jazzy/lib/python3.12/site-packages/rosidl_adapter/__main__.py", line 19, in <module>
[2.009s]       sys.exit(main())
[2.010s]     File "/opt/ros/jazzy/lib/python3.12/site-packages/rosidl_adapter/main.py", line 53, in main
[2.010s]       abs_idl_file = convert_to_idl(
[2.010s]     File "/opt/ros/jazzy/lib/python3.12/site-packages/rosidl_adapter/__init__.py", line 18, in convert_to_idl
[2.010s]       from rosidl_adapter.msg import convert_msg_to_idl
[2.010s]     File "/opt/ros/jazzy/lib/python3.12/site-packages/rosidl_adapter/msg/__init__.py", line 16, in <module>
[2.010s]       from rosidl_adapter.resource import expand_template
[2.010s]     File "/opt/ros/jazzy/lib/python3.12/site-packages/rosidl_adapter/resource/__init__.py", line 19, in <module>
[2.010s]       import em
[2.010s] 
[2.010s]   ModuleNotFoundError: No module named 'em'
[2.010s] 
[2.010s] Call Stack (most recent call first):
[2.011s]   /opt/ros/jazzy/share/rosidl_cmake/cmake/rosidl_generate_interfaces.cmake:132 (rosidl_adapt_interfaces)
[2.011s]   CMakeLists.txt:11 (rosidl_generate_interfaces)
[2.011s] 
[2.011s] [0m
[2.011s] -- Configuring incomplete, errors occurred!
[2.020s] Invoked command in '/home/student20/assessments/week3/build/custom_message_package' returned '1': CMAKE_PREFIX_PATH=${CMAKE_PREFIX_PATH}:/opt/ros/jazzy DEBUGINFOD_URLS=https://debuginfod.ubuntu.com /usr/bin/cmake /home/student20/assessments/week3/src/custom_message_package -DCMAKE_INSTALL_PREFIX=/home/student20/assessments/week3/install/custom_message_package
