[0.282s] DEBUG:colcon:Command line arguments: ['/usr/bin/colcon', 'build']
[0.282s] DEBUG:colcon:Parsed command line arguments: Namespace(log_base=None, log_level=None, verb_name='build', build_base='build', install_base='install', merge_install=False, symlink_install=False, test_result_base=None, continue_on_error=False, executor='parallel', parallel_workers=12, event_handlers=None, ignore_user_meta=False, metas=['./colcon.meta'], base_paths=['.'], packages_ignore=None, packages_ignore_regex=None, paths=None, packages_up_to=None, packages_up_to_regex=None, packages_above=None, packages_above_and_dependencies=None, packages_above_depth=None, packages_select_by_dep=None, packages_skip_by_dep=None, packages_skip_up_to=None, packages_select_build_failed=False, packages_skip_build_finished=False, packages_select_test_failures=False, packages_skip_test_passed=False, packages_select=None, packages_skip=None, packages_select_regex=None, packages_skip_regex=None, packages_start=None, packages_end=None, cmake_args=None, cmake_target=None, cmake_target_skip_unavailable=False, cmake_clean_cache=False, cmake_clean_first=False, cmake_force_configure=False, ament_cmake_args=None, catkin_cmake_args=None, catkin_skip_building_tests=False, verb_parser=<colcon_defaults.argument_parser.defaults.DefaultArgumentsDecorator object at 0x75582c82da30>, verb_extension=<colcon_core.verb.build.BuildVerb object at 0x75582c82dbe0>, main=<bound method BuildVerb.main of <colcon_core.verb.build.BuildVerb object at 0x75582c82dbe0>>)
[0.406s] Level 1:colcon.colcon_core.package_discovery:discover_packages(colcon_meta) check parameters
[0.406s] Level 1:colcon.colcon_core.package_discovery:discover_packages(recursive) check parameters
[0.406s] Level 1:colcon.colcon_core.package_discovery:discover_packages(ignore) check parameters
[0.406s] Level 1:colcon.colcon_core.package_discovery:discover_packages(path) check parameters
[0.406s] Level 1:colcon.colcon_core.package_discovery:discover_packages(colcon_meta) discover
[0.407s] Level 1:colcon.colcon_core.package_discovery:discover_packages(recursive) discover
[0.407s] INFO:colcon.colcon_core.package_discovery:Crawling recursively for packages in '/home/student20/Downloads/coursework2'
[0.407s] Level 1:colcon.colcon_core.package_identification:_identify(.) by extensions ['ignore', 'ignore_ament_install']
[0.408s] Level 1:colcon.colcon_core.package_identification:_identify(.) by extension 'ignore'
[0.408s] Level 1:colcon.colcon_core.package_identification:_identify(.) by extension 'ignore_ament_install'
[0.409s] Level 1:colcon.colcon_core.package_identification:_identify(.) by extensions ['colcon_pkg']
[0.409s] Level 1:colcon.colcon_core.package_identification:_identify(.) by extension 'colcon_pkg'
[0.409s] Level 1:colcon.colcon_core.package_identification:_identify(.) by extensions ['colcon_meta']
[0.409s] Level 1:colcon.colcon_core.package_identification:_identify(.) by extension 'colcon_meta'
[0.409s] Level 1:colcon.colcon_core.package_identification:_identify(.) by extensions ['ros']
[0.409s] Level 1:colcon.colcon_core.package_identification:_identify(.) by extension 'ros'
[0.484s] Level 1:colcon.colcon_core.package_identification:_identify(.) by extensions ['cmake', 'python']
[0.484s] Level 1:colcon.colcon_core.package_identification:_identify(.) by extension 'cmake'
[0.484s] Level 1:colcon.colcon_core.package_identification:_identify(.) by extension 'python'
[0.485s] Level 1:colcon.colcon_core.package_identification:_identify(.) by extensions ['python_setup_py']
[0.485s] Level 1:colcon.colcon_core.package_identification:_identify(.) by extension 'python_setup_py'
[0.485s] Level 1:colcon.colcon_core.package_identification:_identify(build) by extensions ['ignore', 'ignore_ament_install']
[0.485s] Level 1:colcon.colcon_core.package_identification:_identify(build) by extension 'ignore'
[0.485s] Level 1:colcon.colcon_core.package_identification:_identify(build) ignored
[0.485s] Level 1:colcon.colcon_core.package_identification:_identify(install) by extensions ['ignore', 'ignore_ament_install']
[0.485s] Level 1:colcon.colcon_core.package_identification:_identify(install) by extension 'ignore'
[0.486s] Level 1:colcon.colcon_core.package_identification:_identify(install) ignored
[0.486s] Level 1:colcon.colcon_core.package_identification:_identify(log) by extensions ['ignore', 'ignore_ament_install']
[0.486s] Level 1:colcon.colcon_core.package_identification:_identify(log) by extension 'ignore'
[0.486s] Level 1:colcon.colcon_core.package_identification:_identify(log) ignored
[0.486s] Level 1:colcon.colcon_core.package_identification:_identify(src) by extensions ['ignore', 'ignore_ament_install']
[0.486s] Level 1:colcon.colcon_core.package_identification:_identify(src) by extension 'ignore'
[0.486s] Level 1:colcon.colcon_core.package_identification:_identify(src) by extension 'ignore_ament_install'
[0.486s] Level 1:colcon.colcon_core.package_identification:_identify(src) by extensions ['colcon_pkg']
[0.486s] Level 1:colcon.colcon_core.package_identification:_identify(src) by extension 'colcon_pkg'
[0.486s] Level 1:colcon.colcon_core.package_identification:_identify(src) by extensions ['colcon_meta']
[0.486s] Level 1:colcon.colcon_core.package_identification:_identify(src) by extension 'colcon_meta'
[0.486s] Level 1:colcon.colcon_core.package_identification:_identify(src) by extensions ['ros']
[0.486s] Level 1:colcon.colcon_core.package_identification:_identify(src) by extension 'ros'
[0.487s] Level 1:colcon.colcon_core.package_identification:_identify(src) by extensions ['cmake', 'python']
[0.487s] Level 1:colcon.colcon_core.package_identification:_identify(src) by extension 'cmake'
[0.487s] Level 1:colcon.colcon_core.package_identification:_identify(src) by extension 'python'
[0.487s] Level 1:colcon.colcon_core.package_identification:_identify(src) by extensions ['python_setup_py']
[0.487s] Level 1:colcon.colcon_core.package_identification:_identify(src) by extension 'python_setup_py'
[0.487s] Level 1:colcon.colcon_core.package_identification:_identify(src/sfr_coursework2_interface_package) by extensions ['ignore', 'ignore_ament_install']
[0.487s] Level 1:colcon.colcon_core.package_identification:_identify(src/sfr_coursework2_interface_package) by extension 'ignore'
[0.487s] Level 1:colcon.colcon_core.package_identification:_identify(src/sfr_coursework2_interface_package) by extension 'ignore_ament_install'
[0.487s] Level 1:colcon.colcon_core.package_identification:_identify(src/sfr_coursework2_interface_package) by extensions ['colcon_pkg']
[0.487s] Level 1:colcon.colcon_core.package_identification:_identify(src/sfr_coursework2_interface_package) by extension 'colcon_pkg'
[0.487s] Level 1:colcon.colcon_core.package_identification:_identify(src/sfr_coursework2_interface_package) by extensions ['colcon_meta']
[0.487s] Level 1:colcon.colcon_core.package_identification:_identify(src/sfr_coursework2_interface_package) by extension 'colcon_meta'
[0.487s] Level 1:colcon.colcon_core.package_identification:_identify(src/sfr_coursework2_interface_package) by extensions ['ros']
[0.487s] Level 1:colcon.colcon_core.package_identification:_identify(src/sfr_coursework2_interface_package) by extension 'ros'
[0.493s] DEBUG:colcon.colcon_core.package_identification:Package 'src/sfr_coursework2_interface_package' with type 'ros.ament_cmake' and name 'sfr_coursework2_interface_package'
[0.494s] Level 1:colcon.colcon_core.package_identification:_identify(src/vortex_droid_bridge_pkg) by extensions ['ignore', 'ignore_ament_install']
[0.494s] Level 1:colcon.colcon_core.package_identification:_identify(src/vortex_droid_bridge_pkg) by extension 'ignore'
[0.494s] Level 1:colcon.colcon_core.package_identification:_identify(src/vortex_droid_bridge_pkg) by extension 'ignore_ament_install'
[0.494s] Level 1:colcon.colcon_core.package_identification:_identify(src/vortex_droid_bridge_pkg) by extensions ['colcon_pkg']
[0.494s] Level 1:colcon.colcon_core.package_identification:_identify(src/vortex_droid_bridge_pkg) by extension 'colcon_pkg'
[0.494s] Level 1:colcon.colcon_core.package_identification:_identify(src/vortex_droid_bridge_pkg) by extensions ['colcon_meta']
[0.494s] Level 1:colcon.colcon_core.package_identification:_identify(src/vortex_droid_bridge_pkg) by extension 'colcon_meta'
[0.494s] Level 1:colcon.colcon_core.package_identification:_identify(src/vortex_droid_bridge_pkg) by extensions ['ros']
[0.494s] Level 1:colcon.colcon_core.package_identification:_identify(src/vortex_droid_bridge_pkg) by extension 'ros'
[0.495s] DEBUG:colcon.colcon_core.package_identification:Package 'src/vortex_droid_bridge_pkg' with type 'ros.ament_python' and name 'vortex_droid_bridge_pkg'
[0.496s] Level 1:colcon.colcon_core.package_identification:_identify(src/vortex_droid_controller_pkg) by extensions ['ignore', 'ignore_ament_install']
[0.496s] Level 1:colcon.colcon_core.package_identification:_identify(src/vortex_droid_controller_pkg) by extension 'ignore'
[0.496s] Level 1:colcon.colcon_core.package_identification:_identify(src/vortex_droid_controller_pkg) by extension 'ignore_ament_install'
[0.496s] Level 1:colcon.colcon_core.package_identification:_identify(src/vortex_droid_controller_pkg) by extensions ['colcon_pkg']
[0.496s] Level 1:colcon.colcon_core.package_identification:_identify(src/vortex_droid_controller_pkg) by extension 'colcon_pkg'
[0.496s] Level 1:colcon.colcon_core.package_identification:_identify(src/vortex_droid_controller_pkg) by extensions ['colcon_meta']
[0.496s] Level 1:colcon.colcon_core.package_identification:_identify(src/vortex_droid_controller_pkg) by extension 'colcon_meta'
[0.496s] Level 1:colcon.colcon_core.package_identification:_identify(src/vortex_droid_controller_pkg) by extensions ['ros']
[0.496s] Level 1:colcon.colcon_core.package_identification:_identify(src/vortex_droid_controller_pkg) by extension 'ros'
[0.497s] DEBUG:colcon.colcon_core.package_identification:Package 'src/vortex_droid_controller_pkg' with type 'ros.ament_python' and name 'vortex_droid_controller_pkg'
[0.498s] Level 1:colcon.colcon_core.package_identification:_identify(src/vortex_droid_navigation_pkg) by extensions ['ignore', 'ignore_ament_install']
[0.498s] Level 1:colcon.colcon_core.package_identification:_identify(src/vortex_droid_navigation_pkg) by extension 'ignore'
[0.498s] Level 1:colcon.colcon_core.package_identification:_identify(src/vortex_droid_navigation_pkg) by extension 'ignore_ament_install'
[0.498s] Level 1:colcon.colcon_core.package_identification:_identify(src/vortex_droid_navigation_pkg) by extensions ['colcon_pkg']
[0.498s] Level 1:colcon.colcon_core.package_identification:_identify(src/vortex_droid_navigation_pkg) by extension 'colcon_pkg'
[0.498s] Level 1:colcon.colcon_core.package_identification:_identify(src/vortex_droid_navigation_pkg) by extensions ['colcon_meta']
[0.498s] Level 1:colcon.colcon_core.package_identification:_identify(src/vortex_droid_navigation_pkg) by extension 'colcon_meta'
[0.499s] Level 1:colcon.colcon_core.package_identification:_identify(src/vortex_droid_navigation_pkg) by extensions ['ros']
[0.499s] Level 1:colcon.colcon_core.package_identification:_identify(src/vortex_droid_navigation_pkg) by extension 'ros'
[0.501s] DEBUG:colcon.colcon_core.package_identification:Package 'src/vortex_droid_navigation_pkg' with type 'ros.ament_python' and name 'vortex_droid_navigation_pkg'
[0.501s] Level 1:colcon.colcon_core.package_discovery:discover_packages(recursive) using defaults
[0.501s] Level 1:colcon.colcon_core.package_discovery:discover_packages(ignore) discover
[0.501s] Level 1:colcon.colcon_core.package_discovery:discover_packages(ignore) using defaults
[0.501s] Level 1:colcon.colcon_core.package_discovery:discover_packages(path) discover
[0.501s] Level 1:colcon.colcon_core.package_discovery:discover_packages(path) using defaults
[0.558s] Level 5:colcon.colcon_core.verb:set package 'sfr_coursework2_interface_package' build argument 'cmake_args' from command line to 'None'
[0.558s] Level 5:colcon.colcon_core.verb:set package 'sfr_coursework2_interface_package' build argument 'cmake_target' from command line to 'None'
[0.558s] Level 5:colcon.colcon_core.verb:set package 'sfr_coursework2_interface_package' build argument 'cmake_target_skip_unavailable' from command line to 'False'
[0.558s] Level 5:colcon.colcon_core.verb:set package 'sfr_coursework2_interface_package' build argument 'cmake_clean_cache' from command line to 'False'
[0.558s] Level 5:colcon.colcon_core.verb:set package 'sfr_coursework2_interface_package' build argument 'cmake_clean_first' from command line to 'False'
[0.558s] Level 5:colcon.colcon_core.verb:set package 'sfr_coursework2_interface_package' build argument 'cmake_force_configure' from command line to 'False'
[0.558s] Level 5:colcon.colcon_core.verb:set package 'sfr_coursework2_interface_package' build argument 'ament_cmake_args' from command line to 'None'
[0.559s] Level 5:colcon.colcon_core.verb:set package 'sfr_coursework2_interface_package' build argument 'catkin_cmake_args' from command line to 'None'
[0.559s] Level 5:colcon.colcon_core.verb:set package 'sfr_coursework2_interface_package' build argument 'catkin_skip_building_tests' from command line to 'False'
[0.559s] DEBUG:colcon.colcon_core.verb:Building package 'sfr_coursework2_interface_package' with the following arguments: {'ament_cmake_args': None, 'build_base': '/home/student20/Downloads/coursework2/build/sfr_coursework2_interface_package', 'catkin_cmake_args': None, 'catkin_skip_building_tests': False, 'cmake_args': None, 'cmake_clean_cache': False, 'cmake_clean_first': False, 'cmake_force_configure': False, 'cmake_target': None, 'cmake_target_skip_unavailable': False, 'install_base': '/home/student20/Downloads/coursework2/install/sfr_coursework2_interface_package', 'merge_install': False, 'path': '/home/student20/Downloads/coursework2/src/sfr_coursework2_interface_package', 'symlink_install': False, 'test_result_base': None}
[0.560s] Level 5:colcon.colcon_core.verb:set package 'vortex_droid_bridge_pkg' build argument 'cmake_args' from command line to 'None'
[0.560s] Level 5:colcon.colcon_core.verb:set package 'vortex_droid_bridge_pkg' build argument 'cmake_target' from command line to 'None'
[0.560s] Level 5:colcon.colcon_core.verb:set package 'vortex_droid_bridge_pkg' build argument 'cmake_target_skip_unavailable' from command line to 'False'
[0.560s] Level 5:colcon.colcon_core.verb:set package 'vortex_droid_bridge_pkg' build argument 'cmake_clean_cache' from command line to 'False'
[0.560s] Level 5:colcon.colcon_core.verb:set package 'vortex_droid_bridge_pkg' build argument 'cmake_clean_first' from command line to 'False'
[0.560s] Level 5:colcon.colcon_core.verb:set package 'vortex_droid_bridge_pkg' build argument 'cmake_force_configure' from command line to 'False'
[0.560s] Level 5:colcon.colcon_core.verb:set package 'vortex_droid_bridge_pkg' build argument 'ament_cmake_args' from command line to 'None'
[0.560s] Level 5:colcon.colcon_core.verb:set package 'vortex_droid_bridge_pkg' build argument 'catkin_cmake_args' from command line to 'None'
[0.560s] Level 5:colcon.colcon_core.verb:set package 'vortex_droid_bridge_pkg' build argument 'catkin_skip_building_tests' from command line to 'False'
[0.560s] DEBUG:colcon.colcon_core.verb:Building package 'vortex_droid_bridge_pkg' with the following arguments: {'ament_cmake_args': None, 'build_base': '/home/student20/Downloads/coursework2/build/vortex_droid_bridge_pkg', 'catkin_cmake_args': None, 'catkin_skip_building_tests': False, 'cmake_args': None, 'cmake_clean_cache': False, 'cmake_clean_first': False, 'cmake_force_configure': False, 'cmake_target': None, 'cmake_target_skip_unavailable': False, 'install_base': '/home/student20/Downloads/coursework2/install/vortex_droid_bridge_pkg', 'merge_install': False, 'path': '/home/student20/Downloads/coursework2/src/vortex_droid_bridge_pkg', 'symlink_install': False, 'test_result_base': None}
[0.561s] Level 5:colcon.colcon_core.verb:set package 'vortex_droid_navigation_pkg' build argument 'cmake_args' from command line to 'None'
[0.561s] Level 5:colcon.colcon_core.verb:set package 'vortex_droid_navigation_pkg' build argument 'cmake_target' from command line to 'None'
[0.561s] Level 5:colcon.colcon_core.verb:set package 'vortex_droid_navigation_pkg' build argument 'cmake_target_skip_unavailable' from command line to 'False'
[0.561s] Level 5:colcon.colcon_core.verb:set package 'vortex_droid_navigation_pkg' build argument 'cmake_clean_cache' from command line to 'False'
[0.561s] Level 5:colcon.colcon_core.verb:set package 'vortex_droid_navigation_pkg' build argument 'cmake_clean_first' from command line to 'False'
[0.561s] Level 5:colcon.colcon_core.verb:set package 'vortex_droid_navigation_pkg' build argument 'cmake_force_configure' from command line to 'False'
[0.561s] Level 5:colcon.colcon_core.verb:set package 'vortex_droid_navigation_pkg' build argument 'ament_cmake_args' from command line to 'None'
[0.562s] Level 5:colcon.colcon_core.verb:set package 'vortex_droid_navigation_pkg' build argument 'catkin_cmake_args' from command line to 'None'
[0.562s] Level 5:colcon.colcon_core.verb:set package 'vortex_droid_navigation_pkg' build argument 'catkin_skip_building_tests' from command line to 'False'
[0.562s] DEBUG:colcon.colcon_core.verb:Building package 'vortex_droid_navigation_pkg' with the following arguments: {'ament_cmake_args': None, 'build_base': '/home/student20/Downloads/coursework2/build/vortex_droid_navigation_pkg', 'catkin_cmake_args': None, 'catkin_skip_building_tests': False, 'cmake_args': None, 'cmake_clean_cache': False, 'cmake_clean_first': False, 'cmake_force_configure': False, 'cmake_target': None, 'cmake_target_skip_unavailable': False, 'install_base': '/home/student20/Downloads/coursework2/install/vortex_droid_navigation_pkg', 'merge_install': False, 'path': '/home/student20/Downloads/coursework2/src/vortex_droid_navigation_pkg', 'symlink_install': False, 'test_result_base': None}
[0.562s] Level 5:colcon.colcon_core.verb:set package 'vortex_droid_controller_pkg' build argument 'cmake_args' from command line to 'None'
[0.563s] Level 5:colcon.colcon_core.verb:set package 'vortex_droid_controller_pkg' build argument 'cmake_target' from command line to 'None'
[0.563s] Level 5:colcon.colcon_core.verb:set package 'vortex_droid_controller_pkg' build argument 'cmake_target_skip_unavailable' from command line to 'False'
[0.563s] Level 5:colcon.colcon_core.verb:set package 'vortex_droid_controller_pkg' build argument 'cmake_clean_cache' from command line to 'False'
[0.563s] Level 5:colcon.colcon_core.verb:set package 'vortex_droid_controller_pkg' build argument 'cmake_clean_first' from command line to 'False'
[0.563s] Level 5:colcon.colcon_core.verb:set package 'vortex_droid_controller_pkg' build argument 'cmake_force_configure' from command line to 'False'
[0.563s] Level 5:colcon.colcon_core.verb:set package 'vortex_droid_controller_pkg' build argument 'ament_cmake_args' from command line to 'None'
[0.563s] Level 5:colcon.colcon_core.verb:set package 'vortex_droid_controller_pkg' build argument 'catkin_cmake_args' from command line to 'None'
[0.563s] Level 5:colcon.colcon_core.verb:set package 'vortex_droid_controller_pkg' build argument 'catkin_skip_building_tests' from command line to 'False'
[0.563s] DEBUG:colcon.colcon_core.verb:Building package 'vortex_droid_controller_pkg' with the following arguments: {'ament_cmake_args': None, 'build_base': '/home/student20/Downloads/coursework2/build/vortex_droid_controller_pkg', 'catkin_cmake_args': None, 'catkin_skip_building_tests': False, 'cmake_args': None, 'cmake_clean_cache': False, 'cmake_clean_first': False, 'cmake_force_configure': False, 'cmake_target': None, 'cmake_target_skip_unavailable': False, 'install_base': '/home/student20/Downloads/coursework2/install/vortex_droid_controller_pkg', 'merge_install': False, 'path': '/home/student20/Downloads/coursework2/src/vortex_droid_controller_pkg', 'symlink_install': False, 'test_result_base': None}
[0.563s] INFO:colcon.colcon_core.executor:Executing jobs using 'parallel' executor
[0.567s] DEBUG:colcon.colcon_parallel_executor.executor.parallel:run_until_complete
[0.568s] INFO:colcon.colcon_ros.task.ament_cmake.build:Building ROS package in '/home/student20/Downloads/coursework2/src/sfr_coursework2_interface_package' with build type 'ament_cmake'
[0.568s] INFO:colcon.colcon_cmake.task.cmake.build:Building CMake package in '/home/student20/Downloads/coursework2/src/sfr_coursework2_interface_package'
[0.575s] INFO:colcon.colcon_core.plugin_system:Skipping extension 'colcon_core.shell.bat': Not used on non-Windows systems
[0.575s] DEBUG:colcon.colcon_core.shell:Skip shell extension 'dsv' for command environment
[0.590s] INFO:colcon.colcon_ros.task.ament_python.build:Building ROS package in '/home/student20/Downloads/coursework2/src/vortex_droid_bridge_pkg' with build type 'ament_python'
[0.591s] Level 1:colcon.colcon_core.shell:create_environment_hook('vortex_droid_bridge_pkg', 'ament_prefix_path')
[0.591s] INFO:colcon.colcon_core.shell:Creating environment descriptor '/home/student20/Downloads/coursework2/install/vortex_droid_bridge_pkg/share/vortex_droid_bridge_pkg/hook/ament_prefix_path.dsv'
[0.593s] INFO:colcon.colcon_core.shell:Creating environment hook '/home/student20/Downloads/coursework2/install/vortex_droid_bridge_pkg/share/vortex_droid_bridge_pkg/hook/ament_prefix_path.sh'
[0.595s] DEBUG:colcon.colcon_core.shell:Skip shell extension 'dsv' for command environment
[0.607s] INFO:colcon.colcon_ros.task.ament_python.build:Building ROS package in '/home/student20/Downloads/coursework2/src/vortex_droid_navigation_pkg' with build type 'ament_python'
[0.608s] Level 1:colcon.colcon_core.shell:create_environment_hook('vortex_droid_navigation_pkg', 'ament_prefix_path')
[0.609s] INFO:colcon.colcon_core.shell:Creating environment descriptor '/home/student20/Downloads/coursework2/install/vortex_droid_navigation_pkg/share/vortex_droid_navigation_pkg/hook/ament_prefix_path.dsv'
[0.610s] INFO:colcon.colcon_core.shell:Creating environment hook '/home/student20/Downloads/coursework2/install/vortex_droid_navigation_pkg/share/vortex_droid_navigation_pkg/hook/ament_prefix_path.sh'
[0.612s] DEBUG:colcon.colcon_core.shell:Skip shell extension 'dsv' for command environment
[0.634s] DEBUG:colcon.colcon_core.event_handler.log_command:Invoking command in '/home/student20/Downloads/coursework2/build/sfr_coursework2_interface_package': CMAKE_PREFIX_PATH=${CMAKE_PREFIX_PATH}:/home/student20/Downloads/coursework2/install/vortex_droid_navigation_pkg:/home/student20/Downloads/coursework2/install/vortex_droid_controller_pkg:/home/student20/Downloads/coursework2/install/vortex_droid_bridge_pkg:/opt/ros/jazzy DEBUGINFOD_URLS=https://debuginfod.ubuntu.com /usr/bin/cmake --build /home/student20/Downloads/coursework2/build/sfr_coursework2_interface_package -- -j12 -l12
[1.564s] INFO:colcon.colcon_core.task.python.build:Building Python package in '/home/student20/Downloads/coursework2/src/vortex_droid_bridge_pkg'
[1.564s] DEBUG:colcon.colcon_core.shell:Skip shell extension 'dsv' for command environment
[2.439s] INFO:colcon.colcon_core.task.python.build:Building Python package in '/home/student20/Downloads/coursework2/src/vortex_droid_navigation_pkg'
[2.440s] DEBUG:colcon.colcon_core.shell:Skip shell extension 'dsv' for command environment
[2.480s] DEBUG:colcon.colcon_core.event_handler.log_command:Invoked command in '/home/student20/Downloads/coursework2/build/sfr_coursework2_interface_package' returned '0': CMAKE_PREFIX_PATH=${CMAKE_PREFIX_PATH}:/home/student20/Downloads/coursework2/install/vortex_droid_navigation_pkg:/home/student20/Downloads/coursework2/install/vortex_droid_controller_pkg:/home/student20/Downloads/coursework2/install/vortex_droid_bridge_pkg:/opt/ros/jazzy DEBUGINFOD_URLS=https://debuginfod.ubuntu.com /usr/bin/cmake --build /home/student20/Downloads/coursework2/build/sfr_coursework2_interface_package -- -j12 -l12
[2.519s] DEBUG:colcon.colcon_core.event_handler.log_command:Invoking command in '/home/student20/Downloads/coursework2/build/sfr_coursework2_interface_package': CMAKE_PREFIX_PATH=${CMAKE_PREFIX_PATH}:/home/student20/Downloads/coursework2/install/vortex_droid_navigation_pkg:/home/student20/Downloads/coursework2/install/vortex_droid_controller_pkg:/home/student20/Downloads/coursework2/install/vortex_droid_bridge_pkg:/opt/ros/jazzy DEBUGINFOD_URLS=https://debuginfod.ubuntu.com /usr/bin/cmake --install /home/student20/Downloads/coursework2/build/sfr_coursework2_interface_package
[2.873s] Level 1:colcon.colcon_core.environment:create_environment_scripts_only(sfr_coursework2_interface_package)
[2.874s] DEBUG:colcon.colcon_core.event_handler.log_command:Invoked command in '/home/student20/Downloads/coursework2/build/sfr_coursework2_interface_package' returned '0': CMAKE_PREFIX_PATH=${CMAKE_PREFIX_PATH}:/home/student20/Downloads/coursework2/install/vortex_droid_navigation_pkg:/home/student20/Downloads/coursework2/install/vortex_droid_controller_pkg:/home/student20/Downloads/coursework2/install/vortex_droid_bridge_pkg:/opt/ros/jazzy DEBUGINFOD_URLS=https://debuginfod.ubuntu.com /usr/bin/cmake --install /home/student20/Downloads/coursework2/build/sfr_coursework2_interface_package
[2.880s] Level 1:colcon.colcon_core.environment:checking '/home/student20/Downloads/coursework2/install/sfr_coursework2_interface_package' for CMake module files
[2.882s] Level 1:colcon.colcon_core.environment:checking '/home/student20/Downloads/coursework2/install/sfr_coursework2_interface_package' for CMake config files
[2.883s] Level 1:colcon.colcon_core.shell:create_environment_hook('sfr_coursework2_interface_package', 'cmake_prefix_path')
[2.884s] INFO:colcon.colcon_core.shell:Creating environment descriptor '/home/student20/Downloads/coursework2/install/sfr_coursework2_interface_package/share/sfr_coursework2_interface_package/hook/cmake_prefix_path.dsv'
[2.885s] INFO:colcon.colcon_core.shell:Creating environment hook '/home/student20/Downloads/coursework2/install/sfr_coursework2_interface_package/share/sfr_coursework2_interface_package/hook/cmake_prefix_path.sh'
[2.886s] Level 1:colcon.colcon_core.environment:checking '/home/student20/Downloads/coursework2/install/sfr_coursework2_interface_package/lib'
[2.886s] Level 1:colcon.colcon_core.shell:create_environment_hook('sfr_coursework2_interface_package', 'ld_library_path_lib')
[2.887s] INFO:colcon.colcon_core.shell:Creating environment descriptor '/home/student20/Downloads/coursework2/install/sfr_coursework2_interface_package/share/sfr_coursework2_interface_package/hook/ld_library_path_lib.dsv'
[2.888s] INFO:colcon.colcon_core.shell:Creating environment hook '/home/student20/Downloads/coursework2/install/sfr_coursework2_interface_package/share/sfr_coursework2_interface_package/hook/ld_library_path_lib.sh'
[2.888s] Level 1:colcon.colcon_core.environment:checking '/home/student20/Downloads/coursework2/install/sfr_coursework2_interface_package/bin'
[2.889s] Level 1:colcon.colcon_core.environment:checking '/home/student20/Downloads/coursework2/install/sfr_coursework2_interface_package/lib/pkgconfig/sfr_coursework2_interface_package.pc'
[2.889s] Level 1:colcon.colcon_core.environment:checking '/home/student20/Downloads/coursework2/install/sfr_coursework2_interface_package/lib/python3.12/site-packages'
[2.890s] Level 1:colcon.colcon_core.shell:create_environment_hook('sfr_coursework2_interface_package', 'pythonpath')
[2.890s] INFO:colcon.colcon_core.shell:Creating environment descriptor '/home/student20/Downloads/coursework2/install/sfr_coursework2_interface_package/share/sfr_coursework2_interface_package/hook/pythonpath.dsv'
[2.891s] INFO:colcon.colcon_core.shell:Creating environment hook '/home/student20/Downloads/coursework2/install/sfr_coursework2_interface_package/share/sfr_coursework2_interface_package/hook/pythonpath.sh'
[2.892s] Level 1:colcon.colcon_core.environment:checking '/home/student20/Downloads/coursework2/install/sfr_coursework2_interface_package/bin'
[2.893s] INFO:colcon.colcon_core.shell:Creating package descriptor '/home/student20/Downloads/coursework2/install/sfr_coursework2_interface_package/share/sfr_coursework2_interface_package/package.dsv'
[2.894s] INFO:colcon.colcon_core.shell:Creating package script '/home/student20/Downloads/coursework2/install/sfr_coursework2_interface_package/share/sfr_coursework2_interface_package/package.sh'
[2.895s] INFO:colcon.colcon_core.shell:Creating package script '/home/student20/Downloads/coursework2/install/sfr_coursework2_interface_package/share/sfr_coursework2_interface_package/package.bash'
[2.897s] INFO:colcon.colcon_core.shell:Creating package script '/home/student20/Downloads/coursework2/install/sfr_coursework2_interface_package/share/sfr_coursework2_interface_package/package.zsh'
[2.898s] Level 1:colcon.colcon_core.environment:create_file_with_runtime_dependencies(/home/student20/Downloads/coursework2/install/sfr_coursework2_interface_package/share/colcon-core/packages/sfr_coursework2_interface_package)
[2.899s] Level 1:colcon.colcon_core.environment:create_environment_scripts_only(sfr_coursework2_interface_package)
[2.899s] Level 1:colcon.colcon_core.environment:checking '/home/student20/Downloads/coursework2/install/sfr_coursework2_interface_package' for CMake module files
[2.902s] Level 1:colcon.colcon_core.environment:checking '/home/student20/Downloads/coursework2/install/sfr_coursework2_interface_package' for CMake config files
[2.903s] Level 1:colcon.colcon_core.shell:create_environment_hook('sfr_coursework2_interface_package', 'cmake_prefix_path')
[2.904s] INFO:colcon.colcon_core.shell:Creating environment descriptor '/home/student20/Downloads/coursework2/install/sfr_coursework2_interface_package/share/sfr_coursework2_interface_package/hook/cmake_prefix_path.dsv'
[2.905s] INFO:colcon.colcon_core.shell:Creating environment hook '/home/student20/Downloads/coursework2/install/sfr_coursework2_interface_package/share/sfr_coursework2_interface_package/hook/cmake_prefix_path.sh'
[2.909s] Level 1:colcon.colcon_core.environment:checking '/home/student20/Downloads/coursework2/install/sfr_coursework2_interface_package/lib'
[2.910s] Level 1:colcon.colcon_core.shell:create_environment_hook('sfr_coursework2_interface_package', 'ld_library_path_lib')
[2.911s] INFO:colcon.colcon_core.shell:Creating environment descriptor '/home/student20/Downloads/coursework2/install/sfr_coursework2_interface_package/share/sfr_coursework2_interface_package/hook/ld_library_path_lib.dsv'
[2.912s] INFO:colcon.colcon_core.shell:Creating environment hook '/home/student20/Downloads/coursework2/install/sfr_coursework2_interface_package/share/sfr_coursework2_interface_package/hook/ld_library_path_lib.sh'
[2.915s] Level 1:colcon.colcon_core.environment:checking '/home/student20/Downloads/coursework2/install/sfr_coursework2_interface_package/bin'
[2.915s] Level 1:colcon.colcon_core.environment:checking '/home/student20/Downloads/coursework2/install/sfr_coursework2_interface_package/lib/pkgconfig/sfr_coursework2_interface_package.pc'
[2.915s] Level 1:colcon.colcon_core.environment:checking '/home/student20/Downloads/coursework2/install/sfr_coursework2_interface_package/lib/python3.12/site-packages'
[2.916s] Level 1:colcon.colcon_core.shell:create_environment_hook('sfr_coursework2_interface_package', 'pythonpath')
[2.916s] INFO:colcon.colcon_core.shell:Creating environment descriptor '/home/student20/Downloads/coursework2/install/sfr_coursework2_interface_package/share/sfr_coursework2_interface_package/hook/pythonpath.dsv'
[2.918s] INFO:colcon.colcon_core.shell:Creating environment hook '/home/student20/Downloads/coursework2/install/sfr_coursework2_interface_package/share/sfr_coursework2_interface_package/hook/pythonpath.sh'
[2.921s] Level 1:colcon.colcon_core.environment:checking '/home/student20/Downloads/coursework2/install/sfr_coursework2_interface_package/bin'
[2.922s] INFO:colcon.colcon_core.shell:Creating package descriptor '/home/student20/Downloads/coursework2/install/sfr_coursework2_interface_package/share/sfr_coursework2_interface_package/package.dsv'
[2.924s] INFO:colcon.colcon_core.shell:Creating package script '/home/student20/Downloads/coursework2/install/sfr_coursework2_interface_package/share/sfr_coursework2_interface_package/package.sh'
[2.928s] INFO:colcon.colcon_core.shell:Creating package script '/home/student20/Downloads/coursework2/install/sfr_coursework2_interface_package/share/sfr_coursework2_interface_package/package.bash'
[2.930s] INFO:colcon.colcon_core.shell:Creating package script '/home/student20/Downloads/coursework2/install/sfr_coursework2_interface_package/share/sfr_coursework2_interface_package/package.zsh'
[2.931s] Level 1:colcon.colcon_core.environment:create_file_with_runtime_dependencies(/home/student20/Downloads/coursework2/install/sfr_coursework2_interface_package/share/colcon-core/packages/sfr_coursework2_interface_package)
[2.932s] INFO:colcon.colcon_ros.task.ament_python.build:Building ROS package in '/home/student20/Downloads/coursework2/src/vortex_droid_controller_pkg' with build type 'ament_python'
[2.934s] Level 1:colcon.colcon_core.shell:create_environment_hook('vortex_droid_controller_pkg', 'ament_prefix_path')
[2.935s] INFO:colcon.colcon_core.shell:Creating environment descriptor '/home/student20/Downloads/coursework2/install/vortex_droid_controller_pkg/share/vortex_droid_controller_pkg/hook/ament_prefix_path.dsv'
[2.938s] INFO:colcon.colcon_core.shell:Creating environment hook '/home/student20/Downloads/coursework2/install/vortex_droid_controller_pkg/share/vortex_droid_controller_pkg/hook/ament_prefix_path.sh'
[2.941s] DEBUG:colcon.colcon_core.shell:Skip shell extension 'dsv' for command environment
[3.808s] INFO:colcon.colcon_core.task.python.build:Building Python package in '/home/student20/Downloads/coursework2/src/vortex_droid_controller_pkg'
[3.808s] DEBUG:colcon.colcon_core.shell:Skip shell extension 'dsv' for command environment
[4.812s] DEBUG:colcon.colcon_core.event_handler.log_command:Invoking command in '/home/student20/Downloads/coursework2/src/vortex_droid_navigation_pkg': DEBUGINFOD_URLS=https://debuginfod.ubuntu.com PYTHONPATH=/home/student20/Downloads/coursework2/build/vortex_droid_navigation_pkg/prefix_override:/usr/lib/python3/dist-packages/colcon_core/task/python/colcon_distutils_commands:/home/student20/Downloads/coursework2/install/vortex_droid_navigation_pkg/lib/python3.12/site-packages:${PYTHONPATH} /usr/bin/python3 -W ignore:setup.py install is deprecated -W ignore:easy_install command is deprecated setup.py egg_info --egg-base ../../build/vortex_droid_navigation_pkg build --build-base /home/student20/Downloads/coursework2/build/vortex_droid_navigation_pkg/build install --record /home/student20/Downloads/coursework2/build/vortex_droid_navigation_pkg/install.log --single-version-externally-managed install_data
[4.819s] DEBUG:colcon.colcon_core.event_handler.log_command:Invoking command in '/home/student20/Downloads/coursework2/src/vortex_droid_bridge_pkg': DEBUGINFOD_URLS=https://debuginfod.ubuntu.com PYTHONPATH=/home/student20/Downloads/coursework2/build/vortex_droid_bridge_pkg/prefix_override:/usr/lib/python3/dist-packages/colcon_core/task/python/colcon_distutils_commands:/home/student20/Downloads/coursework2/install/vortex_droid_bridge_pkg/lib/python3.12/site-packages:${PYTHONPATH} /usr/bin/python3 -W ignore:setup.py install is deprecated -W ignore:easy_install command is deprecated setup.py egg_info --egg-base ../../build/vortex_droid_bridge_pkg build --build-base /home/student20/Downloads/coursework2/build/vortex_droid_bridge_pkg/build install --record /home/student20/Downloads/coursework2/build/vortex_droid_bridge_pkg/install.log --single-version-externally-managed install_data
[6.124s] DEBUG:colcon.colcon_core.event_handler.log_command:Invoking command in '/home/student20/Downloads/coursework2/src/vortex_droid_controller_pkg': DEBUGINFOD_URLS=https://debuginfod.ubuntu.com PYTHONPATH=/home/student20/Downloads/coursework2/build/vortex_droid_controller_pkg/prefix_override:/usr/lib/python3/dist-packages/colcon_core/task/python/colcon_distutils_commands:/home/student20/Downloads/coursework2/install/vortex_droid_controller_pkg/lib/python3.12/site-packages:/home/student20/Downloads/coursework2/install/sfr_coursework2_interface_package/lib/python3.12/site-packages:/home/student20/Downloads/coursework2/install/vortex_droid_navigation_pkg/lib/python3.12/site-packages:/home/student20/Downloads/coursework2/install/vortex_droid_controller_pkg/lib/python3.12/site-packages:/home/student20/Downloads/coursework2/install/vortex_droid_bridge_pkg/lib/python3.12/site-packages:/opt/ros/jazzy/lib/python3.12/site-packages /usr/bin/python3 -W ignore:setup.py install is deprecated -W ignore:easy_install command is deprecated setup.py egg_info --egg-base ../../build/vortex_droid_controller_pkg build --build-base /home/student20/Downloads/coursework2/build/vortex_droid_controller_pkg/build install --record /home/student20/Downloads/coursework2/build/vortex_droid_controller_pkg/install.log --single-version-externally-managed install_data
[6.742s] Level 1:colcon.colcon_core.environment:checking '/home/student20/Downloads/coursework2/install/vortex_droid_bridge_pkg' for CMake module files
[6.745s] DEBUG:colcon.colcon_core.event_handler.log_command:Invoked command in '/home/student20/Downloads/coursework2/src/vortex_droid_bridge_pkg' returned '0': DEBUGINFOD_URLS=https://debuginfod.ubuntu.com PYTHONPATH=/home/student20/Downloads/coursework2/build/vortex_droid_bridge_pkg/prefix_override:/usr/lib/python3/dist-packages/colcon_core/task/python/colcon_distutils_commands:/home/student20/Downloads/coursework2/install/vortex_droid_bridge_pkg/lib/python3.12/site-packages:${PYTHONPATH} /usr/bin/python3 -W ignore:setup.py install is deprecated -W ignore:easy_install command is deprecated setup.py egg_info --egg-base ../../build/vortex_droid_bridge_pkg build --build-base /home/student20/Downloads/coursework2/build/vortex_droid_bridge_pkg/build install --record /home/student20/Downloads/coursework2/build/vortex_droid_bridge_pkg/install.log --single-version-externally-managed install_data
[6.746s] Level 1:colcon.colcon_core.environment:checking '/home/student20/Downloads/coursework2/install/vortex_droid_bridge_pkg' for CMake config files
[6.748s] Level 1:colcon.colcon_core.environment:checking '/home/student20/Downloads/coursework2/install/vortex_droid_bridge_pkg/lib'
[6.749s] Level 1:colcon.colcon_core.environment:checking '/home/student20/Downloads/coursework2/install/vortex_droid_bridge_pkg/bin'
[6.749s] Level 1:colcon.colcon_core.environment:checking '/home/student20/Downloads/coursework2/install/vortex_droid_bridge_pkg/lib/pkgconfig/vortex_droid_bridge_pkg.pc'
[6.750s] Level 1:colcon.colcon_core.environment:checking '/home/student20/Downloads/coursework2/install/vortex_droid_bridge_pkg/lib/python3.12/site-packages'
[6.750s] Level 1:colcon.colcon_core.shell:create_environment_hook('vortex_droid_bridge_pkg', 'pythonpath')
[6.751s] INFO:colcon.colcon_core.shell:Creating environment descriptor '/home/student20/Downloads/coursework2/install/vortex_droid_bridge_pkg/share/vortex_droid_bridge_pkg/hook/pythonpath.dsv'
[6.754s] INFO:colcon.colcon_core.shell:Creating environment hook '/home/student20/Downloads/coursework2/install/vortex_droid_bridge_pkg/share/vortex_droid_bridge_pkg/hook/pythonpath.sh'
[6.760s] Level 1:colcon.colcon_core.environment:checking '/home/student20/Downloads/coursework2/install/vortex_droid_bridge_pkg/bin'
[6.760s] Level 1:colcon.colcon_core.environment:create_environment_scripts_only(vortex_droid_bridge_pkg)
[6.761s] INFO:colcon.colcon_core.shell:Creating package descriptor '/home/student20/Downloads/coursework2/install/vortex_droid_bridge_pkg/share/vortex_droid_bridge_pkg/package.dsv'
[6.763s] INFO:colcon.colcon_core.shell:Creating package script '/home/student20/Downloads/coursework2/install/vortex_droid_bridge_pkg/share/vortex_droid_bridge_pkg/package.sh'
[6.767s] INFO:colcon.colcon_core.shell:Creating package script '/home/student20/Downloads/coursework2/install/vortex_droid_bridge_pkg/share/vortex_droid_bridge_pkg/package.bash'
[6.769s] INFO:colcon.colcon_core.shell:Creating package script '/home/student20/Downloads/coursework2/install/vortex_droid_bridge_pkg/share/vortex_droid_bridge_pkg/package.zsh'
[6.773s] Level 1:colcon.colcon_core.environment:create_file_with_runtime_dependencies(/home/student20/Downloads/coursework2/install/vortex_droid_bridge_pkg/share/colcon-core/packages/vortex_droid_bridge_pkg)
[6.923s] Level 1:colcon.colcon_core.environment:checking '/home/student20/Downloads/coursework2/install/vortex_droid_navigation_pkg' for CMake module files
[6.924s] DEBUG:colcon.colcon_core.event_handler.log_command:Invoked command in '/home/student20/Downloads/coursework2/src/vortex_droid_navigation_pkg' returned '0': DEBUGINFOD_URLS=https://debuginfod.ubuntu.com PYTHONPATH=/home/student20/Downloads/coursework2/build/vortex_droid_navigation_pkg/prefix_override:/usr/lib/python3/dist-packages/colcon_core/task/python/colcon_distutils_commands:/home/student20/Downloads/coursework2/install/vortex_droid_navigation_pkg/lib/python3.12/site-packages:${PYTHONPATH} /usr/bin/python3 -W ignore:setup.py install is deprecated -W ignore:easy_install command is deprecated setup.py egg_info --egg-base ../../build/vortex_droid_navigation_pkg build --build-base /home/student20/Downloads/coursework2/build/vortex_droid_navigation_pkg/build install --record /home/student20/Downloads/coursework2/build/vortex_droid_navigation_pkg/install.log --single-version-externally-managed install_data
[6.926s] Level 1:colcon.colcon_core.environment:checking '/home/student20/Downloads/coursework2/install/vortex_droid_navigation_pkg' for CMake config files
[6.927s] Level 1:colcon.colcon_core.environment:checking '/home/student20/Downloads/coursework2/install/vortex_droid_navigation_pkg/lib'
[6.928s] Level 1:colcon.colcon_core.environment:checking '/home/student20/Downloads/coursework2/install/vortex_droid_navigation_pkg/bin'
[6.928s] Level 1:colcon.colcon_core.environment:checking '/home/student20/Downloads/coursework2/install/vortex_droid_navigation_pkg/lib/pkgconfig/vortex_droid_navigation_pkg.pc'
[6.929s] Level 1:colcon.colcon_core.environment:checking '/home/student20/Downloads/coursework2/install/vortex_droid_navigation_pkg/lib/python3.12/site-packages'
[6.930s] Level 1:colcon.colcon_core.shell:create_environment_hook('vortex_droid_navigation_pkg', 'pythonpath')
[6.930s] INFO:colcon.colcon_core.shell:Creating environment descriptor '/home/student20/Downloads/coursework2/install/vortex_droid_navigation_pkg/share/vortex_droid_navigation_pkg/hook/pythonpath.dsv'
[6.933s] INFO:colcon.colcon_core.shell:Creating environment hook '/home/student20/Downloads/coursework2/install/vortex_droid_navigation_pkg/share/vortex_droid_navigation_pkg/hook/pythonpath.sh'
[6.937s] Level 1:colcon.colcon_core.environment:checking '/home/student20/Downloads/coursework2/install/vortex_droid_navigation_pkg/bin'
[6.938s] Level 1:colcon.colcon_core.environment:create_environment_scripts_only(vortex_droid_navigation_pkg)
[6.939s] INFO:colcon.colcon_core.shell:Creating package descriptor '/home/student20/Downloads/coursework2/install/vortex_droid_navigation_pkg/share/vortex_droid_navigation_pkg/package.dsv'
[6.941s] INFO:colcon.colcon_core.shell:Creating package script '/home/student20/Downloads/coursework2/install/vortex_droid_navigation_pkg/share/vortex_droid_navigation_pkg/package.sh'
[6.942s] INFO:colcon.colcon_core.shell:Creating package script '/home/student20/Downloads/coursework2/install/vortex_droid_navigation_pkg/share/vortex_droid_navigation_pkg/package.bash'
[6.943s] INFO:colcon.colcon_core.shell:Creating package script '/home/student20/Downloads/coursework2/install/vortex_droid_navigation_pkg/share/vortex_droid_navigation_pkg/package.zsh'
[6.944s] Level 1:colcon.colcon_core.environment:create_file_with_runtime_dependencies(/home/student20/Downloads/coursework2/install/vortex_droid_navigation_pkg/share/colcon-core/packages/vortex_droid_navigation_pkg)
[8.016s] Level 1:colcon.colcon_core.environment:checking '/home/student20/Downloads/coursework2/install/vortex_droid_controller_pkg' for CMake module files
[8.018s] Level 1:colcon.colcon_core.environment:checking '/home/student20/Downloads/coursework2/install/vortex_droid_controller_pkg' for CMake config files
[8.019s] DEBUG:colcon.colcon_core.event_handler.log_command:Invoked command in '/home/student20/Downloads/coursework2/src/vortex_droid_controller_pkg' returned '0': DEBUGINFOD_URLS=https://debuginfod.ubuntu.com PYTHONPATH=/home/student20/Downloads/coursework2/build/vortex_droid_controller_pkg/prefix_override:/usr/lib/python3/dist-packages/colcon_core/task/python/colcon_distutils_commands:/home/student20/Downloads/coursework2/install/vortex_droid_controller_pkg/lib/python3.12/site-packages:/home/student20/Downloads/coursework2/install/sfr_coursework2_interface_package/lib/python3.12/site-packages:/home/student20/Downloads/coursework2/install/vortex_droid_navigation_pkg/lib/python3.12/site-packages:/home/student20/Downloads/coursework2/install/vortex_droid_controller_pkg/lib/python3.12/site-packages:/home/student20/Downloads/coursework2/install/vortex_droid_bridge_pkg/lib/python3.12/site-packages:/opt/ros/jazzy/lib/python3.12/site-packages /usr/bin/python3 -W ignore:setup.py install is deprecated -W ignore:easy_install command is deprecated setup.py egg_info --egg-base ../../build/vortex_droid_controller_pkg build --build-base /home/student20/Downloads/coursework2/build/vortex_droid_controller_pkg/build install --record /home/student20/Downloads/coursework2/build/vortex_droid_controller_pkg/install.log --single-version-externally-managed install_data
[8.021s] Level 1:colcon.colcon_core.environment:checking '/home/student20/Downloads/coursework2/install/vortex_droid_controller_pkg/lib'
[8.021s] Level 1:colcon.colcon_core.environment:checking '/home/student20/Downloads/coursework2/install/vortex_droid_controller_pkg/bin'
[8.022s] Level 1:colcon.colcon_core.environment:checking '/home/student20/Downloads/coursework2/install/vortex_droid_controller_pkg/lib/pkgconfig/vortex_droid_controller_pkg.pc'
[8.023s] Level 1:colcon.colcon_core.environment:checking '/home/student20/Downloads/coursework2/install/vortex_droid_controller_pkg/lib/python3.12/site-packages'
[8.023s] Level 1:colcon.colcon_core.shell:create_environment_hook('vortex_droid_controller_pkg', 'pythonpath')
[8.024s] INFO:colcon.colcon_core.shell:Creating environment descriptor '/home/student20/Downloads/coursework2/install/vortex_droid_controller_pkg/share/vortex_droid_controller_pkg/hook/pythonpath.dsv'
[8.025s] INFO:colcon.colcon_core.shell:Creating environment hook '/home/student20/Downloads/coursework2/install/vortex_droid_controller_pkg/share/vortex_droid_controller_pkg/hook/pythonpath.sh'
[8.028s] Level 1:colcon.colcon_core.environment:checking '/home/student20/Downloads/coursework2/install/vortex_droid_controller_pkg/bin'
[8.028s] Level 1:colcon.colcon_core.environment:create_environment_scripts_only(vortex_droid_controller_pkg)
[8.029s] INFO:colcon.colcon_core.shell:Creating package descriptor '/home/student20/Downloads/coursework2/install/vortex_droid_controller_pkg/share/vortex_droid_controller_pkg/package.dsv'
[8.030s] INFO:colcon.colcon_core.shell:Creating package script '/home/student20/Downloads/coursework2/install/vortex_droid_controller_pkg/share/vortex_droid_controller_pkg/package.sh'
[8.031s] INFO:colcon.colcon_core.shell:Creating package script '/home/student20/Downloads/coursework2/install/vortex_droid_controller_pkg/share/vortex_droid_controller_pkg/package.bash'
[8.032s] INFO:colcon.colcon_core.shell:Creating package script '/home/student20/Downloads/coursework2/install/vortex_droid_controller_pkg/share/vortex_droid_controller_pkg/package.zsh'
[8.033s] Level 1:colcon.colcon_core.environment:create_file_with_runtime_dependencies(/home/student20/Downloads/coursework2/install/vortex_droid_controller_pkg/share/colcon-core/packages/vortex_droid_controller_pkg)
[8.033s] DEBUG:colcon.colcon_parallel_executor.executor.parallel:closing loop
[8.035s] DEBUG:colcon.colcon_parallel_executor.executor.parallel:loop closed
[8.035s] DEBUG:colcon.colcon_parallel_executor.executor.parallel:run_until_complete finished with '0'
[8.036s] DEBUG:colcon.colcon_core.event_reactor:joining thread
[8.055s] INFO:colcon.colcon_core.plugin_system:Skipping extension 'colcon_notification.desktop_notification.terminal_notifier': Not used on non-Darwin systems
[8.055s] INFO:colcon.colcon_core.plugin_system:Skipping extension 'colcon_notification.desktop_notification.win32': Not used on non-Windows systems
[8.056s] INFO:colcon.colcon_notification.desktop_notification:Sending desktop notification using 'notify2'
[8.117s] DEBUG:colcon.colcon_core.event_reactor:joined thread
[8.118s] INFO:colcon.colcon_core.shell:Creating prefix script '/home/student20/Downloads/coursework2/install/local_setup.sh'
[8.120s] INFO:colcon.colcon_core.shell:Creating prefix util module '/home/student20/Downloads/coursework2/install/_local_setup_util_sh.py'
[8.123s] INFO:colcon.colcon_core.shell:Creating prefix chain script '/home/student20/Downloads/coursework2/install/setup.sh'
[8.126s] INFO:colcon.colcon_core.shell:Creating prefix script '/home/student20/Downloads/coursework2/install/local_setup.bash'
[8.128s] INFO:colcon.colcon_core.shell:Creating prefix chain script '/home/student20/Downloads/coursework2/install/setup.bash'
[8.132s] INFO:colcon.colcon_core.shell:Creating prefix script '/home/student20/Downloads/coursework2/install/local_setup.zsh'
[8.134s] INFO:colcon.colcon_core.shell:Creating prefix chain script '/home/student20/Downloads/coursework2/install/setup.zsh'
