[0.024s] Invoking command in '/home/student20/assessments/week3/build/custom_message_package': CMAKE_PREFIX_PATH=${CMAKE_PREFIX_PATH}:/opt/ros/jazzy DEBUGINFOD_URLS=https://debuginfod.ubuntu.com /usr/bin/cmake /home/student20/assessments/week3/src/custom_message_package -DCMAKE_INSTALL_PREFIX=/home/student20/assessments/week3/install/custom_message_package
[0.172s] -- The C compiler identification is GNU 13.3.0
[0.351s] -- The CXX compiler identification is GNU 13.3.0
[0.402s] -- Detecting C compiler ABI info
[0.672s] -- Detecting C compiler ABI info - done
[0.699s] -- Check for working C compiler: /usr/bin/cc - skipped
[0.700s] -- Detecting C compile features
[0.701s] -- Detecting C compile features - done
[0.720s] -- Detecting CXX compiler ABI info
[0.950s] -- Detecting CXX compiler ABI info - done
[0.970s] -- Check for working CXX compiler: /usr/bin/c++ - skipped
[0.970s] -- Detecting CXX compile features
[0.971s] -- Detecting CXX compile features - done
[0.974s] -- Found ament_cmake: 2.5.4 (/opt/ros/jazzy/share/ament_cmake/cmake)
[1.251s] -- Found Python3: /usr/local/bin/python3.10 (found version "3.10.11") found components: Interpreter 
[1.478s] -- Found rosidl_cmake: 4.6.6 (/opt/ros/jazzy/share/rosidl_cmake/cmake)
[1.481s] -- Found rosidl_adapter: 4.6.6 (/opt/ros/jazzy/share/rosidl_adapter/cmake)
[1.791s] CMake Error at /opt/ros/jazzy/share/rosidl_adapter/cmake/rosidl_adapt_interfaces.cmake:57 (message):
[1.791s]   execute_process(/usr/local/bin/python3.10 -m rosidl_adapter --package-name
[1.791s]   custom_message_package --arguments-file
[1.791s]   /home/student20/assessments/week3/build/custom_message_package/rosidl_adapter__arguments__custom_message_package.json
[1.791s]   --output-dir
[1.792s]   /home/student20/assessments/week3/build/custom_message_package/rosidl_adapter/custom_message_package
[1.792s]   --output-file
[1.792s]   /home/student20/assessments/week3/build/custom_message_package/rosidl_adapter/custom_message_package.idls)
[1.792s]   returned error code 1:
[1.792s] 
[1.792s]   Traceback (most recent call last):
[1.792s] 
[1.792s]     File "/usr/local/lib/python3.10/runpy.py", line 196, in _run_module_as_main
[1.792s]       return _run_code(code, main_globals, None,
[1.792s]     File "/usr/local/lib/python3.10/runpy.py", line 86, in _run_code
[1.793s]       exec(code, run_globals)
[1.793s]     File "/opt/ros/jazzy/lib/python3.12/site-packages/rosidl_adapter/__main__.py", line 19, in <module>
[1.793s]       sys.exit(main())
[1.793s]     File "/opt/ros/jazzy/lib/python3.12/site-packages/rosidl_adapter/main.py", line 53, in main
[1.793s]       abs_idl_file = convert_to_idl(
[1.793s]     File "/opt/ros/jazzy/lib/python3.12/site-packages/rosidl_adapter/__init__.py", line 18, in convert_to_idl
[1.793s]       from rosidl_adapter.msg import convert_msg_to_idl
[1.793s]     File "/opt/ros/jazzy/lib/python3.12/site-packages/rosidl_adapter/msg/__init__.py", line 16, in <module>
[1.794s]       from rosidl_adapter.resource import expand_template
[1.794s]     File "/opt/ros/jazzy/lib/python3.12/site-packages/rosidl_adapter/resource/__init__.py", line 19, in <module>
[1.794s]       import em
[1.794s] 
[1.794s]   ModuleNotFoundError: No module named 'em'
[1.794s] 
[1.794s] Call Stack (most recent call first):
[1.794s]   /opt/ros/jazzy/share/rosidl_cmake/cmake/rosidl_generate_interfaces.cmake:132 (rosidl_adapt_interfaces)
[1.795s]   CMakeLists.txt:11 (rosidl_generate_interfaces)
[1.795s] 
[1.795s] 
[1.795s] -- Configuring incomplete, errors occurred!
