[2.586s] Invoking command in '/home/student20/assessments/week8/src/kia': DEBUGINFOD_URLS=https://debuginfod.ubuntu.com PYTHONPATH=/home/student20/assessments/week8/build/kia/prefix_override:/usr/lib/python3/dist-packages/colcon_core/task/python/colcon_distutils_commands:/home/student20/assessments/week8/install/kia/lib/python3.12/site-packages:${PYTHONPATH} /usr/bin/python3 -W ignore:setup.py install is deprecated -W ignore:easy_install command is deprecated setup.py egg_info --egg-base ../../build/kia build --build-base /home/student20/assessments/week8/build/kia/build install --record /home/student20/assessments/week8/build/kia/install.log --single-version-externally-managed install_data
[3.306s] running egg_info
[3.348s] writing ../../build/kia/kia.egg-info/PKG-INFO
[3.348s] writing dependency_links to ../../build/kia/kia.egg-info/dependency_links.txt
[3.350s] writing entry points to ../../build/kia/kia.egg-info/entry_points.txt
[3.350s] writing requirements to ../../build/kia/kia.egg-info/requires.txt
[3.351s] writing top-level names to ../../build/kia/kia.egg-info/top_level.txt
[3.435s] reading manifest file '../../build/kia/kia.egg-info/SOURCES.txt'
[3.437s] writing manifest file '../../build/kia/kia.egg-info/SOURCES.txt'
[3.437s] running build
[3.437s] running build_py
[3.438s] running install
[3.448s] running install_lib
[3.471s] running install_data
[3.471s] running install_egg_info
[3.502s] removing '/home/student20/assessments/week8/install/kia/lib/python3.12/site-packages/kia-0.0.0-py3.12.egg-info' (and everything under it)
[3.505s] Copying ../../build/kia/kia.egg-info to /home/student20/assessments/week8/install/kia/lib/python3.12/site-packages/kia-0.0.0-py3.12.egg-info
[3.505s] running install_scripts
[3.728s] Installing syllabus script to /home/student20/assessments/week8/install/kia/lib/kia
[3.729s] writing list of installed files to '/home/student20/assessments/week8/build/kia/install.log'
[3.821s] Invoked command in '/home/student20/assessments/week8/src/kia' returned '0': DEBUGINFOD_URLS=https://debuginfod.ubuntu.com PYTHONPATH=/home/student20/assessments/week8/build/kia/prefix_override:/usr/lib/python3/dist-packages/colcon_core/task/python/colcon_distutils_commands:/home/student20/assessments/week8/install/kia/lib/python3.12/site-packages:${PYTHONPATH} /usr/bin/python3 -W ignore:setup.py install is deprecated -W ignore:easy_install command is deprecated setup.py egg_info --egg-base ../../build/kia build --build-base /home/student20/assessments/week8/build/kia/build install --record /home/student20/assessments/week8/build/kia/install.log --single-version-externally-managed install_data
