[0.988s] Invoking command in '/home/student20/assessments/week9/src/manchester': DEBUGINFOD_URLS=https://debuginfod.ubuntu.com PYTHONPATH=/home/student20/assessments/week9/build/manchester/prefix_override:/usr/lib/python3/dist-packages/colcon_core/task/python/colcon_distutils_commands:/home/student20/assessments/week9/install/manchester/lib/python3.12/site-packages:${PYTHONPATH} /usr/bin/python3 -W ignore:setup.py install is deprecated -W ignore:easy_install command is deprecated setup.py egg_info --egg-base ../../build/manchester build --build-base /home/student20/assessments/week9/build/manchester/build install --record /home/student20/assessments/week9/build/manchester/install.log --single-version-externally-managed install_data
[1.188s] running egg_info
[1.189s] creating ../../build/manchester/manchester.egg-info
[1.200s] writing ../../build/manchester/manchester.egg-info/PKG-INFO
[1.200s] writing dependency_links to ../../build/manchester/manchester.egg-info/dependency_links.txt
[1.200s] writing requirements to ../../build/manchester/manchester.egg-info/requires.txt
[1.200s] writing top-level names to ../../build/manchester/manchester.egg-info/top_level.txt
[1.201s] writing manifest file '../../build/manchester/manchester.egg-info/SOURCES.txt'
[1.246s] reading manifest file '../../build/manchester/manchester.egg-info/SOURCES.txt'
[1.247s] writing manifest file '../../build/manchester/manchester.egg-info/SOURCES.txt'
[1.247s] running build
[1.247s] running build_py
[1.247s] creating /home/student20/assessments/week9/build/manchester/build
[1.247s] creating /home/student20/assessments/week9/build/manchester/build/lib
[1.247s] creating /home/student20/assessments/week9/build/manchester/build/lib/manchester
[1.247s] copying manchester/__init__.py -> /home/student20/assessments/week9/build/manchester/build/lib/manchester
[1.248s] running install
[1.252s] running install_lib
[1.264s] creating /home/student20/assessments/week9/install/manchester/lib/python3.12/site-packages/manchester
[1.264s] copying /home/student20/assessments/week9/build/manchester/build/lib/manchester/__init__.py -> /home/student20/assessments/week9/install/manchester/lib/python3.12/site-packages/manchester
[1.264s] byte-compiling /home/student20/assessments/week9/install/manchester/lib/python3.12/site-packages/manchester/__init__.py to __init__.cpython-312.pyc
[1.264s] running install_data
[1.264s] creating /home/student20/assessments/week9/install/manchester/share/ament_index
[1.265s] creating /home/student20/assessments/week9/install/manchester/share/ament_index/resource_index
[1.265s] creating /home/student20/assessments/week9/install/manchester/share/ament_index/resource_index/packages
[1.265s] copying resource/manchester -> /home/student20/assessments/week9/install/manchester/share/ament_index/resource_index/packages
[1.265s] copying package.xml -> /home/student20/assessments/week9/install/manchester/share/manchester
[1.265s] creating /home/student20/assessments/week9/install/manchester/share/manchester/launch
[1.265s] copying launch/visit_launch.py -> /home/student20/assessments/week9/install/manchester/share/manchester/launch
[1.265s] running install_egg_info
[1.287s] Copying ../../build/manchester/manchester.egg-info to /home/student20/assessments/week9/install/manchester/lib/python3.12/site-packages/manchester-0.0.0-py3.12.egg-info
[1.288s] running install_scripts
[1.371s] writing list of installed files to '/home/student20/assessments/week9/build/manchester/install.log'
[1.395s] Invoked command in '/home/student20/assessments/week9/src/manchester' returned '0': DEBUGINFOD_URLS=https://debuginfod.ubuntu.com PYTHONPATH=/home/student20/assessments/week9/build/manchester/prefix_override:/usr/lib/python3/dist-packages/colcon_core/task/python/colcon_distutils_commands:/home/student20/assessments/week9/install/manchester/lib/python3.12/site-packages:${PYTHONPATH} /usr/bin/python3 -W ignore:setup.py install is deprecated -W ignore:easy_install command is deprecated setup.py egg_info --egg-base ../../build/manchester build --build-base /home/student20/assessments/week9/build/manchester/build install --record /home/student20/assessments/week9/build/manchester/install.log --single-version-externally-managed install_data
