[0.236s] DEBUG:colcon:Command line arguments: ['/usr/bin/colcon', 'build', '--symlink-install']
[0.236s] DEBUG:colcon:Parsed command line arguments: Namespace(log_base=None, log_level=None, verb_name='build', build_base='build', install_base='install', merge_install=False, symlink_install=True, test_result_base=None, continue_on_error=False, executor='parallel', parallel_workers=12, event_handlers=None, ignore_user_meta=False, metas=['./colcon.meta'], base_paths=['.'], packages_ignore=None, packages_ignore_regex=None, paths=None, packages_up_to=None, packages_up_to_regex=None, packages_above=None, packages_above_and_dependencies=None, packages_above_depth=None, packages_select_by_dep=None, packages_skip_by_dep=None, packages_skip_up_to=None, packages_select_build_failed=False, packages_skip_build_finished=False, packages_select_test_failures=False, packages_skip_test_passed=False, packages_select=None, packages_skip=None, packages_select_regex=None, packages_skip_regex=None, packages_start=None, packages_end=None, cmake_args=None, cmake_target=None, cmake_target_skip_unavailable=False, cmake_clean_cache=False, cmake_clean_first=False, cmake_force_configure=False, ament_cmake_args=None, catkin_cmake_args=None, catkin_skip_building_tests=False, verb_parser=<colcon_defaults.argument_parser.defaults.DefaultArgumentsDecorator object at 0x76556622dfa0>, verb_extension=<colcon_core.verb.build.BuildVerb object at 0x76556622c860>, main=<bound method BuildVerb.main of <colcon_core.verb.build.BuildVerb object at 0x76556622c860>>)
[0.353s] Level 1:colcon.colcon_core.package_discovery:discover_packages(colcon_meta) check parameters
[0.353s] Level 1:colcon.colcon_core.package_discovery:discover_packages(recursive) check parameters
[0.353s] Level 1:colcon.colcon_core.package_discovery:discover_packages(ignore) check parameters
[0.353s] Level 1:colcon.colcon_core.package_discovery:discover_packages(path) check parameters
[0.354s] Level 1:colcon.colcon_core.package_discovery:discover_packages(colcon_meta) discover
[0.354s] Level 1:colcon.colcon_core.package_discovery:discover_packages(recursive) discover
[0.354s] INFO:colcon.colcon_core.package_discovery:Crawling recursively for packages in '/home/student20/assessments/coursework1'
[0.354s] Level 1:colcon.colcon_core.package_identification:_identify(.) by extensions ['ignore', 'ignore_ament_install']
[0.355s] Level 1:colcon.colcon_core.package_identification:_identify(.) by extension 'ignore'
[0.355s] Level 1:colcon.colcon_core.package_identification:_identify(.) by extension 'ignore_ament_install'
[0.355s] Level 1:colcon.colcon_core.package_identification:_identify(.) by extensions ['colcon_pkg']
[0.355s] Level 1:colcon.colcon_core.package_identification:_identify(.) by extension 'colcon_pkg'
[0.355s] Level 1:colcon.colcon_core.package_identification:_identify(.) by extensions ['colcon_meta']
[0.355s] Level 1:colcon.colcon_core.package_identification:_identify(.) by extension 'colcon_meta'
[0.355s] Level 1:colcon.colcon_core.package_identification:_identify(.) by extensions ['ros']
[0.355s] Level 1:colcon.colcon_core.package_identification:_identify(.) by extension 'ros'
[0.438s] Level 1:colcon.colcon_core.package_identification:_identify(.) by extensions ['cmake', 'python']
[0.438s] Level 1:colcon.colcon_core.package_identification:_identify(.) by extension 'cmake'
[0.438s] Level 1:colcon.colcon_core.package_identification:_identify(.) by extension 'python'
[0.438s] Level 1:colcon.colcon_core.package_identification:_identify(.) by extensions ['python_setup_py']
[0.438s] Level 1:colcon.colcon_core.package_identification:_identify(.) by extension 'python_setup_py'
[0.439s] Level 1:colcon.colcon_core.package_identification:_identify(build) by extensions ['ignore', 'ignore_ament_install']
[0.439s] Level 1:colcon.colcon_core.package_identification:_identify(build) by extension 'ignore'
[0.439s] Level 1:colcon.colcon_core.package_identification:_identify(build) ignored
[0.439s] Level 1:colcon.colcon_core.package_identification:_identify(install) by extensions ['ignore', 'ignore_ament_install']
[0.440s] Level 1:colcon.colcon_core.package_identification:_identify(install) by extension 'ignore'
[0.440s] Level 1:colcon.colcon_core.package_identification:_identify(install) ignored
[0.440s] Level 1:colcon.colcon_core.package_identification:_identify(log) by extensions ['ignore', 'ignore_ament_install']
[0.440s] Level 1:colcon.colcon_core.package_identification:_identify(log) by extension 'ignore'
[0.441s] Level 1:colcon.colcon_core.package_identification:_identify(log) ignored
[0.441s] Level 1:colcon.colcon_core.package_identification:_identify(src) by extensions ['ignore', 'ignore_ament_install']
[0.441s] Level 1:colcon.colcon_core.package_identification:_identify(src) by extension 'ignore'
[0.441s] Level 1:colcon.colcon_core.package_identification:_identify(src) by extension 'ignore_ament_install'
[0.441s] Level 1:colcon.colcon_core.package_identification:_identify(src) by extensions ['colcon_pkg']
[0.442s] Level 1:colcon.colcon_core.package_identification:_identify(src) by extension 'colcon_pkg'
[0.442s] Level 1:colcon.colcon_core.package_identification:_identify(src) by extensions ['colcon_meta']
[0.442s] Level 1:colcon.colcon_core.package_identification:_identify(src) by extension 'colcon_meta'
[0.442s] Level 1:colcon.colcon_core.package_identification:_identify(src) by extensions ['ros']
[0.442s] Level 1:colcon.colcon_core.package_identification:_identify(src) by extension 'ros'
[0.442s] Level 1:colcon.colcon_core.package_identification:_identify(src) by extensions ['cmake', 'python']
[0.442s] Level 1:colcon.colcon_core.package_identification:_identify(src) by extension 'cmake'
[0.443s] Level 1:colcon.colcon_core.package_identification:_identify(src) by extension 'python'
[0.443s] Level 1:colcon.colcon_core.package_identification:_identify(src) by extensions ['python_setup_py']
[0.443s] Level 1:colcon.colcon_core.package_identification:_identify(src) by extension 'python_setup_py'
[0.443s] Level 1:colcon.colcon_core.package_identification:_identify(src/beta_pilot_controller_pkg) by extensions ['ignore', 'ignore_ament_install']
[0.443s] Level 1:colcon.colcon_core.package_identification:_identify(src/beta_pilot_controller_pkg) by extension 'ignore'
[0.443s] Level 1:colcon.colcon_core.package_identification:_identify(src/beta_pilot_controller_pkg) by extension 'ignore_ament_install'
[0.443s] Level 1:colcon.colcon_core.package_identification:_identify(src/beta_pilot_controller_pkg) by extensions ['colcon_pkg']
[0.443s] Level 1:colcon.colcon_core.package_identification:_identify(src/beta_pilot_controller_pkg) by extension 'colcon_pkg'
[0.443s] Level 1:colcon.colcon_core.package_identification:_identify(src/beta_pilot_controller_pkg) by extensions ['colcon_meta']
[0.443s] Level 1:colcon.colcon_core.package_identification:_identify(src/beta_pilot_controller_pkg) by extension 'colcon_meta'
[0.443s] Level 1:colcon.colcon_core.package_identification:_identify(src/beta_pilot_controller_pkg) by extensions ['ros']
[0.444s] Level 1:colcon.colcon_core.package_identification:_identify(src/beta_pilot_controller_pkg) by extension 'ros'
[0.450s] DEBUG:colcon.colcon_core.package_identification:Package 'src/beta_pilot_controller_pkg' with type 'ros.ament_python' and name 'beta_pilot_controller_pkg'
[0.450s] Level 1:colcon.colcon_core.package_identification:_identify(src/beta_pilot_launch_pkg) by extensions ['ignore', 'ignore_ament_install']
[0.450s] Level 1:colcon.colcon_core.package_identification:_identify(src/beta_pilot_launch_pkg) by extension 'ignore'
[0.450s] Level 1:colcon.colcon_core.package_identification:_identify(src/beta_pilot_launch_pkg) by extension 'ignore_ament_install'
[0.450s] Level 1:colcon.colcon_core.package_identification:_identify(src/beta_pilot_launch_pkg) by extensions ['colcon_pkg']
[0.450s] Level 1:colcon.colcon_core.package_identification:_identify(src/beta_pilot_launch_pkg) by extension 'colcon_pkg'
[0.451s] Level 1:colcon.colcon_core.package_identification:_identify(src/beta_pilot_launch_pkg) by extensions ['colcon_meta']
[0.451s] Level 1:colcon.colcon_core.package_identification:_identify(src/beta_pilot_launch_pkg) by extension 'colcon_meta'
[0.451s] Level 1:colcon.colcon_core.package_identification:_identify(src/beta_pilot_launch_pkg) by extensions ['ros']
[0.451s] Level 1:colcon.colcon_core.package_identification:_identify(src/beta_pilot_launch_pkg) by extension 'ros'
[0.452s] DEBUG:colcon.colcon_core.package_identification:Package 'src/beta_pilot_launch_pkg' with type 'ros.ament_python' and name 'beta_pilot_launch_pkg'
[0.452s] Level 1:colcon.colcon_core.package_identification:_identify(src/beta_pilot_pkg) by extensions ['ignore', 'ignore_ament_install']
[0.452s] Level 1:colcon.colcon_core.package_identification:_identify(src/beta_pilot_pkg) by extension 'ignore'
[0.452s] Level 1:colcon.colcon_core.package_identification:_identify(src/beta_pilot_pkg) by extension 'ignore_ament_install'
[0.452s] Level 1:colcon.colcon_core.package_identification:_identify(src/beta_pilot_pkg) by extensions ['colcon_pkg']
[0.452s] Level 1:colcon.colcon_core.package_identification:_identify(src/beta_pilot_pkg) by extension 'colcon_pkg'
[0.452s] Level 1:colcon.colcon_core.package_identification:_identify(src/beta_pilot_pkg) by extensions ['colcon_meta']
[0.452s] Level 1:colcon.colcon_core.package_identification:_identify(src/beta_pilot_pkg) by extension 'colcon_meta'
[0.452s] Level 1:colcon.colcon_core.package_identification:_identify(src/beta_pilot_pkg) by extensions ['ros']
[0.452s] Level 1:colcon.colcon_core.package_identification:_identify(src/beta_pilot_pkg) by extension 'ros'
[0.453s] DEBUG:colcon.colcon_core.package_identification:Package 'src/beta_pilot_pkg' with type 'ros.ament_python' and name 'beta_pilot_pkg'
[0.453s] Level 1:colcon.colcon_core.package_identification:_identify(src/sfr_coursework1_interface_package) by extensions ['ignore', 'ignore_ament_install']
[0.453s] Level 1:colcon.colcon_core.package_identification:_identify(src/sfr_coursework1_interface_package) by extension 'ignore'
[0.454s] Level 1:colcon.colcon_core.package_identification:_identify(src/sfr_coursework1_interface_package) by extension 'ignore_ament_install'
[0.454s] Level 1:colcon.colcon_core.package_identification:_identify(src/sfr_coursework1_interface_package) by extensions ['colcon_pkg']
[0.454s] Level 1:colcon.colcon_core.package_identification:_identify(src/sfr_coursework1_interface_package) by extension 'colcon_pkg'
[0.454s] Level 1:colcon.colcon_core.package_identification:_identify(src/sfr_coursework1_interface_package) by extensions ['colcon_meta']
[0.454s] Level 1:colcon.colcon_core.package_identification:_identify(src/sfr_coursework1_interface_package) by extension 'colcon_meta'
[0.454s] Level 1:colcon.colcon_core.package_identification:_identify(src/sfr_coursework1_interface_package) by extensions ['ros']
[0.454s] Level 1:colcon.colcon_core.package_identification:_identify(src/sfr_coursework1_interface_package) by extension 'ros'
[0.455s] DEBUG:colcon.colcon_core.package_identification:Package 'src/sfr_coursework1_interface_package' with type 'ros.ament_cmake' and name 'sfr_coursework1_interface_package'
[0.455s] Level 1:colcon.colcon_core.package_discovery:discover_packages(recursive) using defaults
[0.455s] Level 1:colcon.colcon_core.package_discovery:discover_packages(ignore) discover
[0.455s] Level 1:colcon.colcon_core.package_discovery:discover_packages(ignore) using defaults
[0.455s] Level 1:colcon.colcon_core.package_discovery:discover_packages(path) discover
[0.455s] Level 1:colcon.colcon_core.package_discovery:discover_packages(path) using defaults
[0.493s] Level 5:colcon.colcon_core.verb:set package 'beta_pilot_launch_pkg' build argument 'cmake_args' from command line to 'None'
[0.493s] Level 5:colcon.colcon_core.verb:set package 'beta_pilot_launch_pkg' build argument 'cmake_target' from command line to 'None'
[0.493s] Level 5:colcon.colcon_core.verb:set package 'beta_pilot_launch_pkg' build argument 'cmake_target_skip_unavailable' from command line to 'False'
[0.494s] Level 5:colcon.colcon_core.verb:set package 'beta_pilot_launch_pkg' build argument 'cmake_clean_cache' from command line to 'False'
[0.494s] Level 5:colcon.colcon_core.verb:set package 'beta_pilot_launch_pkg' build argument 'cmake_clean_first' from command line to 'False'
[0.494s] Level 5:colcon.colcon_core.verb:set package 'beta_pilot_launch_pkg' build argument 'cmake_force_configure' from command line to 'False'
[0.494s] Level 5:colcon.colcon_core.verb:set package 'beta_pilot_launch_pkg' build argument 'ament_cmake_args' from command line to 'None'
[0.494s] Level 5:colcon.colcon_core.verb:set package 'beta_pilot_launch_pkg' build argument 'catkin_cmake_args' from command line to 'None'
[0.494s] Level 5:colcon.colcon_core.verb:set package 'beta_pilot_launch_pkg' build argument 'catkin_skip_building_tests' from command line to 'False'
[0.494s] DEBUG:colcon.colcon_core.verb:Building package 'beta_pilot_launch_pkg' with the following arguments: {'ament_cmake_args': None, 'build_base': '/home/student20/assessments/coursework1/build/beta_pilot_launch_pkg', 'catkin_cmake_args': None, 'catkin_skip_building_tests': False, 'cmake_args': None, 'cmake_clean_cache': False, 'cmake_clean_first': False, 'cmake_force_configure': False, 'cmake_target': None, 'cmake_target_skip_unavailable': False, 'install_base': '/home/student20/assessments/coursework1/install/beta_pilot_launch_pkg', 'merge_install': False, 'path': '/home/student20/assessments/coursework1/src/beta_pilot_launch_pkg', 'symlink_install': True, 'test_result_base': None}
[0.494s] Level 5:colcon.colcon_core.verb:set package 'beta_pilot_pkg' build argument 'cmake_args' from command line to 'None'
[0.494s] Level 5:colcon.colcon_core.verb:set package 'beta_pilot_pkg' build argument 'cmake_target' from command line to 'None'
[0.494s] Level 5:colcon.colcon_core.verb:set package 'beta_pilot_pkg' build argument 'cmake_target_skip_unavailable' from command line to 'False'
[0.495s] Level 5:colcon.colcon_core.verb:set package 'beta_pilot_pkg' build argument 'cmake_clean_cache' from command line to 'False'
[0.495s] Level 5:colcon.colcon_core.verb:set package 'beta_pilot_pkg' build argument 'cmake_clean_first' from command line to 'False'
[0.495s] Level 5:colcon.colcon_core.verb:set package 'beta_pilot_pkg' build argument 'cmake_force_configure' from command line to 'False'
[0.495s] Level 5:colcon.colcon_core.verb:set package 'beta_pilot_pkg' build argument 'ament_cmake_args' from command line to 'None'
[0.495s] Level 5:colcon.colcon_core.verb:set package 'beta_pilot_pkg' build argument 'catkin_cmake_args' from command line to 'None'
[0.495s] Level 5:colcon.colcon_core.verb:set package 'beta_pilot_pkg' build argument 'catkin_skip_building_tests' from command line to 'False'
[0.495s] DEBUG:colcon.colcon_core.verb:Building package 'beta_pilot_pkg' with the following arguments: {'ament_cmake_args': None, 'build_base': '/home/student20/assessments/coursework1/build/beta_pilot_pkg', 'catkin_cmake_args': None, 'catkin_skip_building_tests': False, 'cmake_args': None, 'cmake_clean_cache': False, 'cmake_clean_first': False, 'cmake_force_configure': False, 'cmake_target': None, 'cmake_target_skip_unavailable': False, 'install_base': '/home/student20/assessments/coursework1/install/beta_pilot_pkg', 'merge_install': False, 'path': '/home/student20/assessments/coursework1/src/beta_pilot_pkg', 'symlink_install': True, 'test_result_base': None}
[0.495s] Level 5:colcon.colcon_core.verb:set package 'sfr_coursework1_interface_package' build argument 'cmake_args' from command line to 'None'
[0.495s] Level 5:colcon.colcon_core.verb:set package 'sfr_coursework1_interface_package' build argument 'cmake_target' from command line to 'None'
[0.495s] Level 5:colcon.colcon_core.verb:set package 'sfr_coursework1_interface_package' build argument 'cmake_target_skip_unavailable' from command line to 'False'
[0.495s] Level 5:colcon.colcon_core.verb:set package 'sfr_coursework1_interface_package' build argument 'cmake_clean_cache' from command line to 'False'
[0.495s] Level 5:colcon.colcon_core.verb:set package 'sfr_coursework1_interface_package' build argument 'cmake_clean_first' from command line to 'False'
[0.495s] Level 5:colcon.colcon_core.verb:set package 'sfr_coursework1_interface_package' build argument 'cmake_force_configure' from command line to 'False'
[0.495s] Level 5:colcon.colcon_core.verb:set package 'sfr_coursework1_interface_package' build argument 'ament_cmake_args' from command line to 'None'
[0.496s] Level 5:colcon.colcon_core.verb:set package 'sfr_coursework1_interface_package' build argument 'catkin_cmake_args' from command line to 'None'
[0.496s] Level 5:colcon.colcon_core.verb:set package 'sfr_coursework1_interface_package' build argument 'catkin_skip_building_tests' from command line to 'False'
[0.496s] DEBUG:colcon.colcon_core.verb:Building package 'sfr_coursework1_interface_package' with the following arguments: {'ament_cmake_args': None, 'build_base': '/home/student20/assessments/coursework1/build/sfr_coursework1_interface_package', 'catkin_cmake_args': None, 'catkin_skip_building_tests': False, 'cmake_args': None, 'cmake_clean_cache': False, 'cmake_clean_first': False, 'cmake_force_configure': False, 'cmake_target': None, 'cmake_target_skip_unavailable': False, 'install_base': '/home/student20/assessments/coursework1/install/sfr_coursework1_interface_package', 'merge_install': False, 'path': '/home/student20/assessments/coursework1/src/sfr_coursework1_interface_package', 'symlink_install': True, 'test_result_base': None}
[0.496s] Level 5:colcon.colcon_core.verb:set package 'beta_pilot_controller_pkg' build argument 'cmake_args' from command line to 'None'
[0.496s] Level 5:colcon.colcon_core.verb:set package 'beta_pilot_controller_pkg' build argument 'cmake_target' from command line to 'None'
[0.496s] Level 5:colcon.colcon_core.verb:set package 'beta_pilot_controller_pkg' build argument 'cmake_target_skip_unavailable' from command line to 'False'
[0.496s] Level 5:colcon.colcon_core.verb:set package 'beta_pilot_controller_pkg' build argument 'cmake_clean_cache' from command line to 'False'
[0.496s] Level 5:colcon.colcon_core.verb:set package 'beta_pilot_controller_pkg' build argument 'cmake_clean_first' from command line to 'False'
[0.496s] Level 5:colcon.colcon_core.verb:set package 'beta_pilot_controller_pkg' build argument 'cmake_force_configure' from command line to 'False'
[0.496s] Level 5:colcon.colcon_core.verb:set package 'beta_pilot_controller_pkg' build argument 'ament_cmake_args' from command line to 'None'
[0.496s] Level 5:colcon.colcon_core.verb:set package 'beta_pilot_controller_pkg' build argument 'catkin_cmake_args' from command line to 'None'
[0.496s] Level 5:colcon.colcon_core.verb:set package 'beta_pilot_controller_pkg' build argument 'catkin_skip_building_tests' from command line to 'False'
[0.496s] DEBUG:colcon.colcon_core.verb:Building package 'beta_pilot_controller_pkg' with the following arguments: {'ament_cmake_args': None, 'build_base': '/home/student20/assessments/coursework1/build/beta_pilot_controller_pkg', 'catkin_cmake_args': None, 'catkin_skip_building_tests': False, 'cmake_args': None, 'cmake_clean_cache': False, 'cmake_clean_first': False, 'cmake_force_configure': False, 'cmake_target': None, 'cmake_target_skip_unavailable': False, 'install_base': '/home/student20/assessments/coursework1/install/beta_pilot_controller_pkg', 'merge_install': False, 'path': '/home/student20/assessments/coursework1/src/beta_pilot_controller_pkg', 'symlink_install': True, 'test_result_base': None}
[0.497s] INFO:colcon.colcon_core.executor:Executing jobs using 'parallel' executor
[0.499s] DEBUG:colcon.colcon_parallel_executor.executor.parallel:run_until_complete
[0.499s] INFO:colcon.colcon_ros.task.ament_cmake.build:Building ROS package in '/home/student20/assessments/coursework1/src/sfr_coursework1_interface_package' with build type 'ament_cmake'
[0.499s] INFO:colcon.colcon_cmake.task.cmake.build:Building CMake package in '/home/student20/assessments/coursework1/src/sfr_coursework1_interface_package'
[0.504s] INFO:colcon.colcon_core.plugin_system:Skipping extension 'colcon_core.shell.bat': Not used on non-Windows systems
[0.504s] DEBUG:colcon.colcon_core.shell:Skip shell extension 'dsv' for command environment
[0.506s] WARNING:colcon.colcon_ros.prefix_path.ament:The path '/home/student20/assessments/coursework1/install/beta_pilot_launch_pkg' in the environment variable AMENT_PREFIX_PATH doesn't exist
[0.506s] WARNING:colcon.colcon_ros.prefix_path.ament:The path '/home/student20/assessments/coursework1/install/beta_pilot_controller_pkg' in the environment variable AMENT_PREFIX_PATH doesn't exist
[0.506s] WARNING:colcon.colcon_ros.prefix_path.ament:The path '/home/student20/assessments/coursework1/install/sfr_coursework1_interface_package' in the environment variable AMENT_PREFIX_PATH doesn't exist
[0.506s] WARNING:colcon.colcon_ros.prefix_path.ament:The path '/home/student20/assessments/coursework1/install/launch_package' in the environment variable AMENT_PREFIX_PATH doesn't exist
[0.506s] WARNING:colcon.colcon_ros.prefix_path.ament:The path '/home/student20/assessments/coursework1/install/beta_pilot_pkg' in the environment variable AMENT_PREFIX_PATH doesn't exist
[0.506s] WARNING:colcon.colcon_ros.prefix_path.catkin:The path '/home/student20/assessments/coursework1/install/sfr_coursework1_interface_package' in the environment variable CMAKE_PREFIX_PATH doesn't exist
[0.515s] INFO:colcon.colcon_ros.task.ament_python.build:Building ROS package in '/home/student20/assessments/coursework1/src/beta_pilot_launch_pkg' with build type 'ament_python'
[0.515s] Level 1:colcon.colcon_core.shell:create_environment_hook('beta_pilot_launch_pkg', 'ament_prefix_path')
[0.516s] INFO:colcon.colcon_core.shell:Creating environment descriptor '/home/student20/assessments/coursework1/install/beta_pilot_launch_pkg/share/beta_pilot_launch_pkg/hook/ament_prefix_path.dsv'
[0.520s] INFO:colcon.colcon_core.shell:Creating environment hook '/home/student20/assessments/coursework1/install/beta_pilot_launch_pkg/share/beta_pilot_launch_pkg/hook/ament_prefix_path.sh'
[0.522s] DEBUG:colcon.colcon_core.shell:Skip shell extension 'dsv' for command environment
[0.537s] INFO:colcon.colcon_ros.task.ament_python.build:Building ROS package in '/home/student20/assessments/coursework1/src/beta_pilot_pkg' with build type 'ament_python'
[0.537s] Level 1:colcon.colcon_core.shell:create_environment_hook('beta_pilot_pkg', 'ament_prefix_path')
[0.538s] INFO:colcon.colcon_core.shell:Creating environment descriptor '/home/student20/assessments/coursework1/install/beta_pilot_pkg/share/beta_pilot_pkg/hook/ament_prefix_path.dsv'
[0.543s] INFO:colcon.colcon_core.shell:Creating environment hook '/home/student20/assessments/coursework1/install/beta_pilot_pkg/share/beta_pilot_pkg/hook/ament_prefix_path.sh'
[0.546s] DEBUG:colcon.colcon_core.shell:Skip shell extension 'dsv' for command environment
[0.576s] DEBUG:colcon.colcon_core.event_handler.log_command:Invoking command in '/home/student20/assessments/coursework1/build/sfr_coursework1_interface_package': CMAKE_PREFIX_PATH=${CMAKE_PREFIX_PATH}:/home/student20/assessments/coursework1/install/beta_pilot_launch_pkg:/home/student20/assessments/coursework1/install/beta_pilot_controller_pkg:/home/student20/assessments/coursework1/install/launch_package:/home/student20/assessments/coursework1/install/beta_pilot_pkg:/opt/ros/jazzy DEBUGINFOD_URLS=https://debuginfod.ubuntu.com /usr/bin/cmake /home/student20/assessments/coursework1/src/sfr_coursework1_interface_package -DAMENT_CMAKE_SYMLINK_INSTALL=1 -DCMAKE_INSTALL_PREFIX=/home/student20/assessments/coursework1/install/sfr_coursework1_interface_package
[1.286s] INFO:colcon.colcon_core.task.python.build:Building Python package in '/home/student20/assessments/coursework1/src/beta_pilot_launch_pkg'
[1.287s] DEBUG:colcon.colcon_core.shell:Skip shell extension 'dsv' for command environment
[2.000s] INFO:colcon.colcon_core.task.python.build:Building Python package in '/home/student20/assessments/coursework1/src/beta_pilot_pkg'
[2.001s] DEBUG:colcon.colcon_core.shell:Skip shell extension 'dsv' for command environment
[3.339s] DEBUG:colcon.colcon_core.event_handler.log_command:Invoking command in '/home/student20/assessments/coursework1/build/beta_pilot_launch_pkg': DEBUGINFOD_URLS=https://debuginfod.ubuntu.com PYTHONPATH=/home/student20/assessments/coursework1/build/beta_pilot_launch_pkg/prefix_override:/usr/lib/python3/dist-packages/colcon_core/task/python/colcon_distutils_commands:/home/student20/assessments/coursework1/install/beta_pilot_launch_pkg/lib/python3.12/site-packages:${PYTHONPATH} /usr/bin/python3 -W ignore:setup.py install is deprecated -W ignore:easy_install command is deprecated setup.py develop --editable --build-directory /home/student20/assessments/coursework1/build/beta_pilot_launch_pkg/build --no-deps symlink_data
[3.792s] DEBUG:colcon.colcon_core.event_handler.log_command:Invoking command in '/home/student20/assessments/coursework1/build/beta_pilot_pkg': DEBUGINFOD_URLS=https://debuginfod.ubuntu.com PYTHONPATH=/home/student20/assessments/coursework1/build/beta_pilot_pkg/prefix_override:/usr/lib/python3/dist-packages/colcon_core/task/python/colcon_distutils_commands:/home/student20/assessments/coursework1/install/beta_pilot_pkg/lib/python3.12/site-packages:${PYTHONPATH} /usr/bin/python3 -W ignore:setup.py install is deprecated -W ignore:easy_install command is deprecated setup.py develop --editable --build-directory /home/student20/assessments/coursework1/build/beta_pilot_pkg/build --no-deps symlink_data
[5.334s] Level 1:colcon.colcon_core.shell:create_environment_hook('beta_pilot_launch_pkg', 'pythonpath_develop')
[5.335s] INFO:colcon.colcon_core.shell:Creating environment descriptor '/home/student20/assessments/coursework1/build/beta_pilot_launch_pkg/share/beta_pilot_launch_pkg/hook/pythonpath_develop.dsv'
[5.339s] DEBUG:colcon.colcon_core.event_handler.log_command:Invoked command in '/home/student20/assessments/coursework1/build/beta_pilot_launch_pkg' returned '0': DEBUGINFOD_URLS=https://debuginfod.ubuntu.com PYTHONPATH=/home/student20/assessments/coursework1/build/beta_pilot_launch_pkg/prefix_override:/usr/lib/python3/dist-packages/colcon_core/task/python/colcon_distutils_commands:/home/student20/assessments/coursework1/install/beta_pilot_launch_pkg/lib/python3.12/site-packages:${PYTHONPATH} /usr/bin/python3 -W ignore:setup.py install is deprecated -W ignore:easy_install command is deprecated setup.py develop --editable --build-directory /home/student20/assessments/coursework1/build/beta_pilot_launch_pkg/build --no-deps symlink_data
[5.341s] INFO:colcon.colcon_core.shell:Creating environment hook '/home/student20/assessments/coursework1/build/beta_pilot_launch_pkg/share/beta_pilot_launch_pkg/hook/pythonpath_develop.sh'
[5.354s] Level 1:colcon.colcon_core.environment:checking '/home/student20/assessments/coursework1/install/beta_pilot_launch_pkg' for CMake module files
[5.356s] Level 1:colcon.colcon_core.environment:checking '/home/student20/assessments/coursework1/install/beta_pilot_launch_pkg' for CMake config files
[5.358s] Level 1:colcon.colcon_core.environment:checking '/home/student20/assessments/coursework1/install/beta_pilot_launch_pkg/lib'
[5.359s] Level 1:colcon.colcon_core.environment:checking '/home/student20/assessments/coursework1/install/beta_pilot_launch_pkg/bin'
[5.360s] Level 1:colcon.colcon_core.environment:checking '/home/student20/assessments/coursework1/install/beta_pilot_launch_pkg/lib/pkgconfig/beta_pilot_launch_pkg.pc'
[5.361s] Level 1:colcon.colcon_core.environment:checking '/home/student20/assessments/coursework1/install/beta_pilot_launch_pkg/lib/python3.12/site-packages'
[5.361s] Level 1:colcon.colcon_core.shell:create_environment_hook('beta_pilot_launch_pkg', 'pythonpath')
[5.362s] INFO:colcon.colcon_core.shell:Creating environment descriptor '/home/student20/assessments/coursework1/install/beta_pilot_launch_pkg/share/beta_pilot_launch_pkg/hook/pythonpath.dsv'
[5.363s] INFO:colcon.colcon_core.shell:Creating environment hook '/home/student20/assessments/coursework1/install/beta_pilot_launch_pkg/share/beta_pilot_launch_pkg/hook/pythonpath.sh'
[5.366s] Level 1:colcon.colcon_core.environment:checking '/home/student20/assessments/coursework1/install/beta_pilot_launch_pkg/bin'
[5.366s] Level 1:colcon.colcon_core.environment:create_environment_scripts_only(beta_pilot_launch_pkg)
[5.367s] INFO:colcon.colcon_core.shell:Creating package descriptor '/home/student20/assessments/coursework1/install/beta_pilot_launch_pkg/share/beta_pilot_launch_pkg/package.dsv'
[5.369s] INFO:colcon.colcon_core.shell:Creating package script '/home/student20/assessments/coursework1/install/beta_pilot_launch_pkg/share/beta_pilot_launch_pkg/package.sh'
[5.373s] INFO:colcon.colcon_core.shell:Creating package script '/home/student20/assessments/coursework1/install/beta_pilot_launch_pkg/share/beta_pilot_launch_pkg/package.bash'
[5.376s] INFO:colcon.colcon_core.shell:Creating package script '/home/student20/assessments/coursework1/install/beta_pilot_launch_pkg/share/beta_pilot_launch_pkg/package.zsh'
[5.379s] Level 1:colcon.colcon_core.environment:create_file_with_runtime_dependencies(/home/student20/assessments/coursework1/install/beta_pilot_launch_pkg/share/colcon-core/packages/beta_pilot_launch_pkg)
[5.876s] Level 1:colcon.colcon_core.shell:create_environment_hook('beta_pilot_pkg', 'pythonpath_develop')
[5.877s] INFO:colcon.colcon_core.shell:Creating environment descriptor '/home/student20/assessments/coursework1/build/beta_pilot_pkg/share/beta_pilot_pkg/hook/pythonpath_develop.dsv'
[5.878s] DEBUG:colcon.colcon_core.event_handler.log_command:Invoked command in '/home/student20/assessments/coursework1/build/beta_pilot_pkg' returned '0': DEBUGINFOD_URLS=https://debuginfod.ubuntu.com PYTHONPATH=/home/student20/assessments/coursework1/build/beta_pilot_pkg/prefix_override:/usr/lib/python3/dist-packages/colcon_core/task/python/colcon_distutils_commands:/home/student20/assessments/coursework1/install/beta_pilot_pkg/lib/python3.12/site-packages:${PYTHONPATH} /usr/bin/python3 -W ignore:setup.py install is deprecated -W ignore:easy_install command is deprecated setup.py develop --editable --build-directory /home/student20/assessments/coursework1/build/beta_pilot_pkg/build --no-deps symlink_data
[5.880s] INFO:colcon.colcon_core.shell:Creating environment hook '/home/student20/assessments/coursework1/build/beta_pilot_pkg/share/beta_pilot_pkg/hook/pythonpath_develop.sh'
[5.884s] Level 1:colcon.colcon_core.environment:checking '/home/student20/assessments/coursework1/install/beta_pilot_pkg' for CMake module files
[5.886s] Level 1:colcon.colcon_core.environment:checking '/home/student20/assessments/coursework1/install/beta_pilot_pkg' for CMake config files
[5.889s] Level 1:colcon.colcon_core.environment:checking '/home/student20/assessments/coursework1/install/beta_pilot_pkg/lib'
[5.890s] Level 1:colcon.colcon_core.environment:checking '/home/student20/assessments/coursework1/install/beta_pilot_pkg/bin'
[5.890s] Level 1:colcon.colcon_core.environment:checking '/home/student20/assessments/coursework1/install/beta_pilot_pkg/lib/pkgconfig/beta_pilot_pkg.pc'
[5.891s] Level 1:colcon.colcon_core.environment:checking '/home/student20/assessments/coursework1/install/beta_pilot_pkg/lib/python3.12/site-packages'
[5.891s] Level 1:colcon.colcon_core.shell:create_environment_hook('beta_pilot_pkg', 'pythonpath')
[5.892s] INFO:colcon.colcon_core.shell:Creating environment descriptor '/home/student20/assessments/coursework1/install/beta_pilot_pkg/share/beta_pilot_pkg/hook/pythonpath.dsv'
[5.894s] INFO:colcon.colcon_core.shell:Creating environment hook '/home/student20/assessments/coursework1/install/beta_pilot_pkg/share/beta_pilot_pkg/hook/pythonpath.sh'
[5.897s] Level 1:colcon.colcon_core.environment:checking '/home/student20/assessments/coursework1/install/beta_pilot_pkg/bin'
[5.898s] Level 1:colcon.colcon_core.environment:create_environment_scripts_only(beta_pilot_pkg)
[5.899s] INFO:colcon.colcon_core.shell:Creating package descriptor '/home/student20/assessments/coursework1/install/beta_pilot_pkg/share/beta_pilot_pkg/package.dsv'
[5.901s] INFO:colcon.colcon_core.shell:Creating package script '/home/student20/assessments/coursework1/install/beta_pilot_pkg/share/beta_pilot_pkg/package.sh'
[5.903s] INFO:colcon.colcon_core.shell:Creating package script '/home/student20/assessments/coursework1/install/beta_pilot_pkg/share/beta_pilot_pkg/package.bash'
[5.905s] INFO:colcon.colcon_core.shell:Creating package script '/home/student20/assessments/coursework1/install/beta_pilot_pkg/share/beta_pilot_pkg/package.zsh'
[5.906s] Level 1:colcon.colcon_core.environment:create_file_with_runtime_dependencies(/home/student20/assessments/coursework1/install/beta_pilot_pkg/share/colcon-core/packages/beta_pilot_pkg)
[9.904s] DEBUG:colcon.colcon_core.event_handler.log_command:Invoked command in '/home/student20/assessments/coursework1/build/sfr_coursework1_interface_package' returned '0': CMAKE_PREFIX_PATH=${CMAKE_PREFIX_PATH}:/home/student20/assessments/coursework1/install/beta_pilot_launch_pkg:/home/student20/assessments/coursework1/install/beta_pilot_controller_pkg:/home/student20/assessments/coursework1/install/launch_package:/home/student20/assessments/coursework1/install/beta_pilot_pkg:/opt/ros/jazzy DEBUGINFOD_URLS=https://debuginfod.ubuntu.com /usr/bin/cmake /home/student20/assessments/coursework1/src/sfr_coursework1_interface_package -DAMENT_CMAKE_SYMLINK_INSTALL=1 -DCMAKE_INSTALL_PREFIX=/home/student20/assessments/coursework1/install/sfr_coursework1_interface_package
[9.907s] DEBUG:colcon.colcon_core.event_handler.log_command:Invoking command in '/home/student20/assessments/coursework1/build/sfr_coursework1_interface_package': CMAKE_PREFIX_PATH=${CMAKE_PREFIX_PATH}:/home/student20/assessments/coursework1/install/beta_pilot_launch_pkg:/home/student20/assessments/coursework1/install/beta_pilot_controller_pkg:/home/student20/assessments/coursework1/install/launch_package:/home/student20/assessments/coursework1/install/beta_pilot_pkg:/opt/ros/jazzy DEBUGINFOD_URLS=https://debuginfod.ubuntu.com /usr/bin/cmake --build /home/student20/assessments/coursework1/build/sfr_coursework1_interface_package -- -j12 -l12
[19.448s] DEBUG:colcon.colcon_core.event_handler.log_command:Invoked command in '/home/student20/assessments/coursework1/build/sfr_coursework1_interface_package' returned '0': CMAKE_PREFIX_PATH=${CMAKE_PREFIX_PATH}:/home/student20/assessments/coursework1/install/beta_pilot_launch_pkg:/home/student20/assessments/coursework1/install/beta_pilot_controller_pkg:/home/student20/assessments/coursework1/install/launch_package:/home/student20/assessments/coursework1/install/beta_pilot_pkg:/opt/ros/jazzy DEBUGINFOD_URLS=https://debuginfod.ubuntu.com /usr/bin/cmake --build /home/student20/assessments/coursework1/build/sfr_coursework1_interface_package -- -j12 -l12
[19.473s] DEBUG:colcon.colcon_core.event_handler.log_command:Invoking command in '/home/student20/assessments/coursework1/build/sfr_coursework1_interface_package': CMAKE_PREFIX_PATH=${CMAKE_PREFIX_PATH}:/home/student20/assessments/coursework1/install/beta_pilot_launch_pkg:/home/student20/assessments/coursework1/install/beta_pilot_controller_pkg:/home/student20/assessments/coursework1/install/launch_package:/home/student20/assessments/coursework1/install/beta_pilot_pkg:/opt/ros/jazzy DEBUGINFOD_URLS=https://debuginfod.ubuntu.com /usr/bin/cmake --install /home/student20/assessments/coursework1/build/sfr_coursework1_interface_package
[21.880s] Level 1:colcon.colcon_core.environment:create_environment_scripts_only(sfr_coursework1_interface_package)
[21.881s] Level 1:colcon.colcon_core.environment:checking '/home/student20/assessments/coursework1/install/sfr_coursework1_interface_package' for CMake module files
[21.883s] DEBUG:colcon.colcon_core.event_handler.log_command:Invoked command in '/home/student20/assessments/coursework1/build/sfr_coursework1_interface_package' returned '0': CMAKE_PREFIX_PATH=${CMAKE_PREFIX_PATH}:/home/student20/assessments/coursework1/install/beta_pilot_launch_pkg:/home/student20/assessments/coursework1/install/beta_pilot_controller_pkg:/home/student20/assessments/coursework1/install/launch_package:/home/student20/assessments/coursework1/install/beta_pilot_pkg:/opt/ros/jazzy DEBUGINFOD_URLS=https://debuginfod.ubuntu.com /usr/bin/cmake --install /home/student20/assessments/coursework1/build/sfr_coursework1_interface_package
[21.885s] Level 1:colcon.colcon_core.environment:checking '/home/student20/assessments/coursework1/install/sfr_coursework1_interface_package' for CMake config files
[21.887s] Level 1:colcon.colcon_core.shell:create_environment_hook('sfr_coursework1_interface_package', 'cmake_prefix_path')
[21.887s] INFO:colcon.colcon_core.shell:Creating environment descriptor '/home/student20/assessments/coursework1/install/sfr_coursework1_interface_package/share/sfr_coursework1_interface_package/hook/cmake_prefix_path.dsv'
[21.888s] INFO:colcon.colcon_core.shell:Creating environment hook '/home/student20/assessments/coursework1/install/sfr_coursework1_interface_package/share/sfr_coursework1_interface_package/hook/cmake_prefix_path.sh'
[21.889s] Level 1:colcon.colcon_core.environment:checking '/home/student20/assessments/coursework1/install/sfr_coursework1_interface_package/lib'
[21.890s] Level 1:colcon.colcon_core.shell:create_environment_hook('sfr_coursework1_interface_package', 'ld_library_path_lib')
[21.890s] INFO:colcon.colcon_core.shell:Creating environment descriptor '/home/student20/assessments/coursework1/install/sfr_coursework1_interface_package/share/sfr_coursework1_interface_package/hook/ld_library_path_lib.dsv'
[21.891s] INFO:colcon.colcon_core.shell:Creating environment hook '/home/student20/assessments/coursework1/install/sfr_coursework1_interface_package/share/sfr_coursework1_interface_package/hook/ld_library_path_lib.sh'
[21.892s] Level 1:colcon.colcon_core.environment:checking '/home/student20/assessments/coursework1/install/sfr_coursework1_interface_package/bin'
[21.892s] Level 1:colcon.colcon_core.environment:checking '/home/student20/assessments/coursework1/install/sfr_coursework1_interface_package/lib/pkgconfig/sfr_coursework1_interface_package.pc'
[21.893s] Level 1:colcon.colcon_core.environment:checking '/home/student20/assessments/coursework1/install/sfr_coursework1_interface_package/lib/python3.12/site-packages'
[21.893s] Level 1:colcon.colcon_core.shell:create_environment_hook('sfr_coursework1_interface_package', 'pythonpath')
[21.894s] INFO:colcon.colcon_core.shell:Creating environment descriptor '/home/student20/assessments/coursework1/install/sfr_coursework1_interface_package/share/sfr_coursework1_interface_package/hook/pythonpath.dsv'
[21.895s] INFO:colcon.colcon_core.shell:Creating environment hook '/home/student20/assessments/coursework1/install/sfr_coursework1_interface_package/share/sfr_coursework1_interface_package/hook/pythonpath.sh'
[21.897s] Level 1:colcon.colcon_core.environment:checking '/home/student20/assessments/coursework1/install/sfr_coursework1_interface_package/bin'
[21.898s] INFO:colcon.colcon_core.shell:Creating package descriptor '/home/student20/assessments/coursework1/install/sfr_coursework1_interface_package/share/sfr_coursework1_interface_package/package.dsv'
[21.899s] INFO:colcon.colcon_core.shell:Creating package script '/home/student20/assessments/coursework1/install/sfr_coursework1_interface_package/share/sfr_coursework1_interface_package/package.sh'
[21.900s] INFO:colcon.colcon_core.shell:Creating package script '/home/student20/assessments/coursework1/install/sfr_coursework1_interface_package/share/sfr_coursework1_interface_package/package.bash'
[21.901s] INFO:colcon.colcon_core.shell:Creating package script '/home/student20/assessments/coursework1/install/sfr_coursework1_interface_package/share/sfr_coursework1_interface_package/package.zsh'
[21.901s] Level 1:colcon.colcon_core.environment:create_file_with_runtime_dependencies(/home/student20/assessments/coursework1/install/sfr_coursework1_interface_package/share/colcon-core/packages/sfr_coursework1_interface_package)
[21.902s] Level 1:colcon.colcon_core.environment:create_environment_scripts_only(sfr_coursework1_interface_package)
[21.902s] Level 1:colcon.colcon_core.environment:checking '/home/student20/assessments/coursework1/install/sfr_coursework1_interface_package' for CMake module files
[21.903s] Level 1:colcon.colcon_core.environment:checking '/home/student20/assessments/coursework1/install/sfr_coursework1_interface_package' for CMake config files
[21.904s] Level 1:colcon.colcon_core.shell:create_environment_hook('sfr_coursework1_interface_package', 'cmake_prefix_path')
[21.905s] INFO:colcon.colcon_core.shell:Creating environment descriptor '/home/student20/assessments/coursework1/install/sfr_coursework1_interface_package/share/sfr_coursework1_interface_package/hook/cmake_prefix_path.dsv'
[21.905s] INFO:colcon.colcon_core.shell:Creating environment hook '/home/student20/assessments/coursework1/install/sfr_coursework1_interface_package/share/sfr_coursework1_interface_package/hook/cmake_prefix_path.sh'
[21.906s] Level 1:colcon.colcon_core.environment:checking '/home/student20/assessments/coursework1/install/sfr_coursework1_interface_package/lib'
[21.906s] Level 1:colcon.colcon_core.shell:create_environment_hook('sfr_coursework1_interface_package', 'ld_library_path_lib')
[21.907s] INFO:colcon.colcon_core.shell:Creating environment descriptor '/home/student20/assessments/coursework1/install/sfr_coursework1_interface_package/share/sfr_coursework1_interface_package/hook/ld_library_path_lib.dsv'
[21.907s] INFO:colcon.colcon_core.shell:Creating environment hook '/home/student20/assessments/coursework1/install/sfr_coursework1_interface_package/share/sfr_coursework1_interface_package/hook/ld_library_path_lib.sh'
[21.908s] Level 1:colcon.colcon_core.environment:checking '/home/student20/assessments/coursework1/install/sfr_coursework1_interface_package/bin'
[21.908s] Level 1:colcon.colcon_core.environment:checking '/home/student20/assessments/coursework1/install/sfr_coursework1_interface_package/lib/pkgconfig/sfr_coursework1_interface_package.pc'
[21.909s] Level 1:colcon.colcon_core.environment:checking '/home/student20/assessments/coursework1/install/sfr_coursework1_interface_package/lib/python3.12/site-packages'
[21.909s] Level 1:colcon.colcon_core.shell:create_environment_hook('sfr_coursework1_interface_package', 'pythonpath')
[21.909s] INFO:colcon.colcon_core.shell:Creating environment descriptor '/home/student20/assessments/coursework1/install/sfr_coursework1_interface_package/share/sfr_coursework1_interface_package/hook/pythonpath.dsv'
[21.910s] INFO:colcon.colcon_core.shell:Creating environment hook '/home/student20/assessments/coursework1/install/sfr_coursework1_interface_package/share/sfr_coursework1_interface_package/hook/pythonpath.sh'
[21.911s] Level 1:colcon.colcon_core.environment:checking '/home/student20/assessments/coursework1/install/sfr_coursework1_interface_package/bin'
[21.912s] INFO:colcon.colcon_core.shell:Creating package descriptor '/home/student20/assessments/coursework1/install/sfr_coursework1_interface_package/share/sfr_coursework1_interface_package/package.dsv'
[21.913s] INFO:colcon.colcon_core.shell:Creating package script '/home/student20/assessments/coursework1/install/sfr_coursework1_interface_package/share/sfr_coursework1_interface_package/package.sh'
[21.914s] INFO:colcon.colcon_core.shell:Creating package script '/home/student20/assessments/coursework1/install/sfr_coursework1_interface_package/share/sfr_coursework1_interface_package/package.bash'
[21.914s] INFO:colcon.colcon_core.shell:Creating package script '/home/student20/assessments/coursework1/install/sfr_coursework1_interface_package/share/sfr_coursework1_interface_package/package.zsh'
[21.915s] Level 1:colcon.colcon_core.environment:create_file_with_runtime_dependencies(/home/student20/assessments/coursework1/install/sfr_coursework1_interface_package/share/colcon-core/packages/sfr_coursework1_interface_package)
[21.916s] INFO:colcon.colcon_ros.task.ament_python.build:Building ROS package in '/home/student20/assessments/coursework1/src/beta_pilot_controller_pkg' with build type 'ament_python'
[21.916s] Level 1:colcon.colcon_core.shell:create_environment_hook('beta_pilot_controller_pkg', 'ament_prefix_path')
[21.916s] INFO:colcon.colcon_core.shell:Creating environment descriptor '/home/student20/assessments/coursework1/install/beta_pilot_controller_pkg/share/beta_pilot_controller_pkg/hook/ament_prefix_path.dsv'
[21.918s] INFO:colcon.colcon_core.shell:Creating environment hook '/home/student20/assessments/coursework1/install/beta_pilot_controller_pkg/share/beta_pilot_controller_pkg/hook/ament_prefix_path.sh'
[21.919s] DEBUG:colcon.colcon_core.shell:Skip shell extension 'dsv' for command environment
[22.784s] INFO:colcon.colcon_core.task.python.build:Building Python package in '/home/student20/assessments/coursework1/src/beta_pilot_controller_pkg'
[22.785s] DEBUG:colcon.colcon_core.shell:Skip shell extension 'dsv' for command environment
[23.909s] DEBUG:colcon.colcon_core.event_handler.log_command:Invoking command in '/home/student20/assessments/coursework1/build/beta_pilot_controller_pkg': DEBUGINFOD_URLS=https://debuginfod.ubuntu.com PYTHONPATH=/home/student20/assessments/coursework1/build/beta_pilot_controller_pkg/prefix_override:/usr/lib/python3/dist-packages/colcon_core/task/python/colcon_distutils_commands:/home/student20/assessments/coursework1/install/beta_pilot_controller_pkg/lib/python3.12/site-packages:/home/student20/assessments/coursework1/install/sfr_coursework1_interface_package/lib/python3.12/site-packages:/home/student20/assessments/coursework1/build/beta_pilot_launch_pkg:/home/student20/assessments/coursework1/install/beta_pilot_launch_pkg/lib/python3.12/site-packages:/home/student20/assessments/coursework1/build/beta_pilot_controller_pkg:/home/student20/assessments/coursework1/install/beta_pilot_controller_pkg/lib/python3.12/site-packages:/home/student20/assessments/coursework1/build/launch_package:/home/student20/assessments/coursework1/install/launch_package/lib/python3.12/site-packages:/home/student20/assessments/coursework1/build/beta_pilot_pkg:/home/student20/assessments/coursework1/install/beta_pilot_pkg/lib/python3.12/site-packages:/opt/ros/jazzy/lib/python3.12/site-packages /usr/bin/python3 -W ignore:setup.py install is deprecated -W ignore:easy_install command is deprecated setup.py develop --editable --build-directory /home/student20/assessments/coursework1/build/beta_pilot_controller_pkg/build --no-deps symlink_data
[25.168s] Level 1:colcon.colcon_core.shell:create_environment_hook('beta_pilot_controller_pkg', 'pythonpath_develop')
[25.169s] INFO:colcon.colcon_core.shell:Creating environment descriptor '/home/student20/assessments/coursework1/build/beta_pilot_controller_pkg/share/beta_pilot_controller_pkg/hook/pythonpath_develop.dsv'
[25.171s] DEBUG:colcon.colcon_core.event_handler.log_command:Invoked command in '/home/student20/assessments/coursework1/build/beta_pilot_controller_pkg' returned '0': DEBUGINFOD_URLS=https://debuginfod.ubuntu.com PYTHONPATH=/home/student20/assessments/coursework1/build/beta_pilot_controller_pkg/prefix_override:/usr/lib/python3/dist-packages/colcon_core/task/python/colcon_distutils_commands:/home/student20/assessments/coursework1/install/beta_pilot_controller_pkg/lib/python3.12/site-packages:/home/student20/assessments/coursework1/install/sfr_coursework1_interface_package/lib/python3.12/site-packages:/home/student20/assessments/coursework1/build/beta_pilot_launch_pkg:/home/student20/assessments/coursework1/install/beta_pilot_launch_pkg/lib/python3.12/site-packages:/home/student20/assessments/coursework1/build/beta_pilot_controller_pkg:/home/student20/assessments/coursework1/install/beta_pilot_controller_pkg/lib/python3.12/site-packages:/home/student20/assessments/coursework1/build/launch_package:/home/student20/assessments/coursework1/install/launch_package/lib/python3.12/site-packages:/home/student20/assessments/coursework1/build/beta_pilot_pkg:/home/student20/assessments/coursework1/install/beta_pilot_pkg/lib/python3.12/site-packages:/opt/ros/jazzy/lib/python3.12/site-packages /usr/bin/python3 -W ignore:setup.py install is deprecated -W ignore:easy_install command is deprecated setup.py develop --editable --build-directory /home/student20/assessments/coursework1/build/beta_pilot_controller_pkg/build --no-deps symlink_data
[25.172s] INFO:colcon.colcon_core.shell:Creating environment hook '/home/student20/assessments/coursework1/build/beta_pilot_controller_pkg/share/beta_pilot_controller_pkg/hook/pythonpath_develop.sh'
[25.174s] Level 1:colcon.colcon_core.environment:checking '/home/student20/assessments/coursework1/install/beta_pilot_controller_pkg' for CMake module files
[25.176s] Level 1:colcon.colcon_core.environment:checking '/home/student20/assessments/coursework1/install/beta_pilot_controller_pkg' for CMake config files
[25.178s] Level 1:colcon.colcon_core.environment:checking '/home/student20/assessments/coursework1/install/beta_pilot_controller_pkg/lib'
[25.179s] Level 1:colcon.colcon_core.environment:checking '/home/student20/assessments/coursework1/install/beta_pilot_controller_pkg/bin'
[25.179s] Level 1:colcon.colcon_core.environment:checking '/home/student20/assessments/coursework1/install/beta_pilot_controller_pkg/lib/pkgconfig/beta_pilot_controller_pkg.pc'
[25.180s] Level 1:colcon.colcon_core.environment:checking '/home/student20/assessments/coursework1/install/beta_pilot_controller_pkg/lib/python3.12/site-packages'
[25.180s] Level 1:colcon.colcon_core.shell:create_environment_hook('beta_pilot_controller_pkg', 'pythonpath')
[25.181s] INFO:colcon.colcon_core.shell:Creating environment descriptor '/home/student20/assessments/coursework1/install/beta_pilot_controller_pkg/share/beta_pilot_controller_pkg/hook/pythonpath.dsv'
[25.182s] INFO:colcon.colcon_core.shell:Creating environment hook '/home/student20/assessments/coursework1/install/beta_pilot_controller_pkg/share/beta_pilot_controller_pkg/hook/pythonpath.sh'
[25.185s] Level 1:colcon.colcon_core.environment:checking '/home/student20/assessments/coursework1/install/beta_pilot_controller_pkg/bin'
[25.185s] Level 1:colcon.colcon_core.environment:create_environment_scripts_only(beta_pilot_controller_pkg)
[25.186s] INFO:colcon.colcon_core.shell:Creating package descriptor '/home/student20/assessments/coursework1/install/beta_pilot_controller_pkg/share/beta_pilot_controller_pkg/package.dsv'
[25.187s] INFO:colcon.colcon_core.shell:Creating package script '/home/student20/assessments/coursework1/install/beta_pilot_controller_pkg/share/beta_pilot_controller_pkg/package.sh'
[25.189s] INFO:colcon.colcon_core.shell:Creating package script '/home/student20/assessments/coursework1/install/beta_pilot_controller_pkg/share/beta_pilot_controller_pkg/package.bash'
[25.190s] INFO:colcon.colcon_core.shell:Creating package script '/home/student20/assessments/coursework1/install/beta_pilot_controller_pkg/share/beta_pilot_controller_pkg/package.zsh'
[25.191s] Level 1:colcon.colcon_core.environment:create_file_with_runtime_dependencies(/home/student20/assessments/coursework1/install/beta_pilot_controller_pkg/share/colcon-core/packages/beta_pilot_controller_pkg)
[25.192s] DEBUG:colcon.colcon_parallel_executor.executor.parallel:closing loop
[25.192s] DEBUG:colcon.colcon_parallel_executor.executor.parallel:loop closed
[25.192s] DEBUG:colcon.colcon_parallel_executor.executor.parallel:run_until_complete finished with '0'
[25.193s] DEBUG:colcon.colcon_core.event_reactor:joining thread
[25.207s] INFO:colcon.colcon_core.plugin_system:Skipping extension 'colcon_notification.desktop_notification.terminal_notifier': Not used on non-Darwin systems
[25.208s] INFO:colcon.colcon_core.plugin_system:Skipping extension 'colcon_notification.desktop_notification.win32': Not used on non-Windows systems
[25.208s] INFO:colcon.colcon_notification.desktop_notification:Sending desktop notification using 'notify2'
[25.249s] DEBUG:colcon.colcon_core.event_reactor:joined thread
[25.249s] INFO:colcon.colcon_core.shell:Creating prefix script '/home/student20/assessments/coursework1/install/local_setup.sh'
[25.251s] INFO:colcon.colcon_core.shell:Creating prefix util module '/home/student20/assessments/coursework1/install/_local_setup_util_sh.py'
[25.254s] INFO:colcon.colcon_core.shell:Creating prefix chain script '/home/student20/assessments/coursework1/install/setup.sh'
[25.258s] INFO:colcon.colcon_core.shell:Creating prefix script '/home/student20/assessments/coursework1/install/local_setup.bash'
[25.260s] INFO:colcon.colcon_core.shell:Creating prefix chain script '/home/student20/assessments/coursework1/install/setup.bash'
[25.265s] INFO:colcon.colcon_core.shell:Creating prefix script '/home/student20/assessments/coursework1/install/local_setup.zsh'
[25.267s] INFO:colcon.colcon_core.shell:Creating prefix chain script '/home/student20/assessments/coursework1/install/setup.zsh'
