[0.187s] DEBUG:colcon:Command line arguments: ['/usr/bin/colcon', 'build']
[0.187s] DEBUG:colcon:Parsed command line arguments: Namespace(log_base=None, log_level=None, verb_name='build', build_base='build', install_base='install', merge_install=False, symlink_install=False, test_result_base=None, continue_on_error=False, executor='parallel', parallel_workers=12, event_handlers=None, ignore_user_meta=False, metas=['./colcon.meta'], base_paths=['.'], packages_ignore=None, packages_ignore_regex=None, paths=None, packages_up_to=None, packages_up_to_regex=None, packages_above=None, packages_above_and_dependencies=None, packages_above_depth=None, packages_select_by_dep=None, packages_skip_by_dep=None, packages_skip_up_to=None, packages_select_build_failed=False, packages_skip_build_finished=False, packages_select_test_failures=False, packages_skip_test_passed=False, packages_select=None, packages_skip=None, packages_select_regex=None, packages_skip_regex=None, packages_start=None, packages_end=None, cmake_args=None, cmake_target=None, cmake_target_skip_unavailable=False, cmake_clean_cache=False, cmake_clean_first=False, cmake_force_configure=False, ament_cmake_args=None, catkin_cmake_args=None, catkin_skip_building_tests=False, verb_parser=<colcon_defaults.argument_parser.defaults.DefaultArgumentsDecorator object at 0x79cf1fc24c20>, verb_extension=<colcon_core.verb.build.BuildVerb object at 0x79cf1fc24bf0>, main=<bound method BuildVerb.main of <colcon_core.verb.build.BuildVerb object at 0x79cf1fc24bf0>>)
[0.265s] Level 1:colcon.colcon_core.package_discovery:discover_packages(colcon_meta) check parameters
[0.265s] Level 1:colcon.colcon_core.package_discovery:discover_packages(recursive) check parameters
[0.265s] Level 1:colcon.colcon_core.package_discovery:discover_packages(ignore) check parameters
[0.265s] Level 1:colcon.colcon_core.package_discovery:discover_packages(path) check parameters
[0.265s] Level 1:colcon.colcon_core.package_discovery:discover_packages(colcon_meta) discover
[0.266s] Level 1:colcon.colcon_core.package_discovery:discover_packages(recursive) discover
[0.266s] INFO:colcon.colcon_core.package_discovery:Crawling recursively for packages in '/home/student20/assessments/week7'
[0.266s] Level 1:colcon.colcon_core.package_identification:_identify(.) by extensions ['ignore', 'ignore_ament_install']
[0.266s] Level 1:colcon.colcon_core.package_identification:_identify(.) by extension 'ignore'
[0.266s] Level 1:colcon.colcon_core.package_identification:_identify(.) by extension 'ignore_ament_install'
[0.266s] Level 1:colcon.colcon_core.package_identification:_identify(.) by extensions ['colcon_pkg']
[0.266s] Level 1:colcon.colcon_core.package_identification:_identify(.) by extension 'colcon_pkg'
[0.266s] Level 1:colcon.colcon_core.package_identification:_identify(.) by extensions ['colcon_meta']
[0.266s] Level 1:colcon.colcon_core.package_identification:_identify(.) by extension 'colcon_meta'
[0.266s] Level 1:colcon.colcon_core.package_identification:_identify(.) by extensions ['ros']
[0.266s] Level 1:colcon.colcon_core.package_identification:_identify(.) by extension 'ros'
[0.322s] Level 1:colcon.colcon_core.package_identification:_identify(.) by extensions ['cmake', 'python']
[0.322s] Level 1:colcon.colcon_core.package_identification:_identify(.) by extension 'cmake'
[0.322s] Level 1:colcon.colcon_core.package_identification:_identify(.) by extension 'python'
[0.322s] Level 1:colcon.colcon_core.package_identification:_identify(.) by extensions ['python_setup_py']
[0.322s] Level 1:colcon.colcon_core.package_identification:_identify(.) by extension 'python_setup_py'
[0.322s] Level 1:colcon.colcon_core.package_identification:_identify(build) by extensions ['ignore', 'ignore_ament_install']
[0.323s] Level 1:colcon.colcon_core.package_identification:_identify(build) by extension 'ignore'
[0.323s] Level 1:colcon.colcon_core.package_identification:_identify(build) ignored
[0.323s] Level 1:colcon.colcon_core.package_identification:_identify(install) by extensions ['ignore', 'ignore_ament_install']
[0.323s] Level 1:colcon.colcon_core.package_identification:_identify(install) by extension 'ignore'
[0.323s] Level 1:colcon.colcon_core.package_identification:_identify(install) ignored
[0.323s] Level 1:colcon.colcon_core.package_identification:_identify(log) by extensions ['ignore', 'ignore_ament_install']
[0.324s] Level 1:colcon.colcon_core.package_identification:_identify(log) by extension 'ignore'
[0.324s] Level 1:colcon.colcon_core.package_identification:_identify(log) ignored
[0.324s] Level 1:colcon.colcon_core.package_identification:_identify(src) by extensions ['ignore', 'ignore_ament_install']
[0.324s] Level 1:colcon.colcon_core.package_identification:_identify(src) by extension 'ignore'
[0.324s] Level 1:colcon.colcon_core.package_identification:_identify(src) by extension 'ignore_ament_install'
[0.324s] Level 1:colcon.colcon_core.package_identification:_identify(src) by extensions ['colcon_pkg']
[0.324s] Level 1:colcon.colcon_core.package_identification:_identify(src) by extension 'colcon_pkg'
[0.324s] Level 1:colcon.colcon_core.package_identification:_identify(src) by extensions ['colcon_meta']
[0.324s] Level 1:colcon.colcon_core.package_identification:_identify(src) by extension 'colcon_meta'
[0.324s] Level 1:colcon.colcon_core.package_identification:_identify(src) by extensions ['ros']
[0.324s] Level 1:colcon.colcon_core.package_identification:_identify(src) by extension 'ros'
[0.324s] Level 1:colcon.colcon_core.package_identification:_identify(src) by extensions ['cmake', 'python']
[0.324s] Level 1:colcon.colcon_core.package_identification:_identify(src) by extension 'cmake'
[0.325s] Level 1:colcon.colcon_core.package_identification:_identify(src) by extension 'python'
[0.325s] Level 1:colcon.colcon_core.package_identification:_identify(src) by extensions ['python_setup_py']
[0.325s] Level 1:colcon.colcon_core.package_identification:_identify(src) by extension 'python_setup_py'
[0.325s] Level 1:colcon.colcon_core.package_identification:_identify(src/birmingham) by extensions ['ignore', 'ignore_ament_install']
[0.325s] Level 1:colcon.colcon_core.package_identification:_identify(src/birmingham) by extension 'ignore'
[0.325s] Level 1:colcon.colcon_core.package_identification:_identify(src/birmingham) by extension 'ignore_ament_install'
[0.325s] Level 1:colcon.colcon_core.package_identification:_identify(src/birmingham) by extensions ['colcon_pkg']
[0.325s] Level 1:colcon.colcon_core.package_identification:_identify(src/birmingham) by extension 'colcon_pkg'
[0.325s] Level 1:colcon.colcon_core.package_identification:_identify(src/birmingham) by extensions ['colcon_meta']
[0.325s] Level 1:colcon.colcon_core.package_identification:_identify(src/birmingham) by extension 'colcon_meta'
[0.325s] Level 1:colcon.colcon_core.package_identification:_identify(src/birmingham) by extensions ['ros']
[0.325s] Level 1:colcon.colcon_core.package_identification:_identify(src/birmingham) by extension 'ros'
[0.331s] DEBUG:colcon.colcon_core.package_identification:Found ROS schema reference in package manifest in 'src/birmingham'
[0.331s] WARNING:colcon.colcon_core.package_identification:Failed to parse ROS package manifest in 'src/birmingham': Error(s) in package 'src/birmingham/package.xml':
Error(s):
- The generic dependency on 'rclpy' is redundant with: exec_depend
- The generic dependency on 'std_msgs' is redundant with: exec_depend
- The generic dependency on 'sfr_ca7_interface_package' is redundant with: exec_depend
[0.331s] Level 1:colcon.colcon_core.package_identification:_identify(src/birmingham) by extensions ['cmake', 'python']
[0.331s] Level 1:colcon.colcon_core.package_identification:_identify(src/birmingham) by extension 'cmake'
[0.331s] Level 1:colcon.colcon_core.package_identification:_identify(src/birmingham) by extension 'python'
[0.331s] DEBUG:colcon.colcon_core.package_identification:Python package in 'src/birmingham' passes arguments to the setup() function which requires a different identification extension than 'python'
[0.331s] Level 1:colcon.colcon_core.package_identification:_identify(src/birmingham) by extensions ['python_setup_py']
[0.332s] Level 1:colcon.colcon_core.package_identification:_identify(src/birmingham) by extension 'python_setup_py'
[0.707s] DEBUG:colcon.colcon_core.package_identification:Package 'src/birmingham' with type 'python' and name 'birmingham'
[0.707s] Level 1:colcon.colcon_core.package_identification:_identify(src/bmw) by extensions ['ignore', 'ignore_ament_install']
[0.707s] Level 1:colcon.colcon_core.package_identification:_identify(src/bmw) by extension 'ignore'
[0.707s] Level 1:colcon.colcon_core.package_identification:_identify(src/bmw) by extension 'ignore_ament_install'
[0.708s] Level 1:colcon.colcon_core.package_identification:_identify(src/bmw) by extensions ['colcon_pkg']
[0.708s] Level 1:colcon.colcon_core.package_identification:_identify(src/bmw) by extension 'colcon_pkg'
[0.708s] Level 1:colcon.colcon_core.package_identification:_identify(src/bmw) by extensions ['colcon_meta']
[0.708s] Level 1:colcon.colcon_core.package_identification:_identify(src/bmw) by extension 'colcon_meta'
[0.708s] Level 1:colcon.colcon_core.package_identification:_identify(src/bmw) by extensions ['ros']
[0.708s] Level 1:colcon.colcon_core.package_identification:_identify(src/bmw) by extension 'ros'
[0.709s] DEBUG:colcon.colcon_core.package_identification:Found ROS schema reference in package manifest in 'src/bmw'
[0.710s] WARNING:colcon.colcon_core.package_identification:Failed to parse ROS package manifest in 'src/bmw': Error(s) in package 'src/bmw/package.xml':
Error(s):
- The generic dependency on 'rclpy' is redundant with: exec_depend
- The generic dependency on 'std_msgs' is redundant with: exec_depend
- The generic dependency on 'sfr_ca7_interface_package' is redundant with: exec_depend
[0.710s] Level 1:colcon.colcon_core.package_identification:_identify(src/bmw) by extensions ['cmake', 'python']
[0.710s] Level 1:colcon.colcon_core.package_identification:_identify(src/bmw) by extension 'cmake'
[0.710s] Level 1:colcon.colcon_core.package_identification:_identify(src/bmw) by extension 'python'
[0.710s] DEBUG:colcon.colcon_core.package_identification:Python package in 'src/bmw' passes arguments to the setup() function which requires a different identification extension than 'python'
[0.710s] Level 1:colcon.colcon_core.package_identification:_identify(src/bmw) by extensions ['python_setup_py']
[0.710s] Level 1:colcon.colcon_core.package_identification:_identify(src/bmw) by extension 'python_setup_py'
[1.146s] DEBUG:colcon.colcon_core.package_identification:Package 'src/bmw' with type 'python' and name 'bmw'
[1.146s] Level 1:colcon.colcon_core.package_identification:_identify(src/sfr_coursework1_interface_package) by extensions ['ignore', 'ignore_ament_install']
[1.147s] Level 1:colcon.colcon_core.package_identification:_identify(src/sfr_coursework1_interface_package) by extension 'ignore'
[1.147s] Level 1:colcon.colcon_core.package_identification:_identify(src/sfr_coursework1_interface_package) by extension 'ignore_ament_install'
[1.147s] Level 1:colcon.colcon_core.package_identification:_identify(src/sfr_coursework1_interface_package) by extensions ['colcon_pkg']
[1.147s] Level 1:colcon.colcon_core.package_identification:_identify(src/sfr_coursework1_interface_package) by extension 'colcon_pkg'
[1.147s] Level 1:colcon.colcon_core.package_identification:_identify(src/sfr_coursework1_interface_package) by extensions ['colcon_meta']
[1.147s] Level 1:colcon.colcon_core.package_identification:_identify(src/sfr_coursework1_interface_package) by extension 'colcon_meta'
[1.147s] Level 1:colcon.colcon_core.package_identification:_identify(src/sfr_coursework1_interface_package) by extensions ['ros']
[1.147s] Level 1:colcon.colcon_core.package_identification:_identify(src/sfr_coursework1_interface_package) by extension 'ros'
[1.150s] DEBUG:colcon.colcon_core.package_identification:Package 'src/sfr_coursework1_interface_package' with type 'ros.ament_cmake' and name 'sfr_coursework1_interface_package'
[1.150s] Level 1:colcon.colcon_core.package_discovery:discover_packages(recursive) using defaults
[1.150s] Level 1:colcon.colcon_core.package_discovery:discover_packages(ignore) discover
[1.150s] Level 1:colcon.colcon_core.package_discovery:discover_packages(ignore) using defaults
[1.150s] Level 1:colcon.colcon_core.package_discovery:discover_packages(path) discover
[1.150s] Level 1:colcon.colcon_core.package_discovery:discover_packages(path) using defaults
[1.180s] Level 5:colcon.colcon_core.verb:set package 'birmingham' build argument 'cmake_args' from command line to 'None'
[1.180s] Level 5:colcon.colcon_core.verb:set package 'birmingham' build argument 'cmake_target' from command line to 'None'
[1.180s] Level 5:colcon.colcon_core.verb:set package 'birmingham' build argument 'cmake_target_skip_unavailable' from command line to 'False'
[1.180s] Level 5:colcon.colcon_core.verb:set package 'birmingham' build argument 'cmake_clean_cache' from command line to 'False'
[1.180s] Level 5:colcon.colcon_core.verb:set package 'birmingham' build argument 'cmake_clean_first' from command line to 'False'
[1.180s] Level 5:colcon.colcon_core.verb:set package 'birmingham' build argument 'cmake_force_configure' from command line to 'False'
[1.180s] Level 5:colcon.colcon_core.verb:set package 'birmingham' build argument 'ament_cmake_args' from command line to 'None'
[1.180s] Level 5:colcon.colcon_core.verb:set package 'birmingham' build argument 'catkin_cmake_args' from command line to 'None'
[1.180s] Level 5:colcon.colcon_core.verb:set package 'birmingham' build argument 'catkin_skip_building_tests' from command line to 'False'
[1.180s] DEBUG:colcon.colcon_core.verb:Building package 'birmingham' with the following arguments: {'ament_cmake_args': None, 'build_base': '/home/student20/assessments/week7/build/birmingham', 'catkin_cmake_args': None, 'catkin_skip_building_tests': False, 'cmake_args': None, 'cmake_clean_cache': False, 'cmake_clean_first': False, 'cmake_force_configure': False, 'cmake_target': None, 'cmake_target_skip_unavailable': False, 'install_base': '/home/student20/assessments/week7/install/birmingham', 'merge_install': False, 'path': '/home/student20/assessments/week7/src/birmingham', 'symlink_install': False, 'test_result_base': None}
[1.181s] Level 5:colcon.colcon_core.verb:set package 'bmw' build argument 'cmake_args' from command line to 'None'
[1.181s] Level 5:colcon.colcon_core.verb:set package 'bmw' build argument 'cmake_target' from command line to 'None'
[1.181s] Level 5:colcon.colcon_core.verb:set package 'bmw' build argument 'cmake_target_skip_unavailable' from command line to 'False'
[1.181s] Level 5:colcon.colcon_core.verb:set package 'bmw' build argument 'cmake_clean_cache' from command line to 'False'
[1.181s] Level 5:colcon.colcon_core.verb:set package 'bmw' build argument 'cmake_clean_first' from command line to 'False'
[1.181s] Level 5:colcon.colcon_core.verb:set package 'bmw' build argument 'cmake_force_configure' from command line to 'False'
[1.181s] Level 5:colcon.colcon_core.verb:set package 'bmw' build argument 'ament_cmake_args' from command line to 'None'
[1.181s] Level 5:colcon.colcon_core.verb:set package 'bmw' build argument 'catkin_cmake_args' from command line to 'None'
[1.181s] Level 5:colcon.colcon_core.verb:set package 'bmw' build argument 'catkin_skip_building_tests' from command line to 'False'
[1.181s] DEBUG:colcon.colcon_core.verb:Building package 'bmw' with the following arguments: {'ament_cmake_args': None, 'build_base': '/home/student20/assessments/week7/build/bmw', 'catkin_cmake_args': None, 'catkin_skip_building_tests': False, 'cmake_args': None, 'cmake_clean_cache': False, 'cmake_clean_first': False, 'cmake_force_configure': False, 'cmake_target': None, 'cmake_target_skip_unavailable': False, 'install_base': '/home/student20/assessments/week7/install/bmw', 'merge_install': False, 'path': '/home/student20/assessments/week7/src/bmw', 'symlink_install': False, 'test_result_base': None}
[1.181s] Level 5:colcon.colcon_core.verb:set package 'sfr_coursework1_interface_package' build argument 'cmake_args' from command line to 'None'
[1.181s] Level 5:colcon.colcon_core.verb:set package 'sfr_coursework1_interface_package' build argument 'cmake_target' from command line to 'None'
[1.181s] Level 5:colcon.colcon_core.verb:set package 'sfr_coursework1_interface_package' build argument 'cmake_target_skip_unavailable' from command line to 'False'
[1.181s] Level 5:colcon.colcon_core.verb:set package 'sfr_coursework1_interface_package' build argument 'cmake_clean_cache' from command line to 'False'
[1.181s] Level 5:colcon.colcon_core.verb:set package 'sfr_coursework1_interface_package' build argument 'cmake_clean_first' from command line to 'False'
[1.181s] Level 5:colcon.colcon_core.verb:set package 'sfr_coursework1_interface_package' build argument 'cmake_force_configure' from command line to 'False'
[1.182s] Level 5:colcon.colcon_core.verb:set package 'sfr_coursework1_interface_package' build argument 'ament_cmake_args' from command line to 'None'
[1.182s] Level 5:colcon.colcon_core.verb:set package 'sfr_coursework1_interface_package' build argument 'catkin_cmake_args' from command line to 'None'
[1.182s] Level 5:colcon.colcon_core.verb:set package 'sfr_coursework1_interface_package' build argument 'catkin_skip_building_tests' from command line to 'False'
[1.182s] DEBUG:colcon.colcon_core.verb:Building package 'sfr_coursework1_interface_package' with the following arguments: {'ament_cmake_args': None, 'build_base': '/home/student20/assessments/week7/build/sfr_coursework1_interface_package', 'catkin_cmake_args': None, 'catkin_skip_building_tests': False, 'cmake_args': None, 'cmake_clean_cache': False, 'cmake_clean_first': False, 'cmake_force_configure': False, 'cmake_target': None, 'cmake_target_skip_unavailable': False, 'install_base': '/home/student20/assessments/week7/install/sfr_coursework1_interface_package', 'merge_install': False, 'path': '/home/student20/assessments/week7/src/sfr_coursework1_interface_package', 'symlink_install': False, 'test_result_base': None}
[1.182s] INFO:colcon.colcon_core.executor:Executing jobs using 'parallel' executor
[1.183s] DEBUG:colcon.colcon_parallel_executor.executor.parallel:run_until_complete
[1.183s] INFO:colcon.colcon_core.task.python.build:Building Python package in '/home/student20/assessments/week7/src/birmingham'
[1.186s] INFO:colcon.colcon_core.plugin_system:Skipping extension 'colcon_core.shell.bat': Not used on non-Windows systems
[1.186s] DEBUG:colcon.colcon_core.shell:Skip shell extension 'dsv' for command environment
[1.193s] INFO:colcon.colcon_core.task.python.build:Building Python package in '/home/student20/assessments/week7/src/bmw'
[1.193s] DEBUG:colcon.colcon_core.shell:Skip shell extension 'dsv' for command environment
[1.199s] INFO:colcon.colcon_ros.task.ament_cmake.build:Building ROS package in '/home/student20/assessments/week7/src/sfr_coursework1_interface_package' with build type 'ament_cmake'
[1.200s] INFO:colcon.colcon_cmake.task.cmake.build:Building CMake package in '/home/student20/assessments/week7/src/sfr_coursework1_interface_package'
[1.200s] DEBUG:colcon.colcon_core.shell:Skip shell extension 'dsv' for command environment
[2.146s] DEBUG:colcon.colcon_core.event_handler.log_command:Invoking command in '/home/student20/assessments/week7/build/sfr_coursework1_interface_package': CMAKE_PREFIX_PATH=${CMAKE_PREFIX_PATH}:/opt/ros/jazzy DEBUGINFOD_URLS=https://debuginfod.ubuntu.com /usr/bin/cmake /home/student20/assessments/week7/src/sfr_coursework1_interface_package -DCMAKE_INSTALL_PREFIX=/home/student20/assessments/week7/install/sfr_coursework1_interface_package
[3.313s] DEBUG:colcon.colcon_core.event_handler.log_command:Invoking command in '/home/student20/assessments/week7/src/birmingham': DEBUGINFOD_URLS=https://debuginfod.ubuntu.com PYTHONPATH=/home/student20/assessments/week7/build/birmingham/prefix_override:/usr/lib/python3/dist-packages/colcon_core/task/python/colcon_distutils_commands:/home/student20/assessments/week7/install/birmingham/lib/python3.12/site-packages:${PYTHONPATH} /usr/bin/python3 -W ignore:setup.py install is deprecated -W ignore:easy_install command is deprecated setup.py egg_info --egg-base ../../build/birmingham build --build-base /home/student20/assessments/week7/build/birmingham/build install --record /home/student20/assessments/week7/build/birmingham/install.log --single-version-externally-managed install_data
[3.717s] DEBUG:colcon.colcon_core.event_handler.log_command:Invoking command in '/home/student20/assessments/week7/src/bmw': DEBUGINFOD_URLS=https://debuginfod.ubuntu.com PYTHONPATH=/home/student20/assessments/week7/build/bmw/prefix_override:/usr/lib/python3/dist-packages/colcon_core/task/python/colcon_distutils_commands:/home/student20/assessments/week7/install/bmw/lib/python3.12/site-packages:${PYTHONPATH} /usr/bin/python3 -W ignore:setup.py install is deprecated -W ignore:easy_install command is deprecated setup.py egg_info --egg-base ../../build/bmw build --build-base /home/student20/assessments/week7/build/bmw/build install --record /home/student20/assessments/week7/build/bmw/install.log --single-version-externally-managed install_data
[4.399s] DEBUG:colcon.colcon_core.event_handler.log_command:Invoked command in '/home/student20/assessments/week7/build/sfr_coursework1_interface_package' returned '1': CMAKE_PREFIX_PATH=${CMAKE_PREFIX_PATH}:/opt/ros/jazzy DEBUGINFOD_URLS=https://debuginfod.ubuntu.com /usr/bin/cmake /home/student20/assessments/week7/src/sfr_coursework1_interface_package -DCMAKE_INSTALL_PREFIX=/home/student20/assessments/week7/install/sfr_coursework1_interface_package
[4.436s] Level 1:colcon.colcon_core.environment:create_environment_scripts_only(sfr_coursework1_interface_package)
[4.443s] Level 1:colcon.colcon_core.environment:checking '/home/student20/assessments/week7/install/sfr_coursework1_interface_package' for CMake module files
[4.444s] Level 1:colcon.colcon_core.environment:checking '/home/student20/assessments/week7/install/sfr_coursework1_interface_package' for CMake config files
[4.445s] Level 1:colcon.colcon_core.environment:checking '/home/student20/assessments/week7/install/sfr_coursework1_interface_package/bin'
[4.446s] Level 1:colcon.colcon_core.environment:checking '/home/student20/assessments/week7/install/sfr_coursework1_interface_package/lib/pkgconfig/sfr_coursework1_interface_package.pc'
[4.446s] Level 1:colcon.colcon_core.environment:checking '/home/student20/assessments/week7/install/sfr_coursework1_interface_package/lib/python3.12/site-packages'
[4.447s] Level 1:colcon.colcon_core.environment:checking '/home/student20/assessments/week7/install/sfr_coursework1_interface_package/bin'
[4.447s] INFO:colcon.colcon_core.shell:Creating package descriptor '/home/student20/assessments/week7/install/sfr_coursework1_interface_package/share/sfr_coursework1_interface_package/package.dsv'
[4.449s] INFO:colcon.colcon_core.shell:Creating package script '/home/student20/assessments/week7/install/sfr_coursework1_interface_package/share/sfr_coursework1_interface_package/package.sh'
[4.451s] INFO:colcon.colcon_core.shell:Creating package script '/home/student20/assessments/week7/install/sfr_coursework1_interface_package/share/sfr_coursework1_interface_package/package.bash'
[4.452s] INFO:colcon.colcon_core.shell:Creating package script '/home/student20/assessments/week7/install/sfr_coursework1_interface_package/share/sfr_coursework1_interface_package/package.zsh'
[4.455s] Level 1:colcon.colcon_core.environment:create_file_with_runtime_dependencies(/home/student20/assessments/week7/install/sfr_coursework1_interface_package/share/colcon-core/packages/sfr_coursework1_interface_package)
[5.138s] DEBUG:colcon.colcon_parallel_executor.executor.parallel:closing loop
[5.139s] DEBUG:colcon.colcon_parallel_executor.executor.parallel:loop closed
[5.139s] DEBUG:colcon.colcon_parallel_executor.executor.parallel:run_until_complete finished with '1'
[5.139s] DEBUG:colcon.colcon_core.event_reactor:joining thread
[5.163s] INFO:colcon.colcon_core.plugin_system:Skipping extension 'colcon_notification.desktop_notification.terminal_notifier': Not used on non-Darwin systems
[5.163s] INFO:colcon.colcon_core.plugin_system:Skipping extension 'colcon_notification.desktop_notification.win32': Not used on non-Windows systems
[5.164s] INFO:colcon.colcon_notification.desktop_notification:Sending desktop notification using 'notify2'
[5.224s] DEBUG:colcon.colcon_core.event_reactor:joined thread
[5.226s] INFO:colcon.colcon_core.shell:Creating prefix script '/home/student20/assessments/week7/install/local_setup.sh'
[5.230s] INFO:colcon.colcon_core.shell:Creating prefix util module '/home/student20/assessments/week7/install/_local_setup_util_sh.py'
[5.242s] INFO:colcon.colcon_core.shell:Creating prefix chain script '/home/student20/assessments/week7/install/setup.sh'
[5.253s] INFO:colcon.colcon_core.shell:Creating prefix script '/home/student20/assessments/week7/install/local_setup.bash'
[5.258s] INFO:colcon.colcon_core.shell:Creating prefix chain script '/home/student20/assessments/week7/install/setup.bash'
[5.263s] INFO:colcon.colcon_core.shell:Creating prefix script '/home/student20/assessments/week7/install/local_setup.zsh'
[5.268s] INFO:colcon.colcon_core.shell:Creating prefix chain script '/home/student20/assessments/week7/install/setup.zsh'
