[0.147s] DEBUG:colcon:Command line arguments: ['/usr/bin/colcon', 'list', '-p', '--base-paths', '/home/student20/assessments/week3']
[0.147s] DEBUG:colcon:Parsed command line arguments: Namespace(log_base=None, log_level=None, verb_name='list', build_base='build', ignore_user_meta=False, metas=['./colcon.meta'], base_paths=['/home/student20/assessments/week3'], packages_ignore=None, packages_ignore_regex=None, paths=None, packages_up_to=None, packages_up_to_regex=None, packages_above=None, packages_above_and_dependencies=None, packages_above_depth=None, packages_select_by_dep=None, packages_skip_by_dep=None, packages_skip_up_to=None, packages_select_build_failed=False, packages_skip_build_finished=False, packages_select_test_failures=False, packages_skip_test_passed=False, packages_select=None, packages_skip=None, packages_select_regex=None, packages_skip_regex=None, packages_start=None, packages_end=None, topological_order=False, names_only=False, paths_only=True, topological_graph=False, topological_graph_dot=False, topological_graph_density=False, topological_graph_legend=False, topological_graph_dot_cluster=False, topological_graph_dot_include_skipped=False, verb_parser=<colcon_defaults.argument_parser.defaults.DefaultArgumentsDecorator object at 0x7a16336192b0>, verb_extension=<colcon_package_information.verb.list.ListVerb object at 0x7a1633740e00>, main=<bound method ListVerb.main of <colcon_package_information.verb.list.ListVerb object at 0x7a1633740e00>>)
[0.207s] Level 1:colcon.colcon_core.package_discovery:discover_packages(colcon_meta) check parameters
[0.207s] Level 1:colcon.colcon_core.package_discovery:discover_packages(recursive) check parameters
[0.207s] Level 1:colcon.colcon_core.package_discovery:discover_packages(ignore) check parameters
[0.207s] Level 1:colcon.colcon_core.package_discovery:discover_packages(path) check parameters
[0.207s] Level 1:colcon.colcon_core.package_discovery:discover_packages(recursive) discover
[0.207s] INFO:colcon.colcon_core.package_discovery:Crawling recursively for packages in '/home/student20/assessments/week3'
[0.207s] Level 1:colcon.colcon_core.package_identification:_identify(/home/student20/assessments/week3) by extensions ['ignore', 'ignore_ament_install']
[0.208s] Level 1:colcon.colcon_core.package_identification:_identify(/home/student20/assessments/week3) by extension 'ignore'
[0.208s] Level 1:colcon.colcon_core.package_identification:_identify(/home/student20/assessments/week3) by extension 'ignore_ament_install'
[0.208s] Level 1:colcon.colcon_core.package_identification:_identify(/home/student20/assessments/week3) by extensions ['colcon_pkg']
[0.208s] Level 1:colcon.colcon_core.package_identification:_identify(/home/student20/assessments/week3) by extension 'colcon_pkg'
[0.208s] Level 1:colcon.colcon_core.package_identification:_identify(/home/student20/assessments/week3) by extensions ['colcon_meta']
[0.208s] Level 1:colcon.colcon_core.package_identification:_identify(/home/student20/assessments/week3) by extension 'colcon_meta'
[0.208s] Level 1:colcon.colcon_core.package_identification:_identify(/home/student20/assessments/week3) by extensions ['ros']
[0.208s] Level 1:colcon.colcon_core.package_identification:_identify(/home/student20/assessments/week3) by extension 'ros'
[0.264s] Level 1:colcon.colcon_core.package_identification:_identify(/home/student20/assessments/week3) by extensions ['cmake', 'python']
[0.264s] Level 1:colcon.colcon_core.package_identification:_identify(/home/student20/assessments/week3) by extension 'cmake'
[0.264s] Level 1:colcon.colcon_core.package_identification:_identify(/home/student20/assessments/week3) by extension 'python'
[0.264s] Level 1:colcon.colcon_core.package_identification:_identify(/home/student20/assessments/week3) by extensions ['python_setup_py']
[0.265s] Level 1:colcon.colcon_core.package_identification:_identify(/home/student20/assessments/week3) by extension 'python_setup_py'
[0.265s] Level 1:colcon.colcon_core.package_identification:_identify(/home/student20/assessments/week3/build) by extensions ['ignore', 'ignore_ament_install']
[0.265s] Level 1:colcon.colcon_core.package_identification:_identify(/home/student20/assessments/week3/build) by extension 'ignore'
[0.265s] Level 1:colcon.colcon_core.package_identification:_identify(/home/student20/assessments/week3/build) ignored
[0.266s] Level 1:colcon.colcon_core.package_identification:_identify(/home/student20/assessments/week3/install) by extensions ['ignore', 'ignore_ament_install']
[0.266s] Level 1:colcon.colcon_core.package_identification:_identify(/home/student20/assessments/week3/install) by extension 'ignore'
[0.266s] Level 1:colcon.colcon_core.package_identification:_identify(/home/student20/assessments/week3/install) ignored
[0.266s] Level 1:colcon.colcon_core.package_identification:_identify(/home/student20/assessments/week3/log) by extensions ['ignore', 'ignore_ament_install']
[0.267s] Level 1:colcon.colcon_core.package_identification:_identify(/home/student20/assessments/week3/log) by extension 'ignore'
[0.267s] Level 1:colcon.colcon_core.package_identification:_identify(/home/student20/assessments/week3/log) ignored
[0.267s] Level 1:colcon.colcon_core.package_identification:_identify(/home/student20/assessments/week3/src) by extensions ['ignore', 'ignore_ament_install']
[0.267s] Level 1:colcon.colcon_core.package_identification:_identify(/home/student20/assessments/week3/src) by extension 'ignore'
[0.267s] Level 1:colcon.colcon_core.package_identification:_identify(/home/student20/assessments/week3/src) by extension 'ignore_ament_install'
[0.267s] Level 1:colcon.colcon_core.package_identification:_identify(/home/student20/assessments/week3/src) by extensions ['colcon_pkg']
[0.267s] Level 1:colcon.colcon_core.package_identification:_identify(/home/student20/assessments/week3/src) by extension 'colcon_pkg'
[0.267s] Level 1:colcon.colcon_core.package_identification:_identify(/home/student20/assessments/week3/src) by extensions ['colcon_meta']
[0.267s] Level 1:colcon.colcon_core.package_identification:_identify(/home/student20/assessments/week3/src) by extension 'colcon_meta'
[0.268s] Level 1:colcon.colcon_core.package_identification:_identify(/home/student20/assessments/week3/src) by extensions ['ros']
[0.268s] Level 1:colcon.colcon_core.package_identification:_identify(/home/student20/assessments/week3/src) by extension 'ros'
[0.268s] Level 1:colcon.colcon_core.package_identification:_identify(/home/student20/assessments/week3/src) by extensions ['cmake', 'python']
[0.268s] Level 1:colcon.colcon_core.package_identification:_identify(/home/student20/assessments/week3/src) by extension 'cmake'
[0.268s] Level 1:colcon.colcon_core.package_identification:_identify(/home/student20/assessments/week3/src) by extension 'python'
[0.268s] Level 1:colcon.colcon_core.package_identification:_identify(/home/student20/assessments/week3/src) by extensions ['python_setup_py']
[0.268s] Level 1:colcon.colcon_core.package_identification:_identify(/home/student20/assessments/week3/src) by extension 'python_setup_py'
[0.268s] Level 1:colcon.colcon_core.package_identification:_identify(/home/student20/assessments/week3/src/custom_message_package) by extensions ['ignore', 'ignore_ament_install']
[0.268s] Level 1:colcon.colcon_core.package_identification:_identify(/home/student20/assessments/week3/src/custom_message_package) by extension 'ignore'
[0.268s] Level 1:colcon.colcon_core.package_identification:_identify(/home/student20/assessments/week3/src/custom_message_package) by extension 'ignore_ament_install'
[0.268s] Level 1:colcon.colcon_core.package_identification:_identify(/home/student20/assessments/week3/src/custom_message_package) by extensions ['colcon_pkg']
[0.268s] Level 1:colcon.colcon_core.package_identification:_identify(/home/student20/assessments/week3/src/custom_message_package) by extension 'colcon_pkg'
[0.268s] Level 1:colcon.colcon_core.package_identification:_identify(/home/student20/assessments/week3/src/custom_message_package) by extensions ['colcon_meta']
[0.268s] Level 1:colcon.colcon_core.package_identification:_identify(/home/student20/assessments/week3/src/custom_message_package) by extension 'colcon_meta'
[0.268s] Level 1:colcon.colcon_core.package_identification:_identify(/home/student20/assessments/week3/src/custom_message_package) by extensions ['ros']
[0.268s] Level 1:colcon.colcon_core.package_identification:_identify(/home/student20/assessments/week3/src/custom_message_package) by extension 'ros'
[0.272s] DEBUG:colcon.colcon_core.package_identification:Package '/home/student20/assessments/week3/src/custom_message_package' with type 'ros.ament_cmake' and name 'custom_message_package'
[0.272s] Level 1:colcon.colcon_core.package_identification:_identify(/home/student20/assessments/week3/src/custom_publisher_package) by extensions ['ignore', 'ignore_ament_install']
[0.272s] Level 1:colcon.colcon_core.package_identification:_identify(/home/student20/assessments/week3/src/custom_publisher_package) by extension 'ignore'
[0.272s] Level 1:colcon.colcon_core.package_identification:_identify(/home/student20/assessments/week3/src/custom_publisher_package) by extension 'ignore_ament_install'
[0.273s] Level 1:colcon.colcon_core.package_identification:_identify(/home/student20/assessments/week3/src/custom_publisher_package) by extensions ['colcon_pkg']
[0.273s] Level 1:colcon.colcon_core.package_identification:_identify(/home/student20/assessments/week3/src/custom_publisher_package) by extension 'colcon_pkg'
[0.273s] Level 1:colcon.colcon_core.package_identification:_identify(/home/student20/assessments/week3/src/custom_publisher_package) by extensions ['colcon_meta']
[0.273s] Level 1:colcon.colcon_core.package_identification:_identify(/home/student20/assessments/week3/src/custom_publisher_package) by extension 'colcon_meta'
[0.273s] Level 1:colcon.colcon_core.package_identification:_identify(/home/student20/assessments/week3/src/custom_publisher_package) by extensions ['ros']
[0.273s] Level 1:colcon.colcon_core.package_identification:_identify(/home/student20/assessments/week3/src/custom_publisher_package) by extension 'ros'
[0.274s] DEBUG:colcon.colcon_core.package_identification:Package '/home/student20/assessments/week3/src/custom_publisher_package' with type 'ros.ament_cmake' and name 'custom_publisher_package'
[0.274s] Level 1:colcon.colcon_core.package_identification:_identify(/home/student20/assessments/week3/src/custom_subscriber_package) by extensions ['ignore', 'ignore_ament_install']
[0.274s] Level 1:colcon.colcon_core.package_identification:_identify(/home/student20/assessments/week3/src/custom_subscriber_package) by extension 'ignore'
[0.274s] Level 1:colcon.colcon_core.package_identification:_identify(/home/student20/assessments/week3/src/custom_subscriber_package) by extension 'ignore_ament_install'
[0.274s] Level 1:colcon.colcon_core.package_identification:_identify(/home/student20/assessments/week3/src/custom_subscriber_package) by extensions ['colcon_pkg']
[0.274s] Level 1:colcon.colcon_core.package_identification:_identify(/home/student20/assessments/week3/src/custom_subscriber_package) by extension 'colcon_pkg'
[0.274s] Level 1:colcon.colcon_core.package_identification:_identify(/home/student20/assessments/week3/src/custom_subscriber_package) by extensions ['colcon_meta']
[0.274s] Level 1:colcon.colcon_core.package_identification:_identify(/home/student20/assessments/week3/src/custom_subscriber_package) by extension 'colcon_meta'
[0.274s] Level 1:colcon.colcon_core.package_identification:_identify(/home/student20/assessments/week3/src/custom_subscriber_package) by extensions ['ros']
[0.274s] Level 1:colcon.colcon_core.package_identification:_identify(/home/student20/assessments/week3/src/custom_subscriber_package) by extension 'ros'
[0.276s] DEBUG:colcon.colcon_core.package_identification:Package '/home/student20/assessments/week3/src/custom_subscriber_package' with type 'ros.ament_cmake' and name 'custom_subscriber_package'
[0.276s] Level 1:colcon.colcon_core.package_discovery:discover_packages(recursive) using defaults
