[2.022s] Invoking command in '/home/student20/assessments/week8/src/kia': DEBUGINFOD_URLS=https://debuginfod.ubuntu.com PYTHONPATH=/home/student20/assessments/week8/build/kia/prefix_override:/usr/lib/python3/dist-packages/colcon_core/task/python/colcon_distutils_commands:/home/student20/assessments/week8/install/kia/lib/python3.12/site-packages:${PYTHONPATH} /usr/bin/python3 -W ignore:setup.py install is deprecated -W ignore:easy_install command is deprecated setup.py egg_info --egg-base ../../build/kia build --build-base /home/student20/assessments/week8/build/kia/build install --record /home/student20/assessments/week8/build/kia/install.log --single-version-externally-managed install_data
[2.524s] running egg_info
[2.567s] writing ../../build/kia/kia.egg-info/PKG-INFO
[2.569s] writing dependency_links to ../../build/kia/kia.egg-info/dependency_links.txt
[2.569s] writing entry points to ../../build/kia/kia.egg-info/entry_points.txt
[2.570s] writing requirements to ../../build/kia/kia.egg-info/requires.txt
[2.570s] writing top-level names to ../../build/kia/kia.egg-info/top_level.txt
[2.625s] reading manifest file '../../build/kia/kia.egg-info/SOURCES.txt'
[2.626s] writing manifest file '../../build/kia/kia.egg-info/SOURCES.txt'
[2.627s] running build
[2.628s] running build_py
[2.628s] running install
[2.641s] running install_lib
[2.671s] running install_data
[2.671s] running install_egg_info
[2.727s] removing '/home/student20/assessments/week8/install/kia/lib/python3.12/site-packages/kia-0.0.0-py3.12.egg-info' (and everything under it)
[2.728s] Copying ../../build/kia/kia.egg-info to /home/student20/assessments/week8/install/kia/lib/python3.12/site-packages/kia-0.0.0-py3.12.egg-info
[2.730s] running install_scripts
[3.031s] Installing syllabus script to /home/student20/assessments/week8/install/kia/lib/kia
[3.032s] writing list of installed files to '/home/student20/assessments/week8/build/kia/install.log'
[3.132s] Invoked command in '/home/student20/assessments/week8/src/kia' returned '0': DEBUGINFOD_URLS=https://debuginfod.ubuntu.com PYTHONPATH=/home/student20/assessments/week8/build/kia/prefix_override:/usr/lib/python3/dist-packages/colcon_core/task/python/colcon_distutils_commands:/home/student20/assessments/week8/install/kia/lib/python3.12/site-packages:${PYTHONPATH} /usr/bin/python3 -W ignore:setup.py install is deprecated -W ignore:easy_install command is deprecated setup.py egg_info --egg-base ../../build/kia build --build-base /home/student20/assessments/week8/build/kia/build install --record /home/student20/assessments/week8/build/kia/install.log --single-version-externally-managed install_data
