[3.251s] Invoking command in '/home/student20/assessments/coursework1/build/beta_pilot_pkg': DEBUGINFOD_URLS=https://debuginfod.ubuntu.com PYTHONPATH=/home/student20/assessments/coursework1/build/beta_pilot_pkg/prefix_override:/usr/lib/python3/dist-packages/colcon_core/task/python/colcon_distutils_commands:/home/student20/assessments/coursework1/install/beta_pilot_pkg/lib/python3.12/site-packages:${PYTHONPATH} /usr/bin/python3 -W ignore:setup.py install is deprecated -W ignore:easy_install command is deprecated setup.py develop --editable --build-directory /home/student20/assessments/coursework1/build/beta_pilot_pkg/build --no-deps symlink_data
[4.304s] running develop
[4.907s] running egg_info
[4.907s] creating beta_pilot_pkg.egg-info
[4.973s] writing beta_pilot_pkg.egg-info/PKG-INFO
[4.974s] writing dependency_links to beta_pilot_pkg.egg-info/dependency_links.txt
[4.974s] writing entry points to beta_pilot_pkg.egg-info/entry_points.txt
[4.975s] writing requirements to beta_pilot_pkg.egg-info/requires.txt
[4.975s] writing top-level names to beta_pilot_pkg.egg-info/top_level.txt
[4.975s] writing manifest file 'beta_pilot_pkg.egg-info/SOURCES.txt'
[5.122s] reading manifest file 'beta_pilot_pkg.egg-info/SOURCES.txt'
[5.124s] writing manifest file 'beta_pilot_pkg.egg-info/SOURCES.txt'
[5.196s] running build_ext
[5.196s] Creating /home/student20/assessments/coursework1/install/beta_pilot_pkg/lib/python3.12/site-packages/beta-pilot-pkg.egg-link (link to .)
[5.199s] Installing beta_pilot_node script to /home/student20/assessments/coursework1/install/beta_pilot_pkg/lib/beta_pilot_pkg
[5.200s] 
[5.200s] Installed /home/student20/assessments/coursework1/build/beta_pilot_pkg
[5.201s] running symlink_data
[5.202s] creating /home/student20/assessments/coursework1/install/beta_pilot_pkg/share/ament_index
[5.203s] creating /home/student20/assessments/coursework1/install/beta_pilot_pkg/share/ament_index/resource_index
[5.203s] creating /home/student20/assessments/coursework1/install/beta_pilot_pkg/share/ament_index/resource_index/packages
[5.203s] symbolically linking /home/student20/assessments/coursework1/build/beta_pilot_pkg/resource/beta_pilot_pkg -> /home/student20/assessments/coursework1/install/beta_pilot_pkg/share/ament_index/resource_index/packages
[5.203s] symbolically linking /home/student20/assessments/coursework1/build/beta_pilot_pkg/package.xml -> /home/student20/assessments/coursework1/install/beta_pilot_pkg/share/beta_pilot_pkg
[5.337s] Invoked command in '/home/student20/assessments/coursework1/build/beta_pilot_pkg' returned '0': DEBUGINFOD_URLS=https://debuginfod.ubuntu.com PYTHONPATH=/home/student20/assessments/coursework1/build/beta_pilot_pkg/prefix_override:/usr/lib/python3/dist-packages/colcon_core/task/python/colcon_distutils_commands:/home/student20/assessments/coursework1/install/beta_pilot_pkg/lib/python3.12/site-packages:${PYTHONPATH} /usr/bin/python3 -W ignore:setup.py install is deprecated -W ignore:easy_install command is deprecated setup.py develop --editable --build-directory /home/student20/assessments/coursework1/build/beta_pilot_pkg/build --no-deps symlink_data
