running egg_info
creating ../../build/package_a/package_a.egg-info
writing ../../build/package_a/package_a.egg-info/PKG-INFO
writing dependency_links to ../../build/package_a/package_a.egg-info/dependency_links.txt
writing requirements to ../../build/package_a/package_a.egg-info/requires.txt
writing top-level names to ../../build/package_a/package_a.egg-info/top_level.txt
writing manifest file '../../build/package_a/package_a.egg-info/SOURCES.txt'
reading manifest file '../../build/package_a/package_a.egg-info/SOURCES.txt'
writing manifest file '../../build/package_a/package_a.egg-info/SOURCES.txt'
running build
running build_py
creating /home/student20/assessments/week5/build/package_a/build
creating /home/student20/assessments/week5/build/package_a/build/lib
creating /home/student20/assessments/week5/build/package_a/build/lib/package_a
copying package_a/__init__.py -> /home/student20/assessments/week5/build/package_a/build/lib/package_a
running install
running install_lib
creating /home/student20/assessments/week5/install/package_a/lib/python3.12/site-packages/package_a
copying /home/student20/assessments/week5/build/package_a/build/lib/package_a/__init__.py -> /home/student20/assessments/week5/install/package_a/lib/python3.12/site-packages/package_a
byte-compiling /home/student20/assessments/week5/install/package_a/lib/python3.12/site-packages/package_a/__init__.py to __init__.cpython-312.pyc
running install_data
creating /home/student20/assessments/week5/install/package_a/share/ament_index
creating /home/student20/assessments/week5/install/package_a/share/ament_index/resource_index
creating /home/student20/assessments/week5/install/package_a/share/ament_index/resource_index/packages
copying resource/package_a -> /home/student20/assessments/week5/install/package_a/share/ament_index/resource_index/packages
copying package.xml -> /home/student20/assessments/week5/install/package_a/share/package_a
running install_egg_info
Copying ../../build/package_a/package_a.egg-info to /home/student20/assessments/week5/install/package_a/lib/python3.12/site-packages/package_a-0.0.0-py3.12.egg-info
running install_scripts
writing list of installed files to '/home/student20/assessments/week5/build/package_a/install.log'
