[2.621s] Invoking command in '/home/student20/assessments/week8/src/liverpool': DEBUGINFOD_URLS=https://debuginfod.ubuntu.com PYTHONPATH=/home/student20/assessments/week8/build/liverpool/prefix_override:/usr/lib/python3/dist-packages/colcon_core/task/python/colcon_distutils_commands:/home/student20/assessments/week8/install/liverpool/lib/python3.12/site-packages:${PYTHONPATH} /usr/bin/python3 -W ignore:setup.py install is deprecated -W ignore:easy_install command is deprecated setup.py egg_info --egg-base ../../build/liverpool build --build-base /home/student20/assessments/week8/build/liverpool/build install --record /home/student20/assessments/week8/build/liverpool/install.log --single-version-externally-managed install_data
[3.339s] running egg_info
[3.390s] writing ../../build/liverpool/liverpool.egg-info/PKG-INFO
[3.393s] writing dependency_links to ../../build/liverpool/liverpool.egg-info/dependency_links.txt
[3.394s] writing entry points to ../../build/liverpool/liverpool.egg-info/entry_points.txt
[3.394s] writing requirements to ../../build/liverpool/liverpool.egg-info/requires.txt
[3.394s] writing top-level names to ../../build/liverpool/liverpool.egg-info/top_level.txt
[3.490s] reading manifest file '../../build/liverpool/liverpool.egg-info/SOURCES.txt'
[3.492s] writing manifest file '../../build/liverpool/liverpool.egg-info/SOURCES.txt'
[3.492s] running build
[3.493s] running build_py
[3.493s] running install
[3.507s] running install_lib
[3.551s] running install_data
[3.551s] warning: install_lib: '/home/student20/assessments/week8/build/liverpool/build/lib' does not exist -- no Python modules to install
[3.551s] 
[3.552s] running install_egg_info
[3.578s] removing '/home/student20/assessments/week8/install/liverpool/lib/python3.12/site-packages/liverpool-0.0.0-py3.12.egg-info' (and everything under it)
[3.579s] Copying ../../build/liverpool/liverpool.egg-info to /home/student20/assessments/week8/install/liverpool/lib/python3.12/site-packages/liverpool-0.0.0-py3.12.egg-info
[3.584s] running install_scripts
[3.855s] Installing grape script to /home/student20/assessments/week8/install/liverpool/lib/liverpool
[3.855s] writing list of installed files to '/home/student20/assessments/week8/build/liverpool/install.log'
[3.925s] Invoked command in '/home/student20/assessments/week8/src/liverpool' returned '0': DEBUGINFOD_URLS=https://debuginfod.ubuntu.com PYTHONPATH=/home/student20/assessments/week8/build/liverpool/prefix_override:/usr/lib/python3/dist-packages/colcon_core/task/python/colcon_distutils_commands:/home/student20/assessments/week8/install/liverpool/lib/python3.12/site-packages:${PYTHONPATH} /usr/bin/python3 -W ignore:setup.py install is deprecated -W ignore:easy_install command is deprecated setup.py egg_info --egg-base ../../build/liverpool build --build-base /home/student20/assessments/week8/build/liverpool/build install --record /home/student20/assessments/week8/build/liverpool/install.log --single-version-externally-managed install_data
