[3.205s] Invoking command in '/home/student20/assessments/week10/src/jurassic_park': DEBUGINFOD_URLS=https://debuginfod.ubuntu.com PYTHONPATH=/home/student20/assessments/week10/build/jurassic_park/prefix_override:/usr/lib/python3/dist-packages/colcon_core/task/python/colcon_distutils_commands:/home/student20/assessments/week10/install/jurassic_park/lib/python3.12/site-packages:${PYTHONPATH} /usr/bin/python3 -W ignore:setup.py install is deprecated -W ignore:easy_install command is deprecated setup.py egg_info --egg-base ../../build/jurassic_park build --build-base /home/student20/assessments/week10/build/jurassic_park/build install --record /home/student20/assessments/week10/build/jurassic_park/install.log --single-version-externally-managed install_data
[4.229s] running egg_info
[4.310s] writing ../../build/jurassic_park/jurassic_park.egg-info/PKG-INFO
[4.311s] writing dependency_links to ../../build/jurassic_park/jurassic_park.egg-info/dependency_links.txt
[4.311s] writing entry points to ../../build/jurassic_park/jurassic_park.egg-info/entry_points.txt
[4.312s] writing requirements to ../../build/jurassic_park/jurassic_park.egg-info/requires.txt
[4.312s] writing top-level names to ../../build/jurassic_park/jurassic_park.egg-info/top_level.txt
[4.458s] reading manifest file '../../build/jurassic_park/jurassic_park.egg-info/SOURCES.txt'
[4.464s] writing manifest file '../../build/jurassic_park/jurassic_park.egg-info/SOURCES.txt'
[4.464s] running build
[4.469s] running build_py
[4.470s] copying jurassic_park/wake.py -> /home/student20/assessments/week10/build/jurassic_park/build/lib/jurassic_park
[4.473s] running install
[4.491s] running install_lib
[4.561s] copying /home/student20/assessments/week10/build/jurassic_park/build/lib/jurassic_park/wake.py -> /home/student20/assessments/week10/install/jurassic_park/lib/python3.12/site-packages/jurassic_park
[4.565s] byte-compiling /home/student20/assessments/week10/install/jurassic_park/lib/python3.12/site-packages/jurassic_park/wake.py to wake.cpython-312.pyc
[4.568s] running install_data
[4.570s] running install_egg_info
[4.636s] removing '/home/student20/assessments/week10/install/jurassic_park/lib/python3.12/site-packages/jurassic_park-0.0.0-py3.12.egg-info' (and everything under it)
[4.637s] Copying ../../build/jurassic_park/jurassic_park.egg-info to /home/student20/assessments/week10/install/jurassic_park/lib/python3.12/site-packages/jurassic_park-0.0.0-py3.12.egg-info
[4.642s] running install_scripts
[5.138s] Installing wake script to /home/student20/assessments/week10/install/jurassic_park/lib/jurassic_park
[5.139s] writing list of installed files to '/home/student20/assessments/week10/build/jurassic_park/install.log'
[5.284s] Invoked command in '/home/student20/assessments/week10/src/jurassic_park' returned '0': DEBUGINFOD_URLS=https://debuginfod.ubuntu.com PYTHONPATH=/home/student20/assessments/week10/build/jurassic_park/prefix_override:/usr/lib/python3/dist-packages/colcon_core/task/python/colcon_distutils_commands:/home/student20/assessments/week10/install/jurassic_park/lib/python3.12/site-packages:${PYTHONPATH} /usr/bin/python3 -W ignore:setup.py install is deprecated -W ignore:easy_install command is deprecated setup.py egg_info --egg-base ../../build/jurassic_park build --build-base /home/student20/assessments/week10/build/jurassic_park/build install --record /home/student20/assessments/week10/build/jurassic_park/install.log --single-version-externally-managed install_data
