[0.223s] DEBUG:colcon:Command line arguments: ['/usr/bin/colcon', 'list', '-p', '--base-paths', '/home/student20/assessments/week3']
[0.223s] DEBUG:colcon:Parsed command line arguments: Namespace(log_base=None, log_level=None, verb_name='list', build_base='build', ignore_user_meta=False, metas=['./colcon.meta'], base_paths=['/home/student20/assessments/week3'], packages_ignore=None, packages_ignore_regex=None, paths=None, packages_up_to=None, packages_up_to_regex=None, packages_above=None, packages_above_and_dependencies=None, packages_above_depth=None, packages_select_by_dep=None, packages_skip_by_dep=None, packages_skip_up_to=None, packages_select_build_failed=False, packages_skip_build_finished=False, packages_select_test_failures=False, packages_skip_test_passed=False, packages_select=None, packages_skip=None, packages_select_regex=None, packages_skip_regex=None, packages_start=None, packages_end=None, topological_order=False, names_only=False, paths_only=True, topological_graph=False, topological_graph_dot=False, topological_graph_density=False, topological_graph_legend=False, topological_graph_dot_cluster=False, topological_graph_dot_include_skipped=False, verb_parser=<colcon_defaults.argument_parser.defaults.DefaultArgumentsDecorator object at 0x7d381d909220>, verb_extension=<colcon_package_information.verb.list.ListVerb object at 0x7d381daac080>, main=<bound method ListVerb.main of <colcon_package_information.verb.list.ListVerb object at 0x7d381daac080>>)
[0.317s] Level 1:colcon.colcon_core.package_discovery:discover_packages(colcon_meta) check parameters
[0.318s] Level 1:colcon.colcon_core.package_discovery:discover_packages(recursive) check parameters
[0.318s] Level 1:colcon.colcon_core.package_discovery:discover_packages(ignore) check parameters
[0.318s] Level 1:colcon.colcon_core.package_discovery:discover_packages(path) check parameters
[0.318s] Level 1:colcon.colcon_core.package_discovery:discover_packages(recursive) discover
[0.318s] INFO:colcon.colcon_core.package_discovery:Crawling recursively for packages in '/home/student20/assessments/week3'
[0.318s] Level 1:colcon.colcon_core.package_identification:_identify(/home/student20/assessments/week3) by extensions ['ignore', 'ignore_ament_install']
[0.318s] Level 1:colcon.colcon_core.package_identification:_identify(/home/student20/assessments/week3) by extension 'ignore'
[0.319s] Level 1:colcon.colcon_core.package_identification:_identify(/home/student20/assessments/week3) by extension 'ignore_ament_install'
[0.319s] Level 1:colcon.colcon_core.package_identification:_identify(/home/student20/assessments/week3) by extensions ['colcon_pkg']
[0.319s] Level 1:colcon.colcon_core.package_identification:_identify(/home/student20/assessments/week3) by extension 'colcon_pkg'
[0.319s] Level 1:colcon.colcon_core.package_identification:_identify(/home/student20/assessments/week3) by extensions ['colcon_meta']
[0.319s] Level 1:colcon.colcon_core.package_identification:_identify(/home/student20/assessments/week3) by extension 'colcon_meta'
[0.319s] Level 1:colcon.colcon_core.package_identification:_identify(/home/student20/assessments/week3) by extensions ['ros']
[0.319s] Level 1:colcon.colcon_core.package_identification:_identify(/home/student20/assessments/week3) by extension 'ros'
[0.388s] Level 1:colcon.colcon_core.package_identification:_identify(/home/student20/assessments/week3) by extensions ['cmake', 'python']
[0.388s] Level 1:colcon.colcon_core.package_identification:_identify(/home/student20/assessments/week3) by extension 'cmake'
[0.389s] Level 1:colcon.colcon_core.package_identification:_identify(/home/student20/assessments/week3) by extension 'python'
[0.389s] Level 1:colcon.colcon_core.package_identification:_identify(/home/student20/assessments/week3) by extensions ['python_setup_py']
[0.389s] Level 1:colcon.colcon_core.package_identification:_identify(/home/student20/assessments/week3) by extension 'python_setup_py'
[0.389s] Level 1:colcon.colcon_core.package_identification:_identify(/home/student20/assessments/week3/build) by extensions ['ignore', 'ignore_ament_install']
[0.389s] Level 1:colcon.colcon_core.package_identification:_identify(/home/student20/assessments/week3/build) by extension 'ignore'
[0.390s] Level 1:colcon.colcon_core.package_identification:_identify(/home/student20/assessments/week3/build) ignored
[0.390s] Level 1:colcon.colcon_core.package_identification:_identify(/home/student20/assessments/week3/install) by extensions ['ignore', 'ignore_ament_install']
[0.390s] Level 1:colcon.colcon_core.package_identification:_identify(/home/student20/assessments/week3/install) by extension 'ignore'
[0.390s] Level 1:colcon.colcon_core.package_identification:_identify(/home/student20/assessments/week3/install) ignored
[0.391s] Level 1:colcon.colcon_core.package_identification:_identify(/home/student20/assessments/week3/log) by extensions ['ignore', 'ignore_ament_install']
[0.391s] Level 1:colcon.colcon_core.package_identification:_identify(/home/student20/assessments/week3/log) by extension 'ignore'
[0.391s] Level 1:colcon.colcon_core.package_identification:_identify(/home/student20/assessments/week3/log) ignored
[0.391s] Level 1:colcon.colcon_core.package_identification:_identify(/home/student20/assessments/week3/src) by extensions ['ignore', 'ignore_ament_install']
[0.391s] Level 1:colcon.colcon_core.package_identification:_identify(/home/student20/assessments/week3/src) by extension 'ignore'
[0.392s] Level 1:colcon.colcon_core.package_identification:_identify(/home/student20/assessments/week3/src) by extension 'ignore_ament_install'
[0.392s] Level 1:colcon.colcon_core.package_identification:_identify(/home/student20/assessments/week3/src) by extensions ['colcon_pkg']
[0.392s] Level 1:colcon.colcon_core.package_identification:_identify(/home/student20/assessments/week3/src) by extension 'colcon_pkg'
[0.392s] Level 1:colcon.colcon_core.package_identification:_identify(/home/student20/assessments/week3/src) by extensions ['colcon_meta']
[0.392s] Level 1:colcon.colcon_core.package_identification:_identify(/home/student20/assessments/week3/src) by extension 'colcon_meta'
[0.392s] Level 1:colcon.colcon_core.package_identification:_identify(/home/student20/assessments/week3/src) by extensions ['ros']
[0.392s] Level 1:colcon.colcon_core.package_identification:_identify(/home/student20/assessments/week3/src) by extension 'ros'
[0.392s] Level 1:colcon.colcon_core.package_identification:_identify(/home/student20/assessments/week3/src) by extensions ['cmake', 'python']
[0.392s] Level 1:colcon.colcon_core.package_identification:_identify(/home/student20/assessments/week3/src) by extension 'cmake'
[0.393s] Level 1:colcon.colcon_core.package_identification:_identify(/home/student20/assessments/week3/src) by extension 'python'
[0.393s] Level 1:colcon.colcon_core.package_identification:_identify(/home/student20/assessments/week3/src) by extensions ['python_setup_py']
[0.393s] Level 1:colcon.colcon_core.package_identification:_identify(/home/student20/assessments/week3/src) by extension 'python_setup_py'
[0.393s] Level 1:colcon.colcon_core.package_identification:_identify(/home/student20/assessments/week3/src/custom_message_package) by extensions ['ignore', 'ignore_ament_install']
[0.393s] Level 1:colcon.colcon_core.package_identification:_identify(/home/student20/assessments/week3/src/custom_message_package) by extension 'ignore'
[0.393s] Level 1:colcon.colcon_core.package_identification:_identify(/home/student20/assessments/week3/src/custom_message_package) by extension 'ignore_ament_install'
[0.393s] Level 1:colcon.colcon_core.package_identification:_identify(/home/student20/assessments/week3/src/custom_message_package) by extensions ['colcon_pkg']
[0.393s] Level 1:colcon.colcon_core.package_identification:_identify(/home/student20/assessments/week3/src/custom_message_package) by extension 'colcon_pkg'
[0.394s] Level 1:colcon.colcon_core.package_identification:_identify(/home/student20/assessments/week3/src/custom_message_package) by extensions ['colcon_meta']
[0.394s] Level 1:colcon.colcon_core.package_identification:_identify(/home/student20/assessments/week3/src/custom_message_package) by extension 'colcon_meta'
[0.394s] Level 1:colcon.colcon_core.package_identification:_identify(/home/student20/assessments/week3/src/custom_message_package) by extensions ['ros']
[0.394s] Level 1:colcon.colcon_core.package_identification:_identify(/home/student20/assessments/week3/src/custom_message_package) by extension 'ros'
[0.399s] DEBUG:colcon.colcon_core.package_identification:Package '/home/student20/assessments/week3/src/custom_message_package' with type 'ros.ament_cmake' and name 'custom_message_package'
[0.400s] Level 1:colcon.colcon_core.package_identification:_identify(/home/student20/assessments/week3/src/custom_publisher_package) by extensions ['ignore', 'ignore_ament_install']
[0.400s] Level 1:colcon.colcon_core.package_identification:_identify(/home/student20/assessments/week3/src/custom_publisher_package) by extension 'ignore'
[0.400s] Level 1:colcon.colcon_core.package_identification:_identify(/home/student20/assessments/week3/src/custom_publisher_package) by extension 'ignore_ament_install'
[0.400s] Level 1:colcon.colcon_core.package_identification:_identify(/home/student20/assessments/week3/src/custom_publisher_package) by extensions ['colcon_pkg']
[0.400s] Level 1:colcon.colcon_core.package_identification:_identify(/home/student20/assessments/week3/src/custom_publisher_package) by extension 'colcon_pkg'
[0.400s] Level 1:colcon.colcon_core.package_identification:_identify(/home/student20/assessments/week3/src/custom_publisher_package) by extensions ['colcon_meta']
[0.400s] Level 1:colcon.colcon_core.package_identification:_identify(/home/student20/assessments/week3/src/custom_publisher_package) by extension 'colcon_meta'
[0.400s] Level 1:colcon.colcon_core.package_identification:_identify(/home/student20/assessments/week3/src/custom_publisher_package) by extensions ['ros']
[0.400s] Level 1:colcon.colcon_core.package_identification:_identify(/home/student20/assessments/week3/src/custom_publisher_package) by extension 'ros'
[0.402s] DEBUG:colcon.colcon_core.package_identification:Package '/home/student20/assessments/week3/src/custom_publisher_package' with type 'ros.ament_cmake' and name 'custom_publisher_package'
[0.402s] Level 1:colcon.colcon_core.package_identification:_identify(/home/student20/assessments/week3/src/custom_subscriber_package) by extensions ['ignore', 'ignore_ament_install']
[0.402s] Level 1:colcon.colcon_core.package_identification:_identify(/home/student20/assessments/week3/src/custom_subscriber_package) by extension 'ignore'
[0.402s] Level 1:colcon.colcon_core.package_identification:_identify(/home/student20/assessments/week3/src/custom_subscriber_package) by extension 'ignore_ament_install'
[0.402s] Level 1:colcon.colcon_core.package_identification:_identify(/home/student20/assessments/week3/src/custom_subscriber_package) by extensions ['colcon_pkg']
[0.402s] Level 1:colcon.colcon_core.package_identification:_identify(/home/student20/assessments/week3/src/custom_subscriber_package) by extension 'colcon_pkg'
[0.403s] Level 1:colcon.colcon_core.package_identification:_identify(/home/student20/assessments/week3/src/custom_subscriber_package) by extensions ['colcon_meta']
[0.403s] Level 1:colcon.colcon_core.package_identification:_identify(/home/student20/assessments/week3/src/custom_subscriber_package) by extension 'colcon_meta'
[0.403s] Level 1:colcon.colcon_core.package_identification:_identify(/home/student20/assessments/week3/src/custom_subscriber_package) by extensions ['ros']
[0.403s] Level 1:colcon.colcon_core.package_identification:_identify(/home/student20/assessments/week3/src/custom_subscriber_package) by extension 'ros'
[0.404s] DEBUG:colcon.colcon_core.package_identification:Package '/home/student20/assessments/week3/src/custom_subscriber_package' with type 'ros.ament_cmake' and name 'custom_subscriber_package'
[0.405s] Level 1:colcon.colcon_core.package_discovery:discover_packages(recursive) using defaults
