[0.080s] Invoking command in '/home/student20/Downloads/coursework2/build/sfr_coursework2_interface_package': CMAKE_PREFIX_PATH=${CMAKE_PREFIX_PATH}:/opt/ros/jazzy DEBUGINFOD_URLS=https://debuginfod.ubuntu.com /usr/bin/cmake /home/student20/Downloads/coursework2/src/sfr_coursework2_interface_package -DCMAKE_INSTALL_PREFIX=/home/student20/Downloads/coursework2/install/sfr_coursework2_interface_package
[1.027s] -- The C compiler identification is GNU 13.3.0
[1.027s] -- The CXX compiler identification is GNU 13.3.0
[1.037s] -- Detecting C compiler ABI info
[1.396s] -- Detecting C compiler ABI info - done
[1.451s] -- Check for working C compiler: /usr/bin/cc - skipped
[1.455s] -- Detecting C compile features
[1.458s] -- Detecting C compile features - done
[1.527s] -- Detecting CXX compiler ABI info
[1.977s] -- Detecting CXX compiler ABI info - done
[2.022s] -- Check for working CXX compiler: /usr/bin/c++ - skipped
[2.024s] -- Detecting CXX compile features
[2.025s] -- Detecting CXX compile features - done
[2.074s] -- Found ament_cmake: 2.5.4 (/opt/ros/jazzy/share/ament_cmake/cmake)
[2.844s] -- Found Python3: /usr/bin/python3 (found version "3.12.3") found components: Interpreter 
[3.497s] -- Found geometry_msgs: 5.3.6 (/opt/ros/jazzy/share/geometry_msgs/cmake)
[3.783s] -- Found rosidl_generator_c: 4.6.6 (/opt/ros/jazzy/share/rosidl_generator_c/cmake)
[3.868s] -- Found rosidl_generator_cpp: 4.6.6 (/opt/ros/jazzy/share/rosidl_generator_cpp/cmake)
[3.977s] -- Using all available rosidl_typesupport_c: rosidl_typesupport_fastrtps_c;rosidl_typesupport_introspection_c
[4.076s] -- Using all available rosidl_typesupport_cpp: rosidl_typesupport_fastrtps_cpp;rosidl_typesupport_introspection_cpp
[4.463s] -- Found rosidl_default_generators: 1.6.0 (/opt/ros/jazzy/share/rosidl_default_generators/cmake)
[4.554s] -- Found rosidl_adapter: 4.6.6 (/opt/ros/jazzy/share/rosidl_adapter/cmake)
[7.460s] -- Found ament_cmake_ros: 0.12.0 (/opt/ros/jazzy/share/ament_cmake_ros/cmake)
[10.675s] -- Using all available rosidl_typesupport_c: rosidl_typesupport_fastrtps_c;rosidl_typesupport_introspection_c
[11.937s] -- Using all available rosidl_typesupport_cpp: rosidl_typesupport_fastrtps_cpp;rosidl_typesupport_introspection_cpp
[11.954s] -- Found python_cmake_module: 0.11.1 (/opt/ros/jazzy/share/python_cmake_module/cmake)
[12.467s] -- Found PythonExtra: /usr/bin/python3  
[14.244s] -- Found Python3: /usr/bin/python3 (found version "3.12.3") found components: Interpreter Development NumPy Development.Module Development.Embed 
[14.490s] -- Found ament_lint_auto: 0.17.3 (/opt/ros/jazzy/share/ament_lint_auto/cmake)
[14.649s] -- Added test 'lint_cmake' to check CMake code style
[14.657s] -- Added test 'xmllint' to check XML markup files
[14.671s] -- Configuring done (14.6s)
[14.832s] -- Generating done (0.1s)
[14.881s] -- Build files have been written to: /home/student20/Downloads/coursework2/build/sfr_coursework2_interface_package
[14.923s] Invoked command in '/home/student20/Downloads/coursework2/build/sfr_coursework2_interface_package' returned '0': CMAKE_PREFIX_PATH=${CMAKE_PREFIX_PATH}:/opt/ros/jazzy DEBUGINFOD_URLS=https://debuginfod.ubuntu.com /usr/bin/cmake /home/student20/Downloads/coursework2/src/sfr_coursework2_interface_package -DCMAKE_INSTALL_PREFIX=/home/student20/Downloads/coursework2/install/sfr_coursework2_interface_package
[14.928s] Invoking command in '/home/student20/Downloads/coursework2/build/sfr_coursework2_interface_package': CMAKE_PREFIX_PATH=${CMAKE_PREFIX_PATH}:/opt/ros/jazzy DEBUGINFOD_URLS=https://debuginfod.ubuntu.com /usr/bin/cmake --build /home/student20/Downloads/coursework2/build/sfr_coursework2_interface_package -- -j12 -l12
[15.124s] [  2%] [34m[1mGenerating type hashes for ROS interfaces[0m
[15.868s] [  2%] Built target sfr_coursework2_interface_package__rosidl_generator_type_description
[15.982s] [  2%] Built target ament_cmake_python_copy_sfr_coursework2_interface_package
[16.029s] [  5%] [34m[1mGenerating C code for ROS interfaces[0m
[17.747s] [  8%] [32mBuilding C object CMakeFiles/sfr_coursework2_interface_package__rosidl_generator_c.dir/rosidl_generator_c/sfr_coursework2_interface_package/action/detail/drone_control__description.c.o[0m
[18.161s] [ 11%] [32mBuilding C object CMakeFiles/sfr_coursework2_interface_package__rosidl_generator_c.dir/rosidl_generator_c/sfr_coursework2_interface_package/action/detail/drone_control__type_support.c.o[0m
[18.327s] [ 14%] [32mBuilding C object CMakeFiles/sfr_coursework2_interface_package__rosidl_generator_c.dir/rosidl_generator_c/sfr_coursework2_interface_package/action/detail/drone_control__functions.c.o[0m
[18.954s] [ 17%] [32m[1mLinking C shared library libsfr_coursework2_interface_package__rosidl_generator_c.so[0m
[19.088s] [ 17%] Built target sfr_coursework2_interface_package__rosidl_generator_c
[19.886s] running egg_info
[19.889s] creating sfr_coursework2_interface_package.egg-info
[19.970s] writing sfr_coursework2_interface_package.egg-info/PKG-INFO
[19.971s] writing dependency_links to sfr_coursework2_interface_package.egg-info/dependency_links.txt
[19.971s] writing top-level names to sfr_coursework2_interface_package.egg-info/top_level.txt
[19.972s] writing manifest file 'sfr_coursework2_interface_package.egg-info/SOURCES.txt'
[20.143s] reading manifest file 'sfr_coursework2_interface_package.egg-info/SOURCES.txt'
[20.145s] writing manifest file 'sfr_coursework2_interface_package.egg-info/SOURCES.txt'
[20.241s] [ 17%] Built target ament_cmake_python_build_sfr_coursework2_interface_package_egg
[20.281s] [ 20%] [34m[1mGenerating C type support dispatch for ROS interfaces[0m
[21.261s] [ 23%] [32mBuilding CXX object CMakeFiles/sfr_coursework2_interface_package__rosidl_typesupport_c.dir/rosidl_typesupport_c/sfr_coursework2_interface_package/action/drone_control__type_support.cpp.o[0m
[21.494s] [ 26%] [32m[1mLinking CXX shared library libsfr_coursework2_interface_package__rosidl_typesupport_c.so[0m
[21.631s] [ 26%] Built target sfr_coursework2_interface_package__rosidl_typesupport_c
[21.665s] [ 29%] [34m[1mGenerating C introspection for ROS interfaces[0m
[22.860s] [ 32%] [32mBuilding C object CMakeFiles/sfr_coursework2_interface_package__rosidl_typesupport_introspection_c.dir/rosidl_typesupport_introspection_c/sfr_coursework2_interface_package/action/detail/drone_control__type_support.c.o[0m
[23.114s] [ 35%] [32m[1mLinking C shared library libsfr_coursework2_interface_package__rosidl_typesupport_introspection_c.so[0m
[23.256s] [ 35%] Built target sfr_coursework2_interface_package__rosidl_typesupport_introspection_c
[23.319s] [ 38%] [34m[1mGenerating C type support for eProsima Fast-RTPS[0m
[25.270s] [ 41%] [32mBuilding CXX object CMakeFiles/sfr_coursework2_interface_package__rosidl_typesupport_fastrtps_c.dir/rosidl_typesupport_fastrtps_c/sfr_coursework2_interface_package/action/detail/drone_control__type_support_c.cpp.o[0m
[28.009s] [ 44%] [32m[1mLinking CXX shared library libsfr_coursework2_interface_package__rosidl_typesupport_fastrtps_c.so[0m
[28.272s] [ 44%] Built target sfr_coursework2_interface_package__rosidl_typesupport_fastrtps_c
[28.357s] [ 47%] [34m[1mGenerating C++ code for ROS interfaces[0m
[30.155s] [ 47%] Built target sfr_coursework2_interface_package__cpp
[30.200s] [ 50%] [34m[1mGenerating C++ type support dispatch for ROS interfaces[0m
[31.379s] [ 52%] [32mBuilding CXX object CMakeFiles/sfr_coursework2_interface_package__rosidl_typesupport_cpp.dir/rosidl_typesupport_cpp/sfr_coursework2_interface_package/action/drone_control__type_support.cpp.o[0m
[34.567s] [ 55%] [32m[1mLinking CXX shared library libsfr_coursework2_interface_package__rosidl_typesupport_cpp.so[0m
[34.918s] [ 55%] Built target sfr_coursework2_interface_package__rosidl_typesupport_cpp
[34.958s] [ 58%] [34m[1mGenerating C++ introspection for ROS interfaces[0m
[36.343s] [ 61%] [32mBuilding CXX object CMakeFiles/sfr_coursework2_interface_package__rosidl_typesupport_introspection_cpp.dir/rosidl_typesupport_introspection_cpp/sfr_coursework2_interface_package/action/detail/drone_control__type_support.cpp.o[0m
[39.710s] [ 64%] [32m[1mLinking CXX shared library libsfr_coursework2_interface_package__rosidl_typesupport_introspection_cpp.so[0m
[40.056s] [ 64%] Built target sfr_coursework2_interface_package__rosidl_typesupport_introspection_cpp
[40.108s] [ 67%] [34m[1mGenerating C++ type support for eProsima Fast-RTPS[0m
[41.936s] [ 70%] [32mBuilding CXX object CMakeFiles/sfr_coursework2_interface_package__rosidl_typesupport_fastrtps_cpp.dir/rosidl_typesupport_fastrtps_cpp/sfr_coursework2_interface_package/action/detail/dds_fastrtps/drone_control__type_support.cpp.o[0m
[46.434s] [ 73%] [32m[1mLinking CXX shared library libsfr_coursework2_interface_package__rosidl_typesupport_fastrtps_cpp.so[0m
[46.802s] [ 73%] Built target sfr_coursework2_interface_package__rosidl_typesupport_fastrtps_cpp
[46.885s] [ 73%] Built target sfr_coursework2_interface_package
[46.987s] [ 76%] [34m[1mGenerating Python code for ROS interfaces[0m
[49.579s] [ 76%] Built target sfr_coursework2_interface_package__py
[49.669s] [ 79%] [32mBuilding C object CMakeFiles/sfr_coursework2_interface_package__rosidl_generator_py.dir/rosidl_generator_py/sfr_coursework2_interface_package/action/_drone_control_s.c.o[0m
[50.659s] [ 82%] [32m[1mLinking C shared library libsfr_coursework2_interface_package__rosidl_generator_py.so[0m
[50.865s] [ 82%] Built target sfr_coursework2_interface_package__rosidl_generator_py
[50.958s] [ 85%] [32mBuilding C object CMakeFiles/sfr_coursework2_interface_package_s__rosidl_typesupport_fastrtps_c.dir/rosidl_generator_py/sfr_coursework2_interface_package/_sfr_coursework2_interface_package_s.ep.rosidl_typesupport_fastrtps_c.c.o[0m
[51.496s] [ 88%] [32m[1mLinking C shared module rosidl_generator_py/sfr_coursework2_interface_package/sfr_coursework2_interface_package_s__rosidl_typesupport_fastrtps_c.so[0m
[51.656s] [ 88%] Built target sfr_coursework2_interface_package_s__rosidl_typesupport_fastrtps_c
[51.744s] [ 91%] [32mBuilding C object CMakeFiles/sfr_coursework2_interface_package_s__rosidl_typesupport_c.dir/rosidl_generator_py/sfr_coursework2_interface_package/_sfr_coursework2_interface_package_s.ep.rosidl_typesupport_c.c.o[0m
[52.275s] [ 94%] [32m[1mLinking C shared module rosidl_generator_py/sfr_coursework2_interface_package/sfr_coursework2_interface_package_s__rosidl_typesupport_c.so[0m
[52.419s] [ 94%] Built target sfr_coursework2_interface_package_s__rosidl_typesupport_c
[52.495s] [ 97%] [32mBuilding C object CMakeFiles/sfr_coursework2_interface_package_s__rosidl_typesupport_introspection_c.dir/rosidl_generator_py/sfr_coursework2_interface_package/_sfr_coursework2_interface_package_s.ep.rosidl_typesupport_introspection_c.c.o[0m
[53.037s] [100%] [32m[1mLinking C shared module rosidl_generator_py/sfr_coursework2_interface_package/sfr_coursework2_interface_package_s__rosidl_typesupport_introspection_c.so[0m
[53.189s] [100%] Built target sfr_coursework2_interface_package_s__rosidl_typesupport_introspection_c
[53.240s] Invoked command in '/home/student20/Downloads/coursework2/build/sfr_coursework2_interface_package' returned '0': CMAKE_PREFIX_PATH=${CMAKE_PREFIX_PATH}:/opt/ros/jazzy DEBUGINFOD_URLS=https://debuginfod.ubuntu.com /usr/bin/cmake --build /home/student20/Downloads/coursework2/build/sfr_coursework2_interface_package -- -j12 -l12
[53.284s] Invoking command in '/home/student20/Downloads/coursework2/build/sfr_coursework2_interface_package': CMAKE_PREFIX_PATH=${CMAKE_PREFIX_PATH}:/opt/ros/jazzy DEBUGINFOD_URLS=https://debuginfod.ubuntu.com /usr/bin/cmake --install /home/student20/Downloads/coursework2/build/sfr_coursework2_interface_package
[53.322s] -- Install configuration: ""
[53.323s] -- Installing: /home/student20/Downloads/coursework2/install/sfr_coursework2_interface_package/share/ament_index/resource_index/rosidl_interfaces/sfr_coursework2_interface_package
[53.323s] -- Installing: /home/student20/Downloads/coursework2/install/sfr_coursework2_interface_package/share/sfr_coursework2_interface_package/action/DroneControl.json
[53.324s] -- Installing: /home/student20/Downloads/coursework2/install/sfr_coursework2_interface_package/include/sfr_coursework2_interface_package/sfr_coursework2_interface_package
[53.325s] -- Installing: /home/student20/Downloads/coursework2/install/sfr_coursework2_interface_package/include/sfr_coursework2_interface_package/sfr_coursework2_interface_package/action
[53.325s] -- Installing: /home/student20/Downloads/coursework2/install/sfr_coursework2_interface_package/include/sfr_coursework2_interface_package/sfr_coursework2_interface_package/action/drone_control.h
[53.326s] -- Installing: /home/student20/Downloads/coursework2/install/sfr_coursework2_interface_package/include/sfr_coursework2_interface_package/sfr_coursework2_interface_package/action/detail
[53.327s] -- Installing: /home/student20/Downloads/coursework2/install/sfr_coursework2_interface_package/include/sfr_coursework2_interface_package/sfr_coursework2_interface_package/action/detail/drone_control__functions.c
[53.327s] -- Installing: /home/student20/Downloads/coursework2/install/sfr_coursework2_interface_package/include/sfr_coursework2_interface_package/sfr_coursework2_interface_package/action/detail/drone_control__functions.h
[53.328s] -- Installing: /home/student20/Downloads/coursework2/install/sfr_coursework2_interface_package/include/sfr_coursework2_interface_package/sfr_coursework2_interface_package/action/detail/drone_control__type_support.c
[53.328s] -- Installing: /home/student20/Downloads/coursework2/install/sfr_coursework2_interface_package/include/sfr_coursework2_interface_package/sfr_coursework2_interface_package/action/detail/drone_control__description.c
[53.328s] -- Installing: /home/student20/Downloads/coursework2/install/sfr_coursework2_interface_package/include/sfr_coursework2_interface_package/sfr_coursework2_interface_package/action/detail/drone_control__struct.h
[53.328s] -- Installing: /home/student20/Downloads/coursework2/install/sfr_coursework2_interface_package/include/sfr_coursework2_interface_package/sfr_coursework2_interface_package/action/detail/drone_control__type_support.h
[53.328s] -- Installing: /home/student20/Downloads/coursework2/install/sfr_coursework2_interface_package/include/sfr_coursework2_interface_package/sfr_coursework2_interface_package/msg
[53.330s] -- Installing: /home/student20/Downloads/coursework2/install/sfr_coursework2_interface_package/include/sfr_coursework2_interface_package/sfr_coursework2_interface_package/msg/rosidl_generator_c__visibility_control.h
[53.331s] -- Installing: /home/student20/Downloads/coursework2/install/sfr_coursework2_interface_package/share/sfr_coursework2_interface_package/environment/library_path.sh
[53.332s] -- Installing: /home/student20/Downloads/coursework2/install/sfr_coursework2_interface_package/share/sfr_coursework2_interface_package/environment/library_path.dsv
[53.332s] -- Installing: /home/student20/Downloads/coursework2/install/sfr_coursework2_interface_package/lib/libsfr_coursework2_interface_package__rosidl_generator_c.so
[53.333s] -- Set non-toolchain portion of runtime path of "/home/student20/Downloads/coursework2/install/sfr_coursework2_interface_package/lib/libsfr_coursework2_interface_package__rosidl_generator_c.so" to ""
[53.334s] -- Up-to-date: /home/student20/Downloads/coursework2/install/sfr_coursework2_interface_package/include/sfr_coursework2_interface_package/sfr_coursework2_interface_package
[53.334s] -- Up-to-date: /home/student20/Downloads/coursework2/install/sfr_coursework2_interface_package/include/sfr_coursework2_interface_package/sfr_coursework2_interface_package/action
[53.334s] -- Up-to-date: /home/student20/Downloads/coursework2/install/sfr_coursework2_interface_package/include/sfr_coursework2_interface_package/sfr_coursework2_interface_package/action/detail
[53.334s] -- Installing: /home/student20/Downloads/coursework2/install/sfr_coursework2_interface_package/include/sfr_coursework2_interface_package/sfr_coursework2_interface_package/action/detail/drone_control__rosidl_typesupport_fastrtps_c.h
[53.334s] -- Up-to-date: /home/student20/Downloads/coursework2/install/sfr_coursework2_interface_package/include/sfr_coursework2_interface_package/sfr_coursework2_interface_package/msg
[53.335s] -- Installing: /home/student20/Downloads/coursework2/install/sfr_coursework2_interface_package/include/sfr_coursework2_interface_package/sfr_coursework2_interface_package/msg/rosidl_typesupport_fastrtps_c__visibility_control.h
[53.335s] -- Installing: /home/student20/Downloads/coursework2/install/sfr_coursework2_interface_package/lib/libsfr_coursework2_interface_package__rosidl_typesupport_fastrtps_c.so
[53.336s] -- Set non-toolchain portion of runtime path of "/home/student20/Downloads/coursework2/install/sfr_coursework2_interface_package/lib/libsfr_coursework2_interface_package__rosidl_typesupport_fastrtps_c.so" to ""
[53.336s] -- Up-to-date: /home/student20/Downloads/coursework2/install/sfr_coursework2_interface_package/include/sfr_coursework2_interface_package/sfr_coursework2_interface_package
[53.336s] -- Up-to-date: /home/student20/Downloads/coursework2/install/sfr_coursework2_interface_package/include/sfr_coursework2_interface_package/sfr_coursework2_interface_package/action
[53.337s] -- Installing: /home/student20/Downloads/coursework2/install/sfr_coursework2_interface_package/include/sfr_coursework2_interface_package/sfr_coursework2_interface_package/action/drone_control.hpp
[53.337s] -- Up-to-date: /home/student20/Downloads/coursework2/install/sfr_coursework2_interface_package/include/sfr_coursework2_interface_package/sfr_coursework2_interface_package/action/detail
[53.337s] -- Installing: /home/student20/Downloads/coursework2/install/sfr_coursework2_interface_package/include/sfr_coursework2_interface_package/sfr_coursework2_interface_package/action/detail/drone_control__builder.hpp
[53.338s] -- Installing: /home/student20/Downloads/coursework2/install/sfr_coursework2_interface_package/include/sfr_coursework2_interface_package/sfr_coursework2_interface_package/action/detail/drone_control__traits.hpp
[53.338s] -- Installing: /home/student20/Downloads/coursework2/install/sfr_coursework2_interface_package/include/sfr_coursework2_interface_package/sfr_coursework2_interface_package/action/detail/drone_control__type_support.hpp
[53.338s] -- Installing: /home/student20/Downloads/coursework2/install/sfr_coursework2_interface_package/include/sfr_coursework2_interface_package/sfr_coursework2_interface_package/action/detail/drone_control__struct.hpp
[53.339s] -- Up-to-date: /home/student20/Downloads/coursework2/install/sfr_coursework2_interface_package/include/sfr_coursework2_interface_package/sfr_coursework2_interface_package/msg
[53.340s] -- Installing: /home/student20/Downloads/coursework2/install/sfr_coursework2_interface_package/include/sfr_coursework2_interface_package/sfr_coursework2_interface_package/msg/rosidl_generator_cpp__visibility_control.hpp
[53.341s] -- Up-to-date: /home/student20/Downloads/coursework2/install/sfr_coursework2_interface_package/include/sfr_coursework2_interface_package/sfr_coursework2_interface_package
[53.344s] -- Up-to-date: /home/student20/Downloads/coursework2/install/sfr_coursework2_interface_package/include/sfr_coursework2_interface_package/sfr_coursework2_interface_package/action
[53.346s] -- Up-to-date: /home/student20/Downloads/coursework2/install/sfr_coursework2_interface_package/include/sfr_coursework2_interface_package/sfr_coursework2_interface_package/action/detail
[53.346s] -- Installing: /home/student20/Downloads/coursework2/install/sfr_coursework2_interface_package/include/sfr_coursework2_interface_package/sfr_coursework2_interface_package/action/detail/drone_control__rosidl_typesupport_fastrtps_cpp.hpp
[53.346s] -- Installing: /home/student20/Downloads/coursework2/install/sfr_coursework2_interface_package/include/sfr_coursework2_interface_package/sfr_coursework2_interface_package/action/detail/dds_fastrtps
[53.346s] -- Up-to-date: /home/student20/Downloads/coursework2/install/sfr_coursework2_interface_package/include/sfr_coursework2_interface_package/sfr_coursework2_interface_package/msg
[53.347s] -- Installing: /home/student20/Downloads/coursework2/install/sfr_coursework2_interface_package/include/sfr_coursework2_interface_package/sfr_coursework2_interface_package/msg/rosidl_typesupport_fastrtps_cpp__visibility_control.h
[53.348s] -- Installing: /home/student20/Downloads/coursework2/install/sfr_coursework2_interface_package/lib/libsfr_coursework2_interface_package__rosidl_typesupport_fastrtps_cpp.so
[53.348s] -- Set non-toolchain portion of runtime path of "/home/student20/Downloads/coursework2/install/sfr_coursework2_interface_package/lib/libsfr_coursework2_interface_package__rosidl_typesupport_fastrtps_cpp.so" to ""
[53.349s] -- Up-to-date: /home/student20/Downloads/coursework2/install/sfr_coursework2_interface_package/include/sfr_coursework2_interface_package/sfr_coursework2_interface_package
[53.349s] -- Up-to-date: /home/student20/Downloads/coursework2/install/sfr_coursework2_interface_package/include/sfr_coursework2_interface_package/sfr_coursework2_interface_package/action
[53.350s] -- Up-to-date: /home/student20/Downloads/coursework2/install/sfr_coursework2_interface_package/include/sfr_coursework2_interface_package/sfr_coursework2_interface_package/action/detail
[53.350s] -- Installing: /home/student20/Downloads/coursework2/install/sfr_coursework2_interface_package/include/sfr_coursework2_interface_package/sfr_coursework2_interface_package/action/detail/drone_control__rosidl_typesupport_introspection_c.h
[53.351s] -- Installing: /home/student20/Downloads/coursework2/install/sfr_coursework2_interface_package/include/sfr_coursework2_interface_package/sfr_coursework2_interface_package/action/detail/drone_control__type_support.c
[53.353s] -- Up-to-date: /home/student20/Downloads/coursework2/install/sfr_coursework2_interface_package/include/sfr_coursework2_interface_package/sfr_coursework2_interface_package/msg
[53.354s] -- Installing: /home/student20/Downloads/coursework2/install/sfr_coursework2_interface_package/include/sfr_coursework2_interface_package/sfr_coursework2_interface_package/msg/rosidl_typesupport_introspection_c__visibility_control.h
[53.354s] -- Installing: /home/student20/Downloads/coursework2/install/sfr_coursework2_interface_package/lib/libsfr_coursework2_interface_package__rosidl_typesupport_introspection_c.so
[53.355s] -- Set non-toolchain portion of runtime path of "/home/student20/Downloads/coursework2/install/sfr_coursework2_interface_package/lib/libsfr_coursework2_interface_package__rosidl_typesupport_introspection_c.so" to ""
[53.358s] -- Installing: /home/student20/Downloads/coursework2/install/sfr_coursework2_interface_package/lib/libsfr_coursework2_interface_package__rosidl_typesupport_c.so
[53.358s] -- Set non-toolchain portion of runtime path of "/home/student20/Downloads/coursework2/install/sfr_coursework2_interface_package/lib/libsfr_coursework2_interface_package__rosidl_typesupport_c.so" to ""
[53.359s] -- Up-to-date: /home/student20/Downloads/coursework2/install/sfr_coursework2_interface_package/include/sfr_coursework2_interface_package/sfr_coursework2_interface_package
[53.360s] -- Up-to-date: /home/student20/Downloads/coursework2/install/sfr_coursework2_interface_package/include/sfr_coursework2_interface_package/sfr_coursework2_interface_package/action
[53.360s] -- Up-to-date: /home/student20/Downloads/coursework2/install/sfr_coursework2_interface_package/include/sfr_coursework2_interface_package/sfr_coursework2_interface_package/action/detail
[53.361s] -- Installing: /home/student20/Downloads/coursework2/install/sfr_coursework2_interface_package/include/sfr_coursework2_interface_package/sfr_coursework2_interface_package/action/detail/drone_control__type_support.cpp
[53.361s] -- Installing: /home/student20/Downloads/coursework2/install/sfr_coursework2_interface_package/include/sfr_coursework2_interface_package/sfr_coursework2_interface_package/action/detail/drone_control__rosidl_typesupport_introspection_cpp.hpp
[53.362s] -- Installing: /home/student20/Downloads/coursework2/install/sfr_coursework2_interface_package/lib/libsfr_coursework2_interface_package__rosidl_typesupport_introspection_cpp.so
[53.363s] -- Set non-toolchain portion of runtime path of "/home/student20/Downloads/coursework2/install/sfr_coursework2_interface_package/lib/libsfr_coursework2_interface_package__rosidl_typesupport_introspection_cpp.so" to ""
[53.364s] -- Installing: /home/student20/Downloads/coursework2/install/sfr_coursework2_interface_package/lib/libsfr_coursework2_interface_package__rosidl_typesupport_cpp.so
[53.364s] -- Set non-toolchain portion of runtime path of "/home/student20/Downloads/coursework2/install/sfr_coursework2_interface_package/lib/libsfr_coursework2_interface_package__rosidl_typesupport_cpp.so" to ""
[53.365s] -- Installing: /home/student20/Downloads/coursework2/install/sfr_coursework2_interface_package/share/sfr_coursework2_interface_package/environment/pythonpath.sh
[53.365s] -- Installing: /home/student20/Downloads/coursework2/install/sfr_coursework2_interface_package/share/sfr_coursework2_interface_package/environment/pythonpath.dsv
[53.365s] -- Installing: /home/student20/Downloads/coursework2/install/sfr_coursework2_interface_package/lib/python3.12/site-packages/sfr_coursework2_interface_package-0.0.0-py3.12.egg-info
[53.366s] -- Installing: /home/student20/Downloads/coursework2/install/sfr_coursework2_interface_package/lib/python3.12/site-packages/sfr_coursework2_interface_package-0.0.0-py3.12.egg-info/top_level.txt
[53.367s] -- Installing: /home/student20/Downloads/coursework2/install/sfr_coursework2_interface_package/lib/python3.12/site-packages/sfr_coursework2_interface_package-0.0.0-py3.12.egg-info/dependency_links.txt
[53.367s] -- Installing: /home/student20/Downloads/coursework2/install/sfr_coursework2_interface_package/lib/python3.12/site-packages/sfr_coursework2_interface_package-0.0.0-py3.12.egg-info/SOURCES.txt
[53.367s] -- Installing: /home/student20/Downloads/coursework2/install/sfr_coursework2_interface_package/lib/python3.12/site-packages/sfr_coursework2_interface_package-0.0.0-py3.12.egg-info/PKG-INFO
[53.368s] -- Installing: /home/student20/Downloads/coursework2/install/sfr_coursework2_interface_package/lib/python3.12/site-packages/sfr_coursework2_interface_package
[53.368s] -- Installing: /home/student20/Downloads/coursework2/install/sfr_coursework2_interface_package/lib/python3.12/site-packages/sfr_coursework2_interface_package/_sfr_coursework2_interface_package_s.ep.rosidl_typesupport_c.c
[53.368s] -- Installing: /home/student20/Downloads/coursework2/install/sfr_coursework2_interface_package/lib/python3.12/site-packages/sfr_coursework2_interface_package/action
[53.369s] -- Installing: /home/student20/Downloads/coursework2/install/sfr_coursework2_interface_package/lib/python3.12/site-packages/sfr_coursework2_interface_package/action/_drone_control_s.c
[53.369s] -- Installing: /home/student20/Downloads/coursework2/install/sfr_coursework2_interface_package/lib/python3.12/site-packages/sfr_coursework2_interface_package/action/__init__.py
[53.369s] -- Installing: /home/student20/Downloads/coursework2/install/sfr_coursework2_interface_package/lib/python3.12/site-packages/sfr_coursework2_interface_package/action/_drone_control.py
[53.370s] -- Installing: /home/student20/Downloads/coursework2/install/sfr_coursework2_interface_package/lib/python3.12/site-packages/sfr_coursework2_interface_package/sfr_coursework2_interface_package_s__rosidl_typesupport_c.so
[53.370s] -- Installing: /home/student20/Downloads/coursework2/install/sfr_coursework2_interface_package/lib/python3.12/site-packages/sfr_coursework2_interface_package/_sfr_coursework2_interface_package_s.ep.rosidl_typesupport_fastrtps_c.c
[53.371s] -- Installing: /home/student20/Downloads/coursework2/install/sfr_coursework2_interface_package/lib/python3.12/site-packages/sfr_coursework2_interface_package/__init__.py
[53.371s] -- Installing: /home/student20/Downloads/coursework2/install/sfr_coursework2_interface_package/lib/python3.12/site-packages/sfr_coursework2_interface_package/sfr_coursework2_interface_package_s__rosidl_typesupport_fastrtps_c.so
[53.371s] -- Installing: /home/student20/Downloads/coursework2/install/sfr_coursework2_interface_package/lib/python3.12/site-packages/sfr_coursework2_interface_package/sfr_coursework2_interface_package_s__rosidl_typesupport_introspection_c.so
[53.372s] -- Installing: /home/student20/Downloads/coursework2/install/sfr_coursework2_interface_package/lib/python3.12/site-packages/sfr_coursework2_interface_package/_sfr_coursework2_interface_package_s.ep.rosidl_typesupport_introspection_c.c
[53.585s] Listing '/home/student20/Downloads/coursework2/install/sfr_coursework2_interface_package/lib/python3.12/site-packages/sfr_coursework2_interface_package'...
[53.585s] Compiling '/home/student20/Downloads/coursework2/install/sfr_coursework2_interface_package/lib/python3.12/site-packages/sfr_coursework2_interface_package/__init__.py'...
[53.585s] Listing '/home/student20/Downloads/coursework2/install/sfr_coursework2_interface_package/lib/python3.12/site-packages/sfr_coursework2_interface_package/action'...
[53.585s] Compiling '/home/student20/Downloads/coursework2/install/sfr_coursework2_interface_package/lib/python3.12/site-packages/sfr_coursework2_interface_package/action/__init__.py'...
[53.585s] Compiling '/home/student20/Downloads/coursework2/install/sfr_coursework2_interface_package/lib/python3.12/site-packages/sfr_coursework2_interface_package/action/_drone_control.py'...
[53.615s] -- Installing: /home/student20/Downloads/coursework2/install/sfr_coursework2_interface_package/lib/python3.12/site-packages/sfr_coursework2_interface_package/sfr_coursework2_interface_package_s__rosidl_typesupport_fastrtps_c.so
[53.616s] -- Set non-toolchain portion of runtime path of "/home/student20/Downloads/coursework2/install/sfr_coursework2_interface_package/lib/python3.12/site-packages/sfr_coursework2_interface_package/sfr_coursework2_interface_package_s__rosidl_typesupport_fastrtps_c.so" to ""
[53.617s] -- Installing: /home/student20/Downloads/coursework2/install/sfr_coursework2_interface_package/lib/python3.12/site-packages/sfr_coursework2_interface_package/sfr_coursework2_interface_package_s__rosidl_typesupport_introspection_c.so
[53.618s] -- Set non-toolchain portion of runtime path of "/home/student20/Downloads/coursework2/install/sfr_coursework2_interface_package/lib/python3.12/site-packages/sfr_coursework2_interface_package/sfr_coursework2_interface_package_s__rosidl_typesupport_introspection_c.so" to ""
[53.618s] -- Installing: /home/student20/Downloads/coursework2/install/sfr_coursework2_interface_package/lib/python3.12/site-packages/sfr_coursework2_interface_package/sfr_coursework2_interface_package_s__rosidl_typesupport_c.so
[53.619s] -- Set non-toolchain portion of runtime path of "/home/student20/Downloads/coursework2/install/sfr_coursework2_interface_package/lib/python3.12/site-packages/sfr_coursework2_interface_package/sfr_coursework2_interface_package_s__rosidl_typesupport_c.so" to ""
[53.619s] -- Installing: /home/student20/Downloads/coursework2/install/sfr_coursework2_interface_package/lib/libsfr_coursework2_interface_package__rosidl_generator_py.so
[53.621s] -- Set non-toolchain portion of runtime path of "/home/student20/Downloads/coursework2/install/sfr_coursework2_interface_package/lib/libsfr_coursework2_interface_package__rosidl_generator_py.so" to ""
[53.622s] -- Installing: /home/student20/Downloads/coursework2/install/sfr_coursework2_interface_package/share/sfr_coursework2_interface_package/action/DroneControl.idl
[53.622s] -- Installing: /home/student20/Downloads/coursework2/install/sfr_coursework2_interface_package/share/sfr_coursework2_interface_package/action/DroneControl.action
[53.625s] -- Installing: /home/student20/Downloads/coursework2/install/sfr_coursework2_interface_package/share/ament_index/resource_index/package_run_dependencies/sfr_coursework2_interface_package
[53.625s] -- Installing: /home/student20/Downloads/coursework2/install/sfr_coursework2_interface_package/share/ament_index/resource_index/parent_prefix_path/sfr_coursework2_interface_package
[53.626s] -- Installing: /home/student20/Downloads/coursework2/install/sfr_coursework2_interface_package/share/sfr_coursework2_interface_package/environment/ament_prefix_path.sh
[53.627s] -- Installing: /home/student20/Downloads/coursework2/install/sfr_coursework2_interface_package/share/sfr_coursework2_interface_package/environment/ament_prefix_path.dsv
[53.628s] -- Installing: /home/student20/Downloads/coursework2/install/sfr_coursework2_interface_package/share/sfr_coursework2_interface_package/environment/path.sh
[53.629s] -- Installing: /home/student20/Downloads/coursework2/install/sfr_coursework2_interface_package/share/sfr_coursework2_interface_package/environment/path.dsv
[53.630s] -- Installing: /home/student20/Downloads/coursework2/install/sfr_coursework2_interface_package/share/sfr_coursework2_interface_package/local_setup.bash
[53.631s] -- Installing: /home/student20/Downloads/coursework2/install/sfr_coursework2_interface_package/share/sfr_coursework2_interface_package/local_setup.sh
[53.631s] -- Installing: /home/student20/Downloads/coursework2/install/sfr_coursework2_interface_package/share/sfr_coursework2_interface_package/local_setup.zsh
[53.632s] -- Installing: /home/student20/Downloads/coursework2/install/sfr_coursework2_interface_package/share/sfr_coursework2_interface_package/local_setup.dsv
[53.632s] -- Installing: /home/student20/Downloads/coursework2/install/sfr_coursework2_interface_package/share/sfr_coursework2_interface_package/package.dsv
[53.632s] -- Installing: /home/student20/Downloads/coursework2/install/sfr_coursework2_interface_package/share/ament_index/resource_index/packages/sfr_coursework2_interface_package
[53.632s] -- Installing: /home/student20/Downloads/coursework2/install/sfr_coursework2_interface_package/share/sfr_coursework2_interface_package/cmake/export_sfr_coursework2_interface_package__rosidl_generator_cExport.cmake
[53.633s] -- Installing: /home/student20/Downloads/coursework2/install/sfr_coursework2_interface_package/share/sfr_coursework2_interface_package/cmake/export_sfr_coursework2_interface_package__rosidl_generator_cExport-noconfig.cmake
[53.633s] -- Installing: /home/student20/Downloads/coursework2/install/sfr_coursework2_interface_package/share/sfr_coursework2_interface_package/cmake/export_sfr_coursework2_interface_package__rosidl_typesupport_fastrtps_cExport.cmake
[53.633s] -- Installing: /home/student20/Downloads/coursework2/install/sfr_coursework2_interface_package/share/sfr_coursework2_interface_package/cmake/export_sfr_coursework2_interface_package__rosidl_typesupport_fastrtps_cExport-noconfig.cmake
[53.634s] -- Installing: /home/student20/Downloads/coursework2/install/sfr_coursework2_interface_package/share/sfr_coursework2_interface_package/cmake/export_sfr_coursework2_interface_package__rosidl_generator_cppExport.cmake
[53.634s] -- Installing: /home/student20/Downloads/coursework2/install/sfr_coursework2_interface_package/share/sfr_coursework2_interface_package/cmake/export_sfr_coursework2_interface_package__rosidl_typesupport_fastrtps_cppExport.cmake
[53.635s] -- Installing: /home/student20/Downloads/coursework2/install/sfr_coursework2_interface_package/share/sfr_coursework2_interface_package/cmake/export_sfr_coursework2_interface_package__rosidl_typesupport_fastrtps_cppExport-noconfig.cmake
[53.635s] -- Installing: /home/student20/Downloads/coursework2/install/sfr_coursework2_interface_package/share/sfr_coursework2_interface_package/cmake/sfr_coursework2_interface_package__rosidl_typesupport_introspection_cExport.cmake
[53.635s] -- Installing: /home/student20/Downloads/coursework2/install/sfr_coursework2_interface_package/share/sfr_coursework2_interface_package/cmake/sfr_coursework2_interface_package__rosidl_typesupport_introspection_cExport-noconfig.cmake
[53.636s] -- Installing: /home/student20/Downloads/coursework2/install/sfr_coursework2_interface_package/share/sfr_coursework2_interface_package/cmake/sfr_coursework2_interface_package__rosidl_typesupport_cExport.cmake
[53.636s] -- Installing: /home/student20/Downloads/coursework2/install/sfr_coursework2_interface_package/share/sfr_coursework2_interface_package/cmake/sfr_coursework2_interface_package__rosidl_typesupport_cExport-noconfig.cmake
[53.636s] -- Installing: /home/student20/Downloads/coursework2/install/sfr_coursework2_interface_package/share/sfr_coursework2_interface_package/cmake/sfr_coursework2_interface_package__rosidl_typesupport_introspection_cppExport.cmake
[53.636s] -- Installing: /home/student20/Downloads/coursework2/install/sfr_coursework2_interface_package/share/sfr_coursework2_interface_package/cmake/sfr_coursework2_interface_package__rosidl_typesupport_introspection_cppExport-noconfig.cmake
[53.637s] -- Installing: /home/student20/Downloads/coursework2/install/sfr_coursework2_interface_package/share/sfr_coursework2_interface_package/cmake/sfr_coursework2_interface_package__rosidl_typesupport_cppExport.cmake
[53.637s] -- Installing: /home/student20/Downloads/coursework2/install/sfr_coursework2_interface_package/share/sfr_coursework2_interface_package/cmake/sfr_coursework2_interface_package__rosidl_typesupport_cppExport-noconfig.cmake
[53.637s] -- Installing: /home/student20/Downloads/coursework2/install/sfr_coursework2_interface_package/share/sfr_coursework2_interface_package/cmake/export_sfr_coursework2_interface_package__rosidl_generator_pyExport.cmake
[53.638s] -- Installing: /home/student20/Downloads/coursework2/install/sfr_coursework2_interface_package/share/sfr_coursework2_interface_package/cmake/export_sfr_coursework2_interface_package__rosidl_generator_pyExport-noconfig.cmake
[53.638s] -- Installing: /home/student20/Downloads/coursework2/install/sfr_coursework2_interface_package/share/sfr_coursework2_interface_package/cmake/rosidl_cmake-extras.cmake
[53.638s] -- Installing: /home/student20/Downloads/coursework2/install/sfr_coursework2_interface_package/share/sfr_coursework2_interface_package/cmake/ament_cmake_export_dependencies-extras.cmake
[53.638s] -- Installing: /home/student20/Downloads/coursework2/install/sfr_coursework2_interface_package/share/sfr_coursework2_interface_package/cmake/ament_cmake_export_include_directories-extras.cmake
[53.638s] -- Installing: /home/student20/Downloads/coursework2/install/sfr_coursework2_interface_package/share/sfr_coursework2_interface_package/cmake/ament_cmake_export_libraries-extras.cmake
[53.639s] -- Installing: /home/student20/Downloads/coursework2/install/sfr_coursework2_interface_package/share/sfr_coursework2_interface_package/cmake/ament_cmake_export_targets-extras.cmake
[53.639s] -- Installing: /home/student20/Downloads/coursework2/install/sfr_coursework2_interface_package/share/sfr_coursework2_interface_package/cmake/rosidl_cmake_export_typesupport_targets-extras.cmake
[53.640s] -- Installing: /home/student20/Downloads/coursework2/install/sfr_coursework2_interface_package/share/sfr_coursework2_interface_package/cmake/rosidl_cmake_export_typesupport_libraries-extras.cmake
[53.640s] -- Installing: /home/student20/Downloads/coursework2/install/sfr_coursework2_interface_package/share/sfr_coursework2_interface_package/cmake/sfr_coursework2_interface_packageConfig.cmake
[53.640s] -- Installing: /home/student20/Downloads/coursework2/install/sfr_coursework2_interface_package/share/sfr_coursework2_interface_package/cmake/sfr_coursework2_interface_packageConfig-version.cmake
[53.641s] -- Installing: /home/student20/Downloads/coursework2/install/sfr_coursework2_interface_package/share/sfr_coursework2_interface_package/package.xml
[53.644s] Invoked command in '/home/student20/Downloads/coursework2/build/sfr_coursework2_interface_package' returned '0': CMAKE_PREFIX_PATH=${CMAKE_PREFIX_PATH}:/opt/ros/jazzy DEBUGINFOD_URLS=https://debuginfod.ubuntu.com /usr/bin/cmake --install /home/student20/Downloads/coursework2/build/sfr_coursework2_interface_package
