[1.884s] Invoking command in '/home/student20/assessments/week8/src/liverpool': DEBUGINFOD_URLS=https://debuginfod.ubuntu.com PYTHONPATH=/home/student20/assessments/week8/build/liverpool/prefix_override:/usr/lib/python3/dist-packages/colcon_core/task/python/colcon_distutils_commands:/home/student20/assessments/week8/install/liverpool/lib/python3.12/site-packages:${PYTHONPATH} /usr/bin/python3 -W ignore:setup.py install is deprecated -W ignore:easy_install command is deprecated setup.py egg_info --egg-base ../../build/liverpool build --build-base /home/student20/assessments/week8/build/liverpool/build install --record /home/student20/assessments/week8/build/liverpool/install.log --single-version-externally-managed install_data
[2.468s] running egg_info
[2.510s] writing ../../build/liverpool/liverpool.egg-info/PKG-INFO
[2.510s] writing dependency_links to ../../build/liverpool/liverpool.egg-info/dependency_links.txt
[2.510s] writing entry points to ../../build/liverpool/liverpool.egg-info/entry_points.txt
[2.510s] writing requirements to ../../build/liverpool/liverpool.egg-info/requires.txt
[2.510s] writing top-level names to ../../build/liverpool/liverpool.egg-info/top_level.txt
[2.576s] reading manifest file '../../build/liverpool/liverpool.egg-info/SOURCES.txt'
[2.577s] writing manifest file '../../build/liverpool/liverpool.egg-info/SOURCES.txt'
[2.578s] running build
[2.578s] running build_py
[2.578s] running install
[2.587s] running install_lib
[2.609s] running install_data
[2.611s] running install_egg_info
[2.647s] removing '/home/student20/assessments/week8/install/liverpool/lib/python3.12/site-packages/liverpool-0.0.0-py3.12.egg-info' (and everything under it)
[2.649s] Copying ../../build/liverpool/liverpool.egg-info to /home/student20/assessments/week8/install/liverpool/lib/python3.12/site-packages/liverpool-0.0.0-py3.12.egg-info
[2.653s] running install_scripts
[3.016s] Installing grape script to /home/student20/assessments/week8/install/liverpool/lib/liverpool
[3.016s] writing list of installed files to '/home/student20/assessments/week8/build/liverpool/install.log'
[3.153s] Invoked command in '/home/student20/assessments/week8/src/liverpool' returned '0': DEBUGINFOD_URLS=https://debuginfod.ubuntu.com PYTHONPATH=/home/student20/assessments/week8/build/liverpool/prefix_override:/usr/lib/python3/dist-packages/colcon_core/task/python/colcon_distutils_commands:/home/student20/assessments/week8/install/liverpool/lib/python3.12/site-packages:${PYTHONPATH} /usr/bin/python3 -W ignore:setup.py install is deprecated -W ignore:easy_install command is deprecated setup.py egg_info --egg-base ../../build/liverpool build --build-base /home/student20/assessments/week8/build/liverpool/build install --record /home/student20/assessments/week8/build/liverpool/install.log --single-version-externally-managed install_data
