[0.355s] DEBUG:colcon:Command line arguments: ['/usr/bin/colcon', 'list', '-p', '--base-paths', '/home/student20/assessments/week5']
[0.355s] DEBUG:colcon:Parsed command line arguments: Namespace(log_base=None, log_level=None, verb_name='list', build_base='build', ignore_user_meta=False, metas=['./colcon.meta'], base_paths=['/home/student20/assessments/week5'], packages_ignore=None, packages_ignore_regex=None, paths=None, packages_up_to=None, packages_up_to_regex=None, packages_above=None, packages_above_and_dependencies=None, packages_above_depth=None, packages_select_by_dep=None, packages_skip_by_dep=None, packages_skip_up_to=None, packages_select_build_failed=False, packages_skip_build_finished=False, packages_select_test_failures=False, packages_skip_test_passed=False, packages_select=None, packages_skip=None, packages_select_regex=None, packages_skip_regex=None, packages_start=None, packages_end=None, topological_order=False, names_only=False, paths_only=True, topological_graph=False, topological_graph_dot=False, topological_graph_density=False, topological_graph_legend=False, topological_graph_dot_cluster=False, topological_graph_dot_include_skipped=False, verb_parser=<colcon_defaults.argument_parser.defaults.DefaultArgumentsDecorator object at 0x7d783ab21a90>, verb_extension=<colcon_package_information.verb.list.ListVerb object at 0x7d783acf37a0>, main=<bound method ListVerb.main of <colcon_package_information.verb.list.ListVerb object at 0x7d783acf37a0>>)
[0.505s] Level 1:colcon.colcon_core.package_discovery:discover_packages(colcon_meta) check parameters
[0.506s] Level 1:colcon.colcon_core.package_discovery:discover_packages(recursive) check parameters
[0.506s] Level 1:colcon.colcon_core.package_discovery:discover_packages(ignore) check parameters
[0.506s] Level 1:colcon.colcon_core.package_discovery:discover_packages(path) check parameters
[0.506s] Level 1:colcon.colcon_core.package_discovery:discover_packages(recursive) discover
[0.507s] INFO:colcon.colcon_core.package_discovery:Crawling recursively for packages in '/home/student20/assessments/week5'
[0.507s] Level 1:colcon.colcon_core.package_identification:_identify(/home/student20/assessments/week5) by extensions ['ignore', 'ignore_ament_install']
[0.507s] Level 1:colcon.colcon_core.package_identification:_identify(/home/student20/assessments/week5) by extension 'ignore'
[0.508s] Level 1:colcon.colcon_core.package_identification:_identify(/home/student20/assessments/week5) by extension 'ignore_ament_install'
[0.508s] Level 1:colcon.colcon_core.package_identification:_identify(/home/student20/assessments/week5) by extensions ['colcon_pkg']
[0.508s] Level 1:colcon.colcon_core.package_identification:_identify(/home/student20/assessments/week5) by extension 'colcon_pkg'
[0.508s] Level 1:colcon.colcon_core.package_identification:_identify(/home/student20/assessments/week5) by extensions ['colcon_meta']
[0.509s] Level 1:colcon.colcon_core.package_identification:_identify(/home/student20/assessments/week5) by extension 'colcon_meta'
[0.509s] Level 1:colcon.colcon_core.package_identification:_identify(/home/student20/assessments/week5) by extensions ['ros']
[0.509s] Level 1:colcon.colcon_core.package_identification:_identify(/home/student20/assessments/week5) by extension 'ros'
[0.604s] Level 1:colcon.colcon_core.package_identification:_identify(/home/student20/assessments/week5) by extensions ['cmake', 'python']
[0.604s] Level 1:colcon.colcon_core.package_identification:_identify(/home/student20/assessments/week5) by extension 'cmake'
[0.604s] Level 1:colcon.colcon_core.package_identification:_identify(/home/student20/assessments/week5) by extension 'python'
[0.604s] Level 1:colcon.colcon_core.package_identification:_identify(/home/student20/assessments/week5) by extensions ['python_setup_py']
[0.604s] Level 1:colcon.colcon_core.package_identification:_identify(/home/student20/assessments/week5) by extension 'python_setup_py'
[0.605s] Level 1:colcon.colcon_core.package_identification:_identify(/home/student20/assessments/week5/build) by extensions ['ignore', 'ignore_ament_install']
[0.605s] Level 1:colcon.colcon_core.package_identification:_identify(/home/student20/assessments/week5/build) by extension 'ignore'
[0.606s] Level 1:colcon.colcon_core.package_identification:_identify(/home/student20/assessments/week5/build) ignored
[0.606s] Level 1:colcon.colcon_core.package_identification:_identify(/home/student20/assessments/week5/install) by extensions ['ignore', 'ignore_ament_install']
[0.606s] Level 1:colcon.colcon_core.package_identification:_identify(/home/student20/assessments/week5/install) by extension 'ignore'
[0.607s] Level 1:colcon.colcon_core.package_identification:_identify(/home/student20/assessments/week5/install) ignored
[0.607s] Level 1:colcon.colcon_core.package_identification:_identify(/home/student20/assessments/week5/log) by extensions ['ignore', 'ignore_ament_install']
[0.607s] Level 1:colcon.colcon_core.package_identification:_identify(/home/student20/assessments/week5/log) by extension 'ignore'
[0.608s] Level 1:colcon.colcon_core.package_identification:_identify(/home/student20/assessments/week5/log) ignored
[0.608s] Level 1:colcon.colcon_core.package_identification:_identify(/home/student20/assessments/week5/src) by extensions ['ignore', 'ignore_ament_install']
[0.608s] Level 1:colcon.colcon_core.package_identification:_identify(/home/student20/assessments/week5/src) by extension 'ignore'
[0.609s] Level 1:colcon.colcon_core.package_identification:_identify(/home/student20/assessments/week5/src) by extension 'ignore_ament_install'
[0.609s] Level 1:colcon.colcon_core.package_identification:_identify(/home/student20/assessments/week5/src) by extensions ['colcon_pkg']
[0.609s] Level 1:colcon.colcon_core.package_identification:_identify(/home/student20/assessments/week5/src) by extension 'colcon_pkg'
[0.609s] Level 1:colcon.colcon_core.package_identification:_identify(/home/student20/assessments/week5/src) by extensions ['colcon_meta']
[0.609s] Level 1:colcon.colcon_core.package_identification:_identify(/home/student20/assessments/week5/src) by extension 'colcon_meta'
[0.610s] Level 1:colcon.colcon_core.package_identification:_identify(/home/student20/assessments/week5/src) by extensions ['ros']
[0.610s] Level 1:colcon.colcon_core.package_identification:_identify(/home/student20/assessments/week5/src) by extension 'ros'
[0.610s] Level 1:colcon.colcon_core.package_identification:_identify(/home/student20/assessments/week5/src) by extensions ['cmake', 'python']
[0.610s] Level 1:colcon.colcon_core.package_identification:_identify(/home/student20/assessments/week5/src) by extension 'cmake'
[0.610s] Level 1:colcon.colcon_core.package_identification:_identify(/home/student20/assessments/week5/src) by extension 'python'
[0.611s] Level 1:colcon.colcon_core.package_identification:_identify(/home/student20/assessments/week5/src) by extensions ['python_setup_py']
[0.611s] Level 1:colcon.colcon_core.package_identification:_identify(/home/student20/assessments/week5/src) by extension 'python_setup_py'
[0.611s] Level 1:colcon.colcon_core.package_identification:_identify(/home/student20/assessments/week5/src/package_a) by extensions ['ignore', 'ignore_ament_install']
[0.611s] Level 1:colcon.colcon_core.package_identification:_identify(/home/student20/assessments/week5/src/package_a) by extension 'ignore'
[0.611s] Level 1:colcon.colcon_core.package_identification:_identify(/home/student20/assessments/week5/src/package_a) by extension 'ignore_ament_install'
[0.612s] Level 1:colcon.colcon_core.package_identification:_identify(/home/student20/assessments/week5/src/package_a) by extensions ['colcon_pkg']
[0.612s] Level 1:colcon.colcon_core.package_identification:_identify(/home/student20/assessments/week5/src/package_a) by extension 'colcon_pkg'
[0.612s] Level 1:colcon.colcon_core.package_identification:_identify(/home/student20/assessments/week5/src/package_a) by extensions ['colcon_meta']
[0.612s] Level 1:colcon.colcon_core.package_identification:_identify(/home/student20/assessments/week5/src/package_a) by extension 'colcon_meta'
[0.612s] Level 1:colcon.colcon_core.package_identification:_identify(/home/student20/assessments/week5/src/package_a) by extensions ['ros']
[0.612s] Level 1:colcon.colcon_core.package_identification:_identify(/home/student20/assessments/week5/src/package_a) by extension 'ros'
[0.620s] DEBUG:colcon.colcon_core.package_identification:Package '/home/student20/assessments/week5/src/package_a' with type 'ros.ament_python' and name 'package_a'
[0.621s] Level 1:colcon.colcon_core.package_identification:_identify(/home/student20/assessments/week5/src/package_b) by extensions ['ignore', 'ignore_ament_install']
[0.621s] Level 1:colcon.colcon_core.package_identification:_identify(/home/student20/assessments/week5/src/package_b) by extension 'ignore'
[0.621s] Level 1:colcon.colcon_core.package_identification:_identify(/home/student20/assessments/week5/src/package_b) by extension 'ignore_ament_install'
[0.621s] Level 1:colcon.colcon_core.package_identification:_identify(/home/student20/assessments/week5/src/package_b) by extensions ['colcon_pkg']
[0.622s] Level 1:colcon.colcon_core.package_identification:_identify(/home/student20/assessments/week5/src/package_b) by extension 'colcon_pkg'
[0.622s] Level 1:colcon.colcon_core.package_identification:_identify(/home/student20/assessments/week5/src/package_b) by extensions ['colcon_meta']
[0.622s] Level 1:colcon.colcon_core.package_identification:_identify(/home/student20/assessments/week5/src/package_b) by extension 'colcon_meta'
[0.622s] Level 1:colcon.colcon_core.package_identification:_identify(/home/student20/assessments/week5/src/package_b) by extensions ['ros']
[0.622s] Level 1:colcon.colcon_core.package_identification:_identify(/home/student20/assessments/week5/src/package_b) by extension 'ros'
[0.624s] DEBUG:colcon.colcon_core.package_identification:Package '/home/student20/assessments/week5/src/package_b' with type 'ros.ament_python' and name 'package_b'
[0.624s] Level 1:colcon.colcon_core.package_discovery:discover_packages(recursive) using defaults
