[3.183s] Invoking command in '/home/student20/Downloads/coursework2/src/vortex_droid_controller_pkg': DEBUGINFOD_URLS=https://debuginfod.ubuntu.com PYTHONPATH=/home/student20/Downloads/coursework2/build/vortex_droid_controller_pkg/prefix_override:/usr/lib/python3/dist-packages/colcon_core/task/python/colcon_distutils_commands:/home/student20/Downloads/coursework2/install/vortex_droid_controller_pkg/lib/python3.12/site-packages:/home/student20/Downloads/coursework2/install/sfr_coursework2_interface_package/lib/python3.12/site-packages:/home/student20/Downloads/coursework2/install/vortex_droid_navigation_pkg/lib/python3.12/site-packages:/home/student20/Downloads/coursework2/install/vortex_droid_controller_pkg/lib/python3.12/site-packages:/home/student20/Downloads/coursework2/install/vortex_droid_bridge_pkg/lib/python3.12/site-packages:/opt/ros/jazzy/lib/python3.12/site-packages /usr/bin/python3 -W ignore:setup.py install is deprecated -W ignore:easy_install command is deprecated setup.py egg_info --egg-base ../../build/vortex_droid_controller_pkg build --build-base /home/student20/Downloads/coursework2/build/vortex_droid_controller_pkg/build install --record /home/student20/Downloads/coursework2/build/vortex_droid_controller_pkg/install.log --single-version-externally-managed install_data
[4.220s] running egg_info
[4.283s] writing ../../build/vortex_droid_controller_pkg/vortex_droid_controller_pkg.egg-info/PKG-INFO
[4.283s] writing dependency_links to ../../build/vortex_droid_controller_pkg/vortex_droid_controller_pkg.egg-info/dependency_links.txt
[4.284s] writing entry points to ../../build/vortex_droid_controller_pkg/vortex_droid_controller_pkg.egg-info/entry_points.txt
[4.284s] writing requirements to ../../build/vortex_droid_controller_pkg/vortex_droid_controller_pkg.egg-info/requires.txt
[4.284s] writing top-level names to ../../build/vortex_droid_controller_pkg/vortex_droid_controller_pkg.egg-info/top_level.txt
[4.387s] reading manifest file '../../build/vortex_droid_controller_pkg/vortex_droid_controller_pkg.egg-info/SOURCES.txt'
[4.389s] writing manifest file '../../build/vortex_droid_controller_pkg/vortex_droid_controller_pkg.egg-info/SOURCES.txt'
[4.390s] running build
[4.390s] running build_py
[4.391s] running install
[4.417s] running install_lib
[4.483s] running install_data
[4.483s] copying package.xml -> /home/student20/Downloads/coursework2/install/vortex_droid_controller_pkg/share/vortex_droid_controller_pkg
[4.484s] running install_egg_info
[4.560s] removing '/home/student20/Downloads/coursework2/install/vortex_droid_controller_pkg/lib/python3.12/site-packages/vortex_droid_controller_pkg-0.0.0-py3.12.egg-info' (and everything under it)
[4.560s] Copying ../../build/vortex_droid_controller_pkg/vortex_droid_controller_pkg.egg-info to /home/student20/Downloads/coursework2/install/vortex_droid_controller_pkg/lib/python3.12/site-packages/vortex_droid_controller_pkg-0.0.0-py3.12.egg-info
[4.563s] running install_scripts
[4.964s] Installing vortex_droid_controller_node script to /home/student20/Downloads/coursework2/install/vortex_droid_controller_pkg/lib/vortex_droid_controller_pkg
[4.965s] writing list of installed files to '/home/student20/Downloads/coursework2/build/vortex_droid_controller_pkg/install.log'
[5.078s] Invoked command in '/home/student20/Downloads/coursework2/src/vortex_droid_controller_pkg' returned '0': DEBUGINFOD_URLS=https://debuginfod.ubuntu.com PYTHONPATH=/home/student20/Downloads/coursework2/build/vortex_droid_controller_pkg/prefix_override:/usr/lib/python3/dist-packages/colcon_core/task/python/colcon_distutils_commands:/home/student20/Downloads/coursework2/install/vortex_droid_controller_pkg/lib/python3.12/site-packages:/home/student20/Downloads/coursework2/install/sfr_coursework2_interface_package/lib/python3.12/site-packages:/home/student20/Downloads/coursework2/install/vortex_droid_navigation_pkg/lib/python3.12/site-packages:/home/student20/Downloads/coursework2/install/vortex_droid_controller_pkg/lib/python3.12/site-packages:/home/student20/Downloads/coursework2/install/vortex_droid_bridge_pkg/lib/python3.12/site-packages:/opt/ros/jazzy/lib/python3.12/site-packages /usr/bin/python3 -W ignore:setup.py install is deprecated -W ignore:easy_install command is deprecated setup.py egg_info --egg-base ../../build/vortex_droid_controller_pkg build --build-base /home/student20/Downloads/coursework2/build/vortex_droid_controller_pkg/build install --record /home/student20/Downloads/coursework2/build/vortex_droid_controller_pkg/install.log --single-version-externally-managed install_data
