running egg_info
writing ../../build/vortex_droid_navigation_pkg/vortex_droid_navigation_pkg.egg-info/PKG-INFO
writing dependency_links to ../../build/vortex_droid_navigation_pkg/vortex_droid_navigation_pkg.egg-info/dependency_links.txt
writing entry points to ../../build/vortex_droid_navigation_pkg/vortex_droid_navigation_pkg.egg-info/entry_points.txt
writing requirements to ../../build/vortex_droid_navigation_pkg/vortex_droid_navigation_pkg.egg-info/requires.txt
writing top-level names to ../../build/vortex_droid_navigation_pkg/vortex_droid_navigation_pkg.egg-info/top_level.txt
reading manifest file '../../build/vortex_droid_navigation_pkg/vortex_droid_navigation_pkg.egg-info/SOURCES.txt'
writing manifest file '../../build/vortex_droid_navigation_pkg/vortex_droid_navigation_pkg.egg-info/SOURCES.txt'
running build
running build_py
running install
running install_lib
running install_data
copying package.xml -> /home/student20/Downloads/coursework2/install/vortex_droid_navigation_pkg/share/vortex_droid_navigation_pkg
running install_egg_info
removing '/home/student20/Downloads/coursework2/install/vortex_droid_navigation_pkg/lib/python3.12/site-packages/vortex_droid_navigation_pkg-0.0.0-py3.12.egg-info' (and everything under it)
Copying ../../build/vortex_droid_navigation_pkg/vortex_droid_navigation_pkg.egg-info to /home/student20/Downloads/coursework2/install/vortex_droid_navigation_pkg/lib/python3.12/site-packages/vortex_droid_navigation_pkg-0.0.0-py3.12.egg-info
running install_scripts
Installing vortex_droid_navigation_node script to /home/student20/Downloads/coursework2/install/vortex_droid_navigation_pkg/lib/vortex_droid_navigation_pkg
writing list of installed files to '/home/student20/Downloads/coursework2/build/vortex_droid_navigation_pkg/install.log'
