[4.203s] Invoking command in '/home/student20/Downloads/coursework2/src/vortex_droid_navigation_pkg': DEBUGINFOD_URLS=https://debuginfod.ubuntu.com PYTHONPATH=/home/student20/Downloads/coursework2/build/vortex_droid_navigation_pkg/prefix_override:/usr/lib/python3/dist-packages/colcon_core/task/python/colcon_distutils_commands:/home/student20/Downloads/coursework2/install/vortex_droid_navigation_pkg/lib/python3.12/site-packages:${PYTHONPATH} /usr/bin/python3 -W ignore:setup.py install is deprecated -W ignore:easy_install command is deprecated setup.py egg_info --egg-base ../../build/vortex_droid_navigation_pkg build --build-base /home/student20/Downloads/coursework2/build/vortex_droid_navigation_pkg/build install --record /home/student20/Downloads/coursework2/build/vortex_droid_navigation_pkg/install.log --single-version-externally-managed install_data
[5.235s] running egg_info
[5.310s] writing ../../build/vortex_droid_navigation_pkg/vortex_droid_navigation_pkg.egg-info/PKG-INFO
[5.311s] writing dependency_links to ../../build/vortex_droid_navigation_pkg/vortex_droid_navigation_pkg.egg-info/dependency_links.txt
[5.312s] writing entry points to ../../build/vortex_droid_navigation_pkg/vortex_droid_navigation_pkg.egg-info/entry_points.txt
[5.313s] writing requirements to ../../build/vortex_droid_navigation_pkg/vortex_droid_navigation_pkg.egg-info/requires.txt
[5.313s] writing top-level names to ../../build/vortex_droid_navigation_pkg/vortex_droid_navigation_pkg.egg-info/top_level.txt
[5.487s] reading manifest file '../../build/vortex_droid_navigation_pkg/vortex_droid_navigation_pkg.egg-info/SOURCES.txt'
[5.491s] writing manifest file '../../build/vortex_droid_navigation_pkg/vortex_droid_navigation_pkg.egg-info/SOURCES.txt'
[5.491s] running build
[5.492s] running build_py
[5.492s] running install
[5.517s] running install_lib
[5.593s] running install_data
[5.594s] copying package.xml -> /home/student20/Downloads/coursework2/install/vortex_droid_navigation_pkg/share/vortex_droid_navigation_pkg
[5.594s] running install_egg_info
[5.678s] removing '/home/student20/Downloads/coursework2/install/vortex_droid_navigation_pkg/lib/python3.12/site-packages/vortex_droid_navigation_pkg-0.0.0-py3.12.egg-info' (and everything under it)
[5.679s] Copying ../../build/vortex_droid_navigation_pkg/vortex_droid_navigation_pkg.egg-info to /home/student20/Downloads/coursework2/install/vortex_droid_navigation_pkg/lib/python3.12/site-packages/vortex_droid_navigation_pkg-0.0.0-py3.12.egg-info
[5.683s] running install_scripts
[6.177s] Installing vortex_droid_navigation_node script to /home/student20/Downloads/coursework2/install/vortex_droid_navigation_pkg/lib/vortex_droid_navigation_pkg
[6.178s] writing list of installed files to '/home/student20/Downloads/coursework2/build/vortex_droid_navigation_pkg/install.log'
[6.316s] Invoked command in '/home/student20/Downloads/coursework2/src/vortex_droid_navigation_pkg' returned '0': DEBUGINFOD_URLS=https://debuginfod.ubuntu.com PYTHONPATH=/home/student20/Downloads/coursework2/build/vortex_droid_navigation_pkg/prefix_override:/usr/lib/python3/dist-packages/colcon_core/task/python/colcon_distutils_commands:/home/student20/Downloads/coursework2/install/vortex_droid_navigation_pkg/lib/python3.12/site-packages:${PYTHONPATH} /usr/bin/python3 -W ignore:setup.py install is deprecated -W ignore:easy_install command is deprecated setup.py egg_info --egg-base ../../build/vortex_droid_navigation_pkg build --build-base /home/student20/Downloads/coursework2/build/vortex_droid_navigation_pkg/build install --record /home/student20/Downloads/coursework2/build/vortex_droid_navigation_pkg/install.log --single-version-externally-managed install_data
