[0.152s] DEBUG:colcon:Command line arguments: ['/usr/bin/colcon', 'build', '--symlink-install']
[0.152s] DEBUG:colcon:Parsed command line arguments: Namespace(log_base=None, log_level=None, verb_name='build', build_base='build', install_base='install', merge_install=False, symlink_install=True, test_result_base=None, continue_on_error=False, executor='parallel', parallel_workers=12, event_handlers=None, ignore_user_meta=False, metas=['./colcon.meta'], base_paths=['.'], packages_ignore=None, packages_ignore_regex=None, paths=None, packages_up_to=None, packages_up_to_regex=None, packages_above=None, packages_above_and_dependencies=None, packages_above_depth=None, packages_select_by_dep=None, packages_skip_by_dep=None, packages_skip_up_to=None, packages_select_build_failed=False, packages_skip_build_finished=False, packages_select_test_failures=False, packages_skip_test_passed=False, packages_select=None, packages_skip=None, packages_select_regex=None, packages_skip_regex=None, packages_start=None, packages_end=None, cmake_args=None, cmake_target=None, cmake_target_skip_unavailable=False, cmake_clean_cache=False, cmake_clean_first=False, cmake_force_configure=False, ament_cmake_args=None, catkin_cmake_args=None, catkin_skip_building_tests=False, verb_parser=<colcon_defaults.argument_parser.defaults.DefaultArgumentsDecorator object at 0x733af8e2dc70>, verb_extension=<colcon_core.verb.build.BuildVerb object at 0x733af8e2d9a0>, main=<bound method BuildVerb.main of <colcon_core.verb.build.BuildVerb object at 0x733af8e2d9a0>>)
[0.206s] Level 1:colcon.colcon_core.package_discovery:discover_packages(colcon_meta) check parameters
[0.206s] Level 1:colcon.colcon_core.package_discovery:discover_packages(recursive) check parameters
[0.206s] Level 1:colcon.colcon_core.package_discovery:discover_packages(ignore) check parameters
[0.206s] Level 1:colcon.colcon_core.package_discovery:discover_packages(path) check parameters
[0.206s] Level 1:colcon.colcon_core.package_discovery:discover_packages(colcon_meta) discover
[0.206s] Level 1:colcon.colcon_core.package_discovery:discover_packages(recursive) discover
[0.206s] INFO:colcon.colcon_core.package_discovery:Crawling recursively for packages in '/home/student20/assessments/coursework1'
[0.206s] Level 1:colcon.colcon_core.package_identification:_identify(.) by extensions ['ignore', 'ignore_ament_install']
[0.206s] Level 1:colcon.colcon_core.package_identification:_identify(.) by extension 'ignore'
[0.206s] Level 1:colcon.colcon_core.package_identification:_identify(.) by extension 'ignore_ament_install'
[0.206s] Level 1:colcon.colcon_core.package_identification:_identify(.) by extensions ['colcon_pkg']
[0.206s] Level 1:colcon.colcon_core.package_identification:_identify(.) by extension 'colcon_pkg'
[0.206s] Level 1:colcon.colcon_core.package_identification:_identify(.) by extensions ['colcon_meta']
[0.207s] Level 1:colcon.colcon_core.package_identification:_identify(.) by extension 'colcon_meta'
[0.207s] Level 1:colcon.colcon_core.package_identification:_identify(.) by extensions ['ros']
[0.207s] Level 1:colcon.colcon_core.package_identification:_identify(.) by extension 'ros'
[0.241s] Level 1:colcon.colcon_core.package_identification:_identify(.) by extensions ['cmake', 'python']
[0.241s] Level 1:colcon.colcon_core.package_identification:_identify(.) by extension 'cmake'
[0.241s] Level 1:colcon.colcon_core.package_identification:_identify(.) by extension 'python'
[0.241s] Level 1:colcon.colcon_core.package_identification:_identify(.) by extensions ['python_setup_py']
[0.241s] Level 1:colcon.colcon_core.package_identification:_identify(.) by extension 'python_setup_py'
[0.242s] Level 1:colcon.colcon_core.package_identification:_identify(build) by extensions ['ignore', 'ignore_ament_install']
[0.242s] Level 1:colcon.colcon_core.package_identification:_identify(build) by extension 'ignore'
[0.242s] Level 1:colcon.colcon_core.package_identification:_identify(build) ignored
[0.242s] Level 1:colcon.colcon_core.package_identification:_identify(install) by extensions ['ignore', 'ignore_ament_install']
[0.242s] Level 1:colcon.colcon_core.package_identification:_identify(install) by extension 'ignore'
[0.242s] Level 1:colcon.colcon_core.package_identification:_identify(install) ignored
[0.242s] Level 1:colcon.colcon_core.package_identification:_identify(log) by extensions ['ignore', 'ignore_ament_install']
[0.242s] Level 1:colcon.colcon_core.package_identification:_identify(log) by extension 'ignore'
[0.242s] Level 1:colcon.colcon_core.package_identification:_identify(log) ignored
[0.242s] Level 1:colcon.colcon_core.package_identification:_identify(src) by extensions ['ignore', 'ignore_ament_install']
[0.243s] Level 1:colcon.colcon_core.package_identification:_identify(src) by extension 'ignore'
[0.243s] Level 1:colcon.colcon_core.package_identification:_identify(src) by extension 'ignore_ament_install'
[0.243s] Level 1:colcon.colcon_core.package_identification:_identify(src) by extensions ['colcon_pkg']
[0.243s] Level 1:colcon.colcon_core.package_identification:_identify(src) by extension 'colcon_pkg'
[0.243s] Level 1:colcon.colcon_core.package_identification:_identify(src) by extensions ['colcon_meta']
[0.243s] Level 1:colcon.colcon_core.package_identification:_identify(src) by extension 'colcon_meta'
[0.243s] Level 1:colcon.colcon_core.package_identification:_identify(src) by extensions ['ros']
[0.243s] Level 1:colcon.colcon_core.package_identification:_identify(src) by extension 'ros'
[0.243s] Level 1:colcon.colcon_core.package_identification:_identify(src) by extensions ['cmake', 'python']
[0.243s] Level 1:colcon.colcon_core.package_identification:_identify(src) by extension 'cmake'
[0.243s] Level 1:colcon.colcon_core.package_identification:_identify(src) by extension 'python'
[0.243s] Level 1:colcon.colcon_core.package_identification:_identify(src) by extensions ['python_setup_py']
[0.243s] Level 1:colcon.colcon_core.package_identification:_identify(src) by extension 'python_setup_py'
[0.243s] Level 1:colcon.colcon_core.package_identification:_identify(src/beta_pilot_controller_pkg) by extensions ['ignore', 'ignore_ament_install']
[0.243s] Level 1:colcon.colcon_core.package_identification:_identify(src/beta_pilot_controller_pkg) by extension 'ignore'
[0.243s] Level 1:colcon.colcon_core.package_identification:_identify(src/beta_pilot_controller_pkg) by extension 'ignore_ament_install'
[0.243s] Level 1:colcon.colcon_core.package_identification:_identify(src/beta_pilot_controller_pkg) by extensions ['colcon_pkg']
[0.243s] Level 1:colcon.colcon_core.package_identification:_identify(src/beta_pilot_controller_pkg) by extension 'colcon_pkg'
[0.243s] Level 1:colcon.colcon_core.package_identification:_identify(src/beta_pilot_controller_pkg) by extensions ['colcon_meta']
[0.244s] Level 1:colcon.colcon_core.package_identification:_identify(src/beta_pilot_controller_pkg) by extension 'colcon_meta'
[0.244s] Level 1:colcon.colcon_core.package_identification:_identify(src/beta_pilot_controller_pkg) by extensions ['ros']
[0.244s] Level 1:colcon.colcon_core.package_identification:_identify(src/beta_pilot_controller_pkg) by extension 'ros'
[0.248s] DEBUG:colcon.colcon_core.package_identification:Package 'src/beta_pilot_controller_pkg' with type 'ros.ament_python' and name 'beta_pilot_controller_pkg'
[0.248s] Level 1:colcon.colcon_core.package_identification:_identify(src/beta_pilot_launch_pkg) by extensions ['ignore', 'ignore_ament_install']
[0.248s] Level 1:colcon.colcon_core.package_identification:_identify(src/beta_pilot_launch_pkg) by extension 'ignore'
[0.248s] Level 1:colcon.colcon_core.package_identification:_identify(src/beta_pilot_launch_pkg) by extension 'ignore_ament_install'
[0.248s] Level 1:colcon.colcon_core.package_identification:_identify(src/beta_pilot_launch_pkg) by extensions ['colcon_pkg']
[0.248s] Level 1:colcon.colcon_core.package_identification:_identify(src/beta_pilot_launch_pkg) by extension 'colcon_pkg'
[0.248s] Level 1:colcon.colcon_core.package_identification:_identify(src/beta_pilot_launch_pkg) by extensions ['colcon_meta']
[0.248s] Level 1:colcon.colcon_core.package_identification:_identify(src/beta_pilot_launch_pkg) by extension 'colcon_meta'
[0.248s] Level 1:colcon.colcon_core.package_identification:_identify(src/beta_pilot_launch_pkg) by extensions ['ros']
[0.248s] Level 1:colcon.colcon_core.package_identification:_identify(src/beta_pilot_launch_pkg) by extension 'ros'
[0.249s] DEBUG:colcon.colcon_core.package_identification:Package 'src/beta_pilot_launch_pkg' with type 'ros.ament_python' and name 'beta_pilot_launch_pkg'
[0.249s] Level 1:colcon.colcon_core.package_identification:_identify(src/beta_pilot_pkg) by extensions ['ignore', 'ignore_ament_install']
[0.249s] Level 1:colcon.colcon_core.package_identification:_identify(src/beta_pilot_pkg) by extension 'ignore'
[0.249s] Level 1:colcon.colcon_core.package_identification:_identify(src/beta_pilot_pkg) by extension 'ignore_ament_install'
[0.249s] Level 1:colcon.colcon_core.package_identification:_identify(src/beta_pilot_pkg) by extensions ['colcon_pkg']
[0.249s] Level 1:colcon.colcon_core.package_identification:_identify(src/beta_pilot_pkg) by extension 'colcon_pkg'
[0.249s] Level 1:colcon.colcon_core.package_identification:_identify(src/beta_pilot_pkg) by extensions ['colcon_meta']
[0.249s] Level 1:colcon.colcon_core.package_identification:_identify(src/beta_pilot_pkg) by extension 'colcon_meta'
[0.249s] Level 1:colcon.colcon_core.package_identification:_identify(src/beta_pilot_pkg) by extensions ['ros']
[0.249s] Level 1:colcon.colcon_core.package_identification:_identify(src/beta_pilot_pkg) by extension 'ros'
[0.250s] DEBUG:colcon.colcon_core.package_identification:Package 'src/beta_pilot_pkg' with type 'ros.ament_python' and name 'beta_pilot_pkg'
[0.250s] Level 1:colcon.colcon_core.package_identification:_identify(src/sfr_coursework1_interface_package) by extensions ['ignore', 'ignore_ament_install']
[0.250s] Level 1:colcon.colcon_core.package_identification:_identify(src/sfr_coursework1_interface_package) by extension 'ignore'
[0.250s] Level 1:colcon.colcon_core.package_identification:_identify(src/sfr_coursework1_interface_package) by extension 'ignore_ament_install'
[0.250s] Level 1:colcon.colcon_core.package_identification:_identify(src/sfr_coursework1_interface_package) by extensions ['colcon_pkg']
[0.250s] Level 1:colcon.colcon_core.package_identification:_identify(src/sfr_coursework1_interface_package) by extension 'colcon_pkg'
[0.250s] Level 1:colcon.colcon_core.package_identification:_identify(src/sfr_coursework1_interface_package) by extensions ['colcon_meta']
[0.251s] Level 1:colcon.colcon_core.package_identification:_identify(src/sfr_coursework1_interface_package) by extension 'colcon_meta'
[0.251s] Level 1:colcon.colcon_core.package_identification:_identify(src/sfr_coursework1_interface_package) by extensions ['ros']
[0.251s] Level 1:colcon.colcon_core.package_identification:_identify(src/sfr_coursework1_interface_package) by extension 'ros'
[0.251s] DEBUG:colcon.colcon_core.package_identification:Package 'src/sfr_coursework1_interface_package' with type 'ros.ament_cmake' and name 'sfr_coursework1_interface_package'
[0.251s] Level 1:colcon.colcon_core.package_discovery:discover_packages(recursive) using defaults
[0.251s] Level 1:colcon.colcon_core.package_discovery:discover_packages(ignore) discover
[0.251s] Level 1:colcon.colcon_core.package_discovery:discover_packages(ignore) using defaults
[0.251s] Level 1:colcon.colcon_core.package_discovery:discover_packages(path) discover
[0.251s] Level 1:colcon.colcon_core.package_discovery:discover_packages(path) using defaults
[0.275s] Level 5:colcon.colcon_core.verb:set package 'beta_pilot_launch_pkg' build argument 'cmake_args' from command line to 'None'
[0.275s] Level 5:colcon.colcon_core.verb:set package 'beta_pilot_launch_pkg' build argument 'cmake_target' from command line to 'None'
[0.275s] Level 5:colcon.colcon_core.verb:set package 'beta_pilot_launch_pkg' build argument 'cmake_target_skip_unavailable' from command line to 'False'
[0.275s] Level 5:colcon.colcon_core.verb:set package 'beta_pilot_launch_pkg' build argument 'cmake_clean_cache' from command line to 'False'
[0.275s] Level 5:colcon.colcon_core.verb:set package 'beta_pilot_launch_pkg' build argument 'cmake_clean_first' from command line to 'False'
[0.275s] Level 5:colcon.colcon_core.verb:set package 'beta_pilot_launch_pkg' build argument 'cmake_force_configure' from command line to 'False'
[0.275s] Level 5:colcon.colcon_core.verb:set package 'beta_pilot_launch_pkg' build argument 'ament_cmake_args' from command line to 'None'
[0.275s] Level 5:colcon.colcon_core.verb:set package 'beta_pilot_launch_pkg' build argument 'catkin_cmake_args' from command line to 'None'
[0.275s] Level 5:colcon.colcon_core.verb:set package 'beta_pilot_launch_pkg' build argument 'catkin_skip_building_tests' from command line to 'False'
[0.275s] DEBUG:colcon.colcon_core.verb:Building package 'beta_pilot_launch_pkg' with the following arguments: {'ament_cmake_args': None, 'build_base': '/home/student20/assessments/coursework1/build/beta_pilot_launch_pkg', 'catkin_cmake_args': None, 'catkin_skip_building_tests': False, 'cmake_args': None, 'cmake_clean_cache': False, 'cmake_clean_first': False, 'cmake_force_configure': False, 'cmake_target': None, 'cmake_target_skip_unavailable': False, 'install_base': '/home/student20/assessments/coursework1/install/beta_pilot_launch_pkg', 'merge_install': False, 'path': '/home/student20/assessments/coursework1/src/beta_pilot_launch_pkg', 'symlink_install': True, 'test_result_base': None}
[0.276s] Level 5:colcon.colcon_core.verb:set package 'beta_pilot_pkg' build argument 'cmake_args' from command line to 'None'
[0.276s] Level 5:colcon.colcon_core.verb:set package 'beta_pilot_pkg' build argument 'cmake_target' from command line to 'None'
[0.276s] Level 5:colcon.colcon_core.verb:set package 'beta_pilot_pkg' build argument 'cmake_target_skip_unavailable' from command line to 'False'
[0.276s] Level 5:colcon.colcon_core.verb:set package 'beta_pilot_pkg' build argument 'cmake_clean_cache' from command line to 'False'
[0.276s] Level 5:colcon.colcon_core.verb:set package 'beta_pilot_pkg' build argument 'cmake_clean_first' from command line to 'False'
[0.276s] Level 5:colcon.colcon_core.verb:set package 'beta_pilot_pkg' build argument 'cmake_force_configure' from command line to 'False'
[0.276s] Level 5:colcon.colcon_core.verb:set package 'beta_pilot_pkg' build argument 'ament_cmake_args' from command line to 'None'
[0.276s] Level 5:colcon.colcon_core.verb:set package 'beta_pilot_pkg' build argument 'catkin_cmake_args' from command line to 'None'
[0.276s] Level 5:colcon.colcon_core.verb:set package 'beta_pilot_pkg' build argument 'catkin_skip_building_tests' from command line to 'False'
[0.276s] DEBUG:colcon.colcon_core.verb:Building package 'beta_pilot_pkg' with the following arguments: {'ament_cmake_args': None, 'build_base': '/home/student20/assessments/coursework1/build/beta_pilot_pkg', 'catkin_cmake_args': None, 'catkin_skip_building_tests': False, 'cmake_args': None, 'cmake_clean_cache': False, 'cmake_clean_first': False, 'cmake_force_configure': False, 'cmake_target': None, 'cmake_target_skip_unavailable': False, 'install_base': '/home/student20/assessments/coursework1/install/beta_pilot_pkg', 'merge_install': False, 'path': '/home/student20/assessments/coursework1/src/beta_pilot_pkg', 'symlink_install': True, 'test_result_base': None}
[0.276s] Level 5:colcon.colcon_core.verb:set package 'sfr_coursework1_interface_package' build argument 'cmake_args' from command line to 'None'
[0.276s] Level 5:colcon.colcon_core.verb:set package 'sfr_coursework1_interface_package' build argument 'cmake_target' from command line to 'None'
[0.276s] Level 5:colcon.colcon_core.verb:set package 'sfr_coursework1_interface_package' build argument 'cmake_target_skip_unavailable' from command line to 'False'
[0.276s] Level 5:colcon.colcon_core.verb:set package 'sfr_coursework1_interface_package' build argument 'cmake_clean_cache' from command line to 'False'
[0.276s] Level 5:colcon.colcon_core.verb:set package 'sfr_coursework1_interface_package' build argument 'cmake_clean_first' from command line to 'False'
[0.276s] Level 5:colcon.colcon_core.verb:set package 'sfr_coursework1_interface_package' build argument 'cmake_force_configure' from command line to 'False'
[0.276s] Level 5:colcon.colcon_core.verb:set package 'sfr_coursework1_interface_package' build argument 'ament_cmake_args' from command line to 'None'
[0.276s] Level 5:colcon.colcon_core.verb:set package 'sfr_coursework1_interface_package' build argument 'catkin_cmake_args' from command line to 'None'
[0.276s] Level 5:colcon.colcon_core.verb:set package 'sfr_coursework1_interface_package' build argument 'catkin_skip_building_tests' from command line to 'False'
[0.276s] DEBUG:colcon.colcon_core.verb:Building package 'sfr_coursework1_interface_package' with the following arguments: {'ament_cmake_args': None, 'build_base': '/home/student20/assessments/coursework1/build/sfr_coursework1_interface_package', 'catkin_cmake_args': None, 'catkin_skip_building_tests': False, 'cmake_args': None, 'cmake_clean_cache': False, 'cmake_clean_first': False, 'cmake_force_configure': False, 'cmake_target': None, 'cmake_target_skip_unavailable': False, 'install_base': '/home/student20/assessments/coursework1/install/sfr_coursework1_interface_package', 'merge_install': False, 'path': '/home/student20/assessments/coursework1/src/sfr_coursework1_interface_package', 'symlink_install': True, 'test_result_base': None}
[0.277s] Level 5:colcon.colcon_core.verb:set package 'beta_pilot_controller_pkg' build argument 'cmake_args' from command line to 'None'
[0.277s] Level 5:colcon.colcon_core.verb:set package 'beta_pilot_controller_pkg' build argument 'cmake_target' from command line to 'None'
[0.277s] Level 5:colcon.colcon_core.verb:set package 'beta_pilot_controller_pkg' build argument 'cmake_target_skip_unavailable' from command line to 'False'
[0.277s] Level 5:colcon.colcon_core.verb:set package 'beta_pilot_controller_pkg' build argument 'cmake_clean_cache' from command line to 'False'
[0.277s] Level 5:colcon.colcon_core.verb:set package 'beta_pilot_controller_pkg' build argument 'cmake_clean_first' from command line to 'False'
[0.277s] Level 5:colcon.colcon_core.verb:set package 'beta_pilot_controller_pkg' build argument 'cmake_force_configure' from command line to 'False'
[0.277s] Level 5:colcon.colcon_core.verb:set package 'beta_pilot_controller_pkg' build argument 'ament_cmake_args' from command line to 'None'
[0.277s] Level 5:colcon.colcon_core.verb:set package 'beta_pilot_controller_pkg' build argument 'catkin_cmake_args' from command line to 'None'
[0.277s] Level 5:colcon.colcon_core.verb:set package 'beta_pilot_controller_pkg' build argument 'catkin_skip_building_tests' from command line to 'False'
[0.277s] DEBUG:colcon.colcon_core.verb:Building package 'beta_pilot_controller_pkg' with the following arguments: {'ament_cmake_args': None, 'build_base': '/home/student20/assessments/coursework1/build/beta_pilot_controller_pkg', 'catkin_cmake_args': None, 'catkin_skip_building_tests': False, 'cmake_args': None, 'cmake_clean_cache': False, 'cmake_clean_first': False, 'cmake_force_configure': False, 'cmake_target': None, 'cmake_target_skip_unavailable': False, 'install_base': '/home/student20/assessments/coursework1/install/beta_pilot_controller_pkg', 'merge_install': False, 'path': '/home/student20/assessments/coursework1/src/beta_pilot_controller_pkg', 'symlink_install': True, 'test_result_base': None}
[0.277s] INFO:colcon.colcon_core.executor:Executing jobs using 'parallel' executor
[0.278s] DEBUG:colcon.colcon_parallel_executor.executor.parallel:run_until_complete
[0.279s] INFO:colcon.colcon_ros.task.ament_cmake.build:Building ROS package in '/home/student20/assessments/coursework1/src/sfr_coursework1_interface_package' with build type 'ament_cmake'
[0.279s] INFO:colcon.colcon_cmake.task.cmake.build:Building CMake package in '/home/student20/assessments/coursework1/src/sfr_coursework1_interface_package'
[0.282s] INFO:colcon.colcon_core.plugin_system:Skipping extension 'colcon_core.shell.bat': Not used on non-Windows systems
[0.282s] DEBUG:colcon.colcon_core.shell:Skip shell extension 'dsv' for command environment
[0.284s] WARNING:colcon.colcon_ros.prefix_path.ament:The path '/home/student20/assessments/coursework1/install/launch_package' in the environment variable AMENT_PREFIX_PATH doesn't exist
[0.292s] INFO:colcon.colcon_ros.task.ament_python.build:Building ROS package in '/home/student20/assessments/coursework1/src/beta_pilot_launch_pkg' with build type 'ament_python'
[0.292s] Level 1:colcon.colcon_core.shell:create_environment_hook('beta_pilot_launch_pkg', 'ament_prefix_path')
[0.293s] INFO:colcon.colcon_core.shell:Creating environment descriptor '/home/student20/assessments/coursework1/install/beta_pilot_launch_pkg/share/beta_pilot_launch_pkg/hook/ament_prefix_path.dsv'
[0.294s] INFO:colcon.colcon_core.shell:Creating environment hook '/home/student20/assessments/coursework1/install/beta_pilot_launch_pkg/share/beta_pilot_launch_pkg/hook/ament_prefix_path.sh'
[0.296s] DEBUG:colcon.colcon_core.shell:Skip shell extension 'dsv' for command environment
[0.306s] INFO:colcon.colcon_ros.task.ament_python.build:Building ROS package in '/home/student20/assessments/coursework1/src/beta_pilot_pkg' with build type 'ament_python'
[0.307s] Level 1:colcon.colcon_core.shell:create_environment_hook('beta_pilot_pkg', 'ament_prefix_path')
[0.308s] INFO:colcon.colcon_core.shell:Creating environment descriptor '/home/student20/assessments/coursework1/install/beta_pilot_pkg/share/beta_pilot_pkg/hook/ament_prefix_path.dsv'
[0.310s] INFO:colcon.colcon_core.shell:Creating environment hook '/home/student20/assessments/coursework1/install/beta_pilot_pkg/share/beta_pilot_pkg/hook/ament_prefix_path.sh'
[0.312s] DEBUG:colcon.colcon_core.shell:Skip shell extension 'dsv' for command environment
[0.336s] DEBUG:colcon.colcon_core.event_handler.log_command:Invoking command in '/home/student20/assessments/coursework1/build/sfr_coursework1_interface_package': CMAKE_PREFIX_PATH=${CMAKE_PREFIX_PATH}:/home/student20/assessments/coursework1/install/beta_pilot_launch_pkg:/home/student20/assessments/coursework1/install/beta_pilot_controller_pkg:/home/student20/assessments/coursework1/install/launch_package:/home/student20/assessments/coursework1/install/beta_pilot_pkg:/opt/ros/jazzy DEBUGINFOD_URLS=https://debuginfod.ubuntu.com /usr/bin/cmake --build /home/student20/assessments/coursework1/build/sfr_coursework1_interface_package -- -j12 -l12
[1.068s] INFO:colcon.colcon_core.task.python.build:Building Python package in '/home/student20/assessments/coursework1/src/beta_pilot_launch_pkg'
[1.068s] DEBUG:colcon.colcon_core.shell:Skip shell extension 'dsv' for command environment
[1.544s] INFO:colcon.colcon_core.task.python.build:Building Python package in '/home/student20/assessments/coursework1/src/beta_pilot_pkg'
[1.544s] DEBUG:colcon.colcon_core.shell:Skip shell extension 'dsv' for command environment
[1.566s] DEBUG:colcon.colcon_core.event_handler.log_command:Invoked command in '/home/student20/assessments/coursework1/build/sfr_coursework1_interface_package' returned '0': CMAKE_PREFIX_PATH=${CMAKE_PREFIX_PATH}:/home/student20/assessments/coursework1/install/beta_pilot_launch_pkg:/home/student20/assessments/coursework1/install/beta_pilot_controller_pkg:/home/student20/assessments/coursework1/install/launch_package:/home/student20/assessments/coursework1/install/beta_pilot_pkg:/opt/ros/jazzy DEBUGINFOD_URLS=https://debuginfod.ubuntu.com /usr/bin/cmake --build /home/student20/assessments/coursework1/build/sfr_coursework1_interface_package -- -j12 -l12
[1.588s] DEBUG:colcon.colcon_core.event_handler.log_command:Invoking command in '/home/student20/assessments/coursework1/build/sfr_coursework1_interface_package': CMAKE_PREFIX_PATH=${CMAKE_PREFIX_PATH}:/home/student20/assessments/coursework1/install/beta_pilot_launch_pkg:/home/student20/assessments/coursework1/install/beta_pilot_controller_pkg:/home/student20/assessments/coursework1/install/launch_package:/home/student20/assessments/coursework1/install/beta_pilot_pkg:/opt/ros/jazzy DEBUGINFOD_URLS=https://debuginfod.ubuntu.com /usr/bin/cmake --install /home/student20/assessments/coursework1/build/sfr_coursework1_interface_package
[1.818s] Level 1:colcon.colcon_core.environment:create_environment_scripts_only(sfr_coursework1_interface_package)
[1.819s] DEBUG:colcon.colcon_core.event_handler.log_command:Invoked command in '/home/student20/assessments/coursework1/build/sfr_coursework1_interface_package' returned '0': CMAKE_PREFIX_PATH=${CMAKE_PREFIX_PATH}:/home/student20/assessments/coursework1/install/beta_pilot_launch_pkg:/home/student20/assessments/coursework1/install/beta_pilot_controller_pkg:/home/student20/assessments/coursework1/install/launch_package:/home/student20/assessments/coursework1/install/beta_pilot_pkg:/opt/ros/jazzy DEBUGINFOD_URLS=https://debuginfod.ubuntu.com /usr/bin/cmake --install /home/student20/assessments/coursework1/build/sfr_coursework1_interface_package
[1.824s] Level 1:colcon.colcon_core.environment:checking '/home/student20/assessments/coursework1/install/sfr_coursework1_interface_package' for CMake module files
[1.825s] Level 1:colcon.colcon_core.environment:checking '/home/student20/assessments/coursework1/install/sfr_coursework1_interface_package' for CMake config files
[1.826s] Level 1:colcon.colcon_core.shell:create_environment_hook('sfr_coursework1_interface_package', 'cmake_prefix_path')
[1.827s] INFO:colcon.colcon_core.shell:Creating environment descriptor '/home/student20/assessments/coursework1/install/sfr_coursework1_interface_package/share/sfr_coursework1_interface_package/hook/cmake_prefix_path.dsv'
[1.828s] INFO:colcon.colcon_core.shell:Creating environment hook '/home/student20/assessments/coursework1/install/sfr_coursework1_interface_package/share/sfr_coursework1_interface_package/hook/cmake_prefix_path.sh'
[1.830s] Level 1:colcon.colcon_core.environment:checking '/home/student20/assessments/coursework1/install/sfr_coursework1_interface_package/lib'
[1.830s] Level 1:colcon.colcon_core.shell:create_environment_hook('sfr_coursework1_interface_package', 'ld_library_path_lib')
[1.831s] INFO:colcon.colcon_core.shell:Creating environment descriptor '/home/student20/assessments/coursework1/install/sfr_coursework1_interface_package/share/sfr_coursework1_interface_package/hook/ld_library_path_lib.dsv'
[1.832s] INFO:colcon.colcon_core.shell:Creating environment hook '/home/student20/assessments/coursework1/install/sfr_coursework1_interface_package/share/sfr_coursework1_interface_package/hook/ld_library_path_lib.sh'
[1.834s] Level 1:colcon.colcon_core.environment:checking '/home/student20/assessments/coursework1/install/sfr_coursework1_interface_package/bin'
[1.834s] Level 1:colcon.colcon_core.environment:checking '/home/student20/assessments/coursework1/install/sfr_coursework1_interface_package/lib/pkgconfig/sfr_coursework1_interface_package.pc'
[1.835s] Level 1:colcon.colcon_core.environment:checking '/home/student20/assessments/coursework1/install/sfr_coursework1_interface_package/lib/python3.12/site-packages'
[1.836s] Level 1:colcon.colcon_core.shell:create_environment_hook('sfr_coursework1_interface_package', 'pythonpath')
[1.836s] INFO:colcon.colcon_core.shell:Creating environment descriptor '/home/student20/assessments/coursework1/install/sfr_coursework1_interface_package/share/sfr_coursework1_interface_package/hook/pythonpath.dsv'
[1.837s] INFO:colcon.colcon_core.shell:Creating environment hook '/home/student20/assessments/coursework1/install/sfr_coursework1_interface_package/share/sfr_coursework1_interface_package/hook/pythonpath.sh'
[1.840s] Level 1:colcon.colcon_core.environment:checking '/home/student20/assessments/coursework1/install/sfr_coursework1_interface_package/bin'
[1.841s] INFO:colcon.colcon_core.shell:Creating package descriptor '/home/student20/assessments/coursework1/install/sfr_coursework1_interface_package/share/sfr_coursework1_interface_package/package.dsv'
[1.843s] INFO:colcon.colcon_core.shell:Creating package script '/home/student20/assessments/coursework1/install/sfr_coursework1_interface_package/share/sfr_coursework1_interface_package/package.sh'
[1.845s] INFO:colcon.colcon_core.shell:Creating package script '/home/student20/assessments/coursework1/install/sfr_coursework1_interface_package/share/sfr_coursework1_interface_package/package.bash'
[1.847s] INFO:colcon.colcon_core.shell:Creating package script '/home/student20/assessments/coursework1/install/sfr_coursework1_interface_package/share/sfr_coursework1_interface_package/package.zsh'
[1.849s] Level 1:colcon.colcon_core.environment:create_file_with_runtime_dependencies(/home/student20/assessments/coursework1/install/sfr_coursework1_interface_package/share/colcon-core/packages/sfr_coursework1_interface_package)
[1.851s] Level 1:colcon.colcon_core.environment:create_environment_scripts_only(sfr_coursework1_interface_package)
[1.852s] Level 1:colcon.colcon_core.environment:checking '/home/student20/assessments/coursework1/install/sfr_coursework1_interface_package' for CMake module files
[1.855s] Level 1:colcon.colcon_core.environment:checking '/home/student20/assessments/coursework1/install/sfr_coursework1_interface_package' for CMake config files
[1.857s] Level 1:colcon.colcon_core.shell:create_environment_hook('sfr_coursework1_interface_package', 'cmake_prefix_path')
[1.858s] INFO:colcon.colcon_core.shell:Creating environment descriptor '/home/student20/assessments/coursework1/install/sfr_coursework1_interface_package/share/sfr_coursework1_interface_package/hook/cmake_prefix_path.dsv'
[1.859s] INFO:colcon.colcon_core.shell:Creating environment hook '/home/student20/assessments/coursework1/install/sfr_coursework1_interface_package/share/sfr_coursework1_interface_package/hook/cmake_prefix_path.sh'
[1.860s] Level 1:colcon.colcon_core.environment:checking '/home/student20/assessments/coursework1/install/sfr_coursework1_interface_package/lib'
[1.861s] Level 1:colcon.colcon_core.shell:create_environment_hook('sfr_coursework1_interface_package', 'ld_library_path_lib')
[1.861s] INFO:colcon.colcon_core.shell:Creating environment descriptor '/home/student20/assessments/coursework1/install/sfr_coursework1_interface_package/share/sfr_coursework1_interface_package/hook/ld_library_path_lib.dsv'
[1.862s] INFO:colcon.colcon_core.shell:Creating environment hook '/home/student20/assessments/coursework1/install/sfr_coursework1_interface_package/share/sfr_coursework1_interface_package/hook/ld_library_path_lib.sh'
[1.863s] Level 1:colcon.colcon_core.environment:checking '/home/student20/assessments/coursework1/install/sfr_coursework1_interface_package/bin'
[1.863s] Level 1:colcon.colcon_core.environment:checking '/home/student20/assessments/coursework1/install/sfr_coursework1_interface_package/lib/pkgconfig/sfr_coursework1_interface_package.pc'
[1.864s] Level 1:colcon.colcon_core.environment:checking '/home/student20/assessments/coursework1/install/sfr_coursework1_interface_package/lib/python3.12/site-packages'
[1.864s] Level 1:colcon.colcon_core.shell:create_environment_hook('sfr_coursework1_interface_package', 'pythonpath')
[1.865s] INFO:colcon.colcon_core.shell:Creating environment descriptor '/home/student20/assessments/coursework1/install/sfr_coursework1_interface_package/share/sfr_coursework1_interface_package/hook/pythonpath.dsv'
[1.866s] INFO:colcon.colcon_core.shell:Creating environment hook '/home/student20/assessments/coursework1/install/sfr_coursework1_interface_package/share/sfr_coursework1_interface_package/hook/pythonpath.sh'
[1.868s] Level 1:colcon.colcon_core.environment:checking '/home/student20/assessments/coursework1/install/sfr_coursework1_interface_package/bin'
[1.868s] INFO:colcon.colcon_core.shell:Creating package descriptor '/home/student20/assessments/coursework1/install/sfr_coursework1_interface_package/share/sfr_coursework1_interface_package/package.dsv'
[1.870s] INFO:colcon.colcon_core.shell:Creating package script '/home/student20/assessments/coursework1/install/sfr_coursework1_interface_package/share/sfr_coursework1_interface_package/package.sh'
[1.872s] INFO:colcon.colcon_core.shell:Creating package script '/home/student20/assessments/coursework1/install/sfr_coursework1_interface_package/share/sfr_coursework1_interface_package/package.bash'
[1.873s] INFO:colcon.colcon_core.shell:Creating package script '/home/student20/assessments/coursework1/install/sfr_coursework1_interface_package/share/sfr_coursework1_interface_package/package.zsh'
[1.874s] Level 1:colcon.colcon_core.environment:create_file_with_runtime_dependencies(/home/student20/assessments/coursework1/install/sfr_coursework1_interface_package/share/colcon-core/packages/sfr_coursework1_interface_package)
[1.874s] INFO:colcon.colcon_ros.task.ament_python.build:Building ROS package in '/home/student20/assessments/coursework1/src/beta_pilot_controller_pkg' with build type 'ament_python'
[1.875s] Level 1:colcon.colcon_core.shell:create_environment_hook('beta_pilot_controller_pkg', 'ament_prefix_path')
[1.875s] INFO:colcon.colcon_core.shell:Creating environment descriptor '/home/student20/assessments/coursework1/install/beta_pilot_controller_pkg/share/beta_pilot_controller_pkg/hook/ament_prefix_path.dsv'
[1.877s] INFO:colcon.colcon_core.shell:Creating environment hook '/home/student20/assessments/coursework1/install/beta_pilot_controller_pkg/share/beta_pilot_controller_pkg/hook/ament_prefix_path.sh'
[1.878s] DEBUG:colcon.colcon_core.shell:Skip shell extension 'dsv' for command environment
[2.509s] INFO:colcon.colcon_core.task.python.build:Building Python package in '/home/student20/assessments/coursework1/src/beta_pilot_controller_pkg'
[2.510s] DEBUG:colcon.colcon_core.shell:Skip shell extension 'dsv' for command environment
[2.905s] DEBUG:colcon.colcon_core.event_handler.log_command:Invoking command in '/home/student20/assessments/coursework1/build/beta_pilot_pkg': DEBUGINFOD_URLS=https://debuginfod.ubuntu.com PYTHONPATH=/home/student20/assessments/coursework1/build/beta_pilot_pkg/prefix_override:/usr/lib/python3/dist-packages/colcon_core/task/python/colcon_distutils_commands:/home/student20/assessments/coursework1/install/beta_pilot_pkg/lib/python3.12/site-packages:${PYTHONPATH} /usr/bin/python3 -W ignore:setup.py install is deprecated -W ignore:easy_install command is deprecated setup.py develop --editable --build-directory /home/student20/assessments/coursework1/build/beta_pilot_pkg/build --no-deps symlink_data
[3.215s] DEBUG:colcon.colcon_core.event_handler.log_command:Invoking command in '/home/student20/assessments/coursework1/build/beta_pilot_launch_pkg': DEBUGINFOD_URLS=https://debuginfod.ubuntu.com PYTHONPATH=/home/student20/assessments/coursework1/build/beta_pilot_launch_pkg/prefix_override:/usr/lib/python3/dist-packages/colcon_core/task/python/colcon_distutils_commands:/home/student20/assessments/coursework1/install/beta_pilot_launch_pkg/lib/python3.12/site-packages:${PYTHONPATH} /usr/bin/python3 -W ignore:setup.py install is deprecated -W ignore:easy_install command is deprecated setup.py develop --editable --build-directory /home/student20/assessments/coursework1/build/beta_pilot_launch_pkg/build --no-deps symlink_data
[4.313s] DEBUG:colcon.colcon_core.event_handler.log_command:Invoking command in '/home/student20/assessments/coursework1/build/beta_pilot_controller_pkg': DEBUGINFOD_URLS=https://debuginfod.ubuntu.com PYTHONPATH=/home/student20/assessments/coursework1/build/beta_pilot_controller_pkg/prefix_override:/usr/lib/python3/dist-packages/colcon_core/task/python/colcon_distutils_commands:/home/student20/assessments/coursework1/install/beta_pilot_controller_pkg/lib/python3.12/site-packages:/home/student20/assessments/coursework1/install/sfr_coursework1_interface_package/lib/python3.12/site-packages:/home/student20/assessments/coursework1/build/beta_pilot_launch_pkg:/home/student20/assessments/coursework1/install/beta_pilot_launch_pkg/lib/python3.12/site-packages:/home/student20/assessments/coursework1/build/beta_pilot_controller_pkg:/home/student20/assessments/coursework1/install/beta_pilot_controller_pkg/lib/python3.12/site-packages:/home/student20/assessments/coursework1/build/launch_package:/home/student20/assessments/coursework1/install/launch_package/lib/python3.12/site-packages:/home/student20/assessments/coursework1/build/beta_pilot_pkg:/home/student20/assessments/coursework1/install/beta_pilot_pkg/lib/python3.12/site-packages:/opt/ros/jazzy/lib/python3.12/site-packages /usr/bin/python3 -W ignore:setup.py install is deprecated -W ignore:easy_install command is deprecated setup.py develop --editable --build-directory /home/student20/assessments/coursework1/build/beta_pilot_controller_pkg/build --no-deps symlink_data
[4.362s] Level 1:colcon.colcon_core.shell:create_environment_hook('beta_pilot_pkg', 'pythonpath_develop')
[4.363s] INFO:colcon.colcon_core.shell:Creating environment descriptor '/home/student20/assessments/coursework1/build/beta_pilot_pkg/share/beta_pilot_pkg/hook/pythonpath_develop.dsv'
[4.364s] DEBUG:colcon.colcon_core.event_handler.log_command:Invoked command in '/home/student20/assessments/coursework1/build/beta_pilot_pkg' returned '0': DEBUGINFOD_URLS=https://debuginfod.ubuntu.com PYTHONPATH=/home/student20/assessments/coursework1/build/beta_pilot_pkg/prefix_override:/usr/lib/python3/dist-packages/colcon_core/task/python/colcon_distutils_commands:/home/student20/assessments/coursework1/install/beta_pilot_pkg/lib/python3.12/site-packages:${PYTHONPATH} /usr/bin/python3 -W ignore:setup.py install is deprecated -W ignore:easy_install command is deprecated setup.py develop --editable --build-directory /home/student20/assessments/coursework1/build/beta_pilot_pkg/build --no-deps symlink_data
[4.365s] INFO:colcon.colcon_core.shell:Creating environment hook '/home/student20/assessments/coursework1/build/beta_pilot_pkg/share/beta_pilot_pkg/hook/pythonpath_develop.sh'
[4.367s] Level 1:colcon.colcon_core.environment:checking '/home/student20/assessments/coursework1/install/beta_pilot_pkg' for CMake module files
[4.369s] Level 1:colcon.colcon_core.environment:checking '/home/student20/assessments/coursework1/install/beta_pilot_pkg' for CMake config files
[4.373s] Level 1:colcon.colcon_core.environment:checking '/home/student20/assessments/coursework1/install/beta_pilot_pkg/lib'
[4.374s] Level 1:colcon.colcon_core.environment:checking '/home/student20/assessments/coursework1/install/beta_pilot_pkg/bin'
[4.374s] Level 1:colcon.colcon_core.environment:checking '/home/student20/assessments/coursework1/install/beta_pilot_pkg/lib/pkgconfig/beta_pilot_pkg.pc'
[4.375s] Level 1:colcon.colcon_core.environment:checking '/home/student20/assessments/coursework1/install/beta_pilot_pkg/lib/python3.12/site-packages'
[4.376s] Level 1:colcon.colcon_core.shell:create_environment_hook('beta_pilot_pkg', 'pythonpath')
[4.377s] INFO:colcon.colcon_core.shell:Creating environment descriptor '/home/student20/assessments/coursework1/install/beta_pilot_pkg/share/beta_pilot_pkg/hook/pythonpath.dsv'
[4.379s] INFO:colcon.colcon_core.shell:Creating environment hook '/home/student20/assessments/coursework1/install/beta_pilot_pkg/share/beta_pilot_pkg/hook/pythonpath.sh'
[4.382s] Level 1:colcon.colcon_core.environment:checking '/home/student20/assessments/coursework1/install/beta_pilot_pkg/bin'
[4.382s] Level 1:colcon.colcon_core.environment:create_environment_scripts_only(beta_pilot_pkg)
[4.383s] INFO:colcon.colcon_core.shell:Creating package descriptor '/home/student20/assessments/coursework1/install/beta_pilot_pkg/share/beta_pilot_pkg/package.dsv'
[4.385s] INFO:colcon.colcon_core.shell:Creating package script '/home/student20/assessments/coursework1/install/beta_pilot_pkg/share/beta_pilot_pkg/package.sh'
[4.388s] INFO:colcon.colcon_core.shell:Creating package script '/home/student20/assessments/coursework1/install/beta_pilot_pkg/share/beta_pilot_pkg/package.bash'
[4.389s] INFO:colcon.colcon_core.shell:Creating package script '/home/student20/assessments/coursework1/install/beta_pilot_pkg/share/beta_pilot_pkg/package.zsh'
[4.390s] Level 1:colcon.colcon_core.environment:create_file_with_runtime_dependencies(/home/student20/assessments/coursework1/install/beta_pilot_pkg/share/colcon-core/packages/beta_pilot_pkg)
[4.851s] Level 1:colcon.colcon_core.shell:create_environment_hook('beta_pilot_launch_pkg', 'pythonpath_develop')
[4.852s] INFO:colcon.colcon_core.shell:Creating environment descriptor '/home/student20/assessments/coursework1/build/beta_pilot_launch_pkg/share/beta_pilot_launch_pkg/hook/pythonpath_develop.dsv'
[4.853s] DEBUG:colcon.colcon_core.event_handler.log_command:Invoked command in '/home/student20/assessments/coursework1/build/beta_pilot_launch_pkg' returned '0': DEBUGINFOD_URLS=https://debuginfod.ubuntu.com PYTHONPATH=/home/student20/assessments/coursework1/build/beta_pilot_launch_pkg/prefix_override:/usr/lib/python3/dist-packages/colcon_core/task/python/colcon_distutils_commands:/home/student20/assessments/coursework1/install/beta_pilot_launch_pkg/lib/python3.12/site-packages:${PYTHONPATH} /usr/bin/python3 -W ignore:setup.py install is deprecated -W ignore:easy_install command is deprecated setup.py develop --editable --build-directory /home/student20/assessments/coursework1/build/beta_pilot_launch_pkg/build --no-deps symlink_data
[4.854s] INFO:colcon.colcon_core.shell:Creating environment hook '/home/student20/assessments/coursework1/build/beta_pilot_launch_pkg/share/beta_pilot_launch_pkg/hook/pythonpath_develop.sh'
[4.856s] Level 1:colcon.colcon_core.environment:checking '/home/student20/assessments/coursework1/install/beta_pilot_launch_pkg' for CMake module files
[4.857s] Level 1:colcon.colcon_core.environment:checking '/home/student20/assessments/coursework1/install/beta_pilot_launch_pkg' for CMake config files
[4.859s] Level 1:colcon.colcon_core.environment:checking '/home/student20/assessments/coursework1/install/beta_pilot_launch_pkg/lib'
[4.859s] Level 1:colcon.colcon_core.environment:checking '/home/student20/assessments/coursework1/install/beta_pilot_launch_pkg/bin'
[4.859s] Level 1:colcon.colcon_core.environment:checking '/home/student20/assessments/coursework1/install/beta_pilot_launch_pkg/lib/pkgconfig/beta_pilot_launch_pkg.pc'
[4.860s] Level 1:colcon.colcon_core.environment:checking '/home/student20/assessments/coursework1/install/beta_pilot_launch_pkg/lib/python3.12/site-packages'
[4.860s] Level 1:colcon.colcon_core.shell:create_environment_hook('beta_pilot_launch_pkg', 'pythonpath')
[4.860s] INFO:colcon.colcon_core.shell:Creating environment descriptor '/home/student20/assessments/coursework1/install/beta_pilot_launch_pkg/share/beta_pilot_launch_pkg/hook/pythonpath.dsv'
[4.862s] INFO:colcon.colcon_core.shell:Creating environment hook '/home/student20/assessments/coursework1/install/beta_pilot_launch_pkg/share/beta_pilot_launch_pkg/hook/pythonpath.sh'
[4.863s] Level 1:colcon.colcon_core.environment:checking '/home/student20/assessments/coursework1/install/beta_pilot_launch_pkg/bin'
[4.863s] Level 1:colcon.colcon_core.environment:create_environment_scripts_only(beta_pilot_launch_pkg)
[4.864s] INFO:colcon.colcon_core.shell:Creating package descriptor '/home/student20/assessments/coursework1/install/beta_pilot_launch_pkg/share/beta_pilot_launch_pkg/package.dsv'
[4.865s] INFO:colcon.colcon_core.shell:Creating package script '/home/student20/assessments/coursework1/install/beta_pilot_launch_pkg/share/beta_pilot_launch_pkg/package.sh'
[4.865s] INFO:colcon.colcon_core.shell:Creating package script '/home/student20/assessments/coursework1/install/beta_pilot_launch_pkg/share/beta_pilot_launch_pkg/package.bash'
[4.867s] INFO:colcon.colcon_core.shell:Creating package script '/home/student20/assessments/coursework1/install/beta_pilot_launch_pkg/share/beta_pilot_launch_pkg/package.zsh'
[4.868s] Level 1:colcon.colcon_core.environment:create_file_with_runtime_dependencies(/home/student20/assessments/coursework1/install/beta_pilot_launch_pkg/share/colcon-core/packages/beta_pilot_launch_pkg)
[5.663s] Level 1:colcon.colcon_core.shell:create_environment_hook('beta_pilot_controller_pkg', 'pythonpath_develop')
[5.664s] INFO:colcon.colcon_core.shell:Creating environment descriptor '/home/student20/assessments/coursework1/build/beta_pilot_controller_pkg/share/beta_pilot_controller_pkg/hook/pythonpath_develop.dsv'
[5.664s] DEBUG:colcon.colcon_core.event_handler.log_command:Invoked command in '/home/student20/assessments/coursework1/build/beta_pilot_controller_pkg' returned '0': DEBUGINFOD_URLS=https://debuginfod.ubuntu.com PYTHONPATH=/home/student20/assessments/coursework1/build/beta_pilot_controller_pkg/prefix_override:/usr/lib/python3/dist-packages/colcon_core/task/python/colcon_distutils_commands:/home/student20/assessments/coursework1/install/beta_pilot_controller_pkg/lib/python3.12/site-packages:/home/student20/assessments/coursework1/install/sfr_coursework1_interface_package/lib/python3.12/site-packages:/home/student20/assessments/coursework1/build/beta_pilot_launch_pkg:/home/student20/assessments/coursework1/install/beta_pilot_launch_pkg/lib/python3.12/site-packages:/home/student20/assessments/coursework1/build/beta_pilot_controller_pkg:/home/student20/assessments/coursework1/install/beta_pilot_controller_pkg/lib/python3.12/site-packages:/home/student20/assessments/coursework1/build/launch_package:/home/student20/assessments/coursework1/install/launch_package/lib/python3.12/site-packages:/home/student20/assessments/coursework1/build/beta_pilot_pkg:/home/student20/assessments/coursework1/install/beta_pilot_pkg/lib/python3.12/site-packages:/opt/ros/jazzy/lib/python3.12/site-packages /usr/bin/python3 -W ignore:setup.py install is deprecated -W ignore:easy_install command is deprecated setup.py develop --editable --build-directory /home/student20/assessments/coursework1/build/beta_pilot_controller_pkg/build --no-deps symlink_data
[5.666s] INFO:colcon.colcon_core.shell:Creating environment hook '/home/student20/assessments/coursework1/build/beta_pilot_controller_pkg/share/beta_pilot_controller_pkg/hook/pythonpath_develop.sh'
[5.667s] Level 1:colcon.colcon_core.environment:checking '/home/student20/assessments/coursework1/install/beta_pilot_controller_pkg' for CMake module files
[5.669s] Level 1:colcon.colcon_core.environment:checking '/home/student20/assessments/coursework1/install/beta_pilot_controller_pkg' for CMake config files
[5.671s] Level 1:colcon.colcon_core.environment:checking '/home/student20/assessments/coursework1/install/beta_pilot_controller_pkg/lib'
[5.671s] Level 1:colcon.colcon_core.environment:checking '/home/student20/assessments/coursework1/install/beta_pilot_controller_pkg/bin'
[5.671s] Level 1:colcon.colcon_core.environment:checking '/home/student20/assessments/coursework1/install/beta_pilot_controller_pkg/lib/pkgconfig/beta_pilot_controller_pkg.pc'
[5.672s] Level 1:colcon.colcon_core.environment:checking '/home/student20/assessments/coursework1/install/beta_pilot_controller_pkg/lib/python3.12/site-packages'
[5.673s] Level 1:colcon.colcon_core.shell:create_environment_hook('beta_pilot_controller_pkg', 'pythonpath')
[5.673s] INFO:colcon.colcon_core.shell:Creating environment descriptor '/home/student20/assessments/coursework1/install/beta_pilot_controller_pkg/share/beta_pilot_controller_pkg/hook/pythonpath.dsv'
[5.674s] INFO:colcon.colcon_core.shell:Creating environment hook '/home/student20/assessments/coursework1/install/beta_pilot_controller_pkg/share/beta_pilot_controller_pkg/hook/pythonpath.sh'
[5.677s] Level 1:colcon.colcon_core.environment:checking '/home/student20/assessments/coursework1/install/beta_pilot_controller_pkg/bin'
[5.677s] Level 1:colcon.colcon_core.environment:create_environment_scripts_only(beta_pilot_controller_pkg)
[5.678s] INFO:colcon.colcon_core.shell:Creating package descriptor '/home/student20/assessments/coursework1/install/beta_pilot_controller_pkg/share/beta_pilot_controller_pkg/package.dsv'
[5.680s] INFO:colcon.colcon_core.shell:Creating package script '/home/student20/assessments/coursework1/install/beta_pilot_controller_pkg/share/beta_pilot_controller_pkg/package.sh'
[5.681s] INFO:colcon.colcon_core.shell:Creating package script '/home/student20/assessments/coursework1/install/beta_pilot_controller_pkg/share/beta_pilot_controller_pkg/package.bash'
[5.682s] INFO:colcon.colcon_core.shell:Creating package script '/home/student20/assessments/coursework1/install/beta_pilot_controller_pkg/share/beta_pilot_controller_pkg/package.zsh'
[5.683s] Level 1:colcon.colcon_core.environment:create_file_with_runtime_dependencies(/home/student20/assessments/coursework1/install/beta_pilot_controller_pkg/share/colcon-core/packages/beta_pilot_controller_pkg)
[5.684s] DEBUG:colcon.colcon_parallel_executor.executor.parallel:closing loop
[5.685s] DEBUG:colcon.colcon_parallel_executor.executor.parallel:loop closed
[5.685s] DEBUG:colcon.colcon_parallel_executor.executor.parallel:run_until_complete finished with '0'
[5.686s] DEBUG:colcon.colcon_core.event_reactor:joining thread
[5.706s] INFO:colcon.colcon_core.plugin_system:Skipping extension 'colcon_notification.desktop_notification.terminal_notifier': Not used on non-Darwin systems
[5.706s] INFO:colcon.colcon_core.plugin_system:Skipping extension 'colcon_notification.desktop_notification.win32': Not used on non-Windows systems
[5.706s] INFO:colcon.colcon_notification.desktop_notification:Sending desktop notification using 'notify2'
[5.738s] DEBUG:colcon.colcon_core.event_reactor:joined thread
[5.739s] INFO:colcon.colcon_core.shell:Creating prefix script '/home/student20/assessments/coursework1/install/local_setup.sh'
[5.741s] INFO:colcon.colcon_core.shell:Creating prefix util module '/home/student20/assessments/coursework1/install/_local_setup_util_sh.py'
[5.745s] INFO:colcon.colcon_core.shell:Creating prefix chain script '/home/student20/assessments/coursework1/install/setup.sh'
[5.750s] INFO:colcon.colcon_core.shell:Creating prefix script '/home/student20/assessments/coursework1/install/local_setup.bash'
[5.751s] INFO:colcon.colcon_core.shell:Creating prefix chain script '/home/student20/assessments/coursework1/install/setup.bash'
[5.755s] INFO:colcon.colcon_core.shell:Creating prefix script '/home/student20/assessments/coursework1/install/local_setup.zsh'
[5.757s] INFO:colcon.colcon_core.shell:Creating prefix chain script '/home/student20/assessments/coursework1/install/setup.zsh'
