[1.990s] Invoking command in '/home/student20/assessments/coursework1/build/beta_pilot_controller_pkg': DEBUGINFOD_URLS=https://debuginfod.ubuntu.com PYTHONPATH=/home/student20/assessments/coursework1/build/beta_pilot_controller_pkg/prefix_override:/usr/lib/python3/dist-packages/colcon_core/task/python/colcon_distutils_commands:/home/student20/assessments/coursework1/install/beta_pilot_controller_pkg/lib/python3.12/site-packages:/home/student20/assessments/coursework1/install/sfr_coursework1_interface_package/lib/python3.12/site-packages:/home/student20/assessments/coursework1/build/beta_pilot_launch_pkg:/home/student20/assessments/coursework1/install/beta_pilot_launch_pkg/lib/python3.12/site-packages:/home/student20/assessments/coursework1/build/beta_pilot_controller_pkg:/home/student20/assessments/coursework1/install/beta_pilot_controller_pkg/lib/python3.12/site-packages:/home/student20/assessments/coursework1/build/launch_package:/home/student20/assessments/coursework1/install/launch_package/lib/python3.12/site-packages:/home/student20/assessments/coursework1/build/beta_pilot_pkg:/home/student20/assessments/coursework1/install/beta_pilot_pkg/lib/python3.12/site-packages:/opt/ros/jazzy/lib/python3.12/site-packages /usr/bin/python3 -W ignore:setup.py install is deprecated -W ignore:easy_install command is deprecated setup.py develop --editable --build-directory /home/student20/assessments/coursework1/build/beta_pilot_controller_pkg/build --no-deps symlink_data
[2.658s] running develop
[3.005s] running egg_info
[3.006s] creating beta_pilot_controller_pkg.egg-info
[3.027s] writing beta_pilot_controller_pkg.egg-info/PKG-INFO
[3.028s] writing dependency_links to beta_pilot_controller_pkg.egg-info/dependency_links.txt
[3.028s] writing entry points to beta_pilot_controller_pkg.egg-info/entry_points.txt
[3.029s] writing requirements to beta_pilot_controller_pkg.egg-info/requires.txt
[3.029s] writing top-level names to beta_pilot_controller_pkg.egg-info/top_level.txt
[3.029s] writing manifest file 'beta_pilot_controller_pkg.egg-info/SOURCES.txt'
[3.101s] reading manifest file 'beta_pilot_controller_pkg.egg-info/SOURCES.txt'
[3.103s] writing manifest file 'beta_pilot_controller_pkg.egg-info/SOURCES.txt'
[3.138s] running build_ext
[3.138s] Creating /home/student20/assessments/coursework1/install/beta_pilot_controller_pkg/lib/python3.12/site-packages/beta-pilot-controller-pkg.egg-link (link to .)
[3.139s] Installing beta_pilot_controller_node script to /home/student20/assessments/coursework1/install/beta_pilot_controller_pkg/lib/beta_pilot_controller_pkg
[3.140s] 
[3.142s] Installed /home/student20/assessments/coursework1/build/beta_pilot_controller_pkg
[3.142s] running symlink_data
[3.143s] creating /home/student20/assessments/coursework1/install/beta_pilot_controller_pkg/share/ament_index
[3.143s] creating /home/student20/assessments/coursework1/install/beta_pilot_controller_pkg/share/ament_index/resource_index
[3.143s] creating /home/student20/assessments/coursework1/install/beta_pilot_controller_pkg/share/ament_index/resource_index/packages
[3.144s] symbolically linking /home/student20/assessments/coursework1/build/beta_pilot_controller_pkg/resource/beta_pilot_controller_pkg -> /home/student20/assessments/coursework1/install/beta_pilot_controller_pkg/share/ament_index/resource_index/packages
[3.144s] symbolically linking /home/student20/assessments/coursework1/build/beta_pilot_controller_pkg/package.xml -> /home/student20/assessments/coursework1/install/beta_pilot_controller_pkg/share/beta_pilot_controller_pkg
[3.251s] Invoked command in '/home/student20/assessments/coursework1/build/beta_pilot_controller_pkg' returned '0': DEBUGINFOD_URLS=https://debuginfod.ubuntu.com PYTHONPATH=/home/student20/assessments/coursework1/build/beta_pilot_controller_pkg/prefix_override:/usr/lib/python3/dist-packages/colcon_core/task/python/colcon_distutils_commands:/home/student20/assessments/coursework1/install/beta_pilot_controller_pkg/lib/python3.12/site-packages:/home/student20/assessments/coursework1/install/sfr_coursework1_interface_package/lib/python3.12/site-packages:/home/student20/assessments/coursework1/build/beta_pilot_launch_pkg:/home/student20/assessments/coursework1/install/beta_pilot_launch_pkg/lib/python3.12/site-packages:/home/student20/assessments/coursework1/build/beta_pilot_controller_pkg:/home/student20/assessments/coursework1/install/beta_pilot_controller_pkg/lib/python3.12/site-packages:/home/student20/assessments/coursework1/build/launch_package:/home/student20/assessments/coursework1/install/launch_package/lib/python3.12/site-packages:/home/student20/assessments/coursework1/build/beta_pilot_pkg:/home/student20/assessments/coursework1/install/beta_pilot_pkg/lib/python3.12/site-packages:/opt/ros/jazzy/lib/python3.12/site-packages /usr/bin/python3 -W ignore:setup.py install is deprecated -W ignore:easy_install command is deprecated setup.py develop --editable --build-directory /home/student20/assessments/coursework1/build/beta_pilot_controller_pkg/build --no-deps symlink_data
