[  1%] Built target sfr_coursework1_interface_package__rosidl_generator_type_description
[  1%] Built target ament_cmake_python_symlink_sfr_coursework1_interface_package
[  3%] Built target sfr_coursework1_interface_package__cpp
[ 25%] Built target sfr_coursework1_interface_package__rosidl_generator_c
[ 34%] Built target sfr_coursework1_interface_package__rosidl_typesupport_c
[ 43%] Built target sfr_coursework1_interface_package__rosidl_typesupport_introspection_c
[ 53%] Built target sfr_coursework1_interface_package__rosidl_typesupport_cpp
[ 62%] Built target sfr_coursework1_interface_package__rosidl_typesupport_fastrtps_c
[ 71%] Built target sfr_coursework1_interface_package__rosidl_typesupport_fastrtps_cpp
[ 81%] Built target sfr_coursework1_interface_package__rosidl_typesupport_introspection_cpp
[ 81%] Built target sfr_coursework1_interface_package
[ 82%] Built target sfr_coursework1_interface_package__py
[ 90%] Built target sfr_coursework1_interface_package__rosidl_generator_py
[ 93%] Built target sfr_coursework1_interface_package_s__rosidl_typesupport_c
[ 96%] Built target sfr_coursework1_interface_package_s__rosidl_typesupport_introspection_c
[100%] Built target sfr_coursework1_interface_package_s__rosidl_typesupport_fastrtps_c
running egg_info
writing sfr_coursework1_interface_package.egg-info/PKG-INFO
writing dependency_links to sfr_coursework1_interface_package.egg-info/dependency_links.txt
writing top-level names to sfr_coursework1_interface_package.egg-info/top_level.txt
reading manifest file 'sfr_coursework1_interface_package.egg-info/SOURCES.txt'
writing manifest file 'sfr_coursework1_interface_package.egg-info/SOURCES.txt'
[100%] Built target ament_cmake_python_build_sfr_coursework1_interface_package_egg
-- Install configuration: ""
-- Execute custom install script
-- Up-to-date symlink: /home/student20/assessments/coursework1/install/sfr_coursework1_interface_package/share/ament_index/resource_index/rosidl_interfaces/sfr_coursework1_interface_package
-- Up-to-date symlink: /home/student20/assessments/coursework1/install/sfr_coursework1_interface_package/share/sfr_coursework1_interface_package/msg/TaskSpacePose.json
-- Up-to-date symlink: /home/student20/assessments/coursework1/install/sfr_coursework1_interface_package/share/sfr_coursework1_interface_package/msg/WheelAngularVelocities.json
-- Up-to-date symlink: /home/student20/assessments/coursework1/install/sfr_coursework1_interface_package/share/sfr_coursework1_interface_package/srv/TurnRobotOff.json
-- Up-to-date symlink: /home/student20/assessments/coursework1/install/sfr_coursework1_interface_package/share/sfr_coursework1_interface_package/srv/TurnRobotOn.json
-- Up-to-date symlink: /home/student20/assessments/coursework1/install/sfr_coursework1_interface_package/include/sfr_coursework1_interface_package/sfr_coursework1_interface_package/msg/detail/task_space_pose__functions.h
-- Up-to-date symlink: /home/student20/assessments/coursework1/install/sfr_coursework1_interface_package/include/sfr_coursework1_interface_package/sfr_coursework1_interface_package/msg/detail/task_space_pose__struct.h
-- Up-to-date symlink: /home/student20/assessments/coursework1/install/sfr_coursework1_interface_package/include/sfr_coursework1_interface_package/sfr_coursework1_interface_package/msg/detail/task_space_pose__type_support.h
-- Up-to-date symlink: /home/student20/assessments/coursework1/install/sfr_coursework1_interface_package/include/sfr_coursework1_interface_package/sfr_coursework1_interface_package/msg/detail/wheel_angular_velocities__functions.h
-- Up-to-date symlink: /home/student20/assessments/coursework1/install/sfr_coursework1_interface_package/include/sfr_coursework1_interface_package/sfr_coursework1_interface_package/msg/detail/wheel_angular_velocities__struct.h
-- Up-to-date symlink: /home/student20/assessments/coursework1/install/sfr_coursework1_interface_package/include/sfr_coursework1_interface_package/sfr_coursework1_interface_package/msg/detail/wheel_angular_velocities__type_support.h
-- Up-to-date symlink: /home/student20/assessments/coursework1/install/sfr_coursework1_interface_package/include/sfr_coursework1_interface_package/sfr_coursework1_interface_package/msg/rosidl_generator_c__visibility_control.h
-- Up-to-date symlink: /home/student20/assessments/coursework1/install/sfr_coursework1_interface_package/include/sfr_coursework1_interface_package/sfr_coursework1_interface_package/msg/task_space_pose.h
-- Up-to-date symlink: /home/student20/assessments/coursework1/install/sfr_coursework1_interface_package/include/sfr_coursework1_interface_package/sfr_coursework1_interface_package/msg/wheel_angular_velocities.h
-- Up-to-date symlink: /home/student20/assessments/coursework1/install/sfr_coursework1_interface_package/include/sfr_coursework1_interface_package/sfr_coursework1_interface_package/srv/detail/turn_robot_off__functions.h
-- Up-to-date symlink: /home/student20/assessments/coursework1/install/sfr_coursework1_interface_package/include/sfr_coursework1_interface_package/sfr_coursework1_interface_package/srv/detail/turn_robot_off__struct.h
-- Up-to-date symlink: /home/student20/assessments/coursework1/install/sfr_coursework1_interface_package/include/sfr_coursework1_interface_package/sfr_coursework1_interface_package/srv/detail/turn_robot_off__type_support.h
-- Up-to-date symlink: /home/student20/assessments/coursework1/install/sfr_coursework1_interface_package/include/sfr_coursework1_interface_package/sfr_coursework1_interface_package/srv/detail/turn_robot_on__functions.h
-- Up-to-date symlink: /home/student20/assessments/coursework1/install/sfr_coursework1_interface_package/include/sfr_coursework1_interface_package/sfr_coursework1_interface_package/srv/detail/turn_robot_on__struct.h
-- Up-to-date symlink: /home/student20/assessments/coursework1/install/sfr_coursework1_interface_package/include/sfr_coursework1_interface_package/sfr_coursework1_interface_package/srv/detail/turn_robot_on__type_support.h
-- Up-to-date symlink: /home/student20/assessments/coursework1/install/sfr_coursework1_interface_package/include/sfr_coursework1_interface_package/sfr_coursework1_interface_package/srv/turn_robot_off.h
-- Up-to-date symlink: /home/student20/assessments/coursework1/install/sfr_coursework1_interface_package/include/sfr_coursework1_interface_package/sfr_coursework1_interface_package/srv/turn_robot_on.h
-- Up-to-date symlink: /home/student20/assessments/coursework1/install/sfr_coursework1_interface_package/share/sfr_coursework1_interface_package/environment/library_path.sh
-- Up-to-date symlink: /home/student20/assessments/coursework1/install/sfr_coursework1_interface_package/share/sfr_coursework1_interface_package/environment/library_path.dsv
-- Up-to-date symlink: /home/student20/assessments/coursework1/install/sfr_coursework1_interface_package/include/sfr_coursework1_interface_package/sfr_coursework1_interface_package/msg/detail/task_space_pose__rosidl_typesupport_fastrtps_c.h
-- Up-to-date symlink: /home/student20/assessments/coursework1/install/sfr_coursework1_interface_package/include/sfr_coursework1_interface_package/sfr_coursework1_interface_package/msg/detail/wheel_angular_velocities__rosidl_typesupport_fastrtps_c.h
-- Up-to-date symlink: /home/student20/assessments/coursework1/install/sfr_coursework1_interface_package/include/sfr_coursework1_interface_package/sfr_coursework1_interface_package/msg/rosidl_typesupport_fastrtps_c__visibility_control.h
-- Up-to-date symlink: /home/student20/assessments/coursework1/install/sfr_coursework1_interface_package/include/sfr_coursework1_interface_package/sfr_coursework1_interface_package/srv/detail/turn_robot_off__rosidl_typesupport_fastrtps_c.h
-- Up-to-date symlink: /home/student20/assessments/coursework1/install/sfr_coursework1_interface_package/include/sfr_coursework1_interface_package/sfr_coursework1_interface_package/srv/detail/turn_robot_on__rosidl_typesupport_fastrtps_c.h
-- Up-to-date symlink: /home/student20/assessments/coursework1/install/sfr_coursework1_interface_package/include/sfr_coursework1_interface_package/sfr_coursework1_interface_package/msg/detail/task_space_pose__rosidl_typesupport_introspection_c.h
-- Up-to-date symlink: /home/student20/assessments/coursework1/install/sfr_coursework1_interface_package/include/sfr_coursework1_interface_package/sfr_coursework1_interface_package/msg/detail/wheel_angular_velocities__rosidl_typesupport_introspection_c.h
-- Up-to-date symlink: /home/student20/assessments/coursework1/install/sfr_coursework1_interface_package/include/sfr_coursework1_interface_package/sfr_coursework1_interface_package/msg/rosidl_typesupport_introspection_c__visibility_control.h
-- Up-to-date symlink: /home/student20/assessments/coursework1/install/sfr_coursework1_interface_package/include/sfr_coursework1_interface_package/sfr_coursework1_interface_package/srv/detail/turn_robot_off__rosidl_typesupport_introspection_c.h
-- Up-to-date symlink: /home/student20/assessments/coursework1/install/sfr_coursework1_interface_package/include/sfr_coursework1_interface_package/sfr_coursework1_interface_package/srv/detail/turn_robot_on__rosidl_typesupport_introspection_c.h
-- Up-to-date symlink: /home/student20/assessments/coursework1/install/sfr_coursework1_interface_package/include/sfr_coursework1_interface_package/sfr_coursework1_interface_package/msg/detail/task_space_pose__builder.hpp
-- Up-to-date symlink: /home/student20/assessments/coursework1/install/sfr_coursework1_interface_package/include/sfr_coursework1_interface_package/sfr_coursework1_interface_package/msg/detail/task_space_pose__struct.hpp
-- Up-to-date symlink: /home/student20/assessments/coursework1/install/sfr_coursework1_interface_package/include/sfr_coursework1_interface_package/sfr_coursework1_interface_package/msg/detail/task_space_pose__traits.hpp
-- Up-to-date symlink: /home/student20/assessments/coursework1/install/sfr_coursework1_interface_package/include/sfr_coursework1_interface_package/sfr_coursework1_interface_package/msg/detail/task_space_pose__type_support.hpp
-- Up-to-date symlink: /home/student20/assessments/coursework1/install/sfr_coursework1_interface_package/include/sfr_coursework1_interface_package/sfr_coursework1_interface_package/msg/detail/wheel_angular_velocities__builder.hpp
-- Up-to-date symlink: /home/student20/assessments/coursework1/install/sfr_coursework1_interface_package/include/sfr_coursework1_interface_package/sfr_coursework1_interface_package/msg/detail/wheel_angular_velocities__struct.hpp
-- Up-to-date symlink: /home/student20/assessments/coursework1/install/sfr_coursework1_interface_package/include/sfr_coursework1_interface_package/sfr_coursework1_interface_package/msg/detail/wheel_angular_velocities__traits.hpp
-- Up-to-date symlink: /home/student20/assessments/coursework1/install/sfr_coursework1_interface_package/include/sfr_coursework1_interface_package/sfr_coursework1_interface_package/msg/detail/wheel_angular_velocities__type_support.hpp
-- Up-to-date symlink: /home/student20/assessments/coursework1/install/sfr_coursework1_interface_package/include/sfr_coursework1_interface_package/sfr_coursework1_interface_package/msg/rosidl_generator_cpp__visibility_control.hpp
-- Up-to-date symlink: /home/student20/assessments/coursework1/install/sfr_coursework1_interface_package/include/sfr_coursework1_interface_package/sfr_coursework1_interface_package/msg/task_space_pose.hpp
-- Up-to-date symlink: /home/student20/assessments/coursework1/install/sfr_coursework1_interface_package/include/sfr_coursework1_interface_package/sfr_coursework1_interface_package/msg/wheel_angular_velocities.hpp
-- Up-to-date symlink: /home/student20/assessments/coursework1/install/sfr_coursework1_interface_package/include/sfr_coursework1_interface_package/sfr_coursework1_interface_package/srv/detail/turn_robot_off__builder.hpp
-- Up-to-date symlink: /home/student20/assessments/coursework1/install/sfr_coursework1_interface_package/include/sfr_coursework1_interface_package/sfr_coursework1_interface_package/srv/detail/turn_robot_off__struct.hpp
-- Up-to-date symlink: /home/student20/assessments/coursework1/install/sfr_coursework1_interface_package/include/sfr_coursework1_interface_package/sfr_coursework1_interface_package/srv/detail/turn_robot_off__traits.hpp
-- Up-to-date symlink: /home/student20/assessments/coursework1/install/sfr_coursework1_interface_package/include/sfr_coursework1_interface_package/sfr_coursework1_interface_package/srv/detail/turn_robot_off__type_support.hpp
-- Up-to-date symlink: /home/student20/assessments/coursework1/install/sfr_coursework1_interface_package/include/sfr_coursework1_interface_package/sfr_coursework1_interface_package/srv/detail/turn_robot_on__builder.hpp
-- Up-to-date symlink: /home/student20/assessments/coursework1/install/sfr_coursework1_interface_package/include/sfr_coursework1_interface_package/sfr_coursework1_interface_package/srv/detail/turn_robot_on__struct.hpp
-- Up-to-date symlink: /home/student20/assessments/coursework1/install/sfr_coursework1_interface_package/include/sfr_coursework1_interface_package/sfr_coursework1_interface_package/srv/detail/turn_robot_on__traits.hpp
-- Up-to-date symlink: /home/student20/assessments/coursework1/install/sfr_coursework1_interface_package/include/sfr_coursework1_interface_package/sfr_coursework1_interface_package/srv/detail/turn_robot_on__type_support.hpp
-- Up-to-date symlink: /home/student20/assessments/coursework1/install/sfr_coursework1_interface_package/include/sfr_coursework1_interface_package/sfr_coursework1_interface_package/srv/turn_robot_off.hpp
-- Up-to-date symlink: /home/student20/assessments/coursework1/install/sfr_coursework1_interface_package/include/sfr_coursework1_interface_package/sfr_coursework1_interface_package/srv/turn_robot_on.hpp
-- Up-to-date symlink: /home/student20/assessments/coursework1/install/sfr_coursework1_interface_package/include/sfr_coursework1_interface_package/sfr_coursework1_interface_package/msg/detail/task_space_pose__rosidl_typesupport_fastrtps_cpp.hpp
-- Up-to-date symlink: /home/student20/assessments/coursework1/install/sfr_coursework1_interface_package/include/sfr_coursework1_interface_package/sfr_coursework1_interface_package/msg/detail/wheel_angular_velocities__rosidl_typesupport_fastrtps_cpp.hpp
-- Up-to-date symlink: /home/student20/assessments/coursework1/install/sfr_coursework1_interface_package/include/sfr_coursework1_interface_package/sfr_coursework1_interface_package/msg/rosidl_typesupport_fastrtps_cpp__visibility_control.h
-- Up-to-date symlink: /home/student20/assessments/coursework1/install/sfr_coursework1_interface_package/include/sfr_coursework1_interface_package/sfr_coursework1_interface_package/srv/detail/turn_robot_off__rosidl_typesupport_fastrtps_cpp.hpp
-- Up-to-date symlink: /home/student20/assessments/coursework1/install/sfr_coursework1_interface_package/include/sfr_coursework1_interface_package/sfr_coursework1_interface_package/srv/detail/turn_robot_on__rosidl_typesupport_fastrtps_cpp.hpp
-- Up-to-date symlink: /home/student20/assessments/coursework1/install/sfr_coursework1_interface_package/include/sfr_coursework1_interface_package/sfr_coursework1_interface_package/msg/detail/task_space_pose__rosidl_typesupport_introspection_cpp.hpp
-- Up-to-date symlink: /home/student20/assessments/coursework1/install/sfr_coursework1_interface_package/include/sfr_coursework1_interface_package/sfr_coursework1_interface_package/msg/detail/wheel_angular_velocities__rosidl_typesupport_introspection_cpp.hpp
-- Up-to-date symlink: /home/student20/assessments/coursework1/install/sfr_coursework1_interface_package/include/sfr_coursework1_interface_package/sfr_coursework1_interface_package/srv/detail/turn_robot_off__rosidl_typesupport_introspection_cpp.hpp
-- Up-to-date symlink: /home/student20/assessments/coursework1/install/sfr_coursework1_interface_package/include/sfr_coursework1_interface_package/sfr_coursework1_interface_package/srv/detail/turn_robot_on__rosidl_typesupport_introspection_cpp.hpp
-- Up-to-date symlink: /home/student20/assessments/coursework1/install/sfr_coursework1_interface_package/share/sfr_coursework1_interface_package/environment/pythonpath.sh
-- Up-to-date symlink: /home/student20/assessments/coursework1/install/sfr_coursework1_interface_package/share/sfr_coursework1_interface_package/environment/pythonpath.dsv
-- Up-to-date symlink: /home/student20/assessments/coursework1/install/sfr_coursework1_interface_package/lib/python3.12/site-packages/sfr_coursework1_interface_package-0.0.0-py3.12.egg-info/PKG-INFO
-- Up-to-date symlink: /home/student20/assessments/coursework1/install/sfr_coursework1_interface_package/lib/python3.12/site-packages/sfr_coursework1_interface_package-0.0.0-py3.12.egg-info/SOURCES.txt
-- Up-to-date symlink: /home/student20/assessments/coursework1/install/sfr_coursework1_interface_package/lib/python3.12/site-packages/sfr_coursework1_interface_package-0.0.0-py3.12.egg-info/dependency_links.txt
-- Up-to-date symlink: /home/student20/assessments/coursework1/install/sfr_coursework1_interface_package/lib/python3.12/site-packages/sfr_coursework1_interface_package-0.0.0-py3.12.egg-info/top_level.txt
-- Up-to-date symlink: /home/student20/assessments/coursework1/install/sfr_coursework1_interface_package/lib/python3.12/site-packages/sfr_coursework1_interface_package/__init__.py
-- Up-to-date symlink: /home/student20/assessments/coursework1/install/sfr_coursework1_interface_package/lib/python3.12/site-packages/sfr_coursework1_interface_package/_sfr_coursework1_interface_package_s.ep.rosidl_typesupport_c.c
-- Up-to-date symlink: /home/student20/assessments/coursework1/install/sfr_coursework1_interface_package/lib/python3.12/site-packages/sfr_coursework1_interface_package/_sfr_coursework1_interface_package_s.ep.rosidl_typesupport_fastrtps_c.c
-- Up-to-date symlink: /home/student20/assessments/coursework1/install/sfr_coursework1_interface_package/lib/python3.12/site-packages/sfr_coursework1_interface_package/_sfr_coursework1_interface_package_s.ep.rosidl_typesupport_introspection_c.c
-- Up-to-date symlink: /home/student20/assessments/coursework1/install/sfr_coursework1_interface_package/lib/python3.12/site-packages/sfr_coursework1_interface_package/msg/__init__.py
-- Up-to-date symlink: /home/student20/assessments/coursework1/install/sfr_coursework1_interface_package/lib/python3.12/site-packages/sfr_coursework1_interface_package/msg/_task_space_pose.py
-- Up-to-date symlink: /home/student20/assessments/coursework1/install/sfr_coursework1_interface_package/lib/python3.12/site-packages/sfr_coursework1_interface_package/msg/_task_space_pose_s.c
-- Up-to-date symlink: /home/student20/assessments/coursework1/install/sfr_coursework1_interface_package/lib/python3.12/site-packages/sfr_coursework1_interface_package/msg/_wheel_angular_velocities.py
-- Up-to-date symlink: /home/student20/assessments/coursework1/install/sfr_coursework1_interface_package/lib/python3.12/site-packages/sfr_coursework1_interface_package/msg/_wheel_angular_velocities_s.c
-- Up-to-date symlink: /home/student20/assessments/coursework1/install/sfr_coursework1_interface_package/lib/python3.12/site-packages/sfr_coursework1_interface_package/sfr_coursework1_interface_package_s__rosidl_typesupport_c.so
-- Up-to-date symlink: /home/student20/assessments/coursework1/install/sfr_coursework1_interface_package/lib/python3.12/site-packages/sfr_coursework1_interface_package/sfr_coursework1_interface_package_s__rosidl_typesupport_fastrtps_c.so
-- Up-to-date symlink: /home/student20/assessments/coursework1/install/sfr_coursework1_interface_package/lib/python3.12/site-packages/sfr_coursework1_interface_package/sfr_coursework1_interface_package_s__rosidl_typesupport_introspection_c.so
-- Up-to-date symlink: /home/student20/assessments/coursework1/install/sfr_coursework1_interface_package/lib/python3.12/site-packages/sfr_coursework1_interface_package/srv/__init__.py
-- Up-to-date symlink: /home/student20/assessments/coursework1/install/sfr_coursework1_interface_package/lib/python3.12/site-packages/sfr_coursework1_interface_package/srv/_turn_robot_off.py
-- Up-to-date symlink: /home/student20/assessments/coursework1/install/sfr_coursework1_interface_package/lib/python3.12/site-packages/sfr_coursework1_interface_package/srv/_turn_robot_off_s.c
-- Up-to-date symlink: /home/student20/assessments/coursework1/install/sfr_coursework1_interface_package/lib/python3.12/site-packages/sfr_coursework1_interface_package/srv/_turn_robot_on.py
-- Up-to-date symlink: /home/student20/assessments/coursework1/install/sfr_coursework1_interface_package/lib/python3.12/site-packages/sfr_coursework1_interface_package/srv/_turn_robot_on_s.c
-- Up-to-date symlink: /home/student20/assessments/coursework1/install/sfr_coursework1_interface_package/lib/python3.12/site-packages/sfr_coursework1_interface_package/sfr_coursework1_interface_package_s__rosidl_typesupport_fastrtps_c.so
-- Up-to-date symlink: /home/student20/assessments/coursework1/install/sfr_coursework1_interface_package/lib/python3.12/site-packages/sfr_coursework1_interface_package/sfr_coursework1_interface_package_s__rosidl_typesupport_introspection_c.so
-- Up-to-date symlink: /home/student20/assessments/coursework1/install/sfr_coursework1_interface_package/lib/python3.12/site-packages/sfr_coursework1_interface_package/sfr_coursework1_interface_package_s__rosidl_typesupport_c.so
-- Up-to-date symlink: /home/student20/assessments/coursework1/install/sfr_coursework1_interface_package/share/sfr_coursework1_interface_package/msg/TaskSpacePose.idl
-- Up-to-date symlink: /home/student20/assessments/coursework1/install/sfr_coursework1_interface_package/share/sfr_coursework1_interface_package/msg/WheelAngularVelocities.idl
-- Up-to-date symlink: /home/student20/assessments/coursework1/install/sfr_coursework1_interface_package/share/sfr_coursework1_interface_package/srv/TurnRobotOff.idl
-- Up-to-date symlink: /home/student20/assessments/coursework1/install/sfr_coursework1_interface_package/share/sfr_coursework1_interface_package/srv/TurnRobotOn.idl
-- Up-to-date symlink: /home/student20/assessments/coursework1/install/sfr_coursework1_interface_package/share/sfr_coursework1_interface_package/msg/TaskSpacePose.msg
-- Up-to-date symlink: /home/student20/assessments/coursework1/install/sfr_coursework1_interface_package/share/sfr_coursework1_interface_package/msg/WheelAngularVelocities.msg
-- Up-to-date symlink: /home/student20/assessments/coursework1/install/sfr_coursework1_interface_package/share/sfr_coursework1_interface_package/srv/TurnRobotOff.srv
-- Up-to-date symlink: /home/student20/assessments/coursework1/install/sfr_coursework1_interface_package/share/sfr_coursework1_interface_package/srv/TurnRobotOn.srv
-- Up-to-date symlink: /home/student20/assessments/coursework1/install/sfr_coursework1_interface_package/share/ament_index/resource_index/package_run_dependencies/sfr_coursework1_interface_package
-- Up-to-date symlink: /home/student20/assessments/coursework1/install/sfr_coursework1_interface_package/share/ament_index/resource_index/parent_prefix_path/sfr_coursework1_interface_package
-- Up-to-date symlink: /home/student20/assessments/coursework1/install/sfr_coursework1_interface_package/share/sfr_coursework1_interface_package/environment/ament_prefix_path.sh
-- Up-to-date symlink: /home/student20/assessments/coursework1/install/sfr_coursework1_interface_package/share/sfr_coursework1_interface_package/environment/ament_prefix_path.dsv
-- Up-to-date symlink: /home/student20/assessments/coursework1/install/sfr_coursework1_interface_package/share/sfr_coursework1_interface_package/environment/path.sh
-- Up-to-date symlink: /home/student20/assessments/coursework1/install/sfr_coursework1_interface_package/share/sfr_coursework1_interface_package/environment/path.dsv
-- Up-to-date symlink: /home/student20/assessments/coursework1/install/sfr_coursework1_interface_package/share/sfr_coursework1_interface_package/local_setup.bash
-- Up-to-date symlink: /home/student20/assessments/coursework1/install/sfr_coursework1_interface_package/share/sfr_coursework1_interface_package/local_setup.sh
-- Up-to-date symlink: /home/student20/assessments/coursework1/install/sfr_coursework1_interface_package/share/sfr_coursework1_interface_package/local_setup.zsh
-- Up-to-date symlink: /home/student20/assessments/coursework1/install/sfr_coursework1_interface_package/share/sfr_coursework1_interface_package/local_setup.dsv
-- Symlinking: /home/student20/assessments/coursework1/install/sfr_coursework1_interface_package/share/sfr_coursework1_interface_package/package.dsv
-- Up-to-date symlink: /home/student20/assessments/coursework1/install/sfr_coursework1_interface_package/share/ament_index/resource_index/packages/sfr_coursework1_interface_package
-- Up-to-date symlink: /home/student20/assessments/coursework1/install/sfr_coursework1_interface_package/share/sfr_coursework1_interface_package/cmake/rosidl_cmake-extras.cmake
-- Up-to-date symlink: /home/student20/assessments/coursework1/install/sfr_coursework1_interface_package/share/sfr_coursework1_interface_package/cmake/ament_cmake_export_dependencies-extras.cmake
-- Up-to-date symlink: /home/student20/assessments/coursework1/install/sfr_coursework1_interface_package/share/sfr_coursework1_interface_package/cmake/ament_cmake_export_include_directories-extras.cmake
-- Up-to-date symlink: /home/student20/assessments/coursework1/install/sfr_coursework1_interface_package/share/sfr_coursework1_interface_package/cmake/ament_cmake_export_libraries-extras.cmake
-- Up-to-date symlink: /home/student20/assessments/coursework1/install/sfr_coursework1_interface_package/share/sfr_coursework1_interface_package/cmake/ament_cmake_export_targets-extras.cmake
-- Up-to-date symlink: /home/student20/assessments/coursework1/install/sfr_coursework1_interface_package/share/sfr_coursework1_interface_package/cmake/rosidl_cmake_export_typesupport_targets-extras.cmake
-- Up-to-date symlink: /home/student20/assessments/coursework1/install/sfr_coursework1_interface_package/share/sfr_coursework1_interface_package/cmake/rosidl_cmake_export_typesupport_libraries-extras.cmake
-- Up-to-date symlink: /home/student20/assessments/coursework1/install/sfr_coursework1_interface_package/share/sfr_coursework1_interface_package/cmake/sfr_coursework1_interface_packageConfig.cmake
-- Up-to-date symlink: /home/student20/assessments/coursework1/install/sfr_coursework1_interface_package/share/sfr_coursework1_interface_package/cmake/sfr_coursework1_interface_packageConfig-version.cmake
-- Up-to-date symlink: /home/student20/assessments/coursework1/install/sfr_coursework1_interface_package/share/sfr_coursework1_interface_package/package.xml
-- Up-to-date: /home/student20/assessments/coursework1/install/sfr_coursework1_interface_package/lib/libsfr_coursework1_interface_package__rosidl_generator_c.so
-- Up-to-date: /home/student20/assessments/coursework1/install/sfr_coursework1_interface_package/lib/libsfr_coursework1_interface_package__rosidl_typesupport_fastrtps_c.so
-- Up-to-date: /home/student20/assessments/coursework1/install/sfr_coursework1_interface_package/lib/libsfr_coursework1_interface_package__rosidl_typesupport_introspection_c.so
-- Up-to-date: /home/student20/assessments/coursework1/install/sfr_coursework1_interface_package/lib/libsfr_coursework1_interface_package__rosidl_typesupport_c.so
-- Up-to-date: /home/student20/assessments/coursework1/install/sfr_coursework1_interface_package/lib/libsfr_coursework1_interface_package__rosidl_typesupport_fastrtps_cpp.so
-- Up-to-date: /home/student20/assessments/coursework1/install/sfr_coursework1_interface_package/lib/libsfr_coursework1_interface_package__rosidl_typesupport_introspection_cpp.so
-- Up-to-date: /home/student20/assessments/coursework1/install/sfr_coursework1_interface_package/lib/libsfr_coursework1_interface_package__rosidl_typesupport_cpp.so
Listing '/home/student20/assessments/coursework1/install/sfr_coursework1_interface_package/lib/python3.12/site-packages/sfr_coursework1_interface_package'...
Listing '/home/student20/assessments/coursework1/install/sfr_coursework1_interface_package/lib/python3.12/site-packages/sfr_coursework1_interface_package/msg'...
Listing '/home/student20/assessments/coursework1/install/sfr_coursework1_interface_package/lib/python3.12/site-packages/sfr_coursework1_interface_package/srv'...
-- Up-to-date: /home/student20/assessments/coursework1/install/sfr_coursework1_interface_package/lib/libsfr_coursework1_interface_package__rosidl_generator_py.so
-- Up-to-date: /home/student20/assessments/coursework1/install/sfr_coursework1_interface_package/share/sfr_coursework1_interface_package/cmake/export_sfr_coursework1_interface_package__rosidl_generator_cExport.cmake
-- Up-to-date: /home/student20/assessments/coursework1/install/sfr_coursework1_interface_package/share/sfr_coursework1_interface_package/cmake/export_sfr_coursework1_interface_package__rosidl_generator_cExport-noconfig.cmake
-- Up-to-date: /home/student20/assessments/coursework1/install/sfr_coursework1_interface_package/share/sfr_coursework1_interface_package/cmake/export_sfr_coursework1_interface_package__rosidl_typesupport_fastrtps_cExport.cmake
-- Up-to-date: /home/student20/assessments/coursework1/install/sfr_coursework1_interface_package/share/sfr_coursework1_interface_package/cmake/export_sfr_coursework1_interface_package__rosidl_typesupport_fastrtps_cExport-noconfig.cmake
-- Up-to-date: /home/student20/assessments/coursework1/install/sfr_coursework1_interface_package/share/sfr_coursework1_interface_package/cmake/sfr_coursework1_interface_package__rosidl_typesupport_introspection_cExport.cmake
-- Up-to-date: /home/student20/assessments/coursework1/install/sfr_coursework1_interface_package/share/sfr_coursework1_interface_package/cmake/sfr_coursework1_interface_package__rosidl_typesupport_introspection_cExport-noconfig.cmake
-- Up-to-date: /home/student20/assessments/coursework1/install/sfr_coursework1_interface_package/share/sfr_coursework1_interface_package/cmake/sfr_coursework1_interface_package__rosidl_typesupport_cExport.cmake
-- Up-to-date: /home/student20/assessments/coursework1/install/sfr_coursework1_interface_package/share/sfr_coursework1_interface_package/cmake/sfr_coursework1_interface_package__rosidl_typesupport_cExport-noconfig.cmake
-- Up-to-date: /home/student20/assessments/coursework1/install/sfr_coursework1_interface_package/share/sfr_coursework1_interface_package/cmake/export_sfr_coursework1_interface_package__rosidl_generator_cppExport.cmake
-- Up-to-date: /home/student20/assessments/coursework1/install/sfr_coursework1_interface_package/share/sfr_coursework1_interface_package/cmake/export_sfr_coursework1_interface_package__rosidl_typesupport_fastrtps_cppExport.cmake
-- Up-to-date: /home/student20/assessments/coursework1/install/sfr_coursework1_interface_package/share/sfr_coursework1_interface_package/cmake/export_sfr_coursework1_interface_package__rosidl_typesupport_fastrtps_cppExport-noconfig.cmake
-- Up-to-date: /home/student20/assessments/coursework1/install/sfr_coursework1_interface_package/share/sfr_coursework1_interface_package/cmake/sfr_coursework1_interface_package__rosidl_typesupport_introspection_cppExport.cmake
-- Up-to-date: /home/student20/assessments/coursework1/install/sfr_coursework1_interface_package/share/sfr_coursework1_interface_package/cmake/sfr_coursework1_interface_package__rosidl_typesupport_introspection_cppExport-noconfig.cmake
-- Up-to-date: /home/student20/assessments/coursework1/install/sfr_coursework1_interface_package/share/sfr_coursework1_interface_package/cmake/sfr_coursework1_interface_package__rosidl_typesupport_cppExport.cmake
-- Up-to-date: /home/student20/assessments/coursework1/install/sfr_coursework1_interface_package/share/sfr_coursework1_interface_package/cmake/sfr_coursework1_interface_package__rosidl_typesupport_cppExport-noconfig.cmake
-- Up-to-date: /home/student20/assessments/coursework1/install/sfr_coursework1_interface_package/share/sfr_coursework1_interface_package/cmake/export_sfr_coursework1_interface_package__rosidl_generator_pyExport.cmake
-- Up-to-date: /home/student20/assessments/coursework1/install/sfr_coursework1_interface_package/share/sfr_coursework1_interface_package/cmake/export_sfr_coursework1_interface_package__rosidl_generator_pyExport-noconfig.cmake
