[2.247s] Invoking command in '/home/student20/assessments/week10/src/jurassic_park': DEBUGINFOD_URLS=https://debuginfod.ubuntu.com PYTHONPATH=/home/student20/assessments/week10/build/jurassic_park/prefix_override:/usr/lib/python3/dist-packages/colcon_core/task/python/colcon_distutils_commands:/home/student20/assessments/week10/install/jurassic_park/lib/python3.12/site-packages:${PYTHONPATH} /usr/bin/python3 -W ignore:setup.py install is deprecated -W ignore:easy_install command is deprecated setup.py egg_info --egg-base ../../build/jurassic_park build --build-base /home/student20/assessments/week10/build/jurassic_park/build install --record /home/student20/assessments/week10/build/jurassic_park/install.log --single-version-externally-managed install_data
[2.983s] running egg_info
[2.983s] creating ../../build/jurassic_park/jurassic_park.egg-info
[3.024s] writing ../../build/jurassic_park/jurassic_park.egg-info/PKG-INFO
[3.025s] writing dependency_links to ../../build/jurassic_park/jurassic_park.egg-info/dependency_links.txt
[3.025s] writing entry points to ../../build/jurassic_park/jurassic_park.egg-info/entry_points.txt
[3.025s] writing requirements to ../../build/jurassic_park/jurassic_park.egg-info/requires.txt
[3.025s] writing top-level names to ../../build/jurassic_park/jurassic_park.egg-info/top_level.txt
[3.026s] writing manifest file '../../build/jurassic_park/jurassic_park.egg-info/SOURCES.txt'
[3.108s] reading manifest file '../../build/jurassic_park/jurassic_park.egg-info/SOURCES.txt'
[3.109s] writing manifest file '../../build/jurassic_park/jurassic_park.egg-info/SOURCES.txt'
[3.109s] running build
[3.110s] running build_py
[3.110s] creating /home/student20/assessments/week10/build/jurassic_park/build
[3.110s] creating /home/student20/assessments/week10/build/jurassic_park/build/lib
[3.110s] creating /home/student20/assessments/week10/build/jurassic_park/build/lib/jurassic_park
[3.111s] copying jurassic_park/wake.py -> /home/student20/assessments/week10/build/jurassic_park/build/lib/jurassic_park
[3.111s] copying jurassic_park/__init__.py -> /home/student20/assessments/week10/build/jurassic_park/build/lib/jurassic_park
[3.111s] running install
[3.125s] running install_lib
[3.189s] creating /home/student20/assessments/week10/install/jurassic_park/lib/python3.12/site-packages/jurassic_park
[3.189s] copying /home/student20/assessments/week10/build/jurassic_park/build/lib/jurassic_park/wake.py -> /home/student20/assessments/week10/install/jurassic_park/lib/python3.12/site-packages/jurassic_park
[3.190s] copying /home/student20/assessments/week10/build/jurassic_park/build/lib/jurassic_park/__init__.py -> /home/student20/assessments/week10/install/jurassic_park/lib/python3.12/site-packages/jurassic_park
[3.191s] byte-compiling /home/student20/assessments/week10/install/jurassic_park/lib/python3.12/site-packages/jurassic_park/wake.py to wake.cpython-312.pyc
[3.195s] byte-compiling /home/student20/assessments/week10/install/jurassic_park/lib/python3.12/site-packages/jurassic_park/__init__.py to __init__.cpython-312.pyc
[3.195s] running install_data
[3.195s] creating /home/student20/assessments/week10/install/jurassic_park/share/ament_index
[3.196s] creating /home/student20/assessments/week10/install/jurassic_park/share/ament_index/resource_index
[3.196s] creating /home/student20/assessments/week10/install/jurassic_park/share/ament_index/resource_index/packages
[3.196s] copying resource/jurassic_park -> /home/student20/assessments/week10/install/jurassic_park/share/ament_index/resource_index/packages
[3.196s] copying package.xml -> /home/student20/assessments/week10/install/jurassic_park/share/jurassic_park
[3.197s] running install_egg_info
[3.258s] Copying ../../build/jurassic_park/jurassic_park.egg-info to /home/student20/assessments/week10/install/jurassic_park/lib/python3.12/site-packages/jurassic_park-0.0.0-py3.12.egg-info
[3.259s] running install_scripts
[3.586s] Installing wake script to /home/student20/assessments/week10/install/jurassic_park/lib/jurassic_park
[3.587s] writing list of installed files to '/home/student20/assessments/week10/build/jurassic_park/install.log'
[3.707s] Invoked command in '/home/student20/assessments/week10/src/jurassic_park' returned '0': DEBUGINFOD_URLS=https://debuginfod.ubuntu.com PYTHONPATH=/home/student20/assessments/week10/build/jurassic_park/prefix_override:/usr/lib/python3/dist-packages/colcon_core/task/python/colcon_distutils_commands:/home/student20/assessments/week10/install/jurassic_park/lib/python3.12/site-packages:${PYTHONPATH} /usr/bin/python3 -W ignore:setup.py install is deprecated -W ignore:easy_install command is deprecated setup.py egg_info --egg-base ../../build/jurassic_park build --build-base /home/student20/assessments/week10/build/jurassic_park/build install --record /home/student20/assessments/week10/build/jurassic_park/install.log --single-version-externally-managed install_data
