[0.474s] DEBUG:colcon:Command line arguments: ['/usr/bin/colcon', 'build']
[0.474s] DEBUG:colcon:Parsed command line arguments: Namespace(log_base=None, log_level=None, verb_name='build', build_base='build', install_base='install', merge_install=False, symlink_install=False, test_result_base=None, continue_on_error=False, executor='parallel', parallel_workers=12, event_handlers=None, ignore_user_meta=False, metas=['./colcon.meta'], base_paths=['.'], packages_ignore=None, packages_ignore_regex=None, paths=None, packages_up_to=None, packages_up_to_regex=None, packages_above=None, packages_above_and_dependencies=None, packages_above_depth=None, packages_select_by_dep=None, packages_skip_by_dep=None, packages_skip_up_to=None, packages_select_build_failed=False, packages_skip_build_finished=False, packages_select_test_failures=False, packages_skip_test_passed=False, packages_select=None, packages_skip=None, packages_select_regex=None, packages_skip_regex=None, packages_start=None, packages_end=None, cmake_args=None, cmake_target=None, cmake_target_skip_unavailable=False, cmake_clean_cache=False, cmake_clean_first=False, cmake_force_configure=False, ament_cmake_args=None, catkin_cmake_args=None, catkin_skip_building_tests=False, verb_parser=<colcon_defaults.argument_parser.defaults.DefaultArgumentsDecorator object at 0x75d384dfda60>, verb_extension=<colcon_core.verb.build.BuildVerb object at 0x75d384dfd8b0>, main=<bound method BuildVerb.main of <colcon_core.verb.build.BuildVerb object at 0x75d384dfd8b0>>)
[0.640s] Level 1:colcon.colcon_core.package_discovery:discover_packages(colcon_meta) check parameters
[0.641s] Level 1:colcon.colcon_core.package_discovery:discover_packages(recursive) check parameters
[0.641s] Level 1:colcon.colcon_core.package_discovery:discover_packages(ignore) check parameters
[0.641s] Level 1:colcon.colcon_core.package_discovery:discover_packages(path) check parameters
[0.641s] Level 1:colcon.colcon_core.package_discovery:discover_packages(colcon_meta) discover
[0.642s] Level 1:colcon.colcon_core.package_discovery:discover_packages(recursive) discover
[0.642s] INFO:colcon.colcon_core.package_discovery:Crawling recursively for packages in '/home/student20/Downloads/coursework2'
[0.642s] Level 1:colcon.colcon_core.package_identification:_identify(.) by extensions ['ignore', 'ignore_ament_install']
[0.643s] Level 1:colcon.colcon_core.package_identification:_identify(.) by extension 'ignore'
[0.643s] Level 1:colcon.colcon_core.package_identification:_identify(.) by extension 'ignore_ament_install'
[0.643s] Level 1:colcon.colcon_core.package_identification:_identify(.) by extensions ['colcon_pkg']
[0.643s] Level 1:colcon.colcon_core.package_identification:_identify(.) by extension 'colcon_pkg'
[0.644s] Level 1:colcon.colcon_core.package_identification:_identify(.) by extensions ['colcon_meta']
[0.644s] Level 1:colcon.colcon_core.package_identification:_identify(.) by extension 'colcon_meta'
[0.644s] Level 1:colcon.colcon_core.package_identification:_identify(.) by extensions ['ros']
[0.644s] Level 1:colcon.colcon_core.package_identification:_identify(.) by extension 'ros'
[0.734s] Level 1:colcon.colcon_core.package_identification:_identify(.) by extensions ['cmake', 'python']
[0.735s] Level 1:colcon.colcon_core.package_identification:_identify(.) by extension 'cmake'
[0.735s] Level 1:colcon.colcon_core.package_identification:_identify(.) by extension 'python'
[0.735s] Level 1:colcon.colcon_core.package_identification:_identify(.) by extensions ['python_setup_py']
[0.735s] Level 1:colcon.colcon_core.package_identification:_identify(.) by extension 'python_setup_py'
[0.735s] Level 1:colcon.colcon_core.package_identification:_identify(build) by extensions ['ignore', 'ignore_ament_install']
[0.736s] Level 1:colcon.colcon_core.package_identification:_identify(build) by extension 'ignore'
[0.736s] Level 1:colcon.colcon_core.package_identification:_identify(build) ignored
[0.736s] Level 1:colcon.colcon_core.package_identification:_identify(install) by extensions ['ignore', 'ignore_ament_install']
[0.737s] Level 1:colcon.colcon_core.package_identification:_identify(install) by extension 'ignore'
[0.737s] Level 1:colcon.colcon_core.package_identification:_identify(install) ignored
[0.737s] Level 1:colcon.colcon_core.package_identification:_identify(log) by extensions ['ignore', 'ignore_ament_install']
[0.737s] Level 1:colcon.colcon_core.package_identification:_identify(log) by extension 'ignore'
[0.738s] Level 1:colcon.colcon_core.package_identification:_identify(log) ignored
[0.738s] Level 1:colcon.colcon_core.package_identification:_identify(src) by extensions ['ignore', 'ignore_ament_install']
[0.738s] Level 1:colcon.colcon_core.package_identification:_identify(src) by extension 'ignore'
[0.738s] Level 1:colcon.colcon_core.package_identification:_identify(src) by extension 'ignore_ament_install'
[0.738s] Level 1:colcon.colcon_core.package_identification:_identify(src) by extensions ['colcon_pkg']
[0.738s] Level 1:colcon.colcon_core.package_identification:_identify(src) by extension 'colcon_pkg'
[0.739s] Level 1:colcon.colcon_core.package_identification:_identify(src) by extensions ['colcon_meta']
[0.739s] Level 1:colcon.colcon_core.package_identification:_identify(src) by extension 'colcon_meta'
[0.739s] Level 1:colcon.colcon_core.package_identification:_identify(src) by extensions ['ros']
[0.739s] Level 1:colcon.colcon_core.package_identification:_identify(src) by extension 'ros'
[0.739s] Level 1:colcon.colcon_core.package_identification:_identify(src) by extensions ['cmake', 'python']
[0.740s] Level 1:colcon.colcon_core.package_identification:_identify(src) by extension 'cmake'
[0.740s] Level 1:colcon.colcon_core.package_identification:_identify(src) by extension 'python'
[0.740s] Level 1:colcon.colcon_core.package_identification:_identify(src) by extensions ['python_setup_py']
[0.740s] Level 1:colcon.colcon_core.package_identification:_identify(src) by extension 'python_setup_py'
[0.741s] Level 1:colcon.colcon_core.package_identification:_identify(src/sfr_coursework2_interface_package) by extensions ['ignore', 'ignore_ament_install']
[0.741s] Level 1:colcon.colcon_core.package_identification:_identify(src/sfr_coursework2_interface_package) by extension 'ignore'
[0.741s] Level 1:colcon.colcon_core.package_identification:_identify(src/sfr_coursework2_interface_package) by extension 'ignore_ament_install'
[0.741s] Level 1:colcon.colcon_core.package_identification:_identify(src/sfr_coursework2_interface_package) by extensions ['colcon_pkg']
[0.741s] Level 1:colcon.colcon_core.package_identification:_identify(src/sfr_coursework2_interface_package) by extension 'colcon_pkg'
[0.742s] Level 1:colcon.colcon_core.package_identification:_identify(src/sfr_coursework2_interface_package) by extensions ['colcon_meta']
[0.742s] Level 1:colcon.colcon_core.package_identification:_identify(src/sfr_coursework2_interface_package) by extension 'colcon_meta'
[0.742s] Level 1:colcon.colcon_core.package_identification:_identify(src/sfr_coursework2_interface_package) by extensions ['ros']
[0.742s] Level 1:colcon.colcon_core.package_identification:_identify(src/sfr_coursework2_interface_package) by extension 'ros'
[0.754s] DEBUG:colcon.colcon_core.package_identification:Package 'src/sfr_coursework2_interface_package' with type 'ros.ament_cmake' and name 'sfr_coursework2_interface_package'
[0.754s] Level 1:colcon.colcon_core.package_identification:_identify(src/vortex_droid_bridge_pkg) by extensions ['ignore', 'ignore_ament_install']
[0.755s] Level 1:colcon.colcon_core.package_identification:_identify(src/vortex_droid_bridge_pkg) by extension 'ignore'
[0.755s] Level 1:colcon.colcon_core.package_identification:_identify(src/vortex_droid_bridge_pkg) by extension 'ignore_ament_install'
[0.755s] Level 1:colcon.colcon_core.package_identification:_identify(src/vortex_droid_bridge_pkg) by extensions ['colcon_pkg']
[0.755s] Level 1:colcon.colcon_core.package_identification:_identify(src/vortex_droid_bridge_pkg) by extension 'colcon_pkg'
[0.756s] Level 1:colcon.colcon_core.package_identification:_identify(src/vortex_droid_bridge_pkg) by extensions ['colcon_meta']
[0.756s] Level 1:colcon.colcon_core.package_identification:_identify(src/vortex_droid_bridge_pkg) by extension 'colcon_meta'
[0.756s] Level 1:colcon.colcon_core.package_identification:_identify(src/vortex_droid_bridge_pkg) by extensions ['ros']
[0.756s] Level 1:colcon.colcon_core.package_identification:_identify(src/vortex_droid_bridge_pkg) by extension 'ros'
[0.758s] DEBUG:colcon.colcon_core.package_identification:Package 'src/vortex_droid_bridge_pkg' with type 'ros.ament_python' and name 'vortex_droid_bridge_pkg'
[0.759s] Level 1:colcon.colcon_core.package_identification:_identify(src/vortex_droid_controller_pkg) by extensions ['ignore', 'ignore_ament_install']
[0.759s] Level 1:colcon.colcon_core.package_identification:_identify(src/vortex_droid_controller_pkg) by extension 'ignore'
[0.759s] Level 1:colcon.colcon_core.package_identification:_identify(src/vortex_droid_controller_pkg) by extension 'ignore_ament_install'
[0.760s] Level 1:colcon.colcon_core.package_identification:_identify(src/vortex_droid_controller_pkg) by extensions ['colcon_pkg']
[0.760s] Level 1:colcon.colcon_core.package_identification:_identify(src/vortex_droid_controller_pkg) by extension 'colcon_pkg'
[0.760s] Level 1:colcon.colcon_core.package_identification:_identify(src/vortex_droid_controller_pkg) by extensions ['colcon_meta']
[0.760s] Level 1:colcon.colcon_core.package_identification:_identify(src/vortex_droid_controller_pkg) by extension 'colcon_meta'
[0.760s] Level 1:colcon.colcon_core.package_identification:_identify(src/vortex_droid_controller_pkg) by extensions ['ros']
[0.760s] Level 1:colcon.colcon_core.package_identification:_identify(src/vortex_droid_controller_pkg) by extension 'ros'
[0.764s] DEBUG:colcon.colcon_core.package_identification:Package 'src/vortex_droid_controller_pkg' with type 'ros.ament_python' and name 'vortex_droid_controller_pkg'
[0.765s] Level 1:colcon.colcon_core.package_identification:_identify(src/vortex_droid_navigation_pkg) by extensions ['ignore', 'ignore_ament_install']
[0.765s] Level 1:colcon.colcon_core.package_identification:_identify(src/vortex_droid_navigation_pkg) by extension 'ignore'
[0.766s] Level 1:colcon.colcon_core.package_identification:_identify(src/vortex_droid_navigation_pkg) by extension 'ignore_ament_install'
[0.766s] Level 1:colcon.colcon_core.package_identification:_identify(src/vortex_droid_navigation_pkg) by extensions ['colcon_pkg']
[0.766s] Level 1:colcon.colcon_core.package_identification:_identify(src/vortex_droid_navigation_pkg) by extension 'colcon_pkg'
[0.766s] Level 1:colcon.colcon_core.package_identification:_identify(src/vortex_droid_navigation_pkg) by extensions ['colcon_meta']
[0.766s] Level 1:colcon.colcon_core.package_identification:_identify(src/vortex_droid_navigation_pkg) by extension 'colcon_meta'
[0.766s] Level 1:colcon.colcon_core.package_identification:_identify(src/vortex_droid_navigation_pkg) by extensions ['ros']
[0.766s] Level 1:colcon.colcon_core.package_identification:_identify(src/vortex_droid_navigation_pkg) by extension 'ros'
[0.769s] DEBUG:colcon.colcon_core.package_identification:Package 'src/vortex_droid_navigation_pkg' with type 'ros.ament_python' and name 'vortex_droid_navigation_pkg'
[0.770s] Level 1:colcon.colcon_core.package_discovery:discover_packages(recursive) using defaults
[0.770s] Level 1:colcon.colcon_core.package_discovery:discover_packages(ignore) discover
[0.770s] Level 1:colcon.colcon_core.package_discovery:discover_packages(ignore) using defaults
[0.770s] Level 1:colcon.colcon_core.package_discovery:discover_packages(path) discover
[0.770s] Level 1:colcon.colcon_core.package_discovery:discover_packages(path) using defaults
[0.834s] Level 5:colcon.colcon_core.verb:set package 'sfr_coursework2_interface_package' build argument 'cmake_args' from command line to 'None'
[0.834s] Level 5:colcon.colcon_core.verb:set package 'sfr_coursework2_interface_package' build argument 'cmake_target' from command line to 'None'
[0.834s] Level 5:colcon.colcon_core.verb:set package 'sfr_coursework2_interface_package' build argument 'cmake_target_skip_unavailable' from command line to 'False'
[0.834s] Level 5:colcon.colcon_core.verb:set package 'sfr_coursework2_interface_package' build argument 'cmake_clean_cache' from command line to 'False'
[0.834s] Level 5:colcon.colcon_core.verb:set package 'sfr_coursework2_interface_package' build argument 'cmake_clean_first' from command line to 'False'
[0.834s] Level 5:colcon.colcon_core.verb:set package 'sfr_coursework2_interface_package' build argument 'cmake_force_configure' from command line to 'False'
[0.834s] Level 5:colcon.colcon_core.verb:set package 'sfr_coursework2_interface_package' build argument 'ament_cmake_args' from command line to 'None'
[0.834s] Level 5:colcon.colcon_core.verb:set package 'sfr_coursework2_interface_package' build argument 'catkin_cmake_args' from command line to 'None'
[0.835s] Level 5:colcon.colcon_core.verb:set package 'sfr_coursework2_interface_package' build argument 'catkin_skip_building_tests' from command line to 'False'
[0.835s] DEBUG:colcon.colcon_core.verb:Building package 'sfr_coursework2_interface_package' with the following arguments: {'ament_cmake_args': None, 'build_base': '/home/student20/Downloads/coursework2/build/sfr_coursework2_interface_package', 'catkin_cmake_args': None, 'catkin_skip_building_tests': False, 'cmake_args': None, 'cmake_clean_cache': False, 'cmake_clean_first': False, 'cmake_force_configure': False, 'cmake_target': None, 'cmake_target_skip_unavailable': False, 'install_base': '/home/student20/Downloads/coursework2/install/sfr_coursework2_interface_package', 'merge_install': False, 'path': '/home/student20/Downloads/coursework2/src/sfr_coursework2_interface_package', 'symlink_install': False, 'test_result_base': None}
[0.836s] Level 5:colcon.colcon_core.verb:set package 'vortex_droid_bridge_pkg' build argument 'cmake_args' from command line to 'None'
[0.836s] Level 5:colcon.colcon_core.verb:set package 'vortex_droid_bridge_pkg' build argument 'cmake_target' from command line to 'None'
[0.836s] Level 5:colcon.colcon_core.verb:set package 'vortex_droid_bridge_pkg' build argument 'cmake_target_skip_unavailable' from command line to 'False'
[0.836s] Level 5:colcon.colcon_core.verb:set package 'vortex_droid_bridge_pkg' build argument 'cmake_clean_cache' from command line to 'False'
[0.836s] Level 5:colcon.colcon_core.verb:set package 'vortex_droid_bridge_pkg' build argument 'cmake_clean_first' from command line to 'False'
[0.836s] Level 5:colcon.colcon_core.verb:set package 'vortex_droid_bridge_pkg' build argument 'cmake_force_configure' from command line to 'False'
[0.836s] Level 5:colcon.colcon_core.verb:set package 'vortex_droid_bridge_pkg' build argument 'ament_cmake_args' from command line to 'None'
[0.836s] Level 5:colcon.colcon_core.verb:set package 'vortex_droid_bridge_pkg' build argument 'catkin_cmake_args' from command line to 'None'
[0.836s] Level 5:colcon.colcon_core.verb:set package 'vortex_droid_bridge_pkg' build argument 'catkin_skip_building_tests' from command line to 'False'
[0.837s] DEBUG:colcon.colcon_core.verb:Building package 'vortex_droid_bridge_pkg' with the following arguments: {'ament_cmake_args': None, 'build_base': '/home/student20/Downloads/coursework2/build/vortex_droid_bridge_pkg', 'catkin_cmake_args': None, 'catkin_skip_building_tests': False, 'cmake_args': None, 'cmake_clean_cache': False, 'cmake_clean_first': False, 'cmake_force_configure': False, 'cmake_target': None, 'cmake_target_skip_unavailable': False, 'install_base': '/home/student20/Downloads/coursework2/install/vortex_droid_bridge_pkg', 'merge_install': False, 'path': '/home/student20/Downloads/coursework2/src/vortex_droid_bridge_pkg', 'symlink_install': False, 'test_result_base': None}
[0.837s] Level 5:colcon.colcon_core.verb:set package 'vortex_droid_navigation_pkg' build argument 'cmake_args' from command line to 'None'
[0.838s] Level 5:colcon.colcon_core.verb:set package 'vortex_droid_navigation_pkg' build argument 'cmake_target' from command line to 'None'
[0.838s] Level 5:colcon.colcon_core.verb:set package 'vortex_droid_navigation_pkg' build argument 'cmake_target_skip_unavailable' from command line to 'False'
[0.838s] Level 5:colcon.colcon_core.verb:set package 'vortex_droid_navigation_pkg' build argument 'cmake_clean_cache' from command line to 'False'
[0.838s] Level 5:colcon.colcon_core.verb:set package 'vortex_droid_navigation_pkg' build argument 'cmake_clean_first' from command line to 'False'
[0.838s] Level 5:colcon.colcon_core.verb:set package 'vortex_droid_navigation_pkg' build argument 'cmake_force_configure' from command line to 'False'
[0.838s] Level 5:colcon.colcon_core.verb:set package 'vortex_droid_navigation_pkg' build argument 'ament_cmake_args' from command line to 'None'
[0.838s] Level 5:colcon.colcon_core.verb:set package 'vortex_droid_navigation_pkg' build argument 'catkin_cmake_args' from command line to 'None'
[0.838s] Level 5:colcon.colcon_core.verb:set package 'vortex_droid_navigation_pkg' build argument 'catkin_skip_building_tests' from command line to 'False'
[0.838s] DEBUG:colcon.colcon_core.verb:Building package 'vortex_droid_navigation_pkg' with the following arguments: {'ament_cmake_args': None, 'build_base': '/home/student20/Downloads/coursework2/build/vortex_droid_navigation_pkg', 'catkin_cmake_args': None, 'catkin_skip_building_tests': False, 'cmake_args': None, 'cmake_clean_cache': False, 'cmake_clean_first': False, 'cmake_force_configure': False, 'cmake_target': None, 'cmake_target_skip_unavailable': False, 'install_base': '/home/student20/Downloads/coursework2/install/vortex_droid_navigation_pkg', 'merge_install': False, 'path': '/home/student20/Downloads/coursework2/src/vortex_droid_navigation_pkg', 'symlink_install': False, 'test_result_base': None}
[0.839s] Level 5:colcon.colcon_core.verb:set package 'vortex_droid_controller_pkg' build argument 'cmake_args' from command line to 'None'
[0.839s] Level 5:colcon.colcon_core.verb:set package 'vortex_droid_controller_pkg' build argument 'cmake_target' from command line to 'None'
[0.839s] Level 5:colcon.colcon_core.verb:set package 'vortex_droid_controller_pkg' build argument 'cmake_target_skip_unavailable' from command line to 'False'
[0.839s] Level 5:colcon.colcon_core.verb:set package 'vortex_droid_controller_pkg' build argument 'cmake_clean_cache' from command line to 'False'
[0.839s] Level 5:colcon.colcon_core.verb:set package 'vortex_droid_controller_pkg' build argument 'cmake_clean_first' from command line to 'False'
[0.840s] Level 5:colcon.colcon_core.verb:set package 'vortex_droid_controller_pkg' build argument 'cmake_force_configure' from command line to 'False'
[0.840s] Level 5:colcon.colcon_core.verb:set package 'vortex_droid_controller_pkg' build argument 'ament_cmake_args' from command line to 'None'
[0.840s] Level 5:colcon.colcon_core.verb:set package 'vortex_droid_controller_pkg' build argument 'catkin_cmake_args' from command line to 'None'
[0.840s] Level 5:colcon.colcon_core.verb:set package 'vortex_droid_controller_pkg' build argument 'catkin_skip_building_tests' from command line to 'False'
[0.840s] DEBUG:colcon.colcon_core.verb:Building package 'vortex_droid_controller_pkg' with the following arguments: {'ament_cmake_args': None, 'build_base': '/home/student20/Downloads/coursework2/build/vortex_droid_controller_pkg', 'catkin_cmake_args': None, 'catkin_skip_building_tests': False, 'cmake_args': None, 'cmake_clean_cache': False, 'cmake_clean_first': False, 'cmake_force_configure': False, 'cmake_target': None, 'cmake_target_skip_unavailable': False, 'install_base': '/home/student20/Downloads/coursework2/install/vortex_droid_controller_pkg', 'merge_install': False, 'path': '/home/student20/Downloads/coursework2/src/vortex_droid_controller_pkg', 'symlink_install': False, 'test_result_base': None}
[0.840s] INFO:colcon.colcon_core.executor:Executing jobs using 'parallel' executor
[0.844s] DEBUG:colcon.colcon_parallel_executor.executor.parallel:run_until_complete
[0.846s] INFO:colcon.colcon_ros.task.ament_cmake.build:Building ROS package in '/home/student20/Downloads/coursework2/src/sfr_coursework2_interface_package' with build type 'ament_cmake'
[0.846s] INFO:colcon.colcon_cmake.task.cmake.build:Building CMake package in '/home/student20/Downloads/coursework2/src/sfr_coursework2_interface_package'
[0.858s] INFO:colcon.colcon_core.plugin_system:Skipping extension 'colcon_core.shell.bat': Not used on non-Windows systems
[0.859s] DEBUG:colcon.colcon_core.shell:Skip shell extension 'dsv' for command environment
[0.876s] INFO:colcon.colcon_ros.task.ament_python.build:Building ROS package in '/home/student20/Downloads/coursework2/src/vortex_droid_bridge_pkg' with build type 'ament_python'
[0.877s] Level 1:colcon.colcon_core.shell:create_environment_hook('vortex_droid_bridge_pkg', 'ament_prefix_path')
[0.877s] INFO:colcon.colcon_core.shell:Creating environment descriptor '/home/student20/Downloads/coursework2/install/vortex_droid_bridge_pkg/share/vortex_droid_bridge_pkg/hook/ament_prefix_path.dsv'
[0.881s] INFO:colcon.colcon_core.shell:Creating environment hook '/home/student20/Downloads/coursework2/install/vortex_droid_bridge_pkg/share/vortex_droid_bridge_pkg/hook/ament_prefix_path.sh'
[0.883s] DEBUG:colcon.colcon_core.shell:Skip shell extension 'dsv' for command environment
[0.896s] INFO:colcon.colcon_ros.task.ament_python.build:Building ROS package in '/home/student20/Downloads/coursework2/src/vortex_droid_navigation_pkg' with build type 'ament_python'
[0.897s] Level 1:colcon.colcon_core.shell:create_environment_hook('vortex_droid_navigation_pkg', 'ament_prefix_path')
[0.898s] INFO:colcon.colcon_core.shell:Creating environment descriptor '/home/student20/Downloads/coursework2/install/vortex_droid_navigation_pkg/share/vortex_droid_navigation_pkg/hook/ament_prefix_path.dsv'
[0.902s] INFO:colcon.colcon_core.shell:Creating environment hook '/home/student20/Downloads/coursework2/install/vortex_droid_navigation_pkg/share/vortex_droid_navigation_pkg/hook/ament_prefix_path.sh'
[0.905s] DEBUG:colcon.colcon_core.shell:Skip shell extension 'dsv' for command environment
[0.927s] DEBUG:colcon.colcon_core.event_handler.log_command:Invoking command in '/home/student20/Downloads/coursework2/build/sfr_coursework2_interface_package': CMAKE_PREFIX_PATH=${CMAKE_PREFIX_PATH}:/opt/ros/jazzy DEBUGINFOD_URLS=https://debuginfod.ubuntu.com /usr/bin/cmake /home/student20/Downloads/coursework2/src/sfr_coursework2_interface_package -DCMAKE_INSTALL_PREFIX=/home/student20/Downloads/coursework2/install/sfr_coursework2_interface_package
[1.836s] INFO:colcon.colcon_core.task.python.build:Building Python package in '/home/student20/Downloads/coursework2/src/vortex_droid_bridge_pkg'
[1.837s] DEBUG:colcon.colcon_core.shell:Skip shell extension 'dsv' for command environment
[2.836s] INFO:colcon.colcon_core.task.python.build:Building Python package in '/home/student20/Downloads/coursework2/src/vortex_droid_navigation_pkg'
[2.836s] DEBUG:colcon.colcon_core.shell:Skip shell extension 'dsv' for command environment
[5.175s] DEBUG:colcon.colcon_core.event_handler.log_command:Invoking command in '/home/student20/Downloads/coursework2/src/vortex_droid_navigation_pkg': DEBUGINFOD_URLS=https://debuginfod.ubuntu.com PYTHONPATH=/home/student20/Downloads/coursework2/build/vortex_droid_navigation_pkg/prefix_override:/usr/lib/python3/dist-packages/colcon_core/task/python/colcon_distutils_commands:/home/student20/Downloads/coursework2/install/vortex_droid_navigation_pkg/lib/python3.12/site-packages:${PYTHONPATH} /usr/bin/python3 -W ignore:setup.py install is deprecated -W ignore:easy_install command is deprecated setup.py egg_info --egg-base ../../build/vortex_droid_navigation_pkg build --build-base /home/student20/Downloads/coursework2/build/vortex_droid_navigation_pkg/build install --record /home/student20/Downloads/coursework2/build/vortex_droid_navigation_pkg/install.log --single-version-externally-managed install_data
[5.378s] DEBUG:colcon.colcon_core.event_handler.log_command:Invoking command in '/home/student20/Downloads/coursework2/src/vortex_droid_bridge_pkg': DEBUGINFOD_URLS=https://debuginfod.ubuntu.com PYTHONPATH=/home/student20/Downloads/coursework2/build/vortex_droid_bridge_pkg/prefix_override:/usr/lib/python3/dist-packages/colcon_core/task/python/colcon_distutils_commands:/home/student20/Downloads/coursework2/install/vortex_droid_bridge_pkg/lib/python3.12/site-packages:${PYTHONPATH} /usr/bin/python3 -W ignore:setup.py install is deprecated -W ignore:easy_install command is deprecated setup.py egg_info --egg-base ../../build/vortex_droid_bridge_pkg build --build-base /home/student20/Downloads/coursework2/build/vortex_droid_bridge_pkg/build install --record /home/student20/Downloads/coursework2/build/vortex_droid_bridge_pkg/install.log --single-version-externally-managed install_data
[7.281s] DEBUG:colcon.colcon_core.event_handler.log_command:Invoked command in '/home/student20/Downloads/coursework2/src/vortex_droid_navigation_pkg' returned '0': DEBUGINFOD_URLS=https://debuginfod.ubuntu.com PYTHONPATH=/home/student20/Downloads/coursework2/build/vortex_droid_navigation_pkg/prefix_override:/usr/lib/python3/dist-packages/colcon_core/task/python/colcon_distutils_commands:/home/student20/Downloads/coursework2/install/vortex_droid_navigation_pkg/lib/python3.12/site-packages:${PYTHONPATH} /usr/bin/python3 -W ignore:setup.py install is deprecated -W ignore:easy_install command is deprecated setup.py egg_info --egg-base ../../build/vortex_droid_navigation_pkg build --build-base /home/student20/Downloads/coursework2/build/vortex_droid_navigation_pkg/build install --record /home/student20/Downloads/coursework2/build/vortex_droid_navigation_pkg/install.log --single-version-externally-managed install_data
[7.286s] Level 1:colcon.colcon_core.environment:checking '/home/student20/Downloads/coursework2/install/vortex_droid_navigation_pkg' for CMake module files
[7.287s] Level 1:colcon.colcon_core.environment:checking '/home/student20/Downloads/coursework2/install/vortex_droid_navigation_pkg' for CMake config files
[7.289s] Level 1:colcon.colcon_core.environment:checking '/home/student20/Downloads/coursework2/install/vortex_droid_navigation_pkg/lib'
[7.290s] Level 1:colcon.colcon_core.environment:checking '/home/student20/Downloads/coursework2/install/vortex_droid_navigation_pkg/bin'
[7.290s] Level 1:colcon.colcon_core.environment:checking '/home/student20/Downloads/coursework2/install/vortex_droid_navigation_pkg/lib/pkgconfig/vortex_droid_navigation_pkg.pc'
[7.291s] Level 1:colcon.colcon_core.environment:checking '/home/student20/Downloads/coursework2/install/vortex_droid_navigation_pkg/lib/python3.12/site-packages'
[7.291s] Level 1:colcon.colcon_core.shell:create_environment_hook('vortex_droid_navigation_pkg', 'pythonpath')
[7.292s] INFO:colcon.colcon_core.shell:Creating environment descriptor '/home/student20/Downloads/coursework2/install/vortex_droid_navigation_pkg/share/vortex_droid_navigation_pkg/hook/pythonpath.dsv'
[7.293s] INFO:colcon.colcon_core.shell:Creating environment hook '/home/student20/Downloads/coursework2/install/vortex_droid_navigation_pkg/share/vortex_droid_navigation_pkg/hook/pythonpath.sh'
[7.296s] Level 1:colcon.colcon_core.environment:checking '/home/student20/Downloads/coursework2/install/vortex_droid_navigation_pkg/bin'
[7.296s] Level 1:colcon.colcon_core.environment:create_environment_scripts_only(vortex_droid_navigation_pkg)
[7.297s] INFO:colcon.colcon_core.shell:Creating package descriptor '/home/student20/Downloads/coursework2/install/vortex_droid_navigation_pkg/share/vortex_droid_navigation_pkg/package.dsv'
[7.299s] INFO:colcon.colcon_core.shell:Creating package script '/home/student20/Downloads/coursework2/install/vortex_droid_navigation_pkg/share/vortex_droid_navigation_pkg/package.sh'
[7.302s] INFO:colcon.colcon_core.shell:Creating package script '/home/student20/Downloads/coursework2/install/vortex_droid_navigation_pkg/share/vortex_droid_navigation_pkg/package.bash'
[7.305s] INFO:colcon.colcon_core.shell:Creating package script '/home/student20/Downloads/coursework2/install/vortex_droid_navigation_pkg/share/vortex_droid_navigation_pkg/package.zsh'
[7.308s] Level 1:colcon.colcon_core.environment:create_file_with_runtime_dependencies(/home/student20/Downloads/coursework2/install/vortex_droid_navigation_pkg/share/colcon-core/packages/vortex_droid_navigation_pkg)
[7.574s] Level 1:colcon.colcon_core.environment:checking '/home/student20/Downloads/coursework2/install/vortex_droid_bridge_pkg' for CMake module files
[7.576s] DEBUG:colcon.colcon_core.event_handler.log_command:Invoked command in '/home/student20/Downloads/coursework2/src/vortex_droid_bridge_pkg' returned '0': DEBUGINFOD_URLS=https://debuginfod.ubuntu.com PYTHONPATH=/home/student20/Downloads/coursework2/build/vortex_droid_bridge_pkg/prefix_override:/usr/lib/python3/dist-packages/colcon_core/task/python/colcon_distutils_commands:/home/student20/Downloads/coursework2/install/vortex_droid_bridge_pkg/lib/python3.12/site-packages:${PYTHONPATH} /usr/bin/python3 -W ignore:setup.py install is deprecated -W ignore:easy_install command is deprecated setup.py egg_info --egg-base ../../build/vortex_droid_bridge_pkg build --build-base /home/student20/Downloads/coursework2/build/vortex_droid_bridge_pkg/build install --record /home/student20/Downloads/coursework2/build/vortex_droid_bridge_pkg/install.log --single-version-externally-managed install_data
[7.577s] Level 1:colcon.colcon_core.environment:checking '/home/student20/Downloads/coursework2/install/vortex_droid_bridge_pkg' for CMake config files
[7.579s] Level 1:colcon.colcon_core.environment:checking '/home/student20/Downloads/coursework2/install/vortex_droid_bridge_pkg/lib'
[7.579s] Level 1:colcon.colcon_core.environment:checking '/home/student20/Downloads/coursework2/install/vortex_droid_bridge_pkg/bin'
[7.580s] Level 1:colcon.colcon_core.environment:checking '/home/student20/Downloads/coursework2/install/vortex_droid_bridge_pkg/lib/pkgconfig/vortex_droid_bridge_pkg.pc'
[7.581s] Level 1:colcon.colcon_core.environment:checking '/home/student20/Downloads/coursework2/install/vortex_droid_bridge_pkg/lib/python3.12/site-packages'
[7.581s] Level 1:colcon.colcon_core.shell:create_environment_hook('vortex_droid_bridge_pkg', 'pythonpath')
[7.582s] INFO:colcon.colcon_core.shell:Creating environment descriptor '/home/student20/Downloads/coursework2/install/vortex_droid_bridge_pkg/share/vortex_droid_bridge_pkg/hook/pythonpath.dsv'
[7.584s] INFO:colcon.colcon_core.shell:Creating environment hook '/home/student20/Downloads/coursework2/install/vortex_droid_bridge_pkg/share/vortex_droid_bridge_pkg/hook/pythonpath.sh'
[7.587s] Level 1:colcon.colcon_core.environment:checking '/home/student20/Downloads/coursework2/install/vortex_droid_bridge_pkg/bin'
[7.587s] Level 1:colcon.colcon_core.environment:create_environment_scripts_only(vortex_droid_bridge_pkg)
[7.588s] INFO:colcon.colcon_core.shell:Creating package descriptor '/home/student20/Downloads/coursework2/install/vortex_droid_bridge_pkg/share/vortex_droid_bridge_pkg/package.dsv'
[7.589s] INFO:colcon.colcon_core.shell:Creating package script '/home/student20/Downloads/coursework2/install/vortex_droid_bridge_pkg/share/vortex_droid_bridge_pkg/package.sh'
[7.591s] INFO:colcon.colcon_core.shell:Creating package script '/home/student20/Downloads/coursework2/install/vortex_droid_bridge_pkg/share/vortex_droid_bridge_pkg/package.bash'
[7.593s] INFO:colcon.colcon_core.shell:Creating package script '/home/student20/Downloads/coursework2/install/vortex_droid_bridge_pkg/share/vortex_droid_bridge_pkg/package.zsh'
[7.594s] Level 1:colcon.colcon_core.environment:create_file_with_runtime_dependencies(/home/student20/Downloads/coursework2/install/vortex_droid_bridge_pkg/share/colcon-core/packages/vortex_droid_bridge_pkg)
[15.770s] DEBUG:colcon.colcon_core.event_handler.log_command:Invoked command in '/home/student20/Downloads/coursework2/build/sfr_coursework2_interface_package' returned '0': CMAKE_PREFIX_PATH=${CMAKE_PREFIX_PATH}:/opt/ros/jazzy DEBUGINFOD_URLS=https://debuginfod.ubuntu.com /usr/bin/cmake /home/student20/Downloads/coursework2/src/sfr_coursework2_interface_package -DCMAKE_INSTALL_PREFIX=/home/student20/Downloads/coursework2/install/sfr_coursework2_interface_package
[15.775s] DEBUG:colcon.colcon_core.event_handler.log_command:Invoking command in '/home/student20/Downloads/coursework2/build/sfr_coursework2_interface_package': CMAKE_PREFIX_PATH=${CMAKE_PREFIX_PATH}:/opt/ros/jazzy DEBUGINFOD_URLS=https://debuginfod.ubuntu.com /usr/bin/cmake --build /home/student20/Downloads/coursework2/build/sfr_coursework2_interface_package -- -j12 -l12
[54.087s] DEBUG:colcon.colcon_core.event_handler.log_command:Invoked command in '/home/student20/Downloads/coursework2/build/sfr_coursework2_interface_package' returned '0': CMAKE_PREFIX_PATH=${CMAKE_PREFIX_PATH}:/opt/ros/jazzy DEBUGINFOD_URLS=https://debuginfod.ubuntu.com /usr/bin/cmake --build /home/student20/Downloads/coursework2/build/sfr_coursework2_interface_package -- -j12 -l12
[54.131s] DEBUG:colcon.colcon_core.event_handler.log_command:Invoking command in '/home/student20/Downloads/coursework2/build/sfr_coursework2_interface_package': CMAKE_PREFIX_PATH=${CMAKE_PREFIX_PATH}:/opt/ros/jazzy DEBUGINFOD_URLS=https://debuginfod.ubuntu.com /usr/bin/cmake --install /home/student20/Downloads/coursework2/build/sfr_coursework2_interface_package
[54.490s] Level 1:colcon.colcon_core.environment:create_environment_scripts_only(sfr_coursework2_interface_package)
[54.490s] Level 1:colcon.colcon_core.environment:checking '/home/student20/Downloads/coursework2/install/sfr_coursework2_interface_package' for CMake module files
[54.491s] DEBUG:colcon.colcon_core.event_handler.log_command:Invoked command in '/home/student20/Downloads/coursework2/build/sfr_coursework2_interface_package' returned '0': CMAKE_PREFIX_PATH=${CMAKE_PREFIX_PATH}:/opt/ros/jazzy DEBUGINFOD_URLS=https://debuginfod.ubuntu.com /usr/bin/cmake --install /home/student20/Downloads/coursework2/build/sfr_coursework2_interface_package
[54.494s] Level 1:colcon.colcon_core.environment:checking '/home/student20/Downloads/coursework2/install/sfr_coursework2_interface_package' for CMake config files
[54.495s] Level 1:colcon.colcon_core.shell:create_environment_hook('sfr_coursework2_interface_package', 'cmake_prefix_path')
[54.495s] INFO:colcon.colcon_core.shell:Creating environment descriptor '/home/student20/Downloads/coursework2/install/sfr_coursework2_interface_package/share/sfr_coursework2_interface_package/hook/cmake_prefix_path.dsv'
[54.497s] INFO:colcon.colcon_core.shell:Creating environment hook '/home/student20/Downloads/coursework2/install/sfr_coursework2_interface_package/share/sfr_coursework2_interface_package/hook/cmake_prefix_path.sh'
[54.500s] Level 1:colcon.colcon_core.environment:checking '/home/student20/Downloads/coursework2/install/sfr_coursework2_interface_package/lib'
[54.500s] Level 1:colcon.colcon_core.shell:create_environment_hook('sfr_coursework2_interface_package', 'ld_library_path_lib')
[54.501s] INFO:colcon.colcon_core.shell:Creating environment descriptor '/home/student20/Downloads/coursework2/install/sfr_coursework2_interface_package/share/sfr_coursework2_interface_package/hook/ld_library_path_lib.dsv'
[54.502s] INFO:colcon.colcon_core.shell:Creating environment hook '/home/student20/Downloads/coursework2/install/sfr_coursework2_interface_package/share/sfr_coursework2_interface_package/hook/ld_library_path_lib.sh'
[54.504s] Level 1:colcon.colcon_core.environment:checking '/home/student20/Downloads/coursework2/install/sfr_coursework2_interface_package/bin'
[54.504s] Level 1:colcon.colcon_core.environment:checking '/home/student20/Downloads/coursework2/install/sfr_coursework2_interface_package/lib/pkgconfig/sfr_coursework2_interface_package.pc'
[54.505s] Level 1:colcon.colcon_core.environment:checking '/home/student20/Downloads/coursework2/install/sfr_coursework2_interface_package/lib/python3.12/site-packages'
[54.506s] Level 1:colcon.colcon_core.shell:create_environment_hook('sfr_coursework2_interface_package', 'pythonpath')
[54.506s] INFO:colcon.colcon_core.shell:Creating environment descriptor '/home/student20/Downloads/coursework2/install/sfr_coursework2_interface_package/share/sfr_coursework2_interface_package/hook/pythonpath.dsv'
[54.508s] INFO:colcon.colcon_core.shell:Creating environment hook '/home/student20/Downloads/coursework2/install/sfr_coursework2_interface_package/share/sfr_coursework2_interface_package/hook/pythonpath.sh'
[54.512s] Level 1:colcon.colcon_core.environment:checking '/home/student20/Downloads/coursework2/install/sfr_coursework2_interface_package/bin'
[54.513s] INFO:colcon.colcon_core.shell:Creating package descriptor '/home/student20/Downloads/coursework2/install/sfr_coursework2_interface_package/share/sfr_coursework2_interface_package/package.dsv'
[54.515s] INFO:colcon.colcon_core.shell:Creating package script '/home/student20/Downloads/coursework2/install/sfr_coursework2_interface_package/share/sfr_coursework2_interface_package/package.sh'
[54.519s] INFO:colcon.colcon_core.shell:Creating package script '/home/student20/Downloads/coursework2/install/sfr_coursework2_interface_package/share/sfr_coursework2_interface_package/package.bash'
[54.521s] INFO:colcon.colcon_core.shell:Creating package script '/home/student20/Downloads/coursework2/install/sfr_coursework2_interface_package/share/sfr_coursework2_interface_package/package.zsh'
[54.524s] Level 1:colcon.colcon_core.environment:create_file_with_runtime_dependencies(/home/student20/Downloads/coursework2/install/sfr_coursework2_interface_package/share/colcon-core/packages/sfr_coursework2_interface_package)
[54.525s] Level 1:colcon.colcon_core.environment:create_environment_scripts_only(sfr_coursework2_interface_package)
[54.526s] Level 1:colcon.colcon_core.environment:checking '/home/student20/Downloads/coursework2/install/sfr_coursework2_interface_package' for CMake module files
[54.528s] Level 1:colcon.colcon_core.environment:checking '/home/student20/Downloads/coursework2/install/sfr_coursework2_interface_package' for CMake config files
[54.530s] Level 1:colcon.colcon_core.shell:create_environment_hook('sfr_coursework2_interface_package', 'cmake_prefix_path')
[54.531s] INFO:colcon.colcon_core.shell:Creating environment descriptor '/home/student20/Downloads/coursework2/install/sfr_coursework2_interface_package/share/sfr_coursework2_interface_package/hook/cmake_prefix_path.dsv'
[54.533s] INFO:colcon.colcon_core.shell:Creating environment hook '/home/student20/Downloads/coursework2/install/sfr_coursework2_interface_package/share/sfr_coursework2_interface_package/hook/cmake_prefix_path.sh'
[54.537s] Level 1:colcon.colcon_core.environment:checking '/home/student20/Downloads/coursework2/install/sfr_coursework2_interface_package/lib'
[54.537s] Level 1:colcon.colcon_core.shell:create_environment_hook('sfr_coursework2_interface_package', 'ld_library_path_lib')
[54.538s] INFO:colcon.colcon_core.shell:Creating environment descriptor '/home/student20/Downloads/coursework2/install/sfr_coursework2_interface_package/share/sfr_coursework2_interface_package/hook/ld_library_path_lib.dsv'
[54.539s] INFO:colcon.colcon_core.shell:Creating environment hook '/home/student20/Downloads/coursework2/install/sfr_coursework2_interface_package/share/sfr_coursework2_interface_package/hook/ld_library_path_lib.sh'
[54.541s] Level 1:colcon.colcon_core.environment:checking '/home/student20/Downloads/coursework2/install/sfr_coursework2_interface_package/bin'
[54.542s] Level 1:colcon.colcon_core.environment:checking '/home/student20/Downloads/coursework2/install/sfr_coursework2_interface_package/lib/pkgconfig/sfr_coursework2_interface_package.pc'
[54.542s] Level 1:colcon.colcon_core.environment:checking '/home/student20/Downloads/coursework2/install/sfr_coursework2_interface_package/lib/python3.12/site-packages'
[54.543s] Level 1:colcon.colcon_core.shell:create_environment_hook('sfr_coursework2_interface_package', 'pythonpath')
[54.545s] INFO:colcon.colcon_core.shell:Creating environment descriptor '/home/student20/Downloads/coursework2/install/sfr_coursework2_interface_package/share/sfr_coursework2_interface_package/hook/pythonpath.dsv'
[54.547s] INFO:colcon.colcon_core.shell:Creating environment hook '/home/student20/Downloads/coursework2/install/sfr_coursework2_interface_package/share/sfr_coursework2_interface_package/hook/pythonpath.sh'
[54.552s] Level 1:colcon.colcon_core.environment:checking '/home/student20/Downloads/coursework2/install/sfr_coursework2_interface_package/bin'
[54.554s] INFO:colcon.colcon_core.shell:Creating package descriptor '/home/student20/Downloads/coursework2/install/sfr_coursework2_interface_package/share/sfr_coursework2_interface_package/package.dsv'
[54.556s] INFO:colcon.colcon_core.shell:Creating package script '/home/student20/Downloads/coursework2/install/sfr_coursework2_interface_package/share/sfr_coursework2_interface_package/package.sh'
[54.562s] INFO:colcon.colcon_core.shell:Creating package script '/home/student20/Downloads/coursework2/install/sfr_coursework2_interface_package/share/sfr_coursework2_interface_package/package.bash'
[54.565s] INFO:colcon.colcon_core.shell:Creating package script '/home/student20/Downloads/coursework2/install/sfr_coursework2_interface_package/share/sfr_coursework2_interface_package/package.zsh'
[54.566s] Level 1:colcon.colcon_core.environment:create_file_with_runtime_dependencies(/home/student20/Downloads/coursework2/install/sfr_coursework2_interface_package/share/colcon-core/packages/sfr_coursework2_interface_package)
[54.568s] INFO:colcon.colcon_ros.task.ament_python.build:Building ROS package in '/home/student20/Downloads/coursework2/src/vortex_droid_controller_pkg' with build type 'ament_python'
[54.569s] Level 1:colcon.colcon_core.shell:create_environment_hook('vortex_droid_controller_pkg', 'ament_prefix_path')
[54.569s] INFO:colcon.colcon_core.shell:Creating environment descriptor '/home/student20/Downloads/coursework2/install/vortex_droid_controller_pkg/share/vortex_droid_controller_pkg/hook/ament_prefix_path.dsv'
[54.575s] INFO:colcon.colcon_core.shell:Creating environment hook '/home/student20/Downloads/coursework2/install/vortex_droid_controller_pkg/share/vortex_droid_controller_pkg/hook/ament_prefix_path.sh'
[54.579s] DEBUG:colcon.colcon_core.shell:Skip shell extension 'dsv' for command environment
[55.615s] INFO:colcon.colcon_core.task.python.build:Building Python package in '/home/student20/Downloads/coursework2/src/vortex_droid_controller_pkg'
[55.615s] DEBUG:colcon.colcon_core.shell:Skip shell extension 'dsv' for command environment
[58.231s] DEBUG:colcon.colcon_core.event_handler.log_command:Invoking command in '/home/student20/Downloads/coursework2/src/vortex_droid_controller_pkg': AMENT_PREFIX_PATH=/home/student20/Downloads/coursework2/install/sfr_coursework2_interface_package:${AMENT_PREFIX_PATH} CMAKE_PREFIX_PATH=/home/student20/Downloads/coursework2/install/sfr_coursework2_interface_package:${CMAKE_PREFIX_PATH} DEBUGINFOD_URLS=https://debuginfod.ubuntu.com LD_LIBRARY_PATH=/home/student20/Downloads/coursework2/install/sfr_coursework2_interface_package/lib:${LD_LIBRARY_PATH} PYTHONPATH=/home/student20/Downloads/coursework2/build/vortex_droid_controller_pkg/prefix_override:/usr/lib/python3/dist-packages/colcon_core/task/python/colcon_distutils_commands:/home/student20/Downloads/coursework2/install/vortex_droid_controller_pkg/lib/python3.12/site-packages:/home/student20/Downloads/coursework2/install/sfr_coursework2_interface_package/lib/python3.12/site-packages:${PYTHONPATH} /usr/bin/python3 -W ignore:setup.py install is deprecated -W ignore:easy_install command is deprecated setup.py egg_info --egg-base ../../build/vortex_droid_controller_pkg build --build-base /home/student20/Downloads/coursework2/build/vortex_droid_controller_pkg/build install --record /home/student20/Downloads/coursework2/build/vortex_droid_controller_pkg/install.log --single-version-externally-managed install_data
[60.703s] Level 1:colcon.colcon_core.environment:checking '/home/student20/Downloads/coursework2/install/vortex_droid_controller_pkg' for CMake module files
[60.706s] DEBUG:colcon.colcon_core.event_handler.log_command:Invoked command in '/home/student20/Downloads/coursework2/src/vortex_droid_controller_pkg' returned '0': AMENT_PREFIX_PATH=/home/student20/Downloads/coursework2/install/sfr_coursework2_interface_package:${AMENT_PREFIX_PATH} CMAKE_PREFIX_PATH=/home/student20/Downloads/coursework2/install/sfr_coursework2_interface_package:${CMAKE_PREFIX_PATH} DEBUGINFOD_URLS=https://debuginfod.ubuntu.com LD_LIBRARY_PATH=/home/student20/Downloads/coursework2/install/sfr_coursework2_interface_package/lib:${LD_LIBRARY_PATH} PYTHONPATH=/home/student20/Downloads/coursework2/build/vortex_droid_controller_pkg/prefix_override:/usr/lib/python3/dist-packages/colcon_core/task/python/colcon_distutils_commands:/home/student20/Downloads/coursework2/install/vortex_droid_controller_pkg/lib/python3.12/site-packages:/home/student20/Downloads/coursework2/install/sfr_coursework2_interface_package/lib/python3.12/site-packages:${PYTHONPATH} /usr/bin/python3 -W ignore:setup.py install is deprecated -W ignore:easy_install command is deprecated setup.py egg_info --egg-base ../../build/vortex_droid_controller_pkg build --build-base /home/student20/Downloads/coursework2/build/vortex_droid_controller_pkg/build install --record /home/student20/Downloads/coursework2/build/vortex_droid_controller_pkg/install.log --single-version-externally-managed install_data
[60.709s] Level 1:colcon.colcon_core.environment:checking '/home/student20/Downloads/coursework2/install/vortex_droid_controller_pkg' for CMake config files
[60.712s] Level 1:colcon.colcon_core.environment:checking '/home/student20/Downloads/coursework2/install/vortex_droid_controller_pkg/lib'
[60.712s] Level 1:colcon.colcon_core.environment:checking '/home/student20/Downloads/coursework2/install/vortex_droid_controller_pkg/bin'
[60.712s] Level 1:colcon.colcon_core.environment:checking '/home/student20/Downloads/coursework2/install/vortex_droid_controller_pkg/lib/pkgconfig/vortex_droid_controller_pkg.pc'
[60.713s] Level 1:colcon.colcon_core.environment:checking '/home/student20/Downloads/coursework2/install/vortex_droid_controller_pkg/lib/python3.12/site-packages'
[60.714s] Level 1:colcon.colcon_core.shell:create_environment_hook('vortex_droid_controller_pkg', 'pythonpath')
[60.715s] INFO:colcon.colcon_core.shell:Creating environment descriptor '/home/student20/Downloads/coursework2/install/vortex_droid_controller_pkg/share/vortex_droid_controller_pkg/hook/pythonpath.dsv'
[60.717s] INFO:colcon.colcon_core.shell:Creating environment hook '/home/student20/Downloads/coursework2/install/vortex_droid_controller_pkg/share/vortex_droid_controller_pkg/hook/pythonpath.sh'
[60.720s] Level 1:colcon.colcon_core.environment:checking '/home/student20/Downloads/coursework2/install/vortex_droid_controller_pkg/bin'
[60.720s] Level 1:colcon.colcon_core.environment:create_environment_scripts_only(vortex_droid_controller_pkg)
[60.721s] INFO:colcon.colcon_core.shell:Creating package descriptor '/home/student20/Downloads/coursework2/install/vortex_droid_controller_pkg/share/vortex_droid_controller_pkg/package.dsv'
[60.724s] INFO:colcon.colcon_core.shell:Creating package script '/home/student20/Downloads/coursework2/install/vortex_droid_controller_pkg/share/vortex_droid_controller_pkg/package.sh'
[60.726s] INFO:colcon.colcon_core.shell:Creating package script '/home/student20/Downloads/coursework2/install/vortex_droid_controller_pkg/share/vortex_droid_controller_pkg/package.bash'
[60.727s] INFO:colcon.colcon_core.shell:Creating package script '/home/student20/Downloads/coursework2/install/vortex_droid_controller_pkg/share/vortex_droid_controller_pkg/package.zsh'
[60.728s] Level 1:colcon.colcon_core.environment:create_file_with_runtime_dependencies(/home/student20/Downloads/coursework2/install/vortex_droid_controller_pkg/share/colcon-core/packages/vortex_droid_controller_pkg)
[60.730s] DEBUG:colcon.colcon_parallel_executor.executor.parallel:closing loop
[60.733s] DEBUG:colcon.colcon_parallel_executor.executor.parallel:loop closed
[60.734s] DEBUG:colcon.colcon_parallel_executor.executor.parallel:run_until_complete finished with '0'
[60.734s] DEBUG:colcon.colcon_core.event_reactor:joining thread
[60.759s] INFO:colcon.colcon_core.plugin_system:Skipping extension 'colcon_notification.desktop_notification.terminal_notifier': Not used on non-Darwin systems
[60.760s] INFO:colcon.colcon_core.plugin_system:Skipping extension 'colcon_notification.desktop_notification.win32': Not used on non-Windows systems
[60.760s] INFO:colcon.colcon_notification.desktop_notification:Sending desktop notification using 'notify2'
[60.818s] DEBUG:colcon.colcon_core.event_reactor:joined thread
[60.819s] INFO:colcon.colcon_core.shell:Creating prefix script '/home/student20/Downloads/coursework2/install/local_setup.sh'
[60.822s] INFO:colcon.colcon_core.shell:Creating prefix util module '/home/student20/Downloads/coursework2/install/_local_setup_util_sh.py'
[60.826s] INFO:colcon.colcon_core.shell:Creating prefix chain script '/home/student20/Downloads/coursework2/install/setup.sh'
[60.832s] INFO:colcon.colcon_core.shell:Creating prefix script '/home/student20/Downloads/coursework2/install/local_setup.bash'
[60.833s] INFO:colcon.colcon_core.shell:Creating prefix chain script '/home/student20/Downloads/coursework2/install/setup.bash'
[60.837s] INFO:colcon.colcon_core.shell:Creating prefix script '/home/student20/Downloads/coursework2/install/local_setup.zsh'
[60.839s] INFO:colcon.colcon_core.shell:Creating prefix chain script '/home/student20/Downloads/coursework2/install/setup.zsh'
