[0.178s] DEBUG:colcon:Command line arguments: ['/usr/bin/colcon', 'build']
[0.179s] DEBUG:colcon:Parsed command line arguments: Namespace(log_base=None, log_level=None, verb_name='build', build_base='build', install_base='install', merge_install=False, symlink_install=False, test_result_base=None, continue_on_error=False, executor='parallel', parallel_workers=12, event_handlers=None, ignore_user_meta=False, metas=['./colcon.meta'], base_paths=['.'], packages_ignore=None, packages_ignore_regex=None, paths=None, packages_up_to=None, packages_up_to_regex=None, packages_above=None, packages_above_and_dependencies=None, packages_above_depth=None, packages_select_by_dep=None, packages_skip_by_dep=None, packages_skip_up_to=None, packages_select_build_failed=False, packages_skip_build_finished=False, packages_select_test_failures=False, packages_skip_test_passed=False, packages_select=None, packages_skip=None, packages_select_regex=None, packages_skip_regex=None, packages_start=None, packages_end=None, cmake_args=None, cmake_target=None, cmake_target_skip_unavailable=False, cmake_clean_cache=False, cmake_clean_first=False, cmake_force_configure=False, ament_cmake_args=None, catkin_cmake_args=None, catkin_skip_building_tests=False, verb_parser=<colcon_defaults.argument_parser.defaults.DefaultArgumentsDecorator object at 0x7ad83c30cef0>, verb_extension=<colcon_core.verb.build.BuildVerb object at 0x7ad83c30ccb0>, main=<bound method BuildVerb.main of <colcon_core.verb.build.BuildVerb object at 0x7ad83c30ccb0>>)
[0.247s] Level 1:colcon.colcon_core.package_discovery:discover_packages(colcon_meta) check parameters
[0.247s] Level 1:colcon.colcon_core.package_discovery:discover_packages(recursive) check parameters
[0.247s] Level 1:colcon.colcon_core.package_discovery:discover_packages(ignore) check parameters
[0.247s] Level 1:colcon.colcon_core.package_discovery:discover_packages(path) check parameters
[0.247s] Level 1:colcon.colcon_core.package_discovery:discover_packages(colcon_meta) discover
[0.247s] Level 1:colcon.colcon_core.package_discovery:discover_packages(recursive) discover
[0.248s] INFO:colcon.colcon_core.package_discovery:Crawling recursively for packages in '/home/student20/assessments/week3'
[0.248s] Level 1:colcon.colcon_core.package_identification:_identify(.) by extensions ['ignore', 'ignore_ament_install']
[0.248s] Level 1:colcon.colcon_core.package_identification:_identify(.) by extension 'ignore'
[0.248s] Level 1:colcon.colcon_core.package_identification:_identify(.) by extension 'ignore_ament_install'
[0.248s] Level 1:colcon.colcon_core.package_identification:_identify(.) by extensions ['colcon_pkg']
[0.248s] Level 1:colcon.colcon_core.package_identification:_identify(.) by extension 'colcon_pkg'
[0.248s] Level 1:colcon.colcon_core.package_identification:_identify(.) by extensions ['colcon_meta']
[0.248s] Level 1:colcon.colcon_core.package_identification:_identify(.) by extension 'colcon_meta'
[0.248s] Level 1:colcon.colcon_core.package_identification:_identify(.) by extensions ['ros']
[0.248s] Level 1:colcon.colcon_core.package_identification:_identify(.) by extension 'ros'
[0.284s] Level 1:colcon.colcon_core.package_identification:_identify(.) by extensions ['cmake', 'python']
[0.284s] Level 1:colcon.colcon_core.package_identification:_identify(.) by extension 'cmake'
[0.284s] Level 1:colcon.colcon_core.package_identification:_identify(.) by extension 'python'
[0.284s] Level 1:colcon.colcon_core.package_identification:_identify(.) by extensions ['python_setup_py']
[0.284s] Level 1:colcon.colcon_core.package_identification:_identify(.) by extension 'python_setup_py'
[0.284s] Level 1:colcon.colcon_core.package_identification:_identify(build) by extensions ['ignore', 'ignore_ament_install']
[0.284s] Level 1:colcon.colcon_core.package_identification:_identify(build) by extension 'ignore'
[0.284s] Level 1:colcon.colcon_core.package_identification:_identify(build) ignored
[0.284s] Level 1:colcon.colcon_core.package_identification:_identify(install) by extensions ['ignore', 'ignore_ament_install']
[0.284s] Level 1:colcon.colcon_core.package_identification:_identify(install) by extension 'ignore'
[0.285s] Level 1:colcon.colcon_core.package_identification:_identify(install) ignored
[0.285s] Level 1:colcon.colcon_core.package_identification:_identify(log) by extensions ['ignore', 'ignore_ament_install']
[0.285s] Level 1:colcon.colcon_core.package_identification:_identify(log) by extension 'ignore'
[0.285s] Level 1:colcon.colcon_core.package_identification:_identify(log) ignored
[0.285s] Level 1:colcon.colcon_core.package_identification:_identify(src) by extensions ['ignore', 'ignore_ament_install']
[0.285s] Level 1:colcon.colcon_core.package_identification:_identify(src) by extension 'ignore'
[0.285s] Level 1:colcon.colcon_core.package_identification:_identify(src) by extension 'ignore_ament_install'
[0.285s] Level 1:colcon.colcon_core.package_identification:_identify(src) by extensions ['colcon_pkg']
[0.285s] Level 1:colcon.colcon_core.package_identification:_identify(src) by extension 'colcon_pkg'
[0.285s] Level 1:colcon.colcon_core.package_identification:_identify(src) by extensions ['colcon_meta']
[0.285s] Level 1:colcon.colcon_core.package_identification:_identify(src) by extension 'colcon_meta'
[0.285s] Level 1:colcon.colcon_core.package_identification:_identify(src) by extensions ['ros']
[0.285s] Level 1:colcon.colcon_core.package_identification:_identify(src) by extension 'ros'
[0.285s] Level 1:colcon.colcon_core.package_identification:_identify(src) by extensions ['cmake', 'python']
[0.285s] Level 1:colcon.colcon_core.package_identification:_identify(src) by extension 'cmake'
[0.285s] Level 1:colcon.colcon_core.package_identification:_identify(src) by extension 'python'
[0.285s] Level 1:colcon.colcon_core.package_identification:_identify(src) by extensions ['python_setup_py']
[0.285s] Level 1:colcon.colcon_core.package_identification:_identify(src) by extension 'python_setup_py'
[0.286s] Level 1:colcon.colcon_core.package_identification:_identify(src/custom_message_package) by extensions ['ignore', 'ignore_ament_install']
[0.286s] Level 1:colcon.colcon_core.package_identification:_identify(src/custom_message_package) by extension 'ignore'
[0.286s] Level 1:colcon.colcon_core.package_identification:_identify(src/custom_message_package) by extension 'ignore_ament_install'
[0.286s] Level 1:colcon.colcon_core.package_identification:_identify(src/custom_message_package) by extensions ['colcon_pkg']
[0.286s] Level 1:colcon.colcon_core.package_identification:_identify(src/custom_message_package) by extension 'colcon_pkg'
[0.286s] Level 1:colcon.colcon_core.package_identification:_identify(src/custom_message_package) by extensions ['colcon_meta']
[0.286s] Level 1:colcon.colcon_core.package_identification:_identify(src/custom_message_package) by extension 'colcon_meta'
[0.286s] Level 1:colcon.colcon_core.package_identification:_identify(src/custom_message_package) by extensions ['ros']
[0.286s] Level 1:colcon.colcon_core.package_identification:_identify(src/custom_message_package) by extension 'ros'
[0.290s] DEBUG:colcon.colcon_core.package_identification:Package 'src/custom_message_package' with type 'ros.ament_cmake' and name 'custom_message_package'
[0.290s] Level 1:colcon.colcon_core.package_identification:_identify(src/custom_publisher_package) by extensions ['ignore', 'ignore_ament_install']
[0.290s] Level 1:colcon.colcon_core.package_identification:_identify(src/custom_publisher_package) by extension 'ignore'
[0.290s] Level 1:colcon.colcon_core.package_identification:_identify(src/custom_publisher_package) by extension 'ignore_ament_install'
[0.290s] Level 1:colcon.colcon_core.package_identification:_identify(src/custom_publisher_package) by extensions ['colcon_pkg']
[0.291s] Level 1:colcon.colcon_core.package_identification:_identify(src/custom_publisher_package) by extension 'colcon_pkg'
[0.291s] Level 1:colcon.colcon_core.package_identification:_identify(src/custom_publisher_package) by extensions ['colcon_meta']
[0.291s] Level 1:colcon.colcon_core.package_identification:_identify(src/custom_publisher_package) by extension 'colcon_meta'
[0.291s] Level 1:colcon.colcon_core.package_identification:_identify(src/custom_publisher_package) by extensions ['ros']
[0.291s] Level 1:colcon.colcon_core.package_identification:_identify(src/custom_publisher_package) by extension 'ros'
[0.292s] DEBUG:colcon.colcon_core.package_identification:Package 'src/custom_publisher_package' with type 'ros.ament_cmake' and name 'custom_publisher_package'
[0.292s] Level 1:colcon.colcon_core.package_identification:_identify(src/custom_subscriber_package) by extensions ['ignore', 'ignore_ament_install']
[0.292s] Level 1:colcon.colcon_core.package_identification:_identify(src/custom_subscriber_package) by extension 'ignore'
[0.292s] Level 1:colcon.colcon_core.package_identification:_identify(src/custom_subscriber_package) by extension 'ignore_ament_install'
[0.292s] Level 1:colcon.colcon_core.package_identification:_identify(src/custom_subscriber_package) by extensions ['colcon_pkg']
[0.292s] Level 1:colcon.colcon_core.package_identification:_identify(src/custom_subscriber_package) by extension 'colcon_pkg'
[0.292s] Level 1:colcon.colcon_core.package_identification:_identify(src/custom_subscriber_package) by extensions ['colcon_meta']
[0.292s] Level 1:colcon.colcon_core.package_identification:_identify(src/custom_subscriber_package) by extension 'colcon_meta'
[0.292s] Level 1:colcon.colcon_core.package_identification:_identify(src/custom_subscriber_package) by extensions ['ros']
[0.292s] Level 1:colcon.colcon_core.package_identification:_identify(src/custom_subscriber_package) by extension 'ros'
[0.293s] DEBUG:colcon.colcon_core.package_identification:Package 'src/custom_subscriber_package' with type 'ros.ament_cmake' and name 'custom_subscriber_package'
[0.293s] Level 1:colcon.colcon_core.package_discovery:discover_packages(recursive) using defaults
[0.293s] Level 1:colcon.colcon_core.package_discovery:discover_packages(ignore) discover
[0.293s] Level 1:colcon.colcon_core.package_discovery:discover_packages(ignore) using defaults
[0.293s] Level 1:colcon.colcon_core.package_discovery:discover_packages(path) discover
[0.293s] Level 1:colcon.colcon_core.package_discovery:discover_packages(path) using defaults
[0.318s] ERROR:colcon.colcon_core.extension_point:Exception loading extension 'colcon_core.task.build.ros.ament_python': cannot import name 'Interpreter' from 'em' (/home/student20/.local/lib/python3.12/site-packages/em/__init__.py) The Python package 'empy' must be installed and 'em' must not be installed since both packages share the same namespace
Traceback (most recent call last):
  File "/usr/lib/python3/dist-packages/colcon_core/extension_point.py", line 168, in load_extension_points
    extension_type = load_extension_point(name, value, group)
                     ^^^^^^^^^^^^^^^^^^^^^^^^^^^^^^^^^^^^^^^^
  File "/usr/lib/python3/dist-packages/colcon_core/extension_point.py", line 208, in load_extension_point
    return EntryPoint(name, value, group).load()
           ^^^^^^^^^^^^^^^^^^^^^^^^^^^^^^^^^^^^^
  File "/usr/lib/python3.12/importlib/metadata/__init__.py", line 205, in load
    module = import_module(match.group('module'))
             ^^^^^^^^^^^^^^^^^^^^^^^^^^^^^^^^^^^^
  File "/usr/lib/python3.12/importlib/__init__.py", line 90, in import_module
    return _bootstrap._gcd_import(name[level:], package, level)
           ^^^^^^^^^^^^^^^^^^^^^^^^^^^^^^^^^^^^^^^^^^^^^^^^^^^^
  File "<frozen importlib._bootstrap>", line 1387, in _gcd_import
  File "<frozen importlib._bootstrap>", line 1360, in _find_and_load
  File "<frozen importlib._bootstrap>", line 1331, in _find_and_load_unlocked
  File "<frozen importlib._bootstrap>", line 935, in _load_unlocked
  File "<frozen importlib._bootstrap_external>", line 995, in exec_module
  File "<frozen importlib._bootstrap>", line 488, in _call_with_frames_removed
  File "/usr/lib/python3/dist-packages/colcon_ros/task/ament_python/build.py", line 17, in <module>
    from colcon_core.task.python.build import PythonBuildTask
  File "/usr/lib/python3/dist-packages/colcon_core/task/python/build.py", line 24, in <module>
    from colcon_core.task.python.template import expand_template
  File "/usr/lib/python3/dist-packages/colcon_core/task/python/template/__init__.py", line 4, in <module>
    from colcon_core.shell.template import expand_template  # noqa: F401
    ^^^^^^^^^^^^^^^^^^^^^^^^^^^^^^^^^^^^^^^^^^^^^^^^^^^^^^
  File "/usr/lib/python3/dist-packages/colcon_core/shell/template/__init__.py", line 19, in <module>
    raise e from None
  File "/usr/lib/python3/dist-packages/colcon_core/shell/template/__init__.py", line 10, in <module>
    from em import Interpreter
ImportError: cannot import name 'Interpreter' from 'em' (/home/student20/.local/lib/python3.12/site-packages/em/__init__.py) The Python package 'empy' must be installed and 'em' must not be installed since both packages share the same namespace

[0.320s] ERROR:colcon.colcon_core.extension_point:Exception loading extension 'colcon_core.task.build.python': cannot import name 'Interpreter' from 'em' (/home/student20/.local/lib/python3.12/site-packages/em/__init__.py) The Python package 'empy' must be installed and 'em' must not be installed since both packages share the same namespace
Traceback (most recent call last):
  File "/usr/lib/python3/dist-packages/colcon_core/extension_point.py", line 168, in load_extension_points
    extension_type = load_extension_point(name, value, group)
                     ^^^^^^^^^^^^^^^^^^^^^^^^^^^^^^^^^^^^^^^^
  File "/usr/lib/python3/dist-packages/colcon_core/extension_point.py", line 208, in load_extension_point
    return EntryPoint(name, value, group).load()
           ^^^^^^^^^^^^^^^^^^^^^^^^^^^^^^^^^^^^^
  File "/usr/lib/python3.12/importlib/metadata/__init__.py", line 205, in load
    module = import_module(match.group('module'))
             ^^^^^^^^^^^^^^^^^^^^^^^^^^^^^^^^^^^^
  File "/usr/lib/python3.12/importlib/__init__.py", line 90, in import_module
    return _bootstrap._gcd_import(name[level:], package, level)
           ^^^^^^^^^^^^^^^^^^^^^^^^^^^^^^^^^^^^^^^^^^^^^^^^^^^^
  File "<frozen importlib._bootstrap>", line 1387, in _gcd_import
  File "<frozen importlib._bootstrap>", line 1360, in _find_and_load
  File "<frozen importlib._bootstrap>", line 1331, in _find_and_load_unlocked
  File "<frozen importlib._bootstrap>", line 935, in _load_unlocked
  File "<frozen importlib._bootstrap_external>", line 995, in exec_module
  File "<frozen importlib._bootstrap>", line 488, in _call_with_frames_removed
  File "/usr/lib/python3/dist-packages/colcon_core/task/python/build.py", line 24, in <module>
    from colcon_core.task.python.template import expand_template
  File "/usr/lib/python3/dist-packages/colcon_core/task/python/template/__init__.py", line 4, in <module>
    from colcon_core.shell.template import expand_template  # noqa: F401
    ^^^^^^^^^^^^^^^^^^^^^^^^^^^^^^^^^^^^^^^^^^^^^^^^^^^^^^
  File "/usr/lib/python3/dist-packages/colcon_core/shell/template/__init__.py", line 19, in <module>
    raise e from None
  File "/usr/lib/python3/dist-packages/colcon_core/shell/template/__init__.py", line 10, in <module>
    from em import Interpreter
ImportError: cannot import name 'Interpreter' from 'em' (/home/student20/.local/lib/python3.12/site-packages/em/__init__.py) The Python package 'empy' must be installed and 'em' must not be installed since both packages share the same namespace

[0.321s] Level 5:colcon.colcon_core.verb:set package 'custom_message_package' build argument 'cmake_args' from command line to 'None'
[0.321s] Level 5:colcon.colcon_core.verb:set package 'custom_message_package' build argument 'cmake_target' from command line to 'None'
[0.321s] Level 5:colcon.colcon_core.verb:set package 'custom_message_package' build argument 'cmake_target_skip_unavailable' from command line to 'False'
[0.321s] Level 5:colcon.colcon_core.verb:set package 'custom_message_package' build argument 'cmake_clean_cache' from command line to 'False'
[0.321s] Level 5:colcon.colcon_core.verb:set package 'custom_message_package' build argument 'cmake_clean_first' from command line to 'False'
[0.321s] Level 5:colcon.colcon_core.verb:set package 'custom_message_package' build argument 'cmake_force_configure' from command line to 'False'
[0.321s] Level 5:colcon.colcon_core.verb:set package 'custom_message_package' build argument 'ament_cmake_args' from command line to 'None'
[0.321s] Level 5:colcon.colcon_core.verb:set package 'custom_message_package' build argument 'catkin_cmake_args' from command line to 'None'
[0.321s] Level 5:colcon.colcon_core.verb:set package 'custom_message_package' build argument 'catkin_skip_building_tests' from command line to 'False'
[0.321s] DEBUG:colcon.colcon_core.verb:Building package 'custom_message_package' with the following arguments: {'ament_cmake_args': None, 'build_base': '/home/student20/assessments/week3/build/custom_message_package', 'catkin_cmake_args': None, 'catkin_skip_building_tests': False, 'cmake_args': None, 'cmake_clean_cache': False, 'cmake_clean_first': False, 'cmake_force_configure': False, 'cmake_target': None, 'cmake_target_skip_unavailable': False, 'install_base': '/home/student20/assessments/week3/install/custom_message_package', 'merge_install': False, 'path': '/home/student20/assessments/week3/src/custom_message_package', 'symlink_install': False, 'test_result_base': None}
[0.325s] ERROR:colcon.colcon_core.extension_point:Exception loading extension 'colcon_core.task.build.ros.ament_python': cannot import name 'Interpreter' from 'em' (/home/student20/.local/lib/python3.12/site-packages/em/__init__.py) The Python package 'empy' must be installed and 'em' must not be installed since both packages share the same namespace
Traceback (most recent call last):
  File "/usr/lib/python3/dist-packages/colcon_core/extension_point.py", line 168, in load_extension_points
    extension_type = load_extension_point(name, value, group)
                     ^^^^^^^^^^^^^^^^^^^^^^^^^^^^^^^^^^^^^^^^
  File "/usr/lib/python3/dist-packages/colcon_core/extension_point.py", line 208, in load_extension_point
    return EntryPoint(name, value, group).load()
           ^^^^^^^^^^^^^^^^^^^^^^^^^^^^^^^^^^^^^
  File "/usr/lib/python3.12/importlib/metadata/__init__.py", line 205, in load
    module = import_module(match.group('module'))
             ^^^^^^^^^^^^^^^^^^^^^^^^^^^^^^^^^^^^
  File "/usr/lib/python3.12/importlib/__init__.py", line 90, in import_module
    return _bootstrap._gcd_import(name[level:], package, level)
           ^^^^^^^^^^^^^^^^^^^^^^^^^^^^^^^^^^^^^^^^^^^^^^^^^^^^
  File "<frozen importlib._bootstrap>", line 1387, in _gcd_import
  File "<frozen importlib._bootstrap>", line 1360, in _find_and_load
  File "<frozen importlib._bootstrap>", line 1331, in _find_and_load_unlocked
  File "<frozen importlib._bootstrap>", line 935, in _load_unlocked
  File "<frozen importlib._bootstrap_external>", line 995, in exec_module
  File "<frozen importlib._bootstrap>", line 488, in _call_with_frames_removed
  File "/usr/lib/python3/dist-packages/colcon_ros/task/ament_python/build.py", line 17, in <module>
    from colcon_core.task.python.build import PythonBuildTask
  File "/usr/lib/python3/dist-packages/colcon_core/task/python/build.py", line 24, in <module>
    from colcon_core.task.python.template import expand_template
  File "/usr/lib/python3/dist-packages/colcon_core/task/python/template/__init__.py", line 4, in <module>
    from colcon_core.shell.template import expand_template  # noqa: F401
    ^^^^^^^^^^^^^^^^^^^^^^^^^^^^^^^^^^^^^^^^^^^^^^^^^^^^^^
  File "/usr/lib/python3/dist-packages/colcon_core/shell/template/__init__.py", line 19, in <module>
    raise e from None
  File "/usr/lib/python3/dist-packages/colcon_core/shell/template/__init__.py", line 10, in <module>
    from em import Interpreter
ImportError: cannot import name 'Interpreter' from 'em' (/home/student20/.local/lib/python3.12/site-packages/em/__init__.py) The Python package 'empy' must be installed and 'em' must not be installed since both packages share the same namespace

[0.328s] ERROR:colcon.colcon_core.extension_point:Exception loading extension 'colcon_core.task.build.python': cannot import name 'Interpreter' from 'em' (/home/student20/.local/lib/python3.12/site-packages/em/__init__.py) The Python package 'empy' must be installed and 'em' must not be installed since both packages share the same namespace
Traceback (most recent call last):
  File "/usr/lib/python3/dist-packages/colcon_core/extension_point.py", line 168, in load_extension_points
    extension_type = load_extension_point(name, value, group)
                     ^^^^^^^^^^^^^^^^^^^^^^^^^^^^^^^^^^^^^^^^
  File "/usr/lib/python3/dist-packages/colcon_core/extension_point.py", line 208, in load_extension_point
    return EntryPoint(name, value, group).load()
           ^^^^^^^^^^^^^^^^^^^^^^^^^^^^^^^^^^^^^
  File "/usr/lib/python3.12/importlib/metadata/__init__.py", line 205, in load
    module = import_module(match.group('module'))
             ^^^^^^^^^^^^^^^^^^^^^^^^^^^^^^^^^^^^
  File "/usr/lib/python3.12/importlib/__init__.py", line 90, in import_module
    return _bootstrap._gcd_import(name[level:], package, level)
           ^^^^^^^^^^^^^^^^^^^^^^^^^^^^^^^^^^^^^^^^^^^^^^^^^^^^
  File "<frozen importlib._bootstrap>", line 1387, in _gcd_import
  File "<frozen importlib._bootstrap>", line 1360, in _find_and_load
  File "<frozen importlib._bootstrap>", line 1331, in _find_and_load_unlocked
  File "<frozen importlib._bootstrap>", line 935, in _load_unlocked
  File "<frozen importlib._bootstrap_external>", line 995, in exec_module
  File "<frozen importlib._bootstrap>", line 488, in _call_with_frames_removed
  File "/usr/lib/python3/dist-packages/colcon_core/task/python/build.py", line 24, in <module>
    from colcon_core.task.python.template import expand_template
  File "/usr/lib/python3/dist-packages/colcon_core/task/python/template/__init__.py", line 4, in <module>
    from colcon_core.shell.template import expand_template  # noqa: F401
    ^^^^^^^^^^^^^^^^^^^^^^^^^^^^^^^^^^^^^^^^^^^^^^^^^^^^^^
  File "/usr/lib/python3/dist-packages/colcon_core/shell/template/__init__.py", line 19, in <module>
    raise e from None
  File "/usr/lib/python3/dist-packages/colcon_core/shell/template/__init__.py", line 10, in <module>
    from em import Interpreter
ImportError: cannot import name 'Interpreter' from 'em' (/home/student20/.local/lib/python3.12/site-packages/em/__init__.py) The Python package 'empy' must be installed and 'em' must not be installed since both packages share the same namespace

[0.329s] Level 5:colcon.colcon_core.verb:set package 'custom_publisher_package' build argument 'cmake_args' from command line to 'None'
[0.329s] Level 5:colcon.colcon_core.verb:set package 'custom_publisher_package' build argument 'cmake_target' from command line to 'None'
[0.329s] Level 5:colcon.colcon_core.verb:set package 'custom_publisher_package' build argument 'cmake_target_skip_unavailable' from command line to 'False'
[0.329s] Level 5:colcon.colcon_core.verb:set package 'custom_publisher_package' build argument 'cmake_clean_cache' from command line to 'False'
[0.329s] Level 5:colcon.colcon_core.verb:set package 'custom_publisher_package' build argument 'cmake_clean_first' from command line to 'False'
[0.329s] Level 5:colcon.colcon_core.verb:set package 'custom_publisher_package' build argument 'cmake_force_configure' from command line to 'False'
[0.329s] Level 5:colcon.colcon_core.verb:set package 'custom_publisher_package' build argument 'ament_cmake_args' from command line to 'None'
[0.329s] Level 5:colcon.colcon_core.verb:set package 'custom_publisher_package' build argument 'catkin_cmake_args' from command line to 'None'
[0.329s] Level 5:colcon.colcon_core.verb:set package 'custom_publisher_package' build argument 'catkin_skip_building_tests' from command line to 'False'
[0.329s] DEBUG:colcon.colcon_core.verb:Building package 'custom_publisher_package' with the following arguments: {'ament_cmake_args': None, 'build_base': '/home/student20/assessments/week3/build/custom_publisher_package', 'catkin_cmake_args': None, 'catkin_skip_building_tests': False, 'cmake_args': None, 'cmake_clean_cache': False, 'cmake_clean_first': False, 'cmake_force_configure': False, 'cmake_target': None, 'cmake_target_skip_unavailable': False, 'install_base': '/home/student20/assessments/week3/install/custom_publisher_package', 'merge_install': False, 'path': '/home/student20/assessments/week3/src/custom_publisher_package', 'symlink_install': False, 'test_result_base': None}
[0.332s] ERROR:colcon.colcon_core.extension_point:Exception loading extension 'colcon_core.task.build.ros.ament_python': cannot import name 'Interpreter' from 'em' (/home/student20/.local/lib/python3.12/site-packages/em/__init__.py) The Python package 'empy' must be installed and 'em' must not be installed since both packages share the same namespace
Traceback (most recent call last):
  File "/usr/lib/python3/dist-packages/colcon_core/extension_point.py", line 168, in load_extension_points
    extension_type = load_extension_point(name, value, group)
                     ^^^^^^^^^^^^^^^^^^^^^^^^^^^^^^^^^^^^^^^^
  File "/usr/lib/python3/dist-packages/colcon_core/extension_point.py", line 208, in load_extension_point
    return EntryPoint(name, value, group).load()
           ^^^^^^^^^^^^^^^^^^^^^^^^^^^^^^^^^^^^^
  File "/usr/lib/python3.12/importlib/metadata/__init__.py", line 205, in load
    module = import_module(match.group('module'))
             ^^^^^^^^^^^^^^^^^^^^^^^^^^^^^^^^^^^^
  File "/usr/lib/python3.12/importlib/__init__.py", line 90, in import_module
    return _bootstrap._gcd_import(name[level:], package, level)
           ^^^^^^^^^^^^^^^^^^^^^^^^^^^^^^^^^^^^^^^^^^^^^^^^^^^^
  File "<frozen importlib._bootstrap>", line 1387, in _gcd_import
  File "<frozen importlib._bootstrap>", line 1360, in _find_and_load
  File "<frozen importlib._bootstrap>", line 1331, in _find_and_load_unlocked
  File "<frozen importlib._bootstrap>", line 935, in _load_unlocked
  File "<frozen importlib._bootstrap_external>", line 995, in exec_module
  File "<frozen importlib._bootstrap>", line 488, in _call_with_frames_removed
  File "/usr/lib/python3/dist-packages/colcon_ros/task/ament_python/build.py", line 17, in <module>
    from colcon_core.task.python.build import PythonBuildTask
  File "/usr/lib/python3/dist-packages/colcon_core/task/python/build.py", line 24, in <module>
    from colcon_core.task.python.template import expand_template
  File "/usr/lib/python3/dist-packages/colcon_core/task/python/template/__init__.py", line 4, in <module>
    from colcon_core.shell.template import expand_template  # noqa: F401
    ^^^^^^^^^^^^^^^^^^^^^^^^^^^^^^^^^^^^^^^^^^^^^^^^^^^^^^
  File "/usr/lib/python3/dist-packages/colcon_core/shell/template/__init__.py", line 19, in <module>
    raise e from None
  File "/usr/lib/python3/dist-packages/colcon_core/shell/template/__init__.py", line 10, in <module>
    from em import Interpreter
ImportError: cannot import name 'Interpreter' from 'em' (/home/student20/.local/lib/python3.12/site-packages/em/__init__.py) The Python package 'empy' must be installed and 'em' must not be installed since both packages share the same namespace

[0.334s] ERROR:colcon.colcon_core.extension_point:Exception loading extension 'colcon_core.task.build.python': cannot import name 'Interpreter' from 'em' (/home/student20/.local/lib/python3.12/site-packages/em/__init__.py) The Python package 'empy' must be installed and 'em' must not be installed since both packages share the same namespace
Traceback (most recent call last):
  File "/usr/lib/python3/dist-packages/colcon_core/extension_point.py", line 168, in load_extension_points
    extension_type = load_extension_point(name, value, group)
                     ^^^^^^^^^^^^^^^^^^^^^^^^^^^^^^^^^^^^^^^^
  File "/usr/lib/python3/dist-packages/colcon_core/extension_point.py", line 208, in load_extension_point
    return EntryPoint(name, value, group).load()
           ^^^^^^^^^^^^^^^^^^^^^^^^^^^^^^^^^^^^^
  File "/usr/lib/python3.12/importlib/metadata/__init__.py", line 205, in load
    module = import_module(match.group('module'))
             ^^^^^^^^^^^^^^^^^^^^^^^^^^^^^^^^^^^^
  File "/usr/lib/python3.12/importlib/__init__.py", line 90, in import_module
    return _bootstrap._gcd_import(name[level:], package, level)
           ^^^^^^^^^^^^^^^^^^^^^^^^^^^^^^^^^^^^^^^^^^^^^^^^^^^^
  File "<frozen importlib._bootstrap>", line 1387, in _gcd_import
  File "<frozen importlib._bootstrap>", line 1360, in _find_and_load
  File "<frozen importlib._bootstrap>", line 1331, in _find_and_load_unlocked
  File "<frozen importlib._bootstrap>", line 935, in _load_unlocked
  File "<frozen importlib._bootstrap_external>", line 995, in exec_module
  File "<frozen importlib._bootstrap>", line 488, in _call_with_frames_removed
  File "/usr/lib/python3/dist-packages/colcon_core/task/python/build.py", line 24, in <module>
    from colcon_core.task.python.template import expand_template
  File "/usr/lib/python3/dist-packages/colcon_core/task/python/template/__init__.py", line 4, in <module>
    from colcon_core.shell.template import expand_template  # noqa: F401
    ^^^^^^^^^^^^^^^^^^^^^^^^^^^^^^^^^^^^^^^^^^^^^^^^^^^^^^
  File "/usr/lib/python3/dist-packages/colcon_core/shell/template/__init__.py", line 19, in <module>
    raise e from None
  File "/usr/lib/python3/dist-packages/colcon_core/shell/template/__init__.py", line 10, in <module>
    from em import Interpreter
ImportError: cannot import name 'Interpreter' from 'em' (/home/student20/.local/lib/python3.12/site-packages/em/__init__.py) The Python package 'empy' must be installed and 'em' must not be installed since both packages share the same namespace

[0.334s] Level 5:colcon.colcon_core.verb:set package 'custom_subscriber_package' build argument 'cmake_args' from command line to 'None'
[0.335s] Level 5:colcon.colcon_core.verb:set package 'custom_subscriber_package' build argument 'cmake_target' from command line to 'None'
[0.335s] Level 5:colcon.colcon_core.verb:set package 'custom_subscriber_package' build argument 'cmake_target_skip_unavailable' from command line to 'False'
[0.335s] Level 5:colcon.colcon_core.verb:set package 'custom_subscriber_package' build argument 'cmake_clean_cache' from command line to 'False'
[0.335s] Level 5:colcon.colcon_core.verb:set package 'custom_subscriber_package' build argument 'cmake_clean_first' from command line to 'False'
[0.335s] Level 5:colcon.colcon_core.verb:set package 'custom_subscriber_package' build argument 'cmake_force_configure' from command line to 'False'
[0.335s] Level 5:colcon.colcon_core.verb:set package 'custom_subscriber_package' build argument 'ament_cmake_args' from command line to 'None'
[0.335s] Level 5:colcon.colcon_core.verb:set package 'custom_subscriber_package' build argument 'catkin_cmake_args' from command line to 'None'
[0.335s] Level 5:colcon.colcon_core.verb:set package 'custom_subscriber_package' build argument 'catkin_skip_building_tests' from command line to 'False'
[0.335s] DEBUG:colcon.colcon_core.verb:Building package 'custom_subscriber_package' with the following arguments: {'ament_cmake_args': None, 'build_base': '/home/student20/assessments/week3/build/custom_subscriber_package', 'catkin_cmake_args': None, 'catkin_skip_building_tests': False, 'cmake_args': None, 'cmake_clean_cache': False, 'cmake_clean_first': False, 'cmake_force_configure': False, 'cmake_target': None, 'cmake_target_skip_unavailable': False, 'install_base': '/home/student20/assessments/week3/install/custom_subscriber_package', 'merge_install': False, 'path': '/home/student20/assessments/week3/src/custom_subscriber_package', 'symlink_install': False, 'test_result_base': None}
[0.335s] INFO:colcon.colcon_core.executor:Executing jobs using 'parallel' executor
[0.337s] DEBUG:colcon.colcon_parallel_executor.executor.parallel:run_until_complete
[0.339s] INFO:colcon.colcon_ros.task.ament_cmake.build:Building ROS package in '/home/student20/assessments/week3/src/custom_message_package' with build type 'ament_cmake'
[0.339s] INFO:colcon.colcon_cmake.task.cmake.build:Building CMake package in '/home/student20/assessments/week3/src/custom_message_package'
[0.347s] ERROR:colcon.colcon_core.extension_point:Exception loading extension 'colcon_core.shell.bash': cannot import name 'Interpreter' from 'em' (/home/student20/.local/lib/python3.12/site-packages/em/__init__.py) The Python package 'empy' must be installed and 'em' must not be installed since both packages share the same namespace
Traceback (most recent call last):
  File "/usr/lib/python3/dist-packages/colcon_core/extension_point.py", line 168, in load_extension_points
    extension_type = load_extension_point(name, value, group)
                     ^^^^^^^^^^^^^^^^^^^^^^^^^^^^^^^^^^^^^^^^
  File "/usr/lib/python3/dist-packages/colcon_core/extension_point.py", line 208, in load_extension_point
    return EntryPoint(name, value, group).load()
           ^^^^^^^^^^^^^^^^^^^^^^^^^^^^^^^^^^^^^
  File "/usr/lib/python3.12/importlib/metadata/__init__.py", line 205, in load
    module = import_module(match.group('module'))
             ^^^^^^^^^^^^^^^^^^^^^^^^^^^^^^^^^^^^
  File "/usr/lib/python3.12/importlib/__init__.py", line 90, in import_module
    return _bootstrap._gcd_import(name[level:], package, level)
           ^^^^^^^^^^^^^^^^^^^^^^^^^^^^^^^^^^^^^^^^^^^^^^^^^^^^
  File "<frozen importlib._bootstrap>", line 1387, in _gcd_import
  File "<frozen importlib._bootstrap>", line 1360, in _find_and_load
  File "<frozen importlib._bootstrap>", line 1331, in _find_and_load_unlocked
  File "<frozen importlib._bootstrap>", line 935, in _load_unlocked
  File "<frozen importlib._bootstrap_external>", line 995, in exec_module
  File "<frozen importlib._bootstrap>", line 488, in _call_with_frames_removed
  File "/usr/lib/python3/dist-packages/colcon_bash/shell/bash.py", line 13, in <module>
    from colcon_core.shell.template import expand_template
  File "/usr/lib/python3/dist-packages/colcon_core/shell/template/__init__.py", line 19, in <module>
    raise e from None
  File "/usr/lib/python3/dist-packages/colcon_core/shell/template/__init__.py", line 10, in <module>
    from em import Interpreter
ImportError: cannot import name 'Interpreter' from 'em' (/home/student20/.local/lib/python3.12/site-packages/em/__init__.py) The Python package 'empy' must be installed and 'em' must not be installed since both packages share the same namespace

[0.352s] ERROR:colcon.colcon_core.extension_point:Exception loading extension 'colcon_core.shell.bat': cannot import name 'Interpreter' from 'em' (/home/student20/.local/lib/python3.12/site-packages/em/__init__.py) The Python package 'empy' must be installed and 'em' must not be installed since both packages share the same namespace
Traceback (most recent call last):
  File "/usr/lib/python3/dist-packages/colcon_core/extension_point.py", line 168, in load_extension_points
    extension_type = load_extension_point(name, value, group)
                     ^^^^^^^^^^^^^^^^^^^^^^^^^^^^^^^^^^^^^^^^
  File "/usr/lib/python3/dist-packages/colcon_core/extension_point.py", line 208, in load_extension_point
    return EntryPoint(name, value, group).load()
           ^^^^^^^^^^^^^^^^^^^^^^^^^^^^^^^^^^^^^
  File "/usr/lib/python3.12/importlib/metadata/__init__.py", line 205, in load
    module = import_module(match.group('module'))
             ^^^^^^^^^^^^^^^^^^^^^^^^^^^^^^^^^^^^
  File "/usr/lib/python3.12/importlib/__init__.py", line 90, in import_module
    return _bootstrap._gcd_import(name[level:], package, level)
           ^^^^^^^^^^^^^^^^^^^^^^^^^^^^^^^^^^^^^^^^^^^^^^^^^^^^
  File "<frozen importlib._bootstrap>", line 1387, in _gcd_import
  File "<frozen importlib._bootstrap>", line 1360, in _find_and_load
  File "<frozen importlib._bootstrap>", line 1331, in _find_and_load_unlocked
  File "<frozen importlib._bootstrap>", line 935, in _load_unlocked
  File "<frozen importlib._bootstrap_external>", line 995, in exec_module
  File "<frozen importlib._bootstrap>", line 488, in _call_with_frames_removed
  File "/usr/lib/python3/dist-packages/colcon_core/shell/bat.py", line 15, in <module>
    from colcon_core.shell.template import expand_template
  File "/usr/lib/python3/dist-packages/colcon_core/shell/template/__init__.py", line 19, in <module>
    raise e from None
  File "/usr/lib/python3/dist-packages/colcon_core/shell/template/__init__.py", line 10, in <module>
    from em import Interpreter
ImportError: cannot import name 'Interpreter' from 'em' (/home/student20/.local/lib/python3.12/site-packages/em/__init__.py) The Python package 'empy' must be installed and 'em' must not be installed since both packages share the same namespace

[0.357s] ERROR:colcon.colcon_core.extension_point:Exception loading extension 'colcon_core.shell.dsv': cannot import name 'Interpreter' from 'em' (/home/student20/.local/lib/python3.12/site-packages/em/__init__.py) The Python package 'empy' must be installed and 'em' must not be installed since both packages share the same namespace
Traceback (most recent call last):
  File "/usr/lib/python3/dist-packages/colcon_core/extension_point.py", line 168, in load_extension_points
    extension_type = load_extension_point(name, value, group)
                     ^^^^^^^^^^^^^^^^^^^^^^^^^^^^^^^^^^^^^^^^
  File "/usr/lib/python3/dist-packages/colcon_core/extension_point.py", line 208, in load_extension_point
    return EntryPoint(name, value, group).load()
           ^^^^^^^^^^^^^^^^^^^^^^^^^^^^^^^^^^^^^
  File "/usr/lib/python3.12/importlib/metadata/__init__.py", line 205, in load
    module = import_module(match.group('module'))
             ^^^^^^^^^^^^^^^^^^^^^^^^^^^^^^^^^^^^
  File "/usr/lib/python3.12/importlib/__init__.py", line 90, in import_module
    return _bootstrap._gcd_import(name[level:], package, level)
           ^^^^^^^^^^^^^^^^^^^^^^^^^^^^^^^^^^^^^^^^^^^^^^^^^^^^
  File "<frozen importlib._bootstrap>", line 1387, in _gcd_import
  File "<frozen importlib._bootstrap>", line 1360, in _find_and_load
  File "<frozen importlib._bootstrap>", line 1331, in _find_and_load_unlocked
  File "<frozen importlib._bootstrap>", line 935, in _load_unlocked
  File "<frozen importlib._bootstrap_external>", line 995, in exec_module
  File "<frozen importlib._bootstrap>", line 488, in _call_with_frames_removed
  File "/usr/lib/python3/dist-packages/colcon_core/shell/dsv.py", line 9, in <module>
    from colcon_core.shell.template import expand_template
  File "/usr/lib/python3/dist-packages/colcon_core/shell/template/__init__.py", line 19, in <module>
    raise e from None
  File "/usr/lib/python3/dist-packages/colcon_core/shell/template/__init__.py", line 10, in <module>
    from em import Interpreter
ImportError: cannot import name 'Interpreter' from 'em' (/home/student20/.local/lib/python3.12/site-packages/em/__init__.py) The Python package 'empy' must be installed and 'em' must not be installed since both packages share the same namespace

[0.361s] ERROR:colcon.colcon_core.extension_point:Exception loading extension 'colcon_core.shell.sh': cannot import name 'Interpreter' from 'em' (/home/student20/.local/lib/python3.12/site-packages/em/__init__.py) The Python package 'empy' must be installed and 'em' must not be installed since both packages share the same namespace
Traceback (most recent call last):
  File "/usr/lib/python3/dist-packages/colcon_core/extension_point.py", line 168, in load_extension_points
    extension_type = load_extension_point(name, value, group)
                     ^^^^^^^^^^^^^^^^^^^^^^^^^^^^^^^^^^^^^^^^
  File "/usr/lib/python3/dist-packages/colcon_core/extension_point.py", line 208, in load_extension_point
    return EntryPoint(name, value, group).load()
           ^^^^^^^^^^^^^^^^^^^^^^^^^^^^^^^^^^^^^
  File "/usr/lib/python3.12/importlib/metadata/__init__.py", line 205, in load
    module = import_module(match.group('module'))
             ^^^^^^^^^^^^^^^^^^^^^^^^^^^^^^^^^^^^
  File "/usr/lib/python3.12/importlib/__init__.py", line 90, in import_module
    return _bootstrap._gcd_import(name[level:], package, level)
           ^^^^^^^^^^^^^^^^^^^^^^^^^^^^^^^^^^^^^^^^^^^^^^^^^^^^
  File "<frozen importlib._bootstrap>", line 1387, in _gcd_import
  File "<frozen importlib._bootstrap>", line 1360, in _find_and_load
  File "<frozen importlib._bootstrap>", line 1331, in _find_and_load_unlocked
  File "<frozen importlib._bootstrap>", line 935, in _load_unlocked
  File "<frozen importlib._bootstrap_external>", line 995, in exec_module
  File "<frozen importlib._bootstrap>", line 488, in _call_with_frames_removed
  File "/usr/lib/python3/dist-packages/colcon_core/shell/sh.py", line 17, in <module>
    from colcon_core.shell.template import expand_template
  File "/usr/lib/python3/dist-packages/colcon_core/shell/template/__init__.py", line 19, in <module>
    raise e from None
  File "/usr/lib/python3/dist-packages/colcon_core/shell/template/__init__.py", line 10, in <module>
    from em import Interpreter
ImportError: cannot import name 'Interpreter' from 'em' (/home/student20/.local/lib/python3.12/site-packages/em/__init__.py) The Python package 'empy' must be installed and 'em' must not be installed since both packages share the same namespace

[0.365s] ERROR:colcon.colcon_core.extension_point:Exception loading extension 'colcon_core.shell.zsh': cannot import name 'Interpreter' from 'em' (/home/student20/.local/lib/python3.12/site-packages/em/__init__.py) The Python package 'empy' must be installed and 'em' must not be installed since both packages share the same namespace
Traceback (most recent call last):
  File "/usr/lib/python3/dist-packages/colcon_core/extension_point.py", line 168, in load_extension_points
    extension_type = load_extension_point(name, value, group)
                     ^^^^^^^^^^^^^^^^^^^^^^^^^^^^^^^^^^^^^^^^
  File "/usr/lib/python3/dist-packages/colcon_core/extension_point.py", line 208, in load_extension_point
    return EntryPoint(name, value, group).load()
           ^^^^^^^^^^^^^^^^^^^^^^^^^^^^^^^^^^^^^
  File "/usr/lib/python3.12/importlib/metadata/__init__.py", line 205, in load
    module = import_module(match.group('module'))
             ^^^^^^^^^^^^^^^^^^^^^^^^^^^^^^^^^^^^
  File "/usr/lib/python3.12/importlib/__init__.py", line 90, in import_module
    return _bootstrap._gcd_import(name[level:], package, level)
           ^^^^^^^^^^^^^^^^^^^^^^^^^^^^^^^^^^^^^^^^^^^^^^^^^^^^
  File "<frozen importlib._bootstrap>", line 1387, in _gcd_import
  File "<frozen importlib._bootstrap>", line 1360, in _find_and_load
  File "<frozen importlib._bootstrap>", line 1331, in _find_and_load_unlocked
  File "<frozen importlib._bootstrap>", line 935, in _load_unlocked
  File "<frozen importlib._bootstrap_external>", line 995, in exec_module
  File "<frozen importlib._bootstrap>", line 488, in _call_with_frames_removed
  File "/usr/lib/python3/dist-packages/colcon_zsh/shell/zsh.py", line 13, in <module>
    from colcon_core.shell.template import expand_template
  File "/usr/lib/python3/dist-packages/colcon_core/shell/template/__init__.py", line 19, in <module>
    raise e from None
  File "/usr/lib/python3/dist-packages/colcon_core/shell/template/__init__.py", line 10, in <module>
    from em import Interpreter
ImportError: cannot import name 'Interpreter' from 'em' (/home/student20/.local/lib/python3.12/site-packages/em/__init__.py) The Python package 'empy' must be installed and 'em' must not be installed since both packages share the same namespace

[0.365s] ERROR:colcon.colcon_cmake.task.cmake.build:Could not find a shell extension for the command environment
[0.367s] INFO:colcon.colcon_ros.task.ament_cmake.build:Building ROS package in '/home/student20/assessments/week3/src/custom_publisher_package' with build type 'ament_cmake'
[0.367s] INFO:colcon.colcon_cmake.task.cmake.build:Building CMake package in '/home/student20/assessments/week3/src/custom_publisher_package'
[0.370s] ERROR:colcon.colcon_core.extension_point:Exception loading extension 'colcon_core.shell.bash': cannot import name 'Interpreter' from 'em' (/home/student20/.local/lib/python3.12/site-packages/em/__init__.py) The Python package 'empy' must be installed and 'em' must not be installed since both packages share the same namespace
Traceback (most recent call last):
  File "/usr/lib/python3/dist-packages/colcon_core/extension_point.py", line 168, in load_extension_points
    extension_type = load_extension_point(name, value, group)
                     ^^^^^^^^^^^^^^^^^^^^^^^^^^^^^^^^^^^^^^^^
  File "/usr/lib/python3/dist-packages/colcon_core/extension_point.py", line 208, in load_extension_point
    return EntryPoint(name, value, group).load()
           ^^^^^^^^^^^^^^^^^^^^^^^^^^^^^^^^^^^^^
  File "/usr/lib/python3.12/importlib/metadata/__init__.py", line 205, in load
    module = import_module(match.group('module'))
             ^^^^^^^^^^^^^^^^^^^^^^^^^^^^^^^^^^^^
  File "/usr/lib/python3.12/importlib/__init__.py", line 90, in import_module
    return _bootstrap._gcd_import(name[level:], package, level)
           ^^^^^^^^^^^^^^^^^^^^^^^^^^^^^^^^^^^^^^^^^^^^^^^^^^^^
  File "<frozen importlib._bootstrap>", line 1387, in _gcd_import
  File "<frozen importlib._bootstrap>", line 1360, in _find_and_load
  File "<frozen importlib._bootstrap>", line 1331, in _find_and_load_unlocked
  File "<frozen importlib._bootstrap>", line 935, in _load_unlocked
  File "<frozen importlib._bootstrap_external>", line 995, in exec_module
  File "<frozen importlib._bootstrap>", line 488, in _call_with_frames_removed
  File "/usr/lib/python3/dist-packages/colcon_bash/shell/bash.py", line 13, in <module>
    from colcon_core.shell.template import expand_template
  File "/usr/lib/python3/dist-packages/colcon_core/shell/template/__init__.py", line 19, in <module>
    raise e from None
  File "/usr/lib/python3/dist-packages/colcon_core/shell/template/__init__.py", line 10, in <module>
    from em import Interpreter
ImportError: cannot import name 'Interpreter' from 'em' (/home/student20/.local/lib/python3.12/site-packages/em/__init__.py) The Python package 'empy' must be installed and 'em' must not be installed since both packages share the same namespace

[0.374s] ERROR:colcon.colcon_core.extension_point:Exception loading extension 'colcon_core.shell.bat': cannot import name 'Interpreter' from 'em' (/home/student20/.local/lib/python3.12/site-packages/em/__init__.py) The Python package 'empy' must be installed and 'em' must not be installed since both packages share the same namespace
Traceback (most recent call last):
  File "/usr/lib/python3/dist-packages/colcon_core/extension_point.py", line 168, in load_extension_points
    extension_type = load_extension_point(name, value, group)
                     ^^^^^^^^^^^^^^^^^^^^^^^^^^^^^^^^^^^^^^^^
  File "/usr/lib/python3/dist-packages/colcon_core/extension_point.py", line 208, in load_extension_point
    return EntryPoint(name, value, group).load()
           ^^^^^^^^^^^^^^^^^^^^^^^^^^^^^^^^^^^^^
  File "/usr/lib/python3.12/importlib/metadata/__init__.py", line 205, in load
    module = import_module(match.group('module'))
             ^^^^^^^^^^^^^^^^^^^^^^^^^^^^^^^^^^^^
  File "/usr/lib/python3.12/importlib/__init__.py", line 90, in import_module
    return _bootstrap._gcd_import(name[level:], package, level)
           ^^^^^^^^^^^^^^^^^^^^^^^^^^^^^^^^^^^^^^^^^^^^^^^^^^^^
  File "<frozen importlib._bootstrap>", line 1387, in _gcd_import
  File "<frozen importlib._bootstrap>", line 1360, in _find_and_load
  File "<frozen importlib._bootstrap>", line 1331, in _find_and_load_unlocked
  File "<frozen importlib._bootstrap>", line 935, in _load_unlocked
  File "<frozen importlib._bootstrap_external>", line 995, in exec_module
  File "<frozen importlib._bootstrap>", line 488, in _call_with_frames_removed
  File "/usr/lib/python3/dist-packages/colcon_core/shell/bat.py", line 15, in <module>
    from colcon_core.shell.template import expand_template
  File "/usr/lib/python3/dist-packages/colcon_core/shell/template/__init__.py", line 19, in <module>
    raise e from None
  File "/usr/lib/python3/dist-packages/colcon_core/shell/template/__init__.py", line 10, in <module>
    from em import Interpreter
ImportError: cannot import name 'Interpreter' from 'em' (/home/student20/.local/lib/python3.12/site-packages/em/__init__.py) The Python package 'empy' must be installed and 'em' must not be installed since both packages share the same namespace

[0.377s] ERROR:colcon.colcon_core.extension_point:Exception loading extension 'colcon_core.shell.dsv': cannot import name 'Interpreter' from 'em' (/home/student20/.local/lib/python3.12/site-packages/em/__init__.py) The Python package 'empy' must be installed and 'em' must not be installed since both packages share the same namespace
Traceback (most recent call last):
  File "/usr/lib/python3/dist-packages/colcon_core/extension_point.py", line 168, in load_extension_points
    extension_type = load_extension_point(name, value, group)
                     ^^^^^^^^^^^^^^^^^^^^^^^^^^^^^^^^^^^^^^^^
  File "/usr/lib/python3/dist-packages/colcon_core/extension_point.py", line 208, in load_extension_point
    return EntryPoint(name, value, group).load()
           ^^^^^^^^^^^^^^^^^^^^^^^^^^^^^^^^^^^^^
  File "/usr/lib/python3.12/importlib/metadata/__init__.py", line 205, in load
    module = import_module(match.group('module'))
             ^^^^^^^^^^^^^^^^^^^^^^^^^^^^^^^^^^^^
  File "/usr/lib/python3.12/importlib/__init__.py", line 90, in import_module
    return _bootstrap._gcd_import(name[level:], package, level)
           ^^^^^^^^^^^^^^^^^^^^^^^^^^^^^^^^^^^^^^^^^^^^^^^^^^^^
  File "<frozen importlib._bootstrap>", line 1387, in _gcd_import
  File "<frozen importlib._bootstrap>", line 1360, in _find_and_load
  File "<frozen importlib._bootstrap>", line 1331, in _find_and_load_unlocked
  File "<frozen importlib._bootstrap>", line 935, in _load_unlocked
  File "<frozen importlib._bootstrap_external>", line 995, in exec_module
  File "<frozen importlib._bootstrap>", line 488, in _call_with_frames_removed
  File "/usr/lib/python3/dist-packages/colcon_core/shell/dsv.py", line 9, in <module>
    from colcon_core.shell.template import expand_template
  File "/usr/lib/python3/dist-packages/colcon_core/shell/template/__init__.py", line 19, in <module>
    raise e from None
  File "/usr/lib/python3/dist-packages/colcon_core/shell/template/__init__.py", line 10, in <module>
    from em import Interpreter
ImportError: cannot import name 'Interpreter' from 'em' (/home/student20/.local/lib/python3.12/site-packages/em/__init__.py) The Python package 'empy' must be installed and 'em' must not be installed since both packages share the same namespace

[0.381s] ERROR:colcon.colcon_core.extension_point:Exception loading extension 'colcon_core.shell.sh': cannot import name 'Interpreter' from 'em' (/home/student20/.local/lib/python3.12/site-packages/em/__init__.py) The Python package 'empy' must be installed and 'em' must not be installed since both packages share the same namespace
Traceback (most recent call last):
  File "/usr/lib/python3/dist-packages/colcon_core/extension_point.py", line 168, in load_extension_points
    extension_type = load_extension_point(name, value, group)
                     ^^^^^^^^^^^^^^^^^^^^^^^^^^^^^^^^^^^^^^^^
  File "/usr/lib/python3/dist-packages/colcon_core/extension_point.py", line 208, in load_extension_point
    return EntryPoint(name, value, group).load()
           ^^^^^^^^^^^^^^^^^^^^^^^^^^^^^^^^^^^^^
  File "/usr/lib/python3.12/importlib/metadata/__init__.py", line 205, in load
    module = import_module(match.group('module'))
             ^^^^^^^^^^^^^^^^^^^^^^^^^^^^^^^^^^^^
  File "/usr/lib/python3.12/importlib/__init__.py", line 90, in import_module
    return _bootstrap._gcd_import(name[level:], package, level)
           ^^^^^^^^^^^^^^^^^^^^^^^^^^^^^^^^^^^^^^^^^^^^^^^^^^^^
  File "<frozen importlib._bootstrap>", line 1387, in _gcd_import
  File "<frozen importlib._bootstrap>", line 1360, in _find_and_load
  File "<frozen importlib._bootstrap>", line 1331, in _find_and_load_unlocked
  File "<frozen importlib._bootstrap>", line 935, in _load_unlocked
  File "<frozen importlib._bootstrap_external>", line 995, in exec_module
  File "<frozen importlib._bootstrap>", line 488, in _call_with_frames_removed
  File "/usr/lib/python3/dist-packages/colcon_core/shell/sh.py", line 17, in <module>
    from colcon_core.shell.template import expand_template
  File "/usr/lib/python3/dist-packages/colcon_core/shell/template/__init__.py", line 19, in <module>
    raise e from None
  File "/usr/lib/python3/dist-packages/colcon_core/shell/template/__init__.py", line 10, in <module>
    from em import Interpreter
ImportError: cannot import name 'Interpreter' from 'em' (/home/student20/.local/lib/python3.12/site-packages/em/__init__.py) The Python package 'empy' must be installed and 'em' must not be installed since both packages share the same namespace

[0.384s] ERROR:colcon.colcon_core.extension_point:Exception loading extension 'colcon_core.shell.zsh': cannot import name 'Interpreter' from 'em' (/home/student20/.local/lib/python3.12/site-packages/em/__init__.py) The Python package 'empy' must be installed and 'em' must not be installed since both packages share the same namespace
Traceback (most recent call last):
  File "/usr/lib/python3/dist-packages/colcon_core/extension_point.py", line 168, in load_extension_points
    extension_type = load_extension_point(name, value, group)
                     ^^^^^^^^^^^^^^^^^^^^^^^^^^^^^^^^^^^^^^^^
  File "/usr/lib/python3/dist-packages/colcon_core/extension_point.py", line 208, in load_extension_point
    return EntryPoint(name, value, group).load()
           ^^^^^^^^^^^^^^^^^^^^^^^^^^^^^^^^^^^^^
  File "/usr/lib/python3.12/importlib/metadata/__init__.py", line 205, in load
    module = import_module(match.group('module'))
             ^^^^^^^^^^^^^^^^^^^^^^^^^^^^^^^^^^^^
  File "/usr/lib/python3.12/importlib/__init__.py", line 90, in import_module
    return _bootstrap._gcd_import(name[level:], package, level)
           ^^^^^^^^^^^^^^^^^^^^^^^^^^^^^^^^^^^^^^^^^^^^^^^^^^^^
  File "<frozen importlib._bootstrap>", line 1387, in _gcd_import
  File "<frozen importlib._bootstrap>", line 1360, in _find_and_load
  File "<frozen importlib._bootstrap>", line 1331, in _find_and_load_unlocked
  File "<frozen importlib._bootstrap>", line 935, in _load_unlocked
  File "<frozen importlib._bootstrap_external>", line 995, in exec_module
  File "<frozen importlib._bootstrap>", line 488, in _call_with_frames_removed
  File "/usr/lib/python3/dist-packages/colcon_zsh/shell/zsh.py", line 13, in <module>
    from colcon_core.shell.template import expand_template
  File "/usr/lib/python3/dist-packages/colcon_core/shell/template/__init__.py", line 19, in <module>
    raise e from None
  File "/usr/lib/python3/dist-packages/colcon_core/shell/template/__init__.py", line 10, in <module>
    from em import Interpreter
ImportError: cannot import name 'Interpreter' from 'em' (/home/student20/.local/lib/python3.12/site-packages/em/__init__.py) The Python package 'empy' must be installed and 'em' must not be installed since both packages share the same namespace

[0.384s] ERROR:colcon.colcon_cmake.task.cmake.build:Could not find a shell extension for the command environment
[0.386s] INFO:colcon.colcon_ros.task.ament_cmake.build:Building ROS package in '/home/student20/assessments/week3/src/custom_subscriber_package' with build type 'ament_cmake'
[0.386s] INFO:colcon.colcon_cmake.task.cmake.build:Building CMake package in '/home/student20/assessments/week3/src/custom_subscriber_package'
[0.391s] ERROR:colcon.colcon_core.extension_point:Exception loading extension 'colcon_core.shell.bash': cannot import name 'Interpreter' from 'em' (/home/student20/.local/lib/python3.12/site-packages/em/__init__.py) The Python package 'empy' must be installed and 'em' must not be installed since both packages share the same namespace
Traceback (most recent call last):
  File "/usr/lib/python3/dist-packages/colcon_core/extension_point.py", line 168, in load_extension_points
    extension_type = load_extension_point(name, value, group)
                     ^^^^^^^^^^^^^^^^^^^^^^^^^^^^^^^^^^^^^^^^
  File "/usr/lib/python3/dist-packages/colcon_core/extension_point.py", line 208, in load_extension_point
    return EntryPoint(name, value, group).load()
           ^^^^^^^^^^^^^^^^^^^^^^^^^^^^^^^^^^^^^
  File "/usr/lib/python3.12/importlib/metadata/__init__.py", line 205, in load
    module = import_module(match.group('module'))
             ^^^^^^^^^^^^^^^^^^^^^^^^^^^^^^^^^^^^
  File "/usr/lib/python3.12/importlib/__init__.py", line 90, in import_module
    return _bootstrap._gcd_import(name[level:], package, level)
           ^^^^^^^^^^^^^^^^^^^^^^^^^^^^^^^^^^^^^^^^^^^^^^^^^^^^
  File "<frozen importlib._bootstrap>", line 1387, in _gcd_import
  File "<frozen importlib._bootstrap>", line 1360, in _find_and_load
  File "<frozen importlib._bootstrap>", line 1331, in _find_and_load_unlocked
  File "<frozen importlib._bootstrap>", line 935, in _load_unlocked
  File "<frozen importlib._bootstrap_external>", line 995, in exec_module
  File "<frozen importlib._bootstrap>", line 488, in _call_with_frames_removed
  File "/usr/lib/python3/dist-packages/colcon_bash/shell/bash.py", line 13, in <module>
    from colcon_core.shell.template import expand_template
  File "/usr/lib/python3/dist-packages/colcon_core/shell/template/__init__.py", line 19, in <module>
    raise e from None
  File "/usr/lib/python3/dist-packages/colcon_core/shell/template/__init__.py", line 10, in <module>
    from em import Interpreter
ImportError: cannot import name 'Interpreter' from 'em' (/home/student20/.local/lib/python3.12/site-packages/em/__init__.py) The Python package 'empy' must be installed and 'em' must not be installed since both packages share the same namespace

[0.395s] ERROR:colcon.colcon_core.extension_point:Exception loading extension 'colcon_core.shell.bat': cannot import name 'Interpreter' from 'em' (/home/student20/.local/lib/python3.12/site-packages/em/__init__.py) The Python package 'empy' must be installed and 'em' must not be installed since both packages share the same namespace
Traceback (most recent call last):
  File "/usr/lib/python3/dist-packages/colcon_core/extension_point.py", line 168, in load_extension_points
    extension_type = load_extension_point(name, value, group)
                     ^^^^^^^^^^^^^^^^^^^^^^^^^^^^^^^^^^^^^^^^
  File "/usr/lib/python3/dist-packages/colcon_core/extension_point.py", line 208, in load_extension_point
    return EntryPoint(name, value, group).load()
           ^^^^^^^^^^^^^^^^^^^^^^^^^^^^^^^^^^^^^
  File "/usr/lib/python3.12/importlib/metadata/__init__.py", line 205, in load
    module = import_module(match.group('module'))
             ^^^^^^^^^^^^^^^^^^^^^^^^^^^^^^^^^^^^
  File "/usr/lib/python3.12/importlib/__init__.py", line 90, in import_module
    return _bootstrap._gcd_import(name[level:], package, level)
           ^^^^^^^^^^^^^^^^^^^^^^^^^^^^^^^^^^^^^^^^^^^^^^^^^^^^
  File "<frozen importlib._bootstrap>", line 1387, in _gcd_import
  File "<frozen importlib._bootstrap>", line 1360, in _find_and_load
  File "<frozen importlib._bootstrap>", line 1331, in _find_and_load_unlocked
  File "<frozen importlib._bootstrap>", line 935, in _load_unlocked
  File "<frozen importlib._bootstrap_external>", line 995, in exec_module
  File "<frozen importlib._bootstrap>", line 488, in _call_with_frames_removed
  File "/usr/lib/python3/dist-packages/colcon_core/shell/bat.py", line 15, in <module>
    from colcon_core.shell.template import expand_template
  File "/usr/lib/python3/dist-packages/colcon_core/shell/template/__init__.py", line 19, in <module>
    raise e from None
  File "/usr/lib/python3/dist-packages/colcon_core/shell/template/__init__.py", line 10, in <module>
    from em import Interpreter
ImportError: cannot import name 'Interpreter' from 'em' (/home/student20/.local/lib/python3.12/site-packages/em/__init__.py) The Python package 'empy' must be installed and 'em' must not be installed since both packages share the same namespace

[0.399s] ERROR:colcon.colcon_core.extension_point:Exception loading extension 'colcon_core.shell.dsv': cannot import name 'Interpreter' from 'em' (/home/student20/.local/lib/python3.12/site-packages/em/__init__.py) The Python package 'empy' must be installed and 'em' must not be installed since both packages share the same namespace
Traceback (most recent call last):
  File "/usr/lib/python3/dist-packages/colcon_core/extension_point.py", line 168, in load_extension_points
    extension_type = load_extension_point(name, value, group)
                     ^^^^^^^^^^^^^^^^^^^^^^^^^^^^^^^^^^^^^^^^
  File "/usr/lib/python3/dist-packages/colcon_core/extension_point.py", line 208, in load_extension_point
    return EntryPoint(name, value, group).load()
           ^^^^^^^^^^^^^^^^^^^^^^^^^^^^^^^^^^^^^
  File "/usr/lib/python3.12/importlib/metadata/__init__.py", line 205, in load
    module = import_module(match.group('module'))
             ^^^^^^^^^^^^^^^^^^^^^^^^^^^^^^^^^^^^
  File "/usr/lib/python3.12/importlib/__init__.py", line 90, in import_module
    return _bootstrap._gcd_import(name[level:], package, level)
           ^^^^^^^^^^^^^^^^^^^^^^^^^^^^^^^^^^^^^^^^^^^^^^^^^^^^
  File "<frozen importlib._bootstrap>", line 1387, in _gcd_import
  File "<frozen importlib._bootstrap>", line 1360, in _find_and_load
  File "<frozen importlib._bootstrap>", line 1331, in _find_and_load_unlocked
  File "<frozen importlib._bootstrap>", line 935, in _load_unlocked
  File "<frozen importlib._bootstrap_external>", line 995, in exec_module
  File "<frozen importlib._bootstrap>", line 488, in _call_with_frames_removed
  File "/usr/lib/python3/dist-packages/colcon_core/shell/dsv.py", line 9, in <module>
    from colcon_core.shell.template import expand_template
  File "/usr/lib/python3/dist-packages/colcon_core/shell/template/__init__.py", line 19, in <module>
    raise e from None
  File "/usr/lib/python3/dist-packages/colcon_core/shell/template/__init__.py", line 10, in <module>
    from em import Interpreter
ImportError: cannot import name 'Interpreter' from 'em' (/home/student20/.local/lib/python3.12/site-packages/em/__init__.py) The Python package 'empy' must be installed and 'em' must not be installed since both packages share the same namespace

[0.402s] ERROR:colcon.colcon_core.extension_point:Exception loading extension 'colcon_core.shell.sh': cannot import name 'Interpreter' from 'em' (/home/student20/.local/lib/python3.12/site-packages/em/__init__.py) The Python package 'empy' must be installed and 'em' must not be installed since both packages share the same namespace
Traceback (most recent call last):
  File "/usr/lib/python3/dist-packages/colcon_core/extension_point.py", line 168, in load_extension_points
    extension_type = load_extension_point(name, value, group)
                     ^^^^^^^^^^^^^^^^^^^^^^^^^^^^^^^^^^^^^^^^
  File "/usr/lib/python3/dist-packages/colcon_core/extension_point.py", line 208, in load_extension_point
    return EntryPoint(name, value, group).load()
           ^^^^^^^^^^^^^^^^^^^^^^^^^^^^^^^^^^^^^
  File "/usr/lib/python3.12/importlib/metadata/__init__.py", line 205, in load
    module = import_module(match.group('module'))
             ^^^^^^^^^^^^^^^^^^^^^^^^^^^^^^^^^^^^
  File "/usr/lib/python3.12/importlib/__init__.py", line 90, in import_module
    return _bootstrap._gcd_import(name[level:], package, level)
           ^^^^^^^^^^^^^^^^^^^^^^^^^^^^^^^^^^^^^^^^^^^^^^^^^^^^
  File "<frozen importlib._bootstrap>", line 1387, in _gcd_import
  File "<frozen importlib._bootstrap>", line 1360, in _find_and_load
  File "<frozen importlib._bootstrap>", line 1331, in _find_and_load_unlocked
  File "<frozen importlib._bootstrap>", line 935, in _load_unlocked
  File "<frozen importlib._bootstrap_external>", line 995, in exec_module
  File "<frozen importlib._bootstrap>", line 488, in _call_with_frames_removed
  File "/usr/lib/python3/dist-packages/colcon_core/shell/sh.py", line 17, in <module>
    from colcon_core.shell.template import expand_template
  File "/usr/lib/python3/dist-packages/colcon_core/shell/template/__init__.py", line 19, in <module>
    raise e from None
  File "/usr/lib/python3/dist-packages/colcon_core/shell/template/__init__.py", line 10, in <module>
    from em import Interpreter
ImportError: cannot import name 'Interpreter' from 'em' (/home/student20/.local/lib/python3.12/site-packages/em/__init__.py) The Python package 'empy' must be installed and 'em' must not be installed since both packages share the same namespace

[0.405s] ERROR:colcon.colcon_core.extension_point:Exception loading extension 'colcon_core.shell.zsh': cannot import name 'Interpreter' from 'em' (/home/student20/.local/lib/python3.12/site-packages/em/__init__.py) The Python package 'empy' must be installed and 'em' must not be installed since both packages share the same namespace
Traceback (most recent call last):
  File "/usr/lib/python3/dist-packages/colcon_core/extension_point.py", line 168, in load_extension_points
    extension_type = load_extension_point(name, value, group)
                     ^^^^^^^^^^^^^^^^^^^^^^^^^^^^^^^^^^^^^^^^
  File "/usr/lib/python3/dist-packages/colcon_core/extension_point.py", line 208, in load_extension_point
    return EntryPoint(name, value, group).load()
           ^^^^^^^^^^^^^^^^^^^^^^^^^^^^^^^^^^^^^
  File "/usr/lib/python3.12/importlib/metadata/__init__.py", line 205, in load
    module = import_module(match.group('module'))
             ^^^^^^^^^^^^^^^^^^^^^^^^^^^^^^^^^^^^
  File "/usr/lib/python3.12/importlib/__init__.py", line 90, in import_module
    return _bootstrap._gcd_import(name[level:], package, level)
           ^^^^^^^^^^^^^^^^^^^^^^^^^^^^^^^^^^^^^^^^^^^^^^^^^^^^
  File "<frozen importlib._bootstrap>", line 1387, in _gcd_import
  File "<frozen importlib._bootstrap>", line 1360, in _find_and_load
  File "<frozen importlib._bootstrap>", line 1331, in _find_and_load_unlocked
  File "<frozen importlib._bootstrap>", line 935, in _load_unlocked
  File "<frozen importlib._bootstrap_external>", line 995, in exec_module
  File "<frozen importlib._bootstrap>", line 488, in _call_with_frames_removed
  File "/usr/lib/python3/dist-packages/colcon_zsh/shell/zsh.py", line 13, in <module>
    from colcon_core.shell.template import expand_template
  File "/usr/lib/python3/dist-packages/colcon_core/shell/template/__init__.py", line 19, in <module>
    raise e from None
  File "/usr/lib/python3/dist-packages/colcon_core/shell/template/__init__.py", line 10, in <module>
    from em import Interpreter
ImportError: cannot import name 'Interpreter' from 'em' (/home/student20/.local/lib/python3.12/site-packages/em/__init__.py) The Python package 'empy' must be installed and 'em' must not be installed since both packages share the same namespace

[0.406s] ERROR:colcon.colcon_cmake.task.cmake.build:Could not find a shell extension for the command environment
[0.410s] Level 1:colcon.colcon_core.environment:create_environment_scripts_only(custom_message_package)
[0.416s] Level 1:colcon.colcon_core.environment:checking '/home/student20/assessments/week3/install/custom_message_package' for CMake module files
[0.417s] Level 1:colcon.colcon_core.environment:checking '/home/student20/assessments/week3/install/custom_message_package' for CMake config files
[0.419s] Level 1:colcon.colcon_core.environment:checking '/home/student20/assessments/week3/install/custom_message_package/bin'
[0.419s] Level 1:colcon.colcon_core.environment:checking '/home/student20/assessments/week3/install/custom_message_package/lib/pkgconfig/custom_message_package.pc'
[0.423s] Level 1:colcon.colcon_core.environment:checking '/home/student20/assessments/week3/install/custom_message_package/lib/python3.12/site-packages'
[0.424s] Level 1:colcon.colcon_core.environment:checking '/home/student20/assessments/week3/install/custom_message_package/bin'
[0.428s] ERROR:colcon.colcon_core.extension_point:Exception loading extension 'colcon_core.shell.bash': cannot import name 'Interpreter' from 'em' (/home/student20/.local/lib/python3.12/site-packages/em/__init__.py) The Python package 'empy' must be installed and 'em' must not be installed since both packages share the same namespace
Traceback (most recent call last):
  File "/usr/lib/python3/dist-packages/colcon_core/extension_point.py", line 168, in load_extension_points
    extension_type = load_extension_point(name, value, group)
                     ^^^^^^^^^^^^^^^^^^^^^^^^^^^^^^^^^^^^^^^^
  File "/usr/lib/python3/dist-packages/colcon_core/extension_point.py", line 208, in load_extension_point
    return EntryPoint(name, value, group).load()
           ^^^^^^^^^^^^^^^^^^^^^^^^^^^^^^^^^^^^^
  File "/usr/lib/python3.12/importlib/metadata/__init__.py", line 205, in load
    module = import_module(match.group('module'))
             ^^^^^^^^^^^^^^^^^^^^^^^^^^^^^^^^^^^^
  File "/usr/lib/python3.12/importlib/__init__.py", line 90, in import_module
    return _bootstrap._gcd_import(name[level:], package, level)
           ^^^^^^^^^^^^^^^^^^^^^^^^^^^^^^^^^^^^^^^^^^^^^^^^^^^^
  File "<frozen importlib._bootstrap>", line 1387, in _gcd_import
  File "<frozen importlib._bootstrap>", line 1360, in _find_and_load
  File "<frozen importlib._bootstrap>", line 1331, in _find_and_load_unlocked
  File "<frozen importlib._bootstrap>", line 935, in _load_unlocked
  File "<frozen importlib._bootstrap_external>", line 995, in exec_module
  File "<frozen importlib._bootstrap>", line 488, in _call_with_frames_removed
  File "/usr/lib/python3/dist-packages/colcon_bash/shell/bash.py", line 13, in <module>
    from colcon_core.shell.template import expand_template
  File "/usr/lib/python3/dist-packages/colcon_core/shell/template/__init__.py", line 19, in <module>
    raise e from None
  File "/usr/lib/python3/dist-packages/colcon_core/shell/template/__init__.py", line 10, in <module>
    from em import Interpreter
ImportError: cannot import name 'Interpreter' from 'em' (/home/student20/.local/lib/python3.12/site-packages/em/__init__.py) The Python package 'empy' must be installed and 'em' must not be installed since both packages share the same namespace

[0.432s] ERROR:colcon.colcon_core.extension_point:Exception loading extension 'colcon_core.shell.bat': cannot import name 'Interpreter' from 'em' (/home/student20/.local/lib/python3.12/site-packages/em/__init__.py) The Python package 'empy' must be installed and 'em' must not be installed since both packages share the same namespace
Traceback (most recent call last):
  File "/usr/lib/python3/dist-packages/colcon_core/extension_point.py", line 168, in load_extension_points
    extension_type = load_extension_point(name, value, group)
                     ^^^^^^^^^^^^^^^^^^^^^^^^^^^^^^^^^^^^^^^^
  File "/usr/lib/python3/dist-packages/colcon_core/extension_point.py", line 208, in load_extension_point
    return EntryPoint(name, value, group).load()
           ^^^^^^^^^^^^^^^^^^^^^^^^^^^^^^^^^^^^^
  File "/usr/lib/python3.12/importlib/metadata/__init__.py", line 205, in load
    module = import_module(match.group('module'))
             ^^^^^^^^^^^^^^^^^^^^^^^^^^^^^^^^^^^^
  File "/usr/lib/python3.12/importlib/__init__.py", line 90, in import_module
    return _bootstrap._gcd_import(name[level:], package, level)
           ^^^^^^^^^^^^^^^^^^^^^^^^^^^^^^^^^^^^^^^^^^^^^^^^^^^^
  File "<frozen importlib._bootstrap>", line 1387, in _gcd_import
  File "<frozen importlib._bootstrap>", line 1360, in _find_and_load
  File "<frozen importlib._bootstrap>", line 1331, in _find_and_load_unlocked
  File "<frozen importlib._bootstrap>", line 935, in _load_unlocked
  File "<frozen importlib._bootstrap_external>", line 995, in exec_module
  File "<frozen importlib._bootstrap>", line 488, in _call_with_frames_removed
  File "/usr/lib/python3/dist-packages/colcon_core/shell/bat.py", line 15, in <module>
    from colcon_core.shell.template import expand_template
  File "/usr/lib/python3/dist-packages/colcon_core/shell/template/__init__.py", line 19, in <module>
    raise e from None
  File "/usr/lib/python3/dist-packages/colcon_core/shell/template/__init__.py", line 10, in <module>
    from em import Interpreter
ImportError: cannot import name 'Interpreter' from 'em' (/home/student20/.local/lib/python3.12/site-packages/em/__init__.py) The Python package 'empy' must be installed and 'em' must not be installed since both packages share the same namespace

[0.435s] ERROR:colcon.colcon_core.extension_point:Exception loading extension 'colcon_core.shell.dsv': cannot import name 'Interpreter' from 'em' (/home/student20/.local/lib/python3.12/site-packages/em/__init__.py) The Python package 'empy' must be installed and 'em' must not be installed since both packages share the same namespace
Traceback (most recent call last):
  File "/usr/lib/python3/dist-packages/colcon_core/extension_point.py", line 168, in load_extension_points
    extension_type = load_extension_point(name, value, group)
                     ^^^^^^^^^^^^^^^^^^^^^^^^^^^^^^^^^^^^^^^^
  File "/usr/lib/python3/dist-packages/colcon_core/extension_point.py", line 208, in load_extension_point
    return EntryPoint(name, value, group).load()
           ^^^^^^^^^^^^^^^^^^^^^^^^^^^^^^^^^^^^^
  File "/usr/lib/python3.12/importlib/metadata/__init__.py", line 205, in load
    module = import_module(match.group('module'))
             ^^^^^^^^^^^^^^^^^^^^^^^^^^^^^^^^^^^^
  File "/usr/lib/python3.12/importlib/__init__.py", line 90, in import_module
    return _bootstrap._gcd_import(name[level:], package, level)
           ^^^^^^^^^^^^^^^^^^^^^^^^^^^^^^^^^^^^^^^^^^^^^^^^^^^^
  File "<frozen importlib._bootstrap>", line 1387, in _gcd_import
  File "<frozen importlib._bootstrap>", line 1360, in _find_and_load
  File "<frozen importlib._bootstrap>", line 1331, in _find_and_load_unlocked
  File "<frozen importlib._bootstrap>", line 935, in _load_unlocked
  File "<frozen importlib._bootstrap_external>", line 995, in exec_module
  File "<frozen importlib._bootstrap>", line 488, in _call_with_frames_removed
  File "/usr/lib/python3/dist-packages/colcon_core/shell/dsv.py", line 9, in <module>
    from colcon_core.shell.template import expand_template
  File "/usr/lib/python3/dist-packages/colcon_core/shell/template/__init__.py", line 19, in <module>
    raise e from None
  File "/usr/lib/python3/dist-packages/colcon_core/shell/template/__init__.py", line 10, in <module>
    from em import Interpreter
ImportError: cannot import name 'Interpreter' from 'em' (/home/student20/.local/lib/python3.12/site-packages/em/__init__.py) The Python package 'empy' must be installed and 'em' must not be installed since both packages share the same namespace

[0.439s] ERROR:colcon.colcon_core.extension_point:Exception loading extension 'colcon_core.shell.sh': cannot import name 'Interpreter' from 'em' (/home/student20/.local/lib/python3.12/site-packages/em/__init__.py) The Python package 'empy' must be installed and 'em' must not be installed since both packages share the same namespace
Traceback (most recent call last):
  File "/usr/lib/python3/dist-packages/colcon_core/extension_point.py", line 168, in load_extension_points
    extension_type = load_extension_point(name, value, group)
                     ^^^^^^^^^^^^^^^^^^^^^^^^^^^^^^^^^^^^^^^^
  File "/usr/lib/python3/dist-packages/colcon_core/extension_point.py", line 208, in load_extension_point
    return EntryPoint(name, value, group).load()
           ^^^^^^^^^^^^^^^^^^^^^^^^^^^^^^^^^^^^^
  File "/usr/lib/python3.12/importlib/metadata/__init__.py", line 205, in load
    module = import_module(match.group('module'))
             ^^^^^^^^^^^^^^^^^^^^^^^^^^^^^^^^^^^^
  File "/usr/lib/python3.12/importlib/__init__.py", line 90, in import_module
    return _bootstrap._gcd_import(name[level:], package, level)
           ^^^^^^^^^^^^^^^^^^^^^^^^^^^^^^^^^^^^^^^^^^^^^^^^^^^^
  File "<frozen importlib._bootstrap>", line 1387, in _gcd_import
  File "<frozen importlib._bootstrap>", line 1360, in _find_and_load
  File "<frozen importlib._bootstrap>", line 1331, in _find_and_load_unlocked
  File "<frozen importlib._bootstrap>", line 935, in _load_unlocked
  File "<frozen importlib._bootstrap_external>", line 995, in exec_module
  File "<frozen importlib._bootstrap>", line 488, in _call_with_frames_removed
  File "/usr/lib/python3/dist-packages/colcon_core/shell/sh.py", line 17, in <module>
    from colcon_core.shell.template import expand_template
  File "/usr/lib/python3/dist-packages/colcon_core/shell/template/__init__.py", line 19, in <module>
    raise e from None
  File "/usr/lib/python3/dist-packages/colcon_core/shell/template/__init__.py", line 10, in <module>
    from em import Interpreter
ImportError: cannot import name 'Interpreter' from 'em' (/home/student20/.local/lib/python3.12/site-packages/em/__init__.py) The Python package 'empy' must be installed and 'em' must not be installed since both packages share the same namespace

[0.443s] ERROR:colcon.colcon_core.extension_point:Exception loading extension 'colcon_core.shell.zsh': cannot import name 'Interpreter' from 'em' (/home/student20/.local/lib/python3.12/site-packages/em/__init__.py) The Python package 'empy' must be installed and 'em' must not be installed since both packages share the same namespace
Traceback (most recent call last):
  File "/usr/lib/python3/dist-packages/colcon_core/extension_point.py", line 168, in load_extension_points
    extension_type = load_extension_point(name, value, group)
                     ^^^^^^^^^^^^^^^^^^^^^^^^^^^^^^^^^^^^^^^^
  File "/usr/lib/python3/dist-packages/colcon_core/extension_point.py", line 208, in load_extension_point
    return EntryPoint(name, value, group).load()
           ^^^^^^^^^^^^^^^^^^^^^^^^^^^^^^^^^^^^^
  File "/usr/lib/python3.12/importlib/metadata/__init__.py", line 205, in load
    module = import_module(match.group('module'))
             ^^^^^^^^^^^^^^^^^^^^^^^^^^^^^^^^^^^^
  File "/usr/lib/python3.12/importlib/__init__.py", line 90, in import_module
    return _bootstrap._gcd_import(name[level:], package, level)
           ^^^^^^^^^^^^^^^^^^^^^^^^^^^^^^^^^^^^^^^^^^^^^^^^^^^^
  File "<frozen importlib._bootstrap>", line 1387, in _gcd_import
  File "<frozen importlib._bootstrap>", line 1360, in _find_and_load
  File "<frozen importlib._bootstrap>", line 1331, in _find_and_load_unlocked
  File "<frozen importlib._bootstrap>", line 935, in _load_unlocked
  File "<frozen importlib._bootstrap_external>", line 995, in exec_module
  File "<frozen importlib._bootstrap>", line 488, in _call_with_frames_removed
  File "/usr/lib/python3/dist-packages/colcon_zsh/shell/zsh.py", line 13, in <module>
    from colcon_core.shell.template import expand_template
  File "/usr/lib/python3/dist-packages/colcon_core/shell/template/__init__.py", line 19, in <module>
    raise e from None
  File "/usr/lib/python3/dist-packages/colcon_core/shell/template/__init__.py", line 10, in <module>
    from em import Interpreter
ImportError: cannot import name 'Interpreter' from 'em' (/home/student20/.local/lib/python3.12/site-packages/em/__init__.py) The Python package 'empy' must be installed and 'em' must not be installed since both packages share the same namespace

[0.443s] Level 1:colcon.colcon_core.environment:create_file_with_runtime_dependencies(/home/student20/assessments/week3/install/custom_message_package/share/colcon-core/packages/custom_message_package)
[0.457s] DEBUG:colcon.colcon_parallel_executor.executor.parallel:closing loop
[0.457s] DEBUG:colcon.colcon_parallel_executor.executor.parallel:loop closed
[0.457s] DEBUG:colcon.colcon_parallel_executor.executor.parallel:run_until_complete finished with '1'
[0.457s] DEBUG:colcon.colcon_core.event_reactor:joining thread
[0.471s] INFO:colcon.colcon_core.plugin_system:Skipping extension 'colcon_notification.desktop_notification.terminal_notifier': Not used on non-Darwin systems
[0.471s] INFO:colcon.colcon_core.plugin_system:Skipping extension 'colcon_notification.desktop_notification.win32': Not used on non-Windows systems
[0.472s] INFO:colcon.colcon_notification.desktop_notification:Sending desktop notification using 'notify2'
[0.510s] DEBUG:colcon.colcon_core.event_reactor:joined thread
[0.514s] ERROR:colcon.colcon_core.extension_point:Exception loading extension 'colcon_core.shell.bash': cannot import name 'Interpreter' from 'em' (/home/student20/.local/lib/python3.12/site-packages/em/__init__.py) The Python package 'empy' must be installed and 'em' must not be installed since both packages share the same namespace
Traceback (most recent call last):
  File "/usr/lib/python3/dist-packages/colcon_core/extension_point.py", line 168, in load_extension_points
    extension_type = load_extension_point(name, value, group)
                     ^^^^^^^^^^^^^^^^^^^^^^^^^^^^^^^^^^^^^^^^
  File "/usr/lib/python3/dist-packages/colcon_core/extension_point.py", line 208, in load_extension_point
    return EntryPoint(name, value, group).load()
           ^^^^^^^^^^^^^^^^^^^^^^^^^^^^^^^^^^^^^
  File "/usr/lib/python3.12/importlib/metadata/__init__.py", line 205, in load
    module = import_module(match.group('module'))
             ^^^^^^^^^^^^^^^^^^^^^^^^^^^^^^^^^^^^
  File "/usr/lib/python3.12/importlib/__init__.py", line 90, in import_module
    return _bootstrap._gcd_import(name[level:], package, level)
           ^^^^^^^^^^^^^^^^^^^^^^^^^^^^^^^^^^^^^^^^^^^^^^^^^^^^
  File "<frozen importlib._bootstrap>", line 1387, in _gcd_import
  File "<frozen importlib._bootstrap>", line 1360, in _find_and_load
  File "<frozen importlib._bootstrap>", line 1331, in _find_and_load_unlocked
  File "<frozen importlib._bootstrap>", line 935, in _load_unlocked
  File "<frozen importlib._bootstrap_external>", line 995, in exec_module
  File "<frozen importlib._bootstrap>", line 488, in _call_with_frames_removed
  File "/usr/lib/python3/dist-packages/colcon_bash/shell/bash.py", line 13, in <module>
    from colcon_core.shell.template import expand_template
  File "/usr/lib/python3/dist-packages/colcon_core/shell/template/__init__.py", line 19, in <module>
    raise e from None
  File "/usr/lib/python3/dist-packages/colcon_core/shell/template/__init__.py", line 10, in <module>
    from em import Interpreter
ImportError: cannot import name 'Interpreter' from 'em' (/home/student20/.local/lib/python3.12/site-packages/em/__init__.py) The Python package 'empy' must be installed and 'em' must not be installed since both packages share the same namespace

[0.516s] ERROR:colcon.colcon_core.extension_point:Exception loading extension 'colcon_core.shell.bat': cannot import name 'Interpreter' from 'em' (/home/student20/.local/lib/python3.12/site-packages/em/__init__.py) The Python package 'empy' must be installed and 'em' must not be installed since both packages share the same namespace
Traceback (most recent call last):
  File "/usr/lib/python3/dist-packages/colcon_core/extension_point.py", line 168, in load_extension_points
    extension_type = load_extension_point(name, value, group)
                     ^^^^^^^^^^^^^^^^^^^^^^^^^^^^^^^^^^^^^^^^
  File "/usr/lib/python3/dist-packages/colcon_core/extension_point.py", line 208, in load_extension_point
    return EntryPoint(name, value, group).load()
           ^^^^^^^^^^^^^^^^^^^^^^^^^^^^^^^^^^^^^
  File "/usr/lib/python3.12/importlib/metadata/__init__.py", line 205, in load
    module = import_module(match.group('module'))
             ^^^^^^^^^^^^^^^^^^^^^^^^^^^^^^^^^^^^
  File "/usr/lib/python3.12/importlib/__init__.py", line 90, in import_module
    return _bootstrap._gcd_import(name[level:], package, level)
           ^^^^^^^^^^^^^^^^^^^^^^^^^^^^^^^^^^^^^^^^^^^^^^^^^^^^
  File "<frozen importlib._bootstrap>", line 1387, in _gcd_import
  File "<frozen importlib._bootstrap>", line 1360, in _find_and_load
  File "<frozen importlib._bootstrap>", line 1331, in _find_and_load_unlocked
  File "<frozen importlib._bootstrap>", line 935, in _load_unlocked
  File "<frozen importlib._bootstrap_external>", line 995, in exec_module
  File "<frozen importlib._bootstrap>", line 488, in _call_with_frames_removed
  File "/usr/lib/python3/dist-packages/colcon_core/shell/bat.py", line 15, in <module>
    from colcon_core.shell.template import expand_template
  File "/usr/lib/python3/dist-packages/colcon_core/shell/template/__init__.py", line 19, in <module>
    raise e from None
  File "/usr/lib/python3/dist-packages/colcon_core/shell/template/__init__.py", line 10, in <module>
    from em import Interpreter
ImportError: cannot import name 'Interpreter' from 'em' (/home/student20/.local/lib/python3.12/site-packages/em/__init__.py) The Python package 'empy' must be installed and 'em' must not be installed since both packages share the same namespace

[0.519s] ERROR:colcon.colcon_core.extension_point:Exception loading extension 'colcon_core.shell.dsv': cannot import name 'Interpreter' from 'em' (/home/student20/.local/lib/python3.12/site-packages/em/__init__.py) The Python package 'empy' must be installed and 'em' must not be installed since both packages share the same namespace
Traceback (most recent call last):
  File "/usr/lib/python3/dist-packages/colcon_core/extension_point.py", line 168, in load_extension_points
    extension_type = load_extension_point(name, value, group)
                     ^^^^^^^^^^^^^^^^^^^^^^^^^^^^^^^^^^^^^^^^
  File "/usr/lib/python3/dist-packages/colcon_core/extension_point.py", line 208, in load_extension_point
    return EntryPoint(name, value, group).load()
           ^^^^^^^^^^^^^^^^^^^^^^^^^^^^^^^^^^^^^
  File "/usr/lib/python3.12/importlib/metadata/__init__.py", line 205, in load
    module = import_module(match.group('module'))
             ^^^^^^^^^^^^^^^^^^^^^^^^^^^^^^^^^^^^
  File "/usr/lib/python3.12/importlib/__init__.py", line 90, in import_module
    return _bootstrap._gcd_import(name[level:], package, level)
           ^^^^^^^^^^^^^^^^^^^^^^^^^^^^^^^^^^^^^^^^^^^^^^^^^^^^
  File "<frozen importlib._bootstrap>", line 1387, in _gcd_import
  File "<frozen importlib._bootstrap>", line 1360, in _find_and_load
  File "<frozen importlib._bootstrap>", line 1331, in _find_and_load_unlocked
  File "<frozen importlib._bootstrap>", line 935, in _load_unlocked
  File "<frozen importlib._bootstrap_external>", line 995, in exec_module
  File "<frozen importlib._bootstrap>", line 488, in _call_with_frames_removed
  File "/usr/lib/python3/dist-packages/colcon_core/shell/dsv.py", line 9, in <module>
    from colcon_core.shell.template import expand_template
  File "/usr/lib/python3/dist-packages/colcon_core/shell/template/__init__.py", line 19, in <module>
    raise e from None
  File "/usr/lib/python3/dist-packages/colcon_core/shell/template/__init__.py", line 10, in <module>
    from em import Interpreter
ImportError: cannot import name 'Interpreter' from 'em' (/home/student20/.local/lib/python3.12/site-packages/em/__init__.py) The Python package 'empy' must be installed and 'em' must not be installed since both packages share the same namespace

[0.523s] ERROR:colcon.colcon_core.extension_point:Exception loading extension 'colcon_core.shell.sh': cannot import name 'Interpreter' from 'em' (/home/student20/.local/lib/python3.12/site-packages/em/__init__.py) The Python package 'empy' must be installed and 'em' must not be installed since both packages share the same namespace
Traceback (most recent call last):
  File "/usr/lib/python3/dist-packages/colcon_core/extension_point.py", line 168, in load_extension_points
    extension_type = load_extension_point(name, value, group)
                     ^^^^^^^^^^^^^^^^^^^^^^^^^^^^^^^^^^^^^^^^
  File "/usr/lib/python3/dist-packages/colcon_core/extension_point.py", line 208, in load_extension_point
    return EntryPoint(name, value, group).load()
           ^^^^^^^^^^^^^^^^^^^^^^^^^^^^^^^^^^^^^
  File "/usr/lib/python3.12/importlib/metadata/__init__.py", line 205, in load
    module = import_module(match.group('module'))
             ^^^^^^^^^^^^^^^^^^^^^^^^^^^^^^^^^^^^
  File "/usr/lib/python3.12/importlib/__init__.py", line 90, in import_module
    return _bootstrap._gcd_import(name[level:], package, level)
           ^^^^^^^^^^^^^^^^^^^^^^^^^^^^^^^^^^^^^^^^^^^^^^^^^^^^
  File "<frozen importlib._bootstrap>", line 1387, in _gcd_import
  File "<frozen importlib._bootstrap>", line 1360, in _find_and_load
  File "<frozen importlib._bootstrap>", line 1331, in _find_and_load_unlocked
  File "<frozen importlib._bootstrap>", line 935, in _load_unlocked
  File "<frozen importlib._bootstrap_external>", line 995, in exec_module
  File "<frozen importlib._bootstrap>", line 488, in _call_with_frames_removed
  File "/usr/lib/python3/dist-packages/colcon_core/shell/sh.py", line 17, in <module>
    from colcon_core.shell.template import expand_template
  File "/usr/lib/python3/dist-packages/colcon_core/shell/template/__init__.py", line 19, in <module>
    raise e from None
  File "/usr/lib/python3/dist-packages/colcon_core/shell/template/__init__.py", line 10, in <module>
    from em import Interpreter
ImportError: cannot import name 'Interpreter' from 'em' (/home/student20/.local/lib/python3.12/site-packages/em/__init__.py) The Python package 'empy' must be installed and 'em' must not be installed since both packages share the same namespace

[0.527s] ERROR:colcon.colcon_core.extension_point:Exception loading extension 'colcon_core.shell.zsh': cannot import name 'Interpreter' from 'em' (/home/student20/.local/lib/python3.12/site-packages/em/__init__.py) The Python package 'empy' must be installed and 'em' must not be installed since both packages share the same namespace
Traceback (most recent call last):
  File "/usr/lib/python3/dist-packages/colcon_core/extension_point.py", line 168, in load_extension_points
    extension_type = load_extension_point(name, value, group)
                     ^^^^^^^^^^^^^^^^^^^^^^^^^^^^^^^^^^^^^^^^
  File "/usr/lib/python3/dist-packages/colcon_core/extension_point.py", line 208, in load_extension_point
    return EntryPoint(name, value, group).load()
           ^^^^^^^^^^^^^^^^^^^^^^^^^^^^^^^^^^^^^
  File "/usr/lib/python3.12/importlib/metadata/__init__.py", line 205, in load
    module = import_module(match.group('module'))
             ^^^^^^^^^^^^^^^^^^^^^^^^^^^^^^^^^^^^
  File "/usr/lib/python3.12/importlib/__init__.py", line 90, in import_module
    return _bootstrap._gcd_import(name[level:], package, level)
           ^^^^^^^^^^^^^^^^^^^^^^^^^^^^^^^^^^^^^^^^^^^^^^^^^^^^
  File "<frozen importlib._bootstrap>", line 1387, in _gcd_import
  File "<frozen importlib._bootstrap>", line 1360, in _find_and_load
  File "<frozen importlib._bootstrap>", line 1331, in _find_and_load_unlocked
  File "<frozen importlib._bootstrap>", line 935, in _load_unlocked
  File "<frozen importlib._bootstrap_external>", line 995, in exec_module
  File "<frozen importlib._bootstrap>", line 488, in _call_with_frames_removed
  File "/usr/lib/python3/dist-packages/colcon_zsh/shell/zsh.py", line 13, in <module>
    from colcon_core.shell.template import expand_template
  File "/usr/lib/python3/dist-packages/colcon_core/shell/template/__init__.py", line 19, in <module>
    raise e from None
  File "/usr/lib/python3/dist-packages/colcon_core/shell/template/__init__.py", line 10, in <module>
    from em import Interpreter
ImportError: cannot import name 'Interpreter' from 'em' (/home/student20/.local/lib/python3.12/site-packages/em/__init__.py) The Python package 'empy' must be installed and 'em' must not be installed since both packages share the same namespace

