[0.074s] Invoking command in '/home/student20/assessments/coursework1/build/sfr_coursework1_interface_package': CMAKE_PREFIX_PATH=${CMAKE_PREFIX_PATH}:/home/student20/assessments/coursework1/install/beta_pilot_launch_pkg:/home/student20/assessments/coursework1/install/beta_pilot_controller_pkg:/home/student20/assessments/coursework1/install/launch_package:/home/student20/assessments/coursework1/install/beta_pilot_pkg:/opt/ros/jazzy DEBUGINFOD_URLS=https://debuginfod.ubuntu.com /usr/bin/cmake /home/student20/assessments/coursework1/src/sfr_coursework1_interface_package -DAMENT_CMAKE_SYMLINK_INSTALL=1 -DCMAKE_INSTALL_PREFIX=/home/student20/assessments/coursework1/install/sfr_coursework1_interface_package
[0.797s] -- The C compiler identification is GNU 13.3.0
[0.797s] -- The CXX compiler identification is GNU 13.3.0
[0.798s] -- Detecting C compiler ABI info
[0.798s] -- Detecting C compiler ABI info - done
[0.802s] -- Check for working C compiler: /usr/bin/cc - skipped
[0.803s] -- Detecting C compile features
[0.804s] -- Detecting C compile features - done
[0.845s] -- Detecting CXX compiler ABI info
[1.106s] -- Detecting CXX compiler ABI info - done
[1.145s] -- Check for working CXX compiler: /usr/bin/c++ - skipped
[1.146s] -- Detecting CXX compile features
[1.151s] -- Detecting CXX compile features - done
[1.158s] -- Found ament_cmake: 2.5.4 (/opt/ros/jazzy/share/ament_cmake/cmake)
[1.662s] -- Found Python3: /usr/bin/python3 (found version "3.12.3") found components: Interpreter 
[1.859s] -- Override CMake install command with custom implementation using symlinks instead of copying resources
[1.939s] -- Found rosidl_default_generators: 1.6.0 (/opt/ros/jazzy/share/rosidl_default_generators/cmake)
[1.952s] -- Using all available rosidl_typesupport_c: rosidl_typesupport_fastrtps_c;rosidl_typesupport_introspection_c
[2.064s] -- Using all available rosidl_typesupport_cpp: rosidl_typesupport_fastrtps_cpp;rosidl_typesupport_introspection_cpp
[2.159s] -- Found rosidl_adapter: 4.6.6 (/opt/ros/jazzy/share/rosidl_adapter/cmake)
[4.029s] -- Found ament_cmake_ros: 0.12.0 (/opt/ros/jazzy/share/ament_cmake_ros/cmake)
[5.657s] -- Using all available rosidl_typesupport_c: rosidl_typesupport_fastrtps_c;rosidl_typesupport_introspection_c
[7.424s] -- Using all available rosidl_typesupport_cpp: rosidl_typesupport_fastrtps_cpp;rosidl_typesupport_introspection_cpp
[7.431s] -- Found python_cmake_module: 0.11.1 (/opt/ros/jazzy/share/python_cmake_module/cmake)
[7.815s] -- Found PythonExtra: /usr/bin/python3  
[9.043s] -- Found Python3: /usr/bin/python3 (found version "3.12.3") found components: Interpreter Development NumPy Development.Module Development.Embed 
[9.183s] -- Found ament_lint_auto: 0.17.3 (/opt/ros/jazzy/share/ament_lint_auto/cmake)
[9.249s] -- Added test 'lint_cmake' to check CMake code style
[9.253s] -- Added test 'xmllint' to check XML markup files
[9.263s] -- Configuring done (9.2s)
[9.355s] -- Generating done (0.1s)
[9.388s] -- Build files have been written to: /home/student20/assessments/coursework1/build/sfr_coursework1_interface_package
[9.403s] Invoked command in '/home/student20/assessments/coursework1/build/sfr_coursework1_interface_package' returned '0': CMAKE_PREFIX_PATH=${CMAKE_PREFIX_PATH}:/home/student20/assessments/coursework1/install/beta_pilot_launch_pkg:/home/student20/assessments/coursework1/install/beta_pilot_controller_pkg:/home/student20/assessments/coursework1/install/launch_package:/home/student20/assessments/coursework1/install/beta_pilot_pkg:/opt/ros/jazzy DEBUGINFOD_URLS=https://debuginfod.ubuntu.com /usr/bin/cmake /home/student20/assessments/coursework1/src/sfr_coursework1_interface_package -DAMENT_CMAKE_SYMLINK_INSTALL=1 -DCMAKE_INSTALL_PREFIX=/home/student20/assessments/coursework1/install/sfr_coursework1_interface_package
[9.406s] Invoking command in '/home/student20/assessments/coursework1/build/sfr_coursework1_interface_package': CMAKE_PREFIX_PATH=${CMAKE_PREFIX_PATH}:/home/student20/assessments/coursework1/install/beta_pilot_launch_pkg:/home/student20/assessments/coursework1/install/beta_pilot_controller_pkg:/home/student20/assessments/coursework1/install/launch_package:/home/student20/assessments/coursework1/install/beta_pilot_pkg:/opt/ros/jazzy DEBUGINFOD_URLS=https://debuginfod.ubuntu.com /usr/bin/cmake --build /home/student20/assessments/coursework1/build/sfr_coursework1_interface_package -- -j12 -l12
[9.523s] [  1%] [34m[1mGenerating type hashes for ROS interfaces[0m
[9.552s] [  1%] Built target ament_cmake_python_symlink_sfr_coursework1_interface_package
[10.091s] running egg_info
[10.094s] creating sfr_coursework1_interface_package.egg-info
[10.113s] [  1%] Built target sfr_coursework1_interface_package__rosidl_generator_type_description
[10.143s] writing sfr_coursework1_interface_package.egg-info/PKG-INFO
[10.143s] writing dependency_links to sfr_coursework1_interface_package.egg-info/dependency_links.txt
[10.144s] writing top-level names to sfr_coursework1_interface_package.egg-info/top_level.txt
[10.144s] writing manifest file 'sfr_coursework1_interface_package.egg-info/SOURCES.txt'
[10.145s] [  3%] [34m[1mGenerating C code for ROS interfaces[0m
[10.174s] [  4%] [34m[1mGenerating C++ code for ROS interfaces[0m
[10.278s] reading manifest file 'sfr_coursework1_interface_package.egg-info/SOURCES.txt'
[10.280s] writing manifest file 'sfr_coursework1_interface_package.egg-info/SOURCES.txt'
[10.359s] [  4%] Built target ament_cmake_python_build_sfr_coursework1_interface_package_egg
[11.101s] [  4%] Built target sfr_coursework1_interface_package__cpp
[11.412s] [  7%] [32mBuilding C object CMakeFiles/sfr_coursework1_interface_package__rosidl_generator_c.dir/rosidl_generator_c/sfr_coursework1_interface_package/msg/detail/task_space_pose__functions.c.o[0m
[11.412s] [  7%] [32mBuilding C object CMakeFiles/sfr_coursework1_interface_package__rosidl_generator_c.dir/rosidl_generator_c/sfr_coursework1_interface_package/msg/detail/task_space_pose__type_support.c.o[0m
[11.413s] [  9%] [32mBuilding C object CMakeFiles/sfr_coursework1_interface_package__rosidl_generator_c.dir/rosidl_generator_c/sfr_coursework1_interface_package/msg/detail/task_space_pose__description.c.o[0m
[11.413s] [ 10%] [32mBuilding C object CMakeFiles/sfr_coursework1_interface_package__rosidl_generator_c.dir/rosidl_generator_c/sfr_coursework1_interface_package/msg/detail/wheel_angular_velocities__functions.c.o[0m
[11.416s] [ 15%] [32mBuilding C object CMakeFiles/sfr_coursework1_interface_package__rosidl_generator_c.dir/rosidl_generator_c/sfr_coursework1_interface_package/msg/detail/wheel_angular_velocities__description.c.o[0m
[11.417s] [ 15%] [32mBuilding C object CMakeFiles/sfr_coursework1_interface_package__rosidl_generator_c.dir/rosidl_generator_c/sfr_coursework1_interface_package/srv/detail/turn_robot_on__description.c.o[0m
[11.417s] [ 15%] [32mBuilding C object CMakeFiles/sfr_coursework1_interface_package__rosidl_generator_c.dir/rosidl_generator_c/sfr_coursework1_interface_package/msg/detail/wheel_angular_velocities__type_support.c.o[0m
[11.422s] [ 17%] [32mBuilding C object CMakeFiles/sfr_coursework1_interface_package__rosidl_generator_c.dir/rosidl_generator_c/sfr_coursework1_interface_package/srv/detail/turn_robot_off__description.c.o[0m
[11.423s] [ 18%] [32mBuilding C object CMakeFiles/sfr_coursework1_interface_package__rosidl_generator_c.dir/rosidl_generator_c/sfr_coursework1_interface_package/srv/detail/turn_robot_on__functions.c.o[0m
[11.425s] [ 20%] [32mBuilding C object CMakeFiles/sfr_coursework1_interface_package__rosidl_generator_c.dir/rosidl_generator_c/sfr_coursework1_interface_package/srv/detail/turn_robot_off__functions.c.o[0m
[11.430s] [ 21%] [32mBuilding C object CMakeFiles/sfr_coursework1_interface_package__rosidl_generator_c.dir/rosidl_generator_c/sfr_coursework1_interface_package/srv/detail/turn_robot_off__type_support.c.o[0m
[11.434s] [ 23%] [32mBuilding C object CMakeFiles/sfr_coursework1_interface_package__rosidl_generator_c.dir/rosidl_generator_c/sfr_coursework1_interface_package/srv/detail/turn_robot_on__type_support.c.o[0m
[11.670s] [ 25%] [32m[1mLinking C shared library libsfr_coursework1_interface_package__rosidl_generator_c.so[0m
[11.762s] [ 25%] Built target sfr_coursework1_interface_package__rosidl_generator_c
[11.791s] [ 26%] [34m[1mGenerating C++ type support for eProsima Fast-RTPS[0m
[11.793s] [ 28%] [34m[1mGenerating C++ introspection for ROS interfaces[0m
[11.794s] [ 31%] [34m[1mGenerating C introspection for ROS interfaces[0m
[11.795s] [ 31%] [34m[1mGenerating C++ type support dispatch for ROS interfaces[0m
[11.795s] [ 34%] [34m[1mGenerating C type support for eProsima Fast-RTPS[0m
[11.796s] [ 34%] [34m[1mGenerating C type support dispatch for ROS interfaces[0m
[12.762s] [ 35%] [32mBuilding CXX object CMakeFiles/sfr_coursework1_interface_package__rosidl_typesupport_c.dir/rosidl_typesupport_c/sfr_coursework1_interface_package/srv/turn_robot_off__type_support.cpp.o[0m
[12.763s] [ 37%] [32mBuilding CXX object CMakeFiles/sfr_coursework1_interface_package__rosidl_typesupport_c.dir/rosidl_typesupport_c/sfr_coursework1_interface_package/msg/wheel_angular_velocities__type_support.cpp.o[0m
[12.769s] [ 39%] [32mBuilding CXX object CMakeFiles/sfr_coursework1_interface_package__rosidl_typesupport_c.dir/rosidl_typesupport_c/sfr_coursework1_interface_package/srv/turn_robot_on__type_support.cpp.o[0m
[12.772s] [ 40%] [32mBuilding CXX object CMakeFiles/sfr_coursework1_interface_package__rosidl_typesupport_c.dir/rosidl_typesupport_c/sfr_coursework1_interface_package/msg/task_space_pose__type_support.cpp.o[0m
[12.784s] [ 42%] [32mBuilding CXX object CMakeFiles/sfr_coursework1_interface_package__rosidl_typesupport_cpp.dir/rosidl_typesupport_cpp/sfr_coursework1_interface_package/msg/task_space_pose__type_support.cpp.o[0m
[12.786s] [ 43%] [32mBuilding CXX object CMakeFiles/sfr_coursework1_interface_package__rosidl_typesupport_cpp.dir/rosidl_typesupport_cpp/sfr_coursework1_interface_package/srv/turn_robot_on__type_support.cpp.o[0m
[12.790s] [ 45%] [32mBuilding CXX object CMakeFiles/sfr_coursework1_interface_package__rosidl_typesupport_cpp.dir/rosidl_typesupport_cpp/sfr_coursework1_interface_package/srv/turn_robot_off__type_support.cpp.o[0m
[12.854s] [ 46%] [32mBuilding CXX object CMakeFiles/sfr_coursework1_interface_package__rosidl_typesupport_cpp.dir/rosidl_typesupport_cpp/sfr_coursework1_interface_package/msg/wheel_angular_velocities__type_support.cpp.o[0m
[12.975s] [ 48%] [32m[1mLinking CXX shared library libsfr_coursework1_interface_package__rosidl_typesupport_c.so[0m
[13.097s] [ 50%] [32mBuilding CXX object CMakeFiles/sfr_coursework1_interface_package__rosidl_typesupport_introspection_cpp.dir/rosidl_typesupport_introspection_cpp/sfr_coursework1_interface_package/msg/detail/task_space_pose__type_support.cpp.o[0m
[13.099s] [ 53%] [32mBuilding CXX object CMakeFiles/sfr_coursework1_interface_package__rosidl_typesupport_introspection_cpp.dir/rosidl_typesupport_introspection_cpp/sfr_coursework1_interface_package/msg/detail/wheel_angular_velocities__type_support.cpp.o[0m
[13.100s] [ 54%] [32mBuilding CXX object CMakeFiles/sfr_coursework1_interface_package__rosidl_typesupport_introspection_cpp.dir/rosidl_typesupport_introspection_cpp/sfr_coursework1_interface_package/srv/detail/turn_robot_off__type_support.cpp.o[0m
[13.100s] [ 54%] [32mBuilding C object CMakeFiles/sfr_coursework1_interface_package__rosidl_typesupport_introspection_c.dir/rosidl_typesupport_introspection_c/sfr_coursework1_interface_package/msg/detail/task_space_pose__type_support.c.o[0m
[13.108s] [ 56%] [32mBuilding CXX object CMakeFiles/sfr_coursework1_interface_package__rosidl_typesupport_introspection_cpp.dir/rosidl_typesupport_introspection_cpp/sfr_coursework1_interface_package/srv/detail/turn_robot_on__type_support.cpp.o[0m
[13.142s] [ 57%] [32mBuilding CXX object CMakeFiles/sfr_coursework1_interface_package__rosidl_typesupport_fastrtps_cpp.dir/rosidl_typesupport_fastrtps_cpp/sfr_coursework1_interface_package/msg/detail/dds_fastrtps/task_space_pose__type_support.cpp.o[0m
[13.157s] [ 57%] Built target sfr_coursework1_interface_package__rosidl_typesupport_c
[13.196s] [ 59%] [32mBuilding C object CMakeFiles/sfr_coursework1_interface_package__rosidl_typesupport_introspection_c.dir/rosidl_typesupport_introspection_c/sfr_coursework1_interface_package/msg/detail/wheel_angular_velocities__type_support.c.o[0m
[13.356s] [ 60%] [32mBuilding CXX object CMakeFiles/sfr_coursework1_interface_package__rosidl_typesupport_fastrtps_cpp.dir/rosidl_typesupport_fastrtps_cpp/sfr_coursework1_interface_package/msg/detail/dds_fastrtps/wheel_angular_velocities__type_support.cpp.o[0m
[13.378s] [ 62%] [32mBuilding C object CMakeFiles/sfr_coursework1_interface_package__rosidl_typesupport_introspection_c.dir/rosidl_typesupport_introspection_c/sfr_coursework1_interface_package/srv/detail/turn_robot_off__type_support.c.o[0m
[13.560s] [ 64%] [32mBuilding CXX object CMakeFiles/sfr_coursework1_interface_package__rosidl_typesupport_fastrtps_c.dir/rosidl_typesupport_fastrtps_c/sfr_coursework1_interface_package/msg/detail/task_space_pose__type_support_c.cpp.o[0m
[13.645s] [ 65%] [32mBuilding C object CMakeFiles/sfr_coursework1_interface_package__rosidl_typesupport_introspection_c.dir/rosidl_typesupport_introspection_c/sfr_coursework1_interface_package/srv/detail/turn_robot_on__type_support.c.o[0m
[13.906s] [ 67%] [32m[1mLinking C shared library libsfr_coursework1_interface_package__rosidl_typesupport_introspection_c.so[0m
[14.091s] [ 67%] Built target sfr_coursework1_interface_package__rosidl_typesupport_introspection_c
[14.137s] [ 68%] [32mBuilding CXX object CMakeFiles/sfr_coursework1_interface_package__rosidl_typesupport_fastrtps_c.dir/rosidl_typesupport_fastrtps_c/sfr_coursework1_interface_package/msg/detail/wheel_angular_velocities__type_support_c.cpp.o[0m
[14.155s] [ 70%] [32mBuilding CXX object CMakeFiles/sfr_coursework1_interface_package__rosidl_typesupport_fastrtps_cpp.dir/rosidl_typesupport_fastrtps_cpp/sfr_coursework1_interface_package/srv/detail/dds_fastrtps/turn_robot_off__type_support.cpp.o[0m
[14.301s] [ 71%] [32mBuilding CXX object CMakeFiles/sfr_coursework1_interface_package__rosidl_typesupport_fastrtps_c.dir/rosidl_typesupport_fastrtps_c/sfr_coursework1_interface_package/srv/detail/turn_robot_off__type_support_c.cpp.o[0m
[14.588s] [ 73%] [32mBuilding CXX object CMakeFiles/sfr_coursework1_interface_package__rosidl_typesupport_fastrtps_c.dir/rosidl_typesupport_fastrtps_c/sfr_coursework1_interface_package/srv/detail/turn_robot_on__type_support_c.cpp.o[0m
[14.698s] [ 75%] [32mBuilding CXX object CMakeFiles/sfr_coursework1_interface_package__rosidl_typesupport_fastrtps_cpp.dir/rosidl_typesupport_fastrtps_cpp/sfr_coursework1_interface_package/srv/detail/dds_fastrtps/turn_robot_on__type_support.cpp.o[0m
[14.810s] [ 76%] [32m[1mLinking CXX shared library libsfr_coursework1_interface_package__rosidl_typesupport_cpp.so[0m
[15.015s] [ 78%] [32m[1mLinking CXX shared library libsfr_coursework1_interface_package__rosidl_typesupport_introspection_cpp.so[0m
[15.194s] [ 78%] Built target sfr_coursework1_interface_package__rosidl_typesupport_cpp
[15.369s] [ 78%] Built target sfr_coursework1_interface_package__rosidl_typesupport_introspection_cpp
[16.334s] [ 79%] [32m[1mLinking CXX shared library libsfr_coursework1_interface_package__rosidl_typesupport_fastrtps_c.so[0m
[16.453s] [ 79%] Built target sfr_coursework1_interface_package__rosidl_typesupport_fastrtps_c
[16.666s] [ 81%] [32m[1mLinking CXX shared library libsfr_coursework1_interface_package__rosidl_typesupport_fastrtps_cpp.so[0m
[16.826s] [ 81%] Built target sfr_coursework1_interface_package__rosidl_typesupport_fastrtps_cpp
[16.874s] [ 81%] Built target sfr_coursework1_interface_package
[16.907s] [ 82%] [34m[1mGenerating Python code for ROS interfaces[0m
[17.988s] [ 82%] Built target sfr_coursework1_interface_package__py
[18.028s] [ 84%] [32mBuilding C object CMakeFiles/sfr_coursework1_interface_package__rosidl_generator_py.dir/rosidl_generator_py/sfr_coursework1_interface_package/msg/_task_space_pose_s.c.o[0m
[18.030s] [ 85%] [32mBuilding C object CMakeFiles/sfr_coursework1_interface_package__rosidl_generator_py.dir/rosidl_generator_py/sfr_coursework1_interface_package/srv/_turn_robot_off_s.c.o[0m
[18.031s] [ 87%] [32mBuilding C object CMakeFiles/sfr_coursework1_interface_package__rosidl_generator_py.dir/rosidl_generator_py/sfr_coursework1_interface_package/srv/_turn_robot_on_s.c.o[0m
[18.032s] [ 89%] [32mBuilding C object CMakeFiles/sfr_coursework1_interface_package__rosidl_generator_py.dir/rosidl_generator_py/sfr_coursework1_interface_package/msg/_wheel_angular_velocities_s.c.o[0m
[18.394s] [ 90%] [32m[1mLinking C shared library libsfr_coursework1_interface_package__rosidl_generator_py.so[0m
[18.480s] [ 90%] Built target sfr_coursework1_interface_package__rosidl_generator_py
[18.519s] [ 92%] [32mBuilding C object CMakeFiles/sfr_coursework1_interface_package_s__rosidl_typesupport_fastrtps_c.dir/rosidl_generator_py/sfr_coursework1_interface_package/_sfr_coursework1_interface_package_s.ep.rosidl_typesupport_fastrtps_c.c.o[0m
[18.519s] [ 93%] [32mBuilding C object CMakeFiles/sfr_coursework1_interface_package_s__rosidl_typesupport_c.dir/rosidl_generator_py/sfr_coursework1_interface_package/_sfr_coursework1_interface_package_s.ep.rosidl_typesupport_c.c.o[0m
[18.522s] [ 95%] [32mBuilding C object CMakeFiles/sfr_coursework1_interface_package_s__rosidl_typesupport_introspection_c.dir/rosidl_generator_py/sfr_coursework1_interface_package/_sfr_coursework1_interface_package_s.ep.rosidl_typesupport_introspection_c.c.o[0m
[18.801s] [ 96%] [32m[1mLinking C shared module rosidl_generator_py/sfr_coursework1_interface_package/sfr_coursework1_interface_package_s__rosidl_typesupport_fastrtps_c.so[0m
[18.817s] [ 98%] [32m[1mLinking C shared module rosidl_generator_py/sfr_coursework1_interface_package/sfr_coursework1_interface_package_s__rosidl_typesupport_c.so[0m
[18.832s] [100%] [32m[1mLinking C shared module rosidl_generator_py/sfr_coursework1_interface_package/sfr_coursework1_interface_package_s__rosidl_typesupport_introspection_c.so[0m
[18.879s] [100%] Built target sfr_coursework1_interface_package_s__rosidl_typesupport_fastrtps_c
[18.900s] [100%] Built target sfr_coursework1_interface_package_s__rosidl_typesupport_c
[18.910s] [100%] Built target sfr_coursework1_interface_package_s__rosidl_typesupport_introspection_c
[18.947s] Invoked command in '/home/student20/assessments/coursework1/build/sfr_coursework1_interface_package' returned '0': CMAKE_PREFIX_PATH=${CMAKE_PREFIX_PATH}:/home/student20/assessments/coursework1/install/beta_pilot_launch_pkg:/home/student20/assessments/coursework1/install/beta_pilot_controller_pkg:/home/student20/assessments/coursework1/install/launch_package:/home/student20/assessments/coursework1/install/beta_pilot_pkg:/opt/ros/jazzy DEBUGINFOD_URLS=https://debuginfod.ubuntu.com /usr/bin/cmake --build /home/student20/assessments/coursework1/build/sfr_coursework1_interface_package -- -j12 -l12
[18.972s] Invoking command in '/home/student20/assessments/coursework1/build/sfr_coursework1_interface_package': CMAKE_PREFIX_PATH=${CMAKE_PREFIX_PATH}:/home/student20/assessments/coursework1/install/beta_pilot_launch_pkg:/home/student20/assessments/coursework1/install/beta_pilot_controller_pkg:/home/student20/assessments/coursework1/install/launch_package:/home/student20/assessments/coursework1/install/beta_pilot_pkg:/opt/ros/jazzy DEBUGINFOD_URLS=https://debuginfod.ubuntu.com /usr/bin/cmake --install /home/student20/assessments/coursework1/build/sfr_coursework1_interface_package
[18.990s] -- Install configuration: ""
[18.991s] -- Execute custom install script
[18.992s] -- Symlinking: /home/student20/assessments/coursework1/install/sfr_coursework1_interface_package/share/ament_index/resource_index/rosidl_interfaces/sfr_coursework1_interface_package
[19.011s] -- Symlinking: /home/student20/assessments/coursework1/install/sfr_coursework1_interface_package/share/sfr_coursework1_interface_package/msg/TaskSpacePose.json
[19.035s] -- Symlinking: /home/student20/assessments/coursework1/install/sfr_coursework1_interface_package/share/sfr_coursework1_interface_package/msg/WheelAngularVelocities.json
[19.055s] -- Symlinking: /home/student20/assessments/coursework1/install/sfr_coursework1_interface_package/share/sfr_coursework1_interface_package/srv/TurnRobotOff.json
[19.073s] -- Symlinking: /home/student20/assessments/coursework1/install/sfr_coursework1_interface_package/share/sfr_coursework1_interface_package/srv/TurnRobotOn.json
[19.090s] -- Symlinking: /home/student20/assessments/coursework1/install/sfr_coursework1_interface_package/include/sfr_coursework1_interface_package/sfr_coursework1_interface_package/msg/detail/task_space_pose__functions.h
[19.102s] -- Symlinking: /home/student20/assessments/coursework1/install/sfr_coursework1_interface_package/include/sfr_coursework1_interface_package/sfr_coursework1_interface_package/msg/detail/task_space_pose__struct.h
[19.117s] -- Symlinking: /home/student20/assessments/coursework1/install/sfr_coursework1_interface_package/include/sfr_coursework1_interface_package/sfr_coursework1_interface_package/msg/detail/task_space_pose__type_support.h
[19.144s] -- Symlinking: /home/student20/assessments/coursework1/install/sfr_coursework1_interface_package/include/sfr_coursework1_interface_package/sfr_coursework1_interface_package/msg/detail/wheel_angular_velocities__functions.h
[19.170s] -- Symlinking: /home/student20/assessments/coursework1/install/sfr_coursework1_interface_package/include/sfr_coursework1_interface_package/sfr_coursework1_interface_package/msg/detail/wheel_angular_velocities__struct.h
[19.189s] -- Symlinking: /home/student20/assessments/coursework1/install/sfr_coursework1_interface_package/include/sfr_coursework1_interface_package/sfr_coursework1_interface_package/msg/detail/wheel_angular_velocities__type_support.h
[19.202s] -- Symlinking: /home/student20/assessments/coursework1/install/sfr_coursework1_interface_package/include/sfr_coursework1_interface_package/sfr_coursework1_interface_package/msg/rosidl_generator_c__visibility_control.h
[19.214s] -- Symlinking: /home/student20/assessments/coursework1/install/sfr_coursework1_interface_package/include/sfr_coursework1_interface_package/sfr_coursework1_interface_package/msg/task_space_pose.h
[19.234s] -- Symlinking: /home/student20/assessments/coursework1/install/sfr_coursework1_interface_package/include/sfr_coursework1_interface_package/sfr_coursework1_interface_package/msg/wheel_angular_velocities.h
[19.260s] -- Symlinking: /home/student20/assessments/coursework1/install/sfr_coursework1_interface_package/include/sfr_coursework1_interface_package/sfr_coursework1_interface_package/srv/detail/turn_robot_off__functions.h
[19.277s] -- Symlinking: /home/student20/assessments/coursework1/install/sfr_coursework1_interface_package/include/sfr_coursework1_interface_package/sfr_coursework1_interface_package/srv/detail/turn_robot_off__struct.h
[19.290s] -- Symlinking: /home/student20/assessments/coursework1/install/sfr_coursework1_interface_package/include/sfr_coursework1_interface_package/sfr_coursework1_interface_package/srv/detail/turn_robot_off__type_support.h
[19.305s] -- Symlinking: /home/student20/assessments/coursework1/install/sfr_coursework1_interface_package/include/sfr_coursework1_interface_package/sfr_coursework1_interface_package/srv/detail/turn_robot_on__functions.h
[19.318s] -- Symlinking: /home/student20/assessments/coursework1/install/sfr_coursework1_interface_package/include/sfr_coursework1_interface_package/sfr_coursework1_interface_package/srv/detail/turn_robot_on__struct.h
[19.340s] -- Symlinking: /home/student20/assessments/coursework1/install/sfr_coursework1_interface_package/include/sfr_coursework1_interface_package/sfr_coursework1_interface_package/srv/detail/turn_robot_on__type_support.h
[19.363s] -- Symlinking: /home/student20/assessments/coursework1/install/sfr_coursework1_interface_package/include/sfr_coursework1_interface_package/sfr_coursework1_interface_package/srv/turn_robot_off.h
[19.380s] -- Symlinking: /home/student20/assessments/coursework1/install/sfr_coursework1_interface_package/include/sfr_coursework1_interface_package/sfr_coursework1_interface_package/srv/turn_robot_on.h
[19.396s] -- Symlinking: /home/student20/assessments/coursework1/install/sfr_coursework1_interface_package/share/sfr_coursework1_interface_package/environment/library_path.sh
[19.410s] -- Symlinking: /home/student20/assessments/coursework1/install/sfr_coursework1_interface_package/share/sfr_coursework1_interface_package/environment/library_path.dsv
[19.431s] -- Symlinking: /home/student20/assessments/coursework1/install/sfr_coursework1_interface_package/include/sfr_coursework1_interface_package/sfr_coursework1_interface_package/msg/detail/task_space_pose__rosidl_typesupport_fastrtps_c.h
[19.457s] -- Symlinking: /home/student20/assessments/coursework1/install/sfr_coursework1_interface_package/include/sfr_coursework1_interface_package/sfr_coursework1_interface_package/msg/detail/wheel_angular_velocities__rosidl_typesupport_fastrtps_c.h
[19.474s] -- Symlinking: /home/student20/assessments/coursework1/install/sfr_coursework1_interface_package/include/sfr_coursework1_interface_package/sfr_coursework1_interface_package/msg/rosidl_typesupport_fastrtps_c__visibility_control.h
[19.488s] -- Symlinking: /home/student20/assessments/coursework1/install/sfr_coursework1_interface_package/include/sfr_coursework1_interface_package/sfr_coursework1_interface_package/srv/detail/turn_robot_off__rosidl_typesupport_fastrtps_c.h
[19.502s] -- Symlinking: /home/student20/assessments/coursework1/install/sfr_coursework1_interface_package/include/sfr_coursework1_interface_package/sfr_coursework1_interface_package/srv/detail/turn_robot_on__rosidl_typesupport_fastrtps_c.h
[19.516s] -- Symlinking: /home/student20/assessments/coursework1/install/sfr_coursework1_interface_package/include/sfr_coursework1_interface_package/sfr_coursework1_interface_package/msg/detail/task_space_pose__rosidl_typesupport_introspection_c.h
[19.542s] -- Symlinking: /home/student20/assessments/coursework1/install/sfr_coursework1_interface_package/include/sfr_coursework1_interface_package/sfr_coursework1_interface_package/msg/detail/wheel_angular_velocities__rosidl_typesupport_introspection_c.h
[19.563s] -- Symlinking: /home/student20/assessments/coursework1/install/sfr_coursework1_interface_package/include/sfr_coursework1_interface_package/sfr_coursework1_interface_package/msg/rosidl_typesupport_introspection_c__visibility_control.h
[19.579s] -- Symlinking: /home/student20/assessments/coursework1/install/sfr_coursework1_interface_package/include/sfr_coursework1_interface_package/sfr_coursework1_interface_package/srv/detail/turn_robot_off__rosidl_typesupport_introspection_c.h
[19.596s] -- Symlinking: /home/student20/assessments/coursework1/install/sfr_coursework1_interface_package/include/sfr_coursework1_interface_package/sfr_coursework1_interface_package/srv/detail/turn_robot_on__rosidl_typesupport_introspection_c.h
[19.611s] -- Symlinking: /home/student20/assessments/coursework1/install/sfr_coursework1_interface_package/include/sfr_coursework1_interface_package/sfr_coursework1_interface_package/msg/detail/task_space_pose__builder.hpp
[19.631s] -- Symlinking: /home/student20/assessments/coursework1/install/sfr_coursework1_interface_package/include/sfr_coursework1_interface_package/sfr_coursework1_interface_package/msg/detail/task_space_pose__struct.hpp
[19.655s] -- Symlinking: /home/student20/assessments/coursework1/install/sfr_coursework1_interface_package/include/sfr_coursework1_interface_package/sfr_coursework1_interface_package/msg/detail/task_space_pose__traits.hpp
[19.674s] -- Symlinking: /home/student20/assessments/coursework1/install/sfr_coursework1_interface_package/include/sfr_coursework1_interface_package/sfr_coursework1_interface_package/msg/detail/task_space_pose__type_support.hpp
[19.690s] -- Symlinking: /home/student20/assessments/coursework1/install/sfr_coursework1_interface_package/include/sfr_coursework1_interface_package/sfr_coursework1_interface_package/msg/detail/wheel_angular_velocities__builder.hpp
[19.705s] -- Symlinking: /home/student20/assessments/coursework1/install/sfr_coursework1_interface_package/include/sfr_coursework1_interface_package/sfr_coursework1_interface_package/msg/detail/wheel_angular_velocities__struct.hpp
[19.717s] -- Symlinking: /home/student20/assessments/coursework1/install/sfr_coursework1_interface_package/include/sfr_coursework1_interface_package/sfr_coursework1_interface_package/msg/detail/wheel_angular_velocities__traits.hpp
[19.745s] -- Symlinking: /home/student20/assessments/coursework1/install/sfr_coursework1_interface_package/include/sfr_coursework1_interface_package/sfr_coursework1_interface_package/msg/detail/wheel_angular_velocities__type_support.hpp
[19.769s] -- Symlinking: /home/student20/assessments/coursework1/install/sfr_coursework1_interface_package/include/sfr_coursework1_interface_package/sfr_coursework1_interface_package/msg/rosidl_generator_cpp__visibility_control.hpp
[19.785s] -- Symlinking: /home/student20/assessments/coursework1/install/sfr_coursework1_interface_package/include/sfr_coursework1_interface_package/sfr_coursework1_interface_package/msg/task_space_pose.hpp
[19.798s] -- Symlinking: /home/student20/assessments/coursework1/install/sfr_coursework1_interface_package/include/sfr_coursework1_interface_package/sfr_coursework1_interface_package/msg/wheel_angular_velocities.hpp
[19.811s] -- Symlinking: /home/student20/assessments/coursework1/install/sfr_coursework1_interface_package/include/sfr_coursework1_interface_package/sfr_coursework1_interface_package/srv/detail/turn_robot_off__builder.hpp
[19.828s] -- Symlinking: /home/student20/assessments/coursework1/install/sfr_coursework1_interface_package/include/sfr_coursework1_interface_package/sfr_coursework1_interface_package/srv/detail/turn_robot_off__struct.hpp
[19.857s] -- Symlinking: /home/student20/assessments/coursework1/install/sfr_coursework1_interface_package/include/sfr_coursework1_interface_package/sfr_coursework1_interface_package/srv/detail/turn_robot_off__traits.hpp
[19.874s] -- Symlinking: /home/student20/assessments/coursework1/install/sfr_coursework1_interface_package/include/sfr_coursework1_interface_package/sfr_coursework1_interface_package/srv/detail/turn_robot_off__type_support.hpp
[19.888s] -- Symlinking: /home/student20/assessments/coursework1/install/sfr_coursework1_interface_package/include/sfr_coursework1_interface_package/sfr_coursework1_interface_package/srv/detail/turn_robot_on__builder.hpp
[19.901s] -- Symlinking: /home/student20/assessments/coursework1/install/sfr_coursework1_interface_package/include/sfr_coursework1_interface_package/sfr_coursework1_interface_package/srv/detail/turn_robot_on__struct.hpp
[19.913s] -- Symlinking: /home/student20/assessments/coursework1/install/sfr_coursework1_interface_package/include/sfr_coursework1_interface_package/sfr_coursework1_interface_package/srv/detail/turn_robot_on__traits.hpp
[19.936s] -- Symlinking: /home/student20/assessments/coursework1/install/sfr_coursework1_interface_package/include/sfr_coursework1_interface_package/sfr_coursework1_interface_package/srv/detail/turn_robot_on__type_support.hpp
[19.959s] -- Symlinking: /home/student20/assessments/coursework1/install/sfr_coursework1_interface_package/include/sfr_coursework1_interface_package/sfr_coursework1_interface_package/srv/turn_robot_off.hpp
[19.975s] -- Symlinking: /home/student20/assessments/coursework1/install/sfr_coursework1_interface_package/include/sfr_coursework1_interface_package/sfr_coursework1_interface_package/srv/turn_robot_on.hpp
[19.989s] -- Symlinking: /home/student20/assessments/coursework1/install/sfr_coursework1_interface_package/include/sfr_coursework1_interface_package/sfr_coursework1_interface_package/msg/detail/task_space_pose__rosidl_typesupport_fastrtps_cpp.hpp
[20.000s] -- Symlinking: /home/student20/assessments/coursework1/install/sfr_coursework1_interface_package/include/sfr_coursework1_interface_package/sfr_coursework1_interface_package/msg/detail/wheel_angular_velocities__rosidl_typesupport_fastrtps_cpp.hpp
[20.013s] -- Symlinking: /home/student20/assessments/coursework1/install/sfr_coursework1_interface_package/include/sfr_coursework1_interface_package/sfr_coursework1_interface_package/msg/rosidl_typesupport_fastrtps_cpp__visibility_control.h
[20.032s] -- Symlinking: /home/student20/assessments/coursework1/install/sfr_coursework1_interface_package/include/sfr_coursework1_interface_package/sfr_coursework1_interface_package/srv/detail/turn_robot_off__rosidl_typesupport_fastrtps_cpp.hpp
[20.060s] -- Symlinking: /home/student20/assessments/coursework1/install/sfr_coursework1_interface_package/include/sfr_coursework1_interface_package/sfr_coursework1_interface_package/srv/detail/turn_robot_on__rosidl_typesupport_fastrtps_cpp.hpp
[20.077s] -- Symlinking: /home/student20/assessments/coursework1/install/sfr_coursework1_interface_package/include/sfr_coursework1_interface_package/sfr_coursework1_interface_package/msg/detail/task_space_pose__rosidl_typesupport_introspection_cpp.hpp
[20.093s] -- Symlinking: /home/student20/assessments/coursework1/install/sfr_coursework1_interface_package/include/sfr_coursework1_interface_package/sfr_coursework1_interface_package/msg/detail/wheel_angular_velocities__rosidl_typesupport_introspection_cpp.hpp
[20.106s] -- Symlinking: /home/student20/assessments/coursework1/install/sfr_coursework1_interface_package/include/sfr_coursework1_interface_package/sfr_coursework1_interface_package/srv/detail/turn_robot_off__rosidl_typesupport_introspection_cpp.hpp
[20.118s] -- Symlinking: /home/student20/assessments/coursework1/install/sfr_coursework1_interface_package/include/sfr_coursework1_interface_package/sfr_coursework1_interface_package/srv/detail/turn_robot_on__rosidl_typesupport_introspection_cpp.hpp
[20.146s] -- Symlinking: /home/student20/assessments/coursework1/install/sfr_coursework1_interface_package/share/sfr_coursework1_interface_package/environment/pythonpath.sh
[20.165s] -- Symlinking: /home/student20/assessments/coursework1/install/sfr_coursework1_interface_package/share/sfr_coursework1_interface_package/environment/pythonpath.dsv
[20.186s] -- Symlinking: /home/student20/assessments/coursework1/install/sfr_coursework1_interface_package/lib/python3.12/site-packages/sfr_coursework1_interface_package-0.0.0-py3.12.egg-info/PKG-INFO
[20.202s] -- Symlinking: /home/student20/assessments/coursework1/install/sfr_coursework1_interface_package/lib/python3.12/site-packages/sfr_coursework1_interface_package-0.0.0-py3.12.egg-info/SOURCES.txt
[20.215s] -- Symlinking: /home/student20/assessments/coursework1/install/sfr_coursework1_interface_package/lib/python3.12/site-packages/sfr_coursework1_interface_package-0.0.0-py3.12.egg-info/dependency_links.txt
[20.241s] -- Symlinking: /home/student20/assessments/coursework1/install/sfr_coursework1_interface_package/lib/python3.12/site-packages/sfr_coursework1_interface_package-0.0.0-py3.12.egg-info/top_level.txt
[20.266s] -- Symlinking: /home/student20/assessments/coursework1/install/sfr_coursework1_interface_package/lib/python3.12/site-packages/sfr_coursework1_interface_package/__init__.py
[20.280s] -- Symlinking: /home/student20/assessments/coursework1/install/sfr_coursework1_interface_package/lib/python3.12/site-packages/sfr_coursework1_interface_package/_sfr_coursework1_interface_package_s.ep.rosidl_typesupport_c.c
[20.294s] -- Symlinking: /home/student20/assessments/coursework1/install/sfr_coursework1_interface_package/lib/python3.12/site-packages/sfr_coursework1_interface_package/_sfr_coursework1_interface_package_s.ep.rosidl_typesupport_fastrtps_c.c
[20.308s] -- Symlinking: /home/student20/assessments/coursework1/install/sfr_coursework1_interface_package/lib/python3.12/site-packages/sfr_coursework1_interface_package/_sfr_coursework1_interface_package_s.ep.rosidl_typesupport_introspection_c.c
[20.321s] -- Symlinking: /home/student20/assessments/coursework1/install/sfr_coursework1_interface_package/lib/python3.12/site-packages/sfr_coursework1_interface_package/msg/__init__.py
[20.349s] -- Symlinking: /home/student20/assessments/coursework1/install/sfr_coursework1_interface_package/lib/python3.12/site-packages/sfr_coursework1_interface_package/msg/_task_space_pose.py
[20.368s] -- Symlinking: /home/student20/assessments/coursework1/install/sfr_coursework1_interface_package/lib/python3.12/site-packages/sfr_coursework1_interface_package/msg/_task_space_pose_s.c
[20.382s] -- Symlinking: /home/student20/assessments/coursework1/install/sfr_coursework1_interface_package/lib/python3.12/site-packages/sfr_coursework1_interface_package/msg/_wheel_angular_velocities.py
[20.397s] -- Symlinking: /home/student20/assessments/coursework1/install/sfr_coursework1_interface_package/lib/python3.12/site-packages/sfr_coursework1_interface_package/msg/_wheel_angular_velocities_s.c
[20.411s] -- Symlinking: /home/student20/assessments/coursework1/install/sfr_coursework1_interface_package/lib/python3.12/site-packages/sfr_coursework1_interface_package/sfr_coursework1_interface_package_s__rosidl_typesupport_c.so
[20.425s] -- Symlinking: /home/student20/assessments/coursework1/install/sfr_coursework1_interface_package/lib/python3.12/site-packages/sfr_coursework1_interface_package/sfr_coursework1_interface_package_s__rosidl_typesupport_fastrtps_c.so
[20.454s] -- Symlinking: /home/student20/assessments/coursework1/install/sfr_coursework1_interface_package/lib/python3.12/site-packages/sfr_coursework1_interface_package/sfr_coursework1_interface_package_s__rosidl_typesupport_introspection_c.so
[20.475s] -- Symlinking: /home/student20/assessments/coursework1/install/sfr_coursework1_interface_package/lib/python3.12/site-packages/sfr_coursework1_interface_package/srv/__init__.py
[20.488s] -- Symlinking: /home/student20/assessments/coursework1/install/sfr_coursework1_interface_package/lib/python3.12/site-packages/sfr_coursework1_interface_package/srv/_turn_robot_off.py
[20.504s] -- Symlinking: /home/student20/assessments/coursework1/install/sfr_coursework1_interface_package/lib/python3.12/site-packages/sfr_coursework1_interface_package/srv/_turn_robot_off_s.c
[20.517s] -- Symlinking: /home/student20/assessments/coursework1/install/sfr_coursework1_interface_package/lib/python3.12/site-packages/sfr_coursework1_interface_package/srv/_turn_robot_on.py
[20.543s] -- Symlinking: /home/student20/assessments/coursework1/install/sfr_coursework1_interface_package/lib/python3.12/site-packages/sfr_coursework1_interface_package/srv/_turn_robot_on_s.c
[20.569s] -- Up-to-date symlink: /home/student20/assessments/coursework1/install/sfr_coursework1_interface_package/lib/python3.12/site-packages/sfr_coursework1_interface_package/sfr_coursework1_interface_package_s__rosidl_typesupport_fastrtps_c.so
[20.569s] -- Up-to-date symlink: /home/student20/assessments/coursework1/install/sfr_coursework1_interface_package/lib/python3.12/site-packages/sfr_coursework1_interface_package/sfr_coursework1_interface_package_s__rosidl_typesupport_introspection_c.so
[20.570s] -- Up-to-date symlink: /home/student20/assessments/coursework1/install/sfr_coursework1_interface_package/lib/python3.12/site-packages/sfr_coursework1_interface_package/sfr_coursework1_interface_package_s__rosidl_typesupport_c.so
[20.570s] -- Symlinking: /home/student20/assessments/coursework1/install/sfr_coursework1_interface_package/share/sfr_coursework1_interface_package/msg/TaskSpacePose.idl
[20.586s] -- Symlinking: /home/student20/assessments/coursework1/install/sfr_coursework1_interface_package/share/sfr_coursework1_interface_package/msg/WheelAngularVelocities.idl
[20.605s] -- Symlinking: /home/student20/assessments/coursework1/install/sfr_coursework1_interface_package/share/sfr_coursework1_interface_package/srv/TurnRobotOff.idl
[20.618s] -- Symlinking: /home/student20/assessments/coursework1/install/sfr_coursework1_interface_package/share/sfr_coursework1_interface_package/srv/TurnRobotOn.idl
[20.639s] -- Symlinking: /home/student20/assessments/coursework1/install/sfr_coursework1_interface_package/share/sfr_coursework1_interface_package/msg/TaskSpacePose.msg
[20.664s] -- Symlinking: /home/student20/assessments/coursework1/install/sfr_coursework1_interface_package/share/sfr_coursework1_interface_package/msg/WheelAngularVelocities.msg
[20.688s] -- Symlinking: /home/student20/assessments/coursework1/install/sfr_coursework1_interface_package/share/sfr_coursework1_interface_package/srv/TurnRobotOff.srv
[20.708s] -- Symlinking: /home/student20/assessments/coursework1/install/sfr_coursework1_interface_package/share/sfr_coursework1_interface_package/srv/TurnRobotOn.srv
[20.725s] -- Symlinking: /home/student20/assessments/coursework1/install/sfr_coursework1_interface_package/share/ament_index/resource_index/package_run_dependencies/sfr_coursework1_interface_package
[20.755s] -- Symlinking: /home/student20/assessments/coursework1/install/sfr_coursework1_interface_package/share/ament_index/resource_index/parent_prefix_path/sfr_coursework1_interface_package
[20.774s] -- Symlinking: /home/student20/assessments/coursework1/install/sfr_coursework1_interface_package/share/sfr_coursework1_interface_package/environment/ament_prefix_path.sh
[20.789s] -- Symlinking: /home/student20/assessments/coursework1/install/sfr_coursework1_interface_package/share/sfr_coursework1_interface_package/environment/ament_prefix_path.dsv
[20.804s] -- Symlinking: /home/student20/assessments/coursework1/install/sfr_coursework1_interface_package/share/sfr_coursework1_interface_package/environment/path.sh
[20.818s] -- Symlinking: /home/student20/assessments/coursework1/install/sfr_coursework1_interface_package/share/sfr_coursework1_interface_package/environment/path.dsv
[20.846s] -- Symlinking: /home/student20/assessments/coursework1/install/sfr_coursework1_interface_package/share/sfr_coursework1_interface_package/local_setup.bash
[20.865s] -- Symlinking: /home/student20/assessments/coursework1/install/sfr_coursework1_interface_package/share/sfr_coursework1_interface_package/local_setup.sh
[20.882s] -- Symlinking: /home/student20/assessments/coursework1/install/sfr_coursework1_interface_package/share/sfr_coursework1_interface_package/local_setup.zsh
[20.896s] -- Symlinking: /home/student20/assessments/coursework1/install/sfr_coursework1_interface_package/share/sfr_coursework1_interface_package/local_setup.dsv
[20.909s] -- Symlinking: /home/student20/assessments/coursework1/install/sfr_coursework1_interface_package/share/sfr_coursework1_interface_package/package.dsv
[20.929s] -- Symlinking: /home/student20/assessments/coursework1/install/sfr_coursework1_interface_package/share/ament_index/resource_index/packages/sfr_coursework1_interface_package
[20.955s] -- Symlinking: /home/student20/assessments/coursework1/install/sfr_coursework1_interface_package/share/sfr_coursework1_interface_package/cmake/rosidl_cmake-extras.cmake
[20.981s] -- Symlinking: /home/student20/assessments/coursework1/install/sfr_coursework1_interface_package/share/sfr_coursework1_interface_package/cmake/ament_cmake_export_dependencies-extras.cmake
[21.006s] -- Symlinking: /home/student20/assessments/coursework1/install/sfr_coursework1_interface_package/share/sfr_coursework1_interface_package/cmake/ament_cmake_export_include_directories-extras.cmake
[21.030s] -- Symlinking: /home/student20/assessments/coursework1/install/sfr_coursework1_interface_package/share/sfr_coursework1_interface_package/cmake/ament_cmake_export_libraries-extras.cmake
[21.063s] -- Symlinking: /home/student20/assessments/coursework1/install/sfr_coursework1_interface_package/share/sfr_coursework1_interface_package/cmake/ament_cmake_export_targets-extras.cmake
[21.086s] -- Symlinking: /home/student20/assessments/coursework1/install/sfr_coursework1_interface_package/share/sfr_coursework1_interface_package/cmake/rosidl_cmake_export_typesupport_targets-extras.cmake
[21.111s] -- Symlinking: /home/student20/assessments/coursework1/install/sfr_coursework1_interface_package/share/sfr_coursework1_interface_package/cmake/rosidl_cmake_export_typesupport_libraries-extras.cmake
[21.136s] -- Symlinking: /home/student20/assessments/coursework1/install/sfr_coursework1_interface_package/share/sfr_coursework1_interface_package/cmake/sfr_coursework1_interface_packageConfig.cmake
[21.163s] -- Symlinking: /home/student20/assessments/coursework1/install/sfr_coursework1_interface_package/share/sfr_coursework1_interface_package/cmake/sfr_coursework1_interface_packageConfig-version.cmake
[21.182s] -- Symlinking: /home/student20/assessments/coursework1/install/sfr_coursework1_interface_package/share/sfr_coursework1_interface_package/package.xml
[21.205s] -- Installing: /home/student20/assessments/coursework1/install/sfr_coursework1_interface_package/lib/libsfr_coursework1_interface_package__rosidl_generator_c.so
[21.206s] -- Set non-toolchain portion of runtime path of "/home/student20/assessments/coursework1/install/sfr_coursework1_interface_package/lib/libsfr_coursework1_interface_package__rosidl_generator_c.so" to ""
[21.206s] -- Installing: /home/student20/assessments/coursework1/install/sfr_coursework1_interface_package/lib/libsfr_coursework1_interface_package__rosidl_typesupport_fastrtps_c.so
[21.207s] -- Set non-toolchain portion of runtime path of "/home/student20/assessments/coursework1/install/sfr_coursework1_interface_package/lib/libsfr_coursework1_interface_package__rosidl_typesupport_fastrtps_c.so" to ""
[21.207s] -- Installing: /home/student20/assessments/coursework1/install/sfr_coursework1_interface_package/lib/libsfr_coursework1_interface_package__rosidl_typesupport_introspection_c.so
[21.208s] -- Set non-toolchain portion of runtime path of "/home/student20/assessments/coursework1/install/sfr_coursework1_interface_package/lib/libsfr_coursework1_interface_package__rosidl_typesupport_introspection_c.so" to ""
[21.208s] -- Installing: /home/student20/assessments/coursework1/install/sfr_coursework1_interface_package/lib/libsfr_coursework1_interface_package__rosidl_typesupport_c.so
[21.209s] -- Set non-toolchain portion of runtime path of "/home/student20/assessments/coursework1/install/sfr_coursework1_interface_package/lib/libsfr_coursework1_interface_package__rosidl_typesupport_c.so" to ""
[21.209s] -- Installing: /home/student20/assessments/coursework1/install/sfr_coursework1_interface_package/lib/libsfr_coursework1_interface_package__rosidl_typesupport_fastrtps_cpp.so
[21.209s] -- Set non-toolchain portion of runtime path of "/home/student20/assessments/coursework1/install/sfr_coursework1_interface_package/lib/libsfr_coursework1_interface_package__rosidl_typesupport_fastrtps_cpp.so" to ""
[21.210s] -- Installing: /home/student20/assessments/coursework1/install/sfr_coursework1_interface_package/lib/libsfr_coursework1_interface_package__rosidl_typesupport_introspection_cpp.so
[21.210s] -- Set non-toolchain portion of runtime path of "/home/student20/assessments/coursework1/install/sfr_coursework1_interface_package/lib/libsfr_coursework1_interface_package__rosidl_typesupport_introspection_cpp.so" to ""
[21.211s] -- Installing: /home/student20/assessments/coursework1/install/sfr_coursework1_interface_package/lib/libsfr_coursework1_interface_package__rosidl_typesupport_cpp.so
[21.212s] -- Set non-toolchain portion of runtime path of "/home/student20/assessments/coursework1/install/sfr_coursework1_interface_package/lib/libsfr_coursework1_interface_package__rosidl_typesupport_cpp.so" to ""
[21.352s] Listing '/home/student20/assessments/coursework1/install/sfr_coursework1_interface_package/lib/python3.12/site-packages/sfr_coursework1_interface_package'...
[21.353s] Compiling '/home/student20/assessments/coursework1/install/sfr_coursework1_interface_package/lib/python3.12/site-packages/sfr_coursework1_interface_package/__init__.py'...
[21.353s] Listing '/home/student20/assessments/coursework1/install/sfr_coursework1_interface_package/lib/python3.12/site-packages/sfr_coursework1_interface_package/msg'...
[21.353s] Compiling '/home/student20/assessments/coursework1/install/sfr_coursework1_interface_package/lib/python3.12/site-packages/sfr_coursework1_interface_package/msg/__init__.py'...
[21.353s] Compiling '/home/student20/assessments/coursework1/install/sfr_coursework1_interface_package/lib/python3.12/site-packages/sfr_coursework1_interface_package/msg/_task_space_pose.py'...
[21.353s] Compiling '/home/student20/assessments/coursework1/install/sfr_coursework1_interface_package/lib/python3.12/site-packages/sfr_coursework1_interface_package/msg/_wheel_angular_velocities.py'...
[21.354s] Listing '/home/student20/assessments/coursework1/install/sfr_coursework1_interface_package/lib/python3.12/site-packages/sfr_coursework1_interface_package/srv'...
[21.354s] Compiling '/home/student20/assessments/coursework1/install/sfr_coursework1_interface_package/lib/python3.12/site-packages/sfr_coursework1_interface_package/srv/__init__.py'...
[21.354s] Compiling '/home/student20/assessments/coursework1/install/sfr_coursework1_interface_package/lib/python3.12/site-packages/sfr_coursework1_interface_package/srv/_turn_robot_off.py'...
[21.354s] Compiling '/home/student20/assessments/coursework1/install/sfr_coursework1_interface_package/lib/python3.12/site-packages/sfr_coursework1_interface_package/srv/_turn_robot_on.py'...
[21.367s] -- Installing: /home/student20/assessments/coursework1/install/sfr_coursework1_interface_package/lib/libsfr_coursework1_interface_package__rosidl_generator_py.so
[21.368s] -- Set non-toolchain portion of runtime path of "/home/student20/assessments/coursework1/install/sfr_coursework1_interface_package/lib/libsfr_coursework1_interface_package__rosidl_generator_py.so" to ""
[21.369s] -- Installing: /home/student20/assessments/coursework1/install/sfr_coursework1_interface_package/share/sfr_coursework1_interface_package/cmake/export_sfr_coursework1_interface_package__rosidl_generator_cExport.cmake
[21.369s] -- Installing: /home/student20/assessments/coursework1/install/sfr_coursework1_interface_package/share/sfr_coursework1_interface_package/cmake/export_sfr_coursework1_interface_package__rosidl_generator_cExport-noconfig.cmake
[21.369s] -- Installing: /home/student20/assessments/coursework1/install/sfr_coursework1_interface_package/share/sfr_coursework1_interface_package/cmake/export_sfr_coursework1_interface_package__rosidl_typesupport_fastrtps_cExport.cmake
[21.370s] -- Installing: /home/student20/assessments/coursework1/install/sfr_coursework1_interface_package/share/sfr_coursework1_interface_package/cmake/export_sfr_coursework1_interface_package__rosidl_typesupport_fastrtps_cExport-noconfig.cmake
[21.370s] -- Installing: /home/student20/assessments/coursework1/install/sfr_coursework1_interface_package/share/sfr_coursework1_interface_package/cmake/sfr_coursework1_interface_package__rosidl_typesupport_introspection_cExport.cmake
[21.370s] -- Installing: /home/student20/assessments/coursework1/install/sfr_coursework1_interface_package/share/sfr_coursework1_interface_package/cmake/sfr_coursework1_interface_package__rosidl_typesupport_introspection_cExport-noconfig.cmake
[21.370s] -- Installing: /home/student20/assessments/coursework1/install/sfr_coursework1_interface_package/share/sfr_coursework1_interface_package/cmake/sfr_coursework1_interface_package__rosidl_typesupport_cExport.cmake
[21.371s] -- Installing: /home/student20/assessments/coursework1/install/sfr_coursework1_interface_package/share/sfr_coursework1_interface_package/cmake/sfr_coursework1_interface_package__rosidl_typesupport_cExport-noconfig.cmake
[21.371s] -- Installing: /home/student20/assessments/coursework1/install/sfr_coursework1_interface_package/share/sfr_coursework1_interface_package/cmake/export_sfr_coursework1_interface_package__rosidl_generator_cppExport.cmake
[21.371s] -- Installing: /home/student20/assessments/coursework1/install/sfr_coursework1_interface_package/share/sfr_coursework1_interface_package/cmake/export_sfr_coursework1_interface_package__rosidl_typesupport_fastrtps_cppExport.cmake
[21.372s] -- Installing: /home/student20/assessments/coursework1/install/sfr_coursework1_interface_package/share/sfr_coursework1_interface_package/cmake/export_sfr_coursework1_interface_package__rosidl_typesupport_fastrtps_cppExport-noconfig.cmake
[21.372s] -- Installing: /home/student20/assessments/coursework1/install/sfr_coursework1_interface_package/share/sfr_coursework1_interface_package/cmake/sfr_coursework1_interface_package__rosidl_typesupport_introspection_cppExport.cmake
[21.372s] -- Installing: /home/student20/assessments/coursework1/install/sfr_coursework1_interface_package/share/sfr_coursework1_interface_package/cmake/sfr_coursework1_interface_package__rosidl_typesupport_introspection_cppExport-noconfig.cmake
[21.373s] -- Installing: /home/student20/assessments/coursework1/install/sfr_coursework1_interface_package/share/sfr_coursework1_interface_package/cmake/sfr_coursework1_interface_package__rosidl_typesupport_cppExport.cmake
[21.373s] -- Installing: /home/student20/assessments/coursework1/install/sfr_coursework1_interface_package/share/sfr_coursework1_interface_package/cmake/sfr_coursework1_interface_package__rosidl_typesupport_cppExport-noconfig.cmake
[21.374s] -- Installing: /home/student20/assessments/coursework1/install/sfr_coursework1_interface_package/share/sfr_coursework1_interface_package/cmake/export_sfr_coursework1_interface_package__rosidl_generator_pyExport.cmake
[21.374s] -- Installing: /home/student20/assessments/coursework1/install/sfr_coursework1_interface_package/share/sfr_coursework1_interface_package/cmake/export_sfr_coursework1_interface_package__rosidl_generator_pyExport-noconfig.cmake
[21.381s] Invoked command in '/home/student20/assessments/coursework1/build/sfr_coursework1_interface_package' returned '0': CMAKE_PREFIX_PATH=${CMAKE_PREFIX_PATH}:/home/student20/assessments/coursework1/install/beta_pilot_launch_pkg:/home/student20/assessments/coursework1/install/beta_pilot_controller_pkg:/home/student20/assessments/coursework1/install/launch_package:/home/student20/assessments/coursework1/install/beta_pilot_pkg:/opt/ros/jazzy DEBUGINFOD_URLS=https://debuginfod.ubuntu.com /usr/bin/cmake --install /home/student20/assessments/coursework1/build/sfr_coursework1_interface_package
