running develop
running egg_info
creating beta_pilot_launch_pkg.egg-info
writing beta_pilot_launch_pkg.egg-info/PKG-INFO
writing dependency_links to beta_pilot_launch_pkg.egg-info/dependency_links.txt
writing requirements to beta_pilot_launch_pkg.egg-info/requires.txt
writing top-level names to beta_pilot_launch_pkg.egg-info/top_level.txt
writing manifest file 'beta_pilot_launch_pkg.egg-info/SOURCES.txt'
reading manifest file 'beta_pilot_launch_pkg.egg-info/SOURCES.txt'
writing manifest file 'beta_pilot_launch_pkg.egg-info/SOURCES.txt'
running build_ext
Creating /home/student20/assessments/coursework1/install/beta_pilot_launch_pkg/lib/python3.12/site-packages/beta-pilot-launch-pkg.egg-link (link to .)

Installed /home/student20/assessments/coursework1/build/beta_pilot_launch_pkg
running symlink_data
creating /home/student20/assessments/coursework1/install/beta_pilot_launch_pkg/share/ament_index
creating /home/student20/assessments/coursework1/install/beta_pilot_launch_pkg/share/ament_index/resource_index
creating /home/student20/assessments/coursework1/install/beta_pilot_launch_pkg/share/ament_index/resource_index/packages
symbolically linking /home/student20/assessments/coursework1/build/beta_pilot_launch_pkg/resource/beta_pilot_launch_pkg -> /home/student20/assessments/coursework1/install/beta_pilot_launch_pkg/share/ament_index/resource_index/packages
symbolically linking /home/student20/assessments/coursework1/build/beta_pilot_launch_pkg/package.xml -> /home/student20/assessments/coursework1/install/beta_pilot_launch_pkg/share/beta_pilot_launch_pkg
creating /home/student20/assessments/coursework1/install/beta_pilot_launch_pkg/share/beta_pilot_launch_pkg/launch
symbolically linking /home/student20/assessments/coursework1/build/beta_pilot_launch_pkg/launch/beta_pilot_controller_launch.py -> /home/student20/assessments/coursework1/install/beta_pilot_launch_pkg/share/beta_pilot_launch_pkg/launch
symbolically linking /home/student20/assessments/coursework1/build/beta_pilot_launch_pkg/launch/beta_pilot_launch.py -> /home/student20/assessments/coursework1/install/beta_pilot_launch_pkg/share/beta_pilot_launch_pkg/launch
