[2.822s] Invoking command in '/home/student20/assessments/coursework1/build/beta_pilot_launch_pkg': DEBUGINFOD_URLS=https://debuginfod.ubuntu.com PYTHONPATH=/home/student20/assessments/coursework1/build/beta_pilot_launch_pkg/prefix_override:/usr/lib/python3/dist-packages/colcon_core/task/python/colcon_distutils_commands:/home/student20/assessments/coursework1/install/beta_pilot_launch_pkg/lib/python3.12/site-packages:${PYTHONPATH} /usr/bin/python3 -W ignore:setup.py install is deprecated -W ignore:easy_install command is deprecated setup.py develop --editable --build-directory /home/student20/assessments/coursework1/build/beta_pilot_launch_pkg/build --no-deps symlink_data
[3.866s] running develop
[4.373s] running egg_info
[4.373s] creating beta_pilot_launch_pkg.egg-info
[4.412s] writing beta_pilot_launch_pkg.egg-info/PKG-INFO
[4.412s] writing dependency_links to beta_pilot_launch_pkg.egg-info/dependency_links.txt
[4.415s] writing requirements to beta_pilot_launch_pkg.egg-info/requires.txt
[4.415s] writing top-level names to beta_pilot_launch_pkg.egg-info/top_level.txt
[4.415s] writing manifest file 'beta_pilot_launch_pkg.egg-info/SOURCES.txt'
[4.553s] reading manifest file 'beta_pilot_launch_pkg.egg-info/SOURCES.txt'
[4.553s] writing manifest file 'beta_pilot_launch_pkg.egg-info/SOURCES.txt'
[4.637s] running build_ext
[4.637s] Creating /home/student20/assessments/coursework1/install/beta_pilot_launch_pkg/lib/python3.12/site-packages/beta-pilot-launch-pkg.egg-link (link to .)
[4.643s] 
[4.648s] Installed /home/student20/assessments/coursework1/build/beta_pilot_launch_pkg
[4.648s] running symlink_data
[4.648s] creating /home/student20/assessments/coursework1/install/beta_pilot_launch_pkg/share/ament_index
[4.649s] creating /home/student20/assessments/coursework1/install/beta_pilot_launch_pkg/share/ament_index/resource_index
[4.649s] creating /home/student20/assessments/coursework1/install/beta_pilot_launch_pkg/share/ament_index/resource_index/packages
[4.649s] symbolically linking /home/student20/assessments/coursework1/build/beta_pilot_launch_pkg/resource/beta_pilot_launch_pkg -> /home/student20/assessments/coursework1/install/beta_pilot_launch_pkg/share/ament_index/resource_index/packages
[4.650s] symbolically linking /home/student20/assessments/coursework1/build/beta_pilot_launch_pkg/package.xml -> /home/student20/assessments/coursework1/install/beta_pilot_launch_pkg/share/beta_pilot_launch_pkg
[4.651s] creating /home/student20/assessments/coursework1/install/beta_pilot_launch_pkg/share/beta_pilot_launch_pkg/launch
[4.651s] symbolically linking /home/student20/assessments/coursework1/build/beta_pilot_launch_pkg/launch/beta_pilot_controller_launch.py -> /home/student20/assessments/coursework1/install/beta_pilot_launch_pkg/share/beta_pilot_launch_pkg/launch
[4.652s] symbolically linking /home/student20/assessments/coursework1/build/beta_pilot_launch_pkg/launch/beta_pilot_launch.py -> /home/student20/assessments/coursework1/install/beta_pilot_launch_pkg/share/beta_pilot_launch_pkg/launch
[4.822s] Invoked command in '/home/student20/assessments/coursework1/build/beta_pilot_launch_pkg' returned '0': DEBUGINFOD_URLS=https://debuginfod.ubuntu.com PYTHONPATH=/home/student20/assessments/coursework1/build/beta_pilot_launch_pkg/prefix_override:/usr/lib/python3/dist-packages/colcon_core/task/python/colcon_distutils_commands:/home/student20/assessments/coursework1/install/beta_pilot_launch_pkg/lib/python3.12/site-packages:${PYTHONPATH} /usr/bin/python3 -W ignore:setup.py install is deprecated -W ignore:easy_install command is deprecated setup.py develop --editable --build-directory /home/student20/assessments/coursework1/build/beta_pilot_launch_pkg/build --no-deps symlink_data
