[1.072s] Invoking command in '/home/student20/assessments/week5/src/package_a': DEBUGINFOD_URLS=https://debuginfod.ubuntu.com PYTHONPATH=/home/student20/assessments/week5/build/package_a/prefix_override:/usr/lib/python3/dist-packages/colcon_core/task/python/colcon_distutils_commands:/home/student20/assessments/week5/install/package_a/lib/python3.12/site-packages:${PYTHONPATH} /usr/bin/python3 -W ignore:setup.py install is deprecated -W ignore:easy_install command is deprecated setup.py egg_info --egg-base ../../build/package_a build --build-base /home/student20/assessments/week5/build/package_a/build install --record /home/student20/assessments/week5/build/package_a/install.log --single-version-externally-managed install_data
[1.364s] running egg_info
[1.380s] writing ../../build/package_a/package_a.egg-info/PKG-INFO
[1.381s] writing dependency_links to ../../build/package_a/package_a.egg-info/dependency_links.txt
[1.381s] writing requirements to ../../build/package_a/package_a.egg-info/requires.txt
[1.381s] writing top-level names to ../../build/package_a/package_a.egg-info/top_level.txt
[1.427s] reading manifest file '../../build/package_a/package_a.egg-info/SOURCES.txt'
[1.428s] writing manifest file '../../build/package_a/package_a.egg-info/SOURCES.txt'
[1.428s] running build
[1.428s] running build_py
[1.429s] copying package_a/node_a.py -> /home/student20/assessments/week5/build/package_a/build/lib/package_a
[1.429s] running install
[1.441s] running install_lib
[1.475s] copying /home/student20/assessments/week5/build/package_a/build/lib/package_a/node_a.py -> /home/student20/assessments/week5/install/package_a/lib/python3.12/site-packages/package_a
[1.476s] byte-compiling /home/student20/assessments/week5/install/package_a/lib/python3.12/site-packages/package_a/node_a.py to node_a.cpython-312.pyc
[1.476s] running install_data
[1.476s] running install_egg_info
[1.520s] removing '/home/student20/assessments/week5/install/package_a/lib/python3.12/site-packages/package_a-0.0.0-py3.12.egg-info' (and everything under it)
[1.521s] Copying ../../build/package_a/package_a.egg-info to /home/student20/assessments/week5/install/package_a/lib/python3.12/site-packages/package_a-0.0.0-py3.12.egg-info
[1.522s] running install_scripts
[1.675s] writing list of installed files to '/home/student20/assessments/week5/build/package_a/install.log'
[1.716s] Invoked command in '/home/student20/assessments/week5/src/package_a' returned '0': DEBUGINFOD_URLS=https://debuginfod.ubuntu.com PYTHONPATH=/home/student20/assessments/week5/build/package_a/prefix_override:/usr/lib/python3/dist-packages/colcon_core/task/python/colcon_distutils_commands:/home/student20/assessments/week5/install/package_a/lib/python3.12/site-packages:${PYTHONPATH} /usr/bin/python3 -W ignore:setup.py install is deprecated -W ignore:easy_install command is deprecated setup.py egg_info --egg-base ../../build/package_a build --build-base /home/student20/assessments/week5/build/package_a/build install --record /home/student20/assessments/week5/build/package_a/install.log --single-version-externally-managed install_data
