[0.282s] DEBUG:colcon:Command line arguments: ['/usr/bin/colcon', 'list', '-p', '--base-paths', '/home/student20/assessments/week8']
[0.283s] DEBUG:colcon:Parsed command line arguments: Namespace(log_base=None, log_level=None, verb_name='list', build_base='build', ignore_user_meta=False, metas=['./colcon.meta'], base_paths=['/home/student20/assessments/week8'], packages_ignore=None, packages_ignore_regex=None, paths=None, packages_up_to=None, packages_up_to_regex=None, packages_above=None, packages_above_and_dependencies=None, packages_above_depth=None, packages_select_by_dep=None, packages_skip_by_dep=None, packages_skip_up_to=None, packages_select_build_failed=False, packages_skip_build_finished=False, packages_select_test_failures=False, packages_skip_test_passed=False, packages_select=None, packages_skip=None, packages_select_regex=None, packages_skip_regex=None, packages_start=None, packages_end=None, topological_order=False, names_only=False, paths_only=True, topological_graph=False, topological_graph_dot=False, topological_graph_density=False, topological_graph_legend=False, topological_graph_dot_cluster=False, topological_graph_dot_include_skipped=False, verb_parser=<colcon_defaults.argument_parser.defaults.DefaultArgumentsDecorator object at 0x7937da121640>, verb_extension=<colcon_package_information.verb.list.ListVerb object at 0x7937da23c950>, main=<bound method ListVerb.main of <colcon_package_information.verb.list.ListVerb object at 0x7937da23c950>>)
[0.430s] Level 1:colcon.colcon_core.package_discovery:discover_packages(colcon_meta) check parameters
[0.430s] Level 1:colcon.colcon_core.package_discovery:discover_packages(recursive) check parameters
[0.430s] Level 1:colcon.colcon_core.package_discovery:discover_packages(ignore) check parameters
[0.430s] Level 1:colcon.colcon_core.package_discovery:discover_packages(path) check parameters
[0.430s] Level 1:colcon.colcon_core.package_discovery:discover_packages(recursive) discover
[0.431s] INFO:colcon.colcon_core.package_discovery:Crawling recursively for packages in '/home/student20/assessments/week8'
[0.431s] Level 1:colcon.colcon_core.package_identification:_identify(/home/student20/assessments/week8) by extensions ['ignore', 'ignore_ament_install']
[0.432s] Level 1:colcon.colcon_core.package_identification:_identify(/home/student20/assessments/week8) by extension 'ignore'
[0.432s] Level 1:colcon.colcon_core.package_identification:_identify(/home/student20/assessments/week8) by extension 'ignore_ament_install'
[0.433s] Level 1:colcon.colcon_core.package_identification:_identify(/home/student20/assessments/week8) by extensions ['colcon_pkg']
[0.433s] Level 1:colcon.colcon_core.package_identification:_identify(/home/student20/assessments/week8) by extension 'colcon_pkg'
[0.433s] Level 1:colcon.colcon_core.package_identification:_identify(/home/student20/assessments/week8) by extensions ['colcon_meta']
[0.433s] Level 1:colcon.colcon_core.package_identification:_identify(/home/student20/assessments/week8) by extension 'colcon_meta'
[0.434s] Level 1:colcon.colcon_core.package_identification:_identify(/home/student20/assessments/week8) by extensions ['ros']
[0.434s] Level 1:colcon.colcon_core.package_identification:_identify(/home/student20/assessments/week8) by extension 'ros'
[0.508s] Level 1:colcon.colcon_core.package_identification:_identify(/home/student20/assessments/week8) by extensions ['cmake', 'python']
[0.508s] Level 1:colcon.colcon_core.package_identification:_identify(/home/student20/assessments/week8) by extension 'cmake'
[0.508s] Level 1:colcon.colcon_core.package_identification:_identify(/home/student20/assessments/week8) by extension 'python'
[0.508s] Level 1:colcon.colcon_core.package_identification:_identify(/home/student20/assessments/week8) by extensions ['python_setup_py']
[0.508s] Level 1:colcon.colcon_core.package_identification:_identify(/home/student20/assessments/week8) by extension 'python_setup_py'
[0.509s] Level 1:colcon.colcon_core.package_identification:_identify(/home/student20/assessments/week8/log) by extensions ['ignore', 'ignore_ament_install']
[0.509s] Level 1:colcon.colcon_core.package_identification:_identify(/home/student20/assessments/week8/log) by extension 'ignore'
[0.509s] Level 1:colcon.colcon_core.package_identification:_identify(/home/student20/assessments/week8/log) ignored
[0.509s] Level 1:colcon.colcon_core.package_identification:_identify(/home/student20/assessments/week8/src) by extensions ['ignore', 'ignore_ament_install']
[0.509s] Level 1:colcon.colcon_core.package_identification:_identify(/home/student20/assessments/week8/src) by extension 'ignore'
[0.509s] Level 1:colcon.colcon_core.package_identification:_identify(/home/student20/assessments/week8/src) by extension 'ignore_ament_install'
[0.510s] Level 1:colcon.colcon_core.package_identification:_identify(/home/student20/assessments/week8/src) by extensions ['colcon_pkg']
[0.510s] Level 1:colcon.colcon_core.package_identification:_identify(/home/student20/assessments/week8/src) by extension 'colcon_pkg'
[0.510s] Level 1:colcon.colcon_core.package_identification:_identify(/home/student20/assessments/week8/src) by extensions ['colcon_meta']
[0.510s] Level 1:colcon.colcon_core.package_identification:_identify(/home/student20/assessments/week8/src) by extension 'colcon_meta'
[0.510s] Level 1:colcon.colcon_core.package_identification:_identify(/home/student20/assessments/week8/src) by extensions ['ros']
[0.510s] Level 1:colcon.colcon_core.package_identification:_identify(/home/student20/assessments/week8/src) by extension 'ros'
[0.510s] Level 1:colcon.colcon_core.package_identification:_identify(/home/student20/assessments/week8/src) by extensions ['cmake', 'python']
[0.510s] Level 1:colcon.colcon_core.package_identification:_identify(/home/student20/assessments/week8/src) by extension 'cmake'
[0.510s] Level 1:colcon.colcon_core.package_identification:_identify(/home/student20/assessments/week8/src) by extension 'python'
[0.510s] Level 1:colcon.colcon_core.package_identification:_identify(/home/student20/assessments/week8/src) by extensions ['python_setup_py']
[0.510s] Level 1:colcon.colcon_core.package_identification:_identify(/home/student20/assessments/week8/src) by extension 'python_setup_py'
[0.510s] Level 1:colcon.colcon_core.package_identification:_identify(/home/student20/assessments/week8/src/kia) by extensions ['ignore', 'ignore_ament_install']
[0.511s] Level 1:colcon.colcon_core.package_identification:_identify(/home/student20/assessments/week8/src/kia) by extension 'ignore'
[0.511s] Level 1:colcon.colcon_core.package_identification:_identify(/home/student20/assessments/week8/src/kia) by extension 'ignore_ament_install'
[0.511s] Level 1:colcon.colcon_core.package_identification:_identify(/home/student20/assessments/week8/src/kia) by extensions ['colcon_pkg']
[0.511s] Level 1:colcon.colcon_core.package_identification:_identify(/home/student20/assessments/week8/src/kia) by extension 'colcon_pkg'
[0.511s] Level 1:colcon.colcon_core.package_identification:_identify(/home/student20/assessments/week8/src/kia) by extensions ['colcon_meta']
[0.511s] Level 1:colcon.colcon_core.package_identification:_identify(/home/student20/assessments/week8/src/kia) by extension 'colcon_meta'
[0.511s] Level 1:colcon.colcon_core.package_identification:_identify(/home/student20/assessments/week8/src/kia) by extensions ['ros']
[0.511s] Level 1:colcon.colcon_core.package_identification:_identify(/home/student20/assessments/week8/src/kia) by extension 'ros'
[0.517s] DEBUG:colcon.colcon_core.package_identification:Package '/home/student20/assessments/week8/src/kia' with type 'ros.ament_python' and name 'kia'
[0.517s] Level 1:colcon.colcon_core.package_discovery:discover_packages(recursive) using defaults
