running egg_info
creating ../../build/liverpool/liverpool.egg-info
writing ../../build/liverpool/liverpool.egg-info/PKG-INFO
writing dependency_links to ../../build/liverpool/liverpool.egg-info/dependency_links.txt
writing entry points to ../../build/liverpool/liverpool.egg-info/entry_points.txt
writing requirements to ../../build/liverpool/liverpool.egg-info/requires.txt
writing top-level names to ../../build/liverpool/liverpool.egg-info/top_level.txt
writing manifest file '../../build/liverpool/liverpool.egg-info/SOURCES.txt'
reading manifest file '../../build/liverpool/liverpool.egg-info/SOURCES.txt'
writing manifest file '../../build/liverpool/liverpool.egg-info/SOURCES.txt'
running build
running build_py
running install
running install_lib
warning: install_lib: '/home/student20/assessments/week8/build/liverpool/build/lib' does not exist -- no Python modules to install

running install_data
creating /home/student20/assessments/week8/install/liverpool/share/ament_index
creating /home/student20/assessments/week8/install/liverpool/share/ament_index/resource_index
creating /home/student20/assessments/week8/install/liverpool/share/ament_index/resource_index/packages
copying resource/liverpool -> /home/student20/assessments/week8/install/liverpool/share/ament_index/resource_index/packages
copying package.xml -> /home/student20/assessments/week8/install/liverpool/share/liverpool
running install_egg_info
Copying ../../build/liverpool/liverpool.egg-info to /home/student20/assessments/week8/install/liverpool/lib/python3.12/site-packages/liverpool-0.0.0-py3.12.egg-info
running install_scripts
Installing grape script to /home/student20/assessments/week8/install/liverpool/lib/liverpool
writing list of installed files to '/home/student20/assessments/week8/build/liverpool/install.log'
