[0.137s] DEBUG:colcon:Command line arguments: ['/usr/bin/colcon', 'build', '--symlink-install']
[0.137s] DEBUG:colcon:Parsed command line arguments: Namespace(log_base=None, log_level=None, verb_name='build', build_base='build', install_base='install', merge_install=False, symlink_install=True, test_result_base=None, continue_on_error=False, executor='parallel', parallel_workers=12, event_handlers=None, ignore_user_meta=False, metas=['./colcon.meta'], base_paths=['.'], packages_ignore=None, packages_ignore_regex=None, paths=None, packages_up_to=None, packages_up_to_regex=None, packages_above=None, packages_above_and_dependencies=None, packages_above_depth=None, packages_select_by_dep=None, packages_skip_by_dep=None, packages_skip_up_to=None, packages_select_build_failed=False, packages_skip_build_finished=False, packages_select_test_failures=False, packages_skip_test_passed=False, packages_select=None, packages_skip=None, packages_select_regex=None, packages_skip_regex=None, packages_start=None, packages_end=None, cmake_args=None, cmake_target=None, cmake_target_skip_unavailable=False, cmake_clean_cache=False, cmake_clean_first=False, cmake_force_configure=False, ament_cmake_args=None, catkin_cmake_args=None, catkin_skip_building_tests=False, verb_parser=<colcon_defaults.argument_parser.defaults.DefaultArgumentsDecorator object at 0x7d60d6421130>, verb_extension=<colcon_core.verb.build.BuildVerb object at 0x7d60d6420e90>, main=<bound method BuildVerb.main of <colcon_core.verb.build.BuildVerb object at 0x7d60d6420e90>>)
[0.190s] Level 1:colcon.colcon_core.package_discovery:discover_packages(colcon_meta) check parameters
[0.190s] Level 1:colcon.colcon_core.package_discovery:discover_packages(recursive) check parameters
[0.190s] Level 1:colcon.colcon_core.package_discovery:discover_packages(ignore) check parameters
[0.190s] Level 1:colcon.colcon_core.package_discovery:discover_packages(path) check parameters
[0.190s] Level 1:colcon.colcon_core.package_discovery:discover_packages(colcon_meta) discover
[0.190s] Level 1:colcon.colcon_core.package_discovery:discover_packages(recursive) discover
[0.190s] INFO:colcon.colcon_core.package_discovery:Crawling recursively for packages in '/home/student20/assessments/week7'
[0.190s] Level 1:colcon.colcon_core.package_identification:_identify(.) by extensions ['ignore', 'ignore_ament_install']
[0.191s] Level 1:colcon.colcon_core.package_identification:_identify(.) by extension 'ignore'
[0.191s] Level 1:colcon.colcon_core.package_identification:_identify(.) by extension 'ignore_ament_install'
[0.191s] Level 1:colcon.colcon_core.package_identification:_identify(.) by extensions ['colcon_pkg']
[0.191s] Level 1:colcon.colcon_core.package_identification:_identify(.) by extension 'colcon_pkg'
[0.191s] Level 1:colcon.colcon_core.package_identification:_identify(.) by extensions ['colcon_meta']
[0.191s] Level 1:colcon.colcon_core.package_identification:_identify(.) by extension 'colcon_meta'
[0.191s] Level 1:colcon.colcon_core.package_identification:_identify(.) by extensions ['ros']
[0.191s] Level 1:colcon.colcon_core.package_identification:_identify(.) by extension 'ros'
[0.226s] Level 1:colcon.colcon_core.package_identification:_identify(.) by extensions ['cmake', 'python']
[0.226s] Level 1:colcon.colcon_core.package_identification:_identify(.) by extension 'cmake'
[0.226s] Level 1:colcon.colcon_core.package_identification:_identify(.) by extension 'python'
[0.226s] Level 1:colcon.colcon_core.package_identification:_identify(.) by extensions ['python_setup_py']
[0.226s] Level 1:colcon.colcon_core.package_identification:_identify(.) by extension 'python_setup_py'
[0.226s] Level 1:colcon.colcon_core.package_identification:_identify(build) by extensions ['ignore', 'ignore_ament_install']
[0.227s] Level 1:colcon.colcon_core.package_identification:_identify(build) by extension 'ignore'
[0.227s] Level 1:colcon.colcon_core.package_identification:_identify(build) ignored
[0.227s] Level 1:colcon.colcon_core.package_identification:_identify(install) by extensions ['ignore', 'ignore_ament_install']
[0.227s] Level 1:colcon.colcon_core.package_identification:_identify(install) by extension 'ignore'
[0.227s] Level 1:colcon.colcon_core.package_identification:_identify(install) ignored
[0.227s] Level 1:colcon.colcon_core.package_identification:_identify(log) by extensions ['ignore', 'ignore_ament_install']
[0.227s] Level 1:colcon.colcon_core.package_identification:_identify(log) by extension 'ignore'
[0.227s] Level 1:colcon.colcon_core.package_identification:_identify(log) ignored
[0.227s] Level 1:colcon.colcon_core.package_identification:_identify(src) by extensions ['ignore', 'ignore_ament_install']
[0.227s] Level 1:colcon.colcon_core.package_identification:_identify(src) by extension 'ignore'
[0.228s] Level 1:colcon.colcon_core.package_identification:_identify(src) by extension 'ignore_ament_install'
[0.228s] Level 1:colcon.colcon_core.package_identification:_identify(src) by extensions ['colcon_pkg']
[0.228s] Level 1:colcon.colcon_core.package_identification:_identify(src) by extension 'colcon_pkg'
[0.228s] Level 1:colcon.colcon_core.package_identification:_identify(src) by extensions ['colcon_meta']
[0.228s] Level 1:colcon.colcon_core.package_identification:_identify(src) by extension 'colcon_meta'
[0.228s] Level 1:colcon.colcon_core.package_identification:_identify(src) by extensions ['ros']
[0.228s] Level 1:colcon.colcon_core.package_identification:_identify(src) by extension 'ros'
[0.228s] Level 1:colcon.colcon_core.package_identification:_identify(src) by extensions ['cmake', 'python']
[0.228s] Level 1:colcon.colcon_core.package_identification:_identify(src) by extension 'cmake'
[0.228s] Level 1:colcon.colcon_core.package_identification:_identify(src) by extension 'python'
[0.228s] Level 1:colcon.colcon_core.package_identification:_identify(src) by extensions ['python_setup_py']
[0.228s] Level 1:colcon.colcon_core.package_identification:_identify(src) by extension 'python_setup_py'
[0.228s] Level 1:colcon.colcon_core.package_identification:_identify(src/birmingham) by extensions ['ignore', 'ignore_ament_install']
[0.228s] Level 1:colcon.colcon_core.package_identification:_identify(src/birmingham) by extension 'ignore'
[0.228s] Level 1:colcon.colcon_core.package_identification:_identify(src/birmingham) by extension 'ignore_ament_install'
[0.228s] Level 1:colcon.colcon_core.package_identification:_identify(src/birmingham) by extensions ['colcon_pkg']
[0.228s] Level 1:colcon.colcon_core.package_identification:_identify(src/birmingham) by extension 'colcon_pkg'
[0.228s] Level 1:colcon.colcon_core.package_identification:_identify(src/birmingham) by extensions ['colcon_meta']
[0.228s] Level 1:colcon.colcon_core.package_identification:_identify(src/birmingham) by extension 'colcon_meta'
[0.229s] Level 1:colcon.colcon_core.package_identification:_identify(src/birmingham) by extensions ['ros']
[0.229s] Level 1:colcon.colcon_core.package_identification:_identify(src/birmingham) by extension 'ros'
[0.231s] DEBUG:colcon.colcon_core.package_identification:Failed to parse potential ROS package manifest in'src/birmingham': Error(s) in package 'src/birmingham/package.xml':
The manifest contains invalid XML:
junk after document element: line 17, column 2
[0.232s] Level 1:colcon.colcon_core.package_identification:_identify(src/birmingham) by extensions ['cmake', 'python']
[0.232s] Level 1:colcon.colcon_core.package_identification:_identify(src/birmingham) by extension 'cmake'
[0.232s] Level 1:colcon.colcon_core.package_identification:_identify(src/birmingham) by extension 'python'
[0.232s] DEBUG:colcon.colcon_core.package_identification:Python package in 'src/birmingham' passes arguments to the setup() function which requires a different identification extension than 'python'
[0.232s] Level 1:colcon.colcon_core.package_identification:_identify(src/birmingham) by extensions ['python_setup_py']
[0.232s] Level 1:colcon.colcon_core.package_identification:_identify(src/birmingham) by extension 'python_setup_py'
[0.475s] DEBUG:colcon.colcon_core.package_identification:Package 'src/birmingham' with type 'python' and name 'birmingham'
[0.475s] Level 1:colcon.colcon_core.package_identification:_identify(src/bmw) by extensions ['ignore', 'ignore_ament_install']
[0.475s] Level 1:colcon.colcon_core.package_identification:_identify(src/bmw) by extension 'ignore'
[0.475s] Level 1:colcon.colcon_core.package_identification:_identify(src/bmw) by extension 'ignore_ament_install'
[0.475s] Level 1:colcon.colcon_core.package_identification:_identify(src/bmw) by extensions ['colcon_pkg']
[0.475s] Level 1:colcon.colcon_core.package_identification:_identify(src/bmw) by extension 'colcon_pkg'
[0.475s] Level 1:colcon.colcon_core.package_identification:_identify(src/bmw) by extensions ['colcon_meta']
[0.475s] Level 1:colcon.colcon_core.package_identification:_identify(src/bmw) by extension 'colcon_meta'
[0.476s] Level 1:colcon.colcon_core.package_identification:_identify(src/bmw) by extensions ['ros']
[0.476s] Level 1:colcon.colcon_core.package_identification:_identify(src/bmw) by extension 'ros'
[0.477s] DEBUG:colcon.colcon_core.package_identification:Found ROS schema reference in package manifest in 'src/bmw'
[0.478s] WARNING:colcon.colcon_core.package_identification:Failed to parse ROS package manifest in 'src/bmw': Error(s) in package 'src/bmw/package.xml':
Error(s):
- The generic dependency on 'rclpy' is redundant with: exec_depend
- The generic dependency on 'std_msgs' is redundant with: exec_depend
- The generic dependency on 'sfr_ca7_interface_package' is redundant with: exec_depend
[0.478s] Level 1:colcon.colcon_core.package_identification:_identify(src/bmw) by extensions ['cmake', 'python']
[0.478s] Level 1:colcon.colcon_core.package_identification:_identify(src/bmw) by extension 'cmake'
[0.478s] Level 1:colcon.colcon_core.package_identification:_identify(src/bmw) by extension 'python'
[0.478s] DEBUG:colcon.colcon_core.package_identification:Python package in 'src/bmw' passes arguments to the setup() function which requires a different identification extension than 'python'
[0.478s] Level 1:colcon.colcon_core.package_identification:_identify(src/bmw) by extensions ['python_setup_py']
[0.478s] Level 1:colcon.colcon_core.package_identification:_identify(src/bmw) by extension 'python_setup_py'
[0.749s] DEBUG:colcon.colcon_core.package_identification:Package 'src/bmw' with type 'python' and name 'bmw'
[0.750s] Level 1:colcon.colcon_core.package_identification:_identify(src/sfr_coursework1_interface_package) by extensions ['ignore', 'ignore_ament_install']
[0.750s] Level 1:colcon.colcon_core.package_identification:_identify(src/sfr_coursework1_interface_package) by extension 'ignore'
[0.750s] Level 1:colcon.colcon_core.package_identification:_identify(src/sfr_coursework1_interface_package) by extension 'ignore_ament_install'
[0.750s] Level 1:colcon.colcon_core.package_identification:_identify(src/sfr_coursework1_interface_package) by extensions ['colcon_pkg']
[0.750s] Level 1:colcon.colcon_core.package_identification:_identify(src/sfr_coursework1_interface_package) by extension 'colcon_pkg'
[0.751s] Level 1:colcon.colcon_core.package_identification:_identify(src/sfr_coursework1_interface_package) by extensions ['colcon_meta']
[0.751s] Level 1:colcon.colcon_core.package_identification:_identify(src/sfr_coursework1_interface_package) by extension 'colcon_meta'
[0.751s] Level 1:colcon.colcon_core.package_identification:_identify(src/sfr_coursework1_interface_package) by extensions ['ros']
[0.751s] Level 1:colcon.colcon_core.package_identification:_identify(src/sfr_coursework1_interface_package) by extension 'ros'
[0.754s] DEBUG:colcon.colcon_core.package_identification:Package 'src/sfr_coursework1_interface_package' with type 'ros.ament_cmake' and name 'sfr_coursework1_interface_package'
[0.754s] Level 1:colcon.colcon_core.package_discovery:discover_packages(recursive) using defaults
[0.754s] Level 1:colcon.colcon_core.package_discovery:discover_packages(ignore) discover
[0.754s] Level 1:colcon.colcon_core.package_discovery:discover_packages(ignore) using defaults
[0.754s] Level 1:colcon.colcon_core.package_discovery:discover_packages(path) discover
[0.754s] Level 1:colcon.colcon_core.package_discovery:discover_packages(path) using defaults
[0.787s] Level 5:colcon.colcon_core.verb:set package 'birmingham' build argument 'cmake_args' from command line to 'None'
[0.787s] Level 5:colcon.colcon_core.verb:set package 'birmingham' build argument 'cmake_target' from command line to 'None'
[0.787s] Level 5:colcon.colcon_core.verb:set package 'birmingham' build argument 'cmake_target_skip_unavailable' from command line to 'False'
[0.787s] Level 5:colcon.colcon_core.verb:set package 'birmingham' build argument 'cmake_clean_cache' from command line to 'False'
[0.787s] Level 5:colcon.colcon_core.verb:set package 'birmingham' build argument 'cmake_clean_first' from command line to 'False'
[0.787s] Level 5:colcon.colcon_core.verb:set package 'birmingham' build argument 'cmake_force_configure' from command line to 'False'
[0.787s] Level 5:colcon.colcon_core.verb:set package 'birmingham' build argument 'ament_cmake_args' from command line to 'None'
[0.787s] Level 5:colcon.colcon_core.verb:set package 'birmingham' build argument 'catkin_cmake_args' from command line to 'None'
[0.787s] Level 5:colcon.colcon_core.verb:set package 'birmingham' build argument 'catkin_skip_building_tests' from command line to 'False'
[0.787s] DEBUG:colcon.colcon_core.verb:Building package 'birmingham' with the following arguments: {'ament_cmake_args': None, 'build_base': '/home/student20/assessments/week7/build/birmingham', 'catkin_cmake_args': None, 'catkin_skip_building_tests': False, 'cmake_args': None, 'cmake_clean_cache': False, 'cmake_clean_first': False, 'cmake_force_configure': False, 'cmake_target': None, 'cmake_target_skip_unavailable': False, 'install_base': '/home/student20/assessments/week7/install/birmingham', 'merge_install': False, 'path': '/home/student20/assessments/week7/src/birmingham', 'symlink_install': True, 'test_result_base': None}
[0.787s] Level 5:colcon.colcon_core.verb:set package 'bmw' build argument 'cmake_args' from command line to 'None'
[0.787s] Level 5:colcon.colcon_core.verb:set package 'bmw' build argument 'cmake_target' from command line to 'None'
[0.787s] Level 5:colcon.colcon_core.verb:set package 'bmw' build argument 'cmake_target_skip_unavailable' from command line to 'False'
[0.787s] Level 5:colcon.colcon_core.verb:set package 'bmw' build argument 'cmake_clean_cache' from command line to 'False'
[0.787s] Level 5:colcon.colcon_core.verb:set package 'bmw' build argument 'cmake_clean_first' from command line to 'False'
[0.788s] Level 5:colcon.colcon_core.verb:set package 'bmw' build argument 'cmake_force_configure' from command line to 'False'
[0.788s] Level 5:colcon.colcon_core.verb:set package 'bmw' build argument 'ament_cmake_args' from command line to 'None'
[0.788s] Level 5:colcon.colcon_core.verb:set package 'bmw' build argument 'catkin_cmake_args' from command line to 'None'
[0.788s] Level 5:colcon.colcon_core.verb:set package 'bmw' build argument 'catkin_skip_building_tests' from command line to 'False'
[0.788s] DEBUG:colcon.colcon_core.verb:Building package 'bmw' with the following arguments: {'ament_cmake_args': None, 'build_base': '/home/student20/assessments/week7/build/bmw', 'catkin_cmake_args': None, 'catkin_skip_building_tests': False, 'cmake_args': None, 'cmake_clean_cache': False, 'cmake_clean_first': False, 'cmake_force_configure': False, 'cmake_target': None, 'cmake_target_skip_unavailable': False, 'install_base': '/home/student20/assessments/week7/install/bmw', 'merge_install': False, 'path': '/home/student20/assessments/week7/src/bmw', 'symlink_install': True, 'test_result_base': None}
[0.788s] Level 5:colcon.colcon_core.verb:set package 'sfr_coursework1_interface_package' build argument 'cmake_args' from command line to 'None'
[0.788s] Level 5:colcon.colcon_core.verb:set package 'sfr_coursework1_interface_package' build argument 'cmake_target' from command line to 'None'
[0.788s] Level 5:colcon.colcon_core.verb:set package 'sfr_coursework1_interface_package' build argument 'cmake_target_skip_unavailable' from command line to 'False'
[0.788s] Level 5:colcon.colcon_core.verb:set package 'sfr_coursework1_interface_package' build argument 'cmake_clean_cache' from command line to 'False'
[0.788s] Level 5:colcon.colcon_core.verb:set package 'sfr_coursework1_interface_package' build argument 'cmake_clean_first' from command line to 'False'
[0.788s] Level 5:colcon.colcon_core.verb:set package 'sfr_coursework1_interface_package' build argument 'cmake_force_configure' from command line to 'False'
[0.788s] Level 5:colcon.colcon_core.verb:set package 'sfr_coursework1_interface_package' build argument 'ament_cmake_args' from command line to 'None'
[0.788s] Level 5:colcon.colcon_core.verb:set package 'sfr_coursework1_interface_package' build argument 'catkin_cmake_args' from command line to 'None'
[0.788s] Level 5:colcon.colcon_core.verb:set package 'sfr_coursework1_interface_package' build argument 'catkin_skip_building_tests' from command line to 'False'
[0.788s] DEBUG:colcon.colcon_core.verb:Building package 'sfr_coursework1_interface_package' with the following arguments: {'ament_cmake_args': None, 'build_base': '/home/student20/assessments/week7/build/sfr_coursework1_interface_package', 'catkin_cmake_args': None, 'catkin_skip_building_tests': False, 'cmake_args': None, 'cmake_clean_cache': False, 'cmake_clean_first': False, 'cmake_force_configure': False, 'cmake_target': None, 'cmake_target_skip_unavailable': False, 'install_base': '/home/student20/assessments/week7/install/sfr_coursework1_interface_package', 'merge_install': False, 'path': '/home/student20/assessments/week7/src/sfr_coursework1_interface_package', 'symlink_install': True, 'test_result_base': None}
[0.788s] INFO:colcon.colcon_core.executor:Executing jobs using 'parallel' executor
[0.790s] DEBUG:colcon.colcon_parallel_executor.executor.parallel:run_until_complete
[0.790s] INFO:colcon.colcon_core.task.python.build:Building Python package in '/home/student20/assessments/week7/src/birmingham'
[0.792s] INFO:colcon.colcon_core.plugin_system:Skipping extension 'colcon_core.shell.bat': Not used on non-Windows systems
[0.793s] DEBUG:colcon.colcon_core.shell:Skip shell extension 'dsv' for command environment
[0.799s] INFO:colcon.colcon_core.task.python.build:Building Python package in '/home/student20/assessments/week7/src/bmw'
[0.799s] DEBUG:colcon.colcon_core.shell:Skip shell extension 'dsv' for command environment
[0.807s] INFO:colcon.colcon_ros.task.ament_cmake.build:Building ROS package in '/home/student20/assessments/week7/src/sfr_coursework1_interface_package' with build type 'ament_cmake'
[0.807s] INFO:colcon.colcon_cmake.task.cmake.build:Building CMake package in '/home/student20/assessments/week7/src/sfr_coursework1_interface_package'
[0.808s] DEBUG:colcon.colcon_core.shell:Skip shell extension 'dsv' for command environment
[1.544s] DEBUG:colcon.colcon_core.event_handler.log_command:Invoking command in '/home/student20/assessments/week7/build/sfr_coursework1_interface_package': CMAKE_PREFIX_PATH=${CMAKE_PREFIX_PATH}:/opt/ros/jazzy DEBUGINFOD_URLS=https://debuginfod.ubuntu.com /usr/bin/cmake /home/student20/assessments/week7/src/sfr_coursework1_interface_package -DAMENT_CMAKE_SYMLINK_INSTALL=1 -DCMAKE_INSTALL_PREFIX=/home/student20/assessments/week7/install/sfr_coursework1_interface_package
[2.296s] DEBUG:colcon.colcon_core.event_handler.log_command:Invoking command in '/home/student20/assessments/week7/build/birmingham': DEBUGINFOD_URLS=https://debuginfod.ubuntu.com PYTHONPATH=/home/student20/assessments/week7/build/birmingham/prefix_override:/usr/lib/python3/dist-packages/colcon_core/task/python/colcon_distutils_commands:/home/student20/assessments/week7/install/birmingham/lib/python3.12/site-packages:${PYTHONPATH} /usr/bin/python3 -W ignore:setup.py install is deprecated -W ignore:easy_install command is deprecated setup.py develop --editable --build-directory /home/student20/assessments/week7/build/birmingham/build --no-deps symlink_data
[2.457s] DEBUG:colcon.colcon_core.event_handler.log_command:Invoked command in '/home/student20/assessments/week7/build/sfr_coursework1_interface_package' returned '1': CMAKE_PREFIX_PATH=${CMAKE_PREFIX_PATH}:/opt/ros/jazzy DEBUGINFOD_URLS=https://debuginfod.ubuntu.com /usr/bin/cmake /home/student20/assessments/week7/src/sfr_coursework1_interface_package -DAMENT_CMAKE_SYMLINK_INSTALL=1 -DCMAKE_INSTALL_PREFIX=/home/student20/assessments/week7/install/sfr_coursework1_interface_package
[2.480s] Level 1:colcon.colcon_core.environment:create_environment_scripts_only(sfr_coursework1_interface_package)
[2.485s] Level 1:colcon.colcon_core.environment:checking '/home/student20/assessments/week7/install/sfr_coursework1_interface_package' for CMake module files
[2.487s] Level 1:colcon.colcon_core.environment:checking '/home/student20/assessments/week7/install/sfr_coursework1_interface_package' for CMake config files
[2.488s] Level 1:colcon.colcon_core.environment:checking '/home/student20/assessments/week7/install/sfr_coursework1_interface_package/bin'
[2.488s] Level 1:colcon.colcon_core.environment:checking '/home/student20/assessments/week7/install/sfr_coursework1_interface_package/lib/pkgconfig/sfr_coursework1_interface_package.pc'
[2.488s] Level 1:colcon.colcon_core.environment:checking '/home/student20/assessments/week7/install/sfr_coursework1_interface_package/lib/python3.12/site-packages'
[2.489s] Level 1:colcon.colcon_core.environment:checking '/home/student20/assessments/week7/install/sfr_coursework1_interface_package/bin'
[2.489s] INFO:colcon.colcon_core.shell:Creating package descriptor '/home/student20/assessments/week7/install/sfr_coursework1_interface_package/share/sfr_coursework1_interface_package/package.dsv'
[2.490s] INFO:colcon.colcon_core.shell:Creating package script '/home/student20/assessments/week7/install/sfr_coursework1_interface_package/share/sfr_coursework1_interface_package/package.sh'
[2.491s] INFO:colcon.colcon_core.shell:Creating package script '/home/student20/assessments/week7/install/sfr_coursework1_interface_package/share/sfr_coursework1_interface_package/package.bash'
[2.493s] INFO:colcon.colcon_core.shell:Creating package script '/home/student20/assessments/week7/install/sfr_coursework1_interface_package/share/sfr_coursework1_interface_package/package.zsh'
[2.493s] Level 1:colcon.colcon_core.environment:create_file_with_runtime_dependencies(/home/student20/assessments/week7/install/sfr_coursework1_interface_package/share/colcon-core/packages/sfr_coursework1_interface_package)
[3.300s] DEBUG:colcon.colcon_parallel_executor.executor.parallel:closing loop
[3.301s] DEBUG:colcon.colcon_parallel_executor.executor.parallel:loop closed
[3.301s] DEBUG:colcon.colcon_parallel_executor.executor.parallel:run_until_complete finished with '1'
[3.301s] DEBUG:colcon.colcon_core.event_reactor:joining thread
[3.321s] INFO:colcon.colcon_core.plugin_system:Skipping extension 'colcon_notification.desktop_notification.terminal_notifier': Not used on non-Darwin systems
[3.321s] INFO:colcon.colcon_core.plugin_system:Skipping extension 'colcon_notification.desktop_notification.win32': Not used on non-Windows systems
[3.321s] INFO:colcon.colcon_notification.desktop_notification:Sending desktop notification using 'notify2'
[3.349s] DEBUG:colcon.colcon_core.event_reactor:joined thread
[3.349s] INFO:colcon.colcon_core.shell:Creating prefix script '/home/student20/assessments/week7/install/local_setup.sh'
[3.351s] INFO:colcon.colcon_core.shell:Creating prefix util module '/home/student20/assessments/week7/install/_local_setup_util_sh.py'
[3.353s] INFO:colcon.colcon_core.shell:Creating prefix chain script '/home/student20/assessments/week7/install/setup.sh'
[3.355s] INFO:colcon.colcon_core.shell:Creating prefix script '/home/student20/assessments/week7/install/local_setup.bash'
[3.356s] INFO:colcon.colcon_core.shell:Creating prefix chain script '/home/student20/assessments/week7/install/setup.bash'
[3.358s] INFO:colcon.colcon_core.shell:Creating prefix script '/home/student20/assessments/week7/install/local_setup.zsh'
[3.359s] INFO:colcon.colcon_core.shell:Creating prefix chain script '/home/student20/assessments/week7/install/setup.zsh'
