running egg_info
writing ../../build/liverpool/liverpool.egg-info/PKG-INFO
writing dependency_links to ../../build/liverpool/liverpool.egg-info/dependency_links.txt
writing entry points to ../../build/liverpool/liverpool.egg-info/entry_points.txt
writing requirements to ../../build/liverpool/liverpool.egg-info/requires.txt
writing top-level names to ../../build/liverpool/liverpool.egg-info/top_level.txt
reading manifest file '../../build/liverpool/liverpool.egg-info/SOURCES.txt'
writing manifest file '../../build/liverpool/liverpool.egg-info/SOURCES.txt'
running build
running build_py
creating /home/student20/assessments/week8/build/liverpool/build
creating /home/student20/assessments/week8/build/liverpool/build/lib
creating /home/student20/assessments/week8/build/liverpool/build/lib/liverpool
copying liverpool/grape.py -> /home/student20/assessments/week8/build/liverpool/build/lib/liverpool
copying liverpool/__init__.py -> /home/student20/assessments/week8/build/liverpool/build/lib/liverpool
running install
running install_lib
creating /home/student20/assessments/week8/install/liverpool/lib/python3.12/site-packages/liverpool
copying /home/student20/assessments/week8/build/liverpool/build/lib/liverpool/grape.py -> /home/student20/assessments/week8/install/liverpool/lib/python3.12/site-packages/liverpool
copying /home/student20/assessments/week8/build/liverpool/build/lib/liverpool/__init__.py -> /home/student20/assessments/week8/install/liverpool/lib/python3.12/site-packages/liverpool
byte-compiling /home/student20/assessments/week8/install/liverpool/lib/python3.12/site-packages/liverpool/grape.py to grape.cpython-312.pyc
byte-compiling /home/student20/assessments/week8/install/liverpool/lib/python3.12/site-packages/liverpool/__init__.py to __init__.cpython-312.pyc
running install_data
creating /home/student20/assessments/week8/install/liverpool/share/ament_index
creating /home/student20/assessments/week8/install/liverpool/share/ament_index/resource_index
creating /home/student20/assessments/week8/install/liverpool/share/ament_index/resource_index/packages
copying resource/liverpool -> /home/student20/assessments/week8/install/liverpool/share/ament_index/resource_index/packages
copying package.xml -> /home/student20/assessments/week8/install/liverpool/share/liverpool
running install_egg_info
Copying ../../build/liverpool/liverpool.egg-info to /home/student20/assessments/week8/install/liverpool/lib/python3.12/site-packages/liverpool-0.0.0-py3.12.egg-info
running install_scripts
Installing grape script to /home/student20/assessments/week8/install/liverpool/lib/liverpool
writing list of installed files to '/home/student20/assessments/week8/build/liverpool/install.log'
