[1.512s] Invoking command in '/home/student20/assessments/week8/src/liverpool': DEBUGINFOD_URLS=https://debuginfod.ubuntu.com PYTHONPATH=/home/student20/assessments/week8/build/liverpool/prefix_override:/usr/lib/python3/dist-packages/colcon_core/task/python/colcon_distutils_commands:/home/student20/assessments/week8/install/liverpool/lib/python3.12/site-packages:${PYTHONPATH} /usr/bin/python3 -W ignore:setup.py install is deprecated -W ignore:easy_install command is deprecated setup.py egg_info --egg-base ../../build/liverpool build --build-base /home/student20/assessments/week8/build/liverpool/build install --record /home/student20/assessments/week8/build/liverpool/install.log --single-version-externally-managed install_data
[2.117s] running egg_info
[2.139s] writing ../../build/liverpool/liverpool.egg-info/PKG-INFO
[2.140s] writing dependency_links to ../../build/liverpool/liverpool.egg-info/dependency_links.txt
[2.142s] writing entry points to ../../build/liverpool/liverpool.egg-info/entry_points.txt
[2.142s] writing requirements to ../../build/liverpool/liverpool.egg-info/requires.txt
[2.142s] writing top-level names to ../../build/liverpool/liverpool.egg-info/top_level.txt
[2.203s] reading manifest file '../../build/liverpool/liverpool.egg-info/SOURCES.txt'
[2.204s] writing manifest file '../../build/liverpool/liverpool.egg-info/SOURCES.txt'
[2.205s] running build
[2.206s] running build_py
[2.208s] creating /home/student20/assessments/week8/build/liverpool/build
[2.208s] creating /home/student20/assessments/week8/build/liverpool/build/lib
[2.209s] creating /home/student20/assessments/week8/build/liverpool/build/lib/liverpool
[2.209s] copying liverpool/grape.py -> /home/student20/assessments/week8/build/liverpool/build/lib/liverpool
[2.209s] copying liverpool/__init__.py -> /home/student20/assessments/week8/build/liverpool/build/lib/liverpool
[2.210s] running install
[2.221s] running install_lib
[2.244s] creating /home/student20/assessments/week8/install/liverpool/lib/python3.12/site-packages/liverpool
[2.244s] copying /home/student20/assessments/week8/build/liverpool/build/lib/liverpool/grape.py -> /home/student20/assessments/week8/install/liverpool/lib/python3.12/site-packages/liverpool
[2.245s] copying /home/student20/assessments/week8/build/liverpool/build/lib/liverpool/__init__.py -> /home/student20/assessments/week8/install/liverpool/lib/python3.12/site-packages/liverpool
[2.245s] byte-compiling /home/student20/assessments/week8/install/liverpool/lib/python3.12/site-packages/liverpool/grape.py to grape.cpython-312.pyc
[2.246s] byte-compiling /home/student20/assessments/week8/install/liverpool/lib/python3.12/site-packages/liverpool/__init__.py to __init__.cpython-312.pyc
[2.247s] running install_data
[2.247s] creating /home/student20/assessments/week8/install/liverpool/share/ament_index
[2.247s] creating /home/student20/assessments/week8/install/liverpool/share/ament_index/resource_index
[2.248s] creating /home/student20/assessments/week8/install/liverpool/share/ament_index/resource_index/packages
[2.248s] copying resource/liverpool -> /home/student20/assessments/week8/install/liverpool/share/ament_index/resource_index/packages
[2.248s] copying package.xml -> /home/student20/assessments/week8/install/liverpool/share/liverpool
[2.248s] running install_egg_info
[2.268s] Copying ../../build/liverpool/liverpool.egg-info to /home/student20/assessments/week8/install/liverpool/lib/python3.12/site-packages/liverpool-0.0.0-py3.12.egg-info
[2.269s] running install_scripts
[2.463s] Installing grape script to /home/student20/assessments/week8/install/liverpool/lib/liverpool
[2.464s] writing list of installed files to '/home/student20/assessments/week8/build/liverpool/install.log'
[2.512s] Invoked command in '/home/student20/assessments/week8/src/liverpool' returned '0': DEBUGINFOD_URLS=https://debuginfod.ubuntu.com PYTHONPATH=/home/student20/assessments/week8/build/liverpool/prefix_override:/usr/lib/python3/dist-packages/colcon_core/task/python/colcon_distutils_commands:/home/student20/assessments/week8/install/liverpool/lib/python3.12/site-packages:${PYTHONPATH} /usr/bin/python3 -W ignore:setup.py install is deprecated -W ignore:easy_install command is deprecated setup.py egg_info --egg-base ../../build/liverpool build --build-base /home/student20/assessments/week8/build/liverpool/build install --record /home/student20/assessments/week8/build/liverpool/install.log --single-version-externally-managed install_data
